2017-06-01 14:10:11,294 [IOLoop-LIVEODDS] [WARN] |Gs4PF3LhfP2A1rLRbKuhtDq4dlA=| TCP connection error, fatal False
System.IO.IOException: SSL stream disconnected due to timeout
   at Sportradar.SDK.Common.Utils.StreamWrapper.Read(Byte[] buffer, Int32 offset, Int32 count)
   at Sportradar.SDK.ConnectionProviders.TcpConnectionProvider.HandleConnection()
   at Sportradar.SDK.ConnectionProviders.TcpConnectionProvider.IOLoop()
2017-06-01 14:24:40,509 [IOLoop-LIVEODDS] [WARN] |uP5Z9v/NZZtWp+mwiuB8wMmrMm8=| TCP connection error, fatal False
System.IO.IOException: SSL stream disconnected due to timeout
   at Sportradar.SDK.Common.Utils.StreamWrapper.Read(Byte[] buffer, Int32 offset, Int32 count)
   at Sportradar.SDK.ConnectionProviders.TcpConnectionProvider.HandleConnection()
   at Sportradar.SDK.ConnectionProviders.TcpConnectionProvider.IOLoop()
2017-06-01 14:39:41,255 [IOLoop-LIVEODDS] [WARN] |C30cpv8jr20XlhOTezxtvRU98nM=| TCP connection error, fatal False
System.IO.IOException: SSL stream disconnected due to timeout
   at Sportradar.SDK.Common.Utils.StreamWrapper.Read(Byte[] buffer, Int32 offset, Int32 count)
   at Sportradar.SDK.ConnectionProviders.TcpConnectionProvider.HandleConnection()
   at Sportradar.SDK.ConnectionProviders.TcpConnectionProvider.IOLoop()
2017-06-01 14:44:11,212 [IOLoop-LIVEODDS] [WARN] |cLQn7AB8aexBhtAMF6PzDIX+kUE=| TCP connection error, fatal False
System.IO.IOException: SSL stream disconnected due to timeout
   at Sportradar.SDK.Common.Utils.StreamWrapper.Read(Byte[] buffer, Int32 offset, Int32 count)
   at Sportradar.SDK.ConnectionProviders.TcpConnectionProvider.HandleConnection()
   at Sportradar.SDK.ConnectionProviders.TcpConnectionProvider.IOLoop()
2017-06-01 14:47:53,971 [IOLoop-LIVEODDS] [WARN] |uBKo0+PHW5p+wRLdYlDvI0+zhEs=| TCP connection error, fatal False
System.IO.IOException: SSL stream disconnected due to timeout
   at Sportradar.SDK.Common.Utils.StreamWrapper.Read(Byte[] buffer, Int32 offset, Int32 count)
   at Sportradar.SDK.ConnectionProviders.TcpConnectionProvider.HandleConnection()
   at Sportradar.SDK.ConnectionProviders.TcpConnectionProvider.IOLoop()
2017-06-01 14:50:09,070 [IOLoop-LIVEODDS] [WARN] |mBWIA1aMi0wcIAFdj7H4Jf7BbO8=| TCP connection error, fatal False
System.IO.IOException: SSL stream disconnected due to timeout
   at Sportradar.SDK.Common.Utils.StreamWrapper.Read(Byte[] buffer, Int32 offset, Int32 count)
   at Sportradar.SDK.ConnectionProviders.TcpConnectionProvider.HandleConnection()
   at Sportradar.SDK.ConnectionProviders.TcpConnectionProvider.IOLoop()
