2017-05-29 12:35:59,397 [IOLoop-LIVEODDS] [WARN] |AMGYmoaEyrCOsG32tvCiZY7sVac=| Msg queue DispatcherQueue2 going over the LOW watermark at 499 items
2017-05-29 12:36:02,002 [Dispatcher2] [WARN] |zigY4YSxMeom2cwu3qWLCSZmwWg=| Msg queue DispatcherQueue2 dropped below LOW watermark at 499 items
2017-05-29 12:36:29,470 [IOLoop-LIVEODDS] [WARN] |EyptWWYQy/zxKB9EslpH4kJLQxg=| Msg queue DispatcherQueue2 going over the LOW watermark at 499 items
2017-05-29 12:44:00,099 [IOLoop-LIVEODDS] [WARN] |3m04UdHcsELIsYzxq4aiG2c3FqM=| Msg queue DispatcherQueue2 going over the LOW watermark at 499 items
2017-05-29 12:44:00,108 [IOLoop-LIVEODDS] [WARN] |YdXtKR6rg/O33m/z1a7l+vWhm84=| Msg queue DispatcherQueue3 going over the LOW watermark at 499 items
2017-05-29 12:44:00,108 [IOLoop-LIVEODDS] [WARN] |ZEY7eL7JEplNhi7VCapgYg7VRhQ=| Msg queue DispatcherQueue1 going over the LOW watermark at 499 items
2017-05-29 12:44:00,298 [Dispatcher3] [WARN] |gEPsXf8j5ZwI16xQkRAiVb80DTY=| Msg queue DispatcherQueue3 dropped below LOW watermark at 499 items
2017-05-29 12:44:00,347 [Dispatcher1] [WARN] |5Y9xwGNf3sZeGa7qV1aJWT7umlM=| Msg queue DispatcherQueue1 dropped below LOW watermark at 499 items
2017-05-29 12:45:40,612 [IOLoop-LIVEODDS] [WARN] |gJ6vDq0hhMMIh8Ajt/orfFz15C0=| Msg queue DispatcherQueue1 going over the LOW watermark at 499 items
2017-05-29 12:45:40,621 [IOLoop-LIVEODDS] [WARN] |ALHcSW+7XArnc+DwM4DYcj0j0es=| Msg queue DispatcherQueue2 going over the LOW watermark at 499 items
2017-05-29 12:45:40,622 [IOLoop-LIVEODDS] [WARN] |Uj8ATjqrE9wQWJANsczm6DhGCIY=| Msg queue DispatcherQueue3 going over the LOW watermark at 499 items
2017-05-29 12:45:40,972 [Dispatcher2] [WARN] |FFm5A1equ9pay980NhJTu1QxY9E=| Msg queue DispatcherQueue2 dropped below LOW watermark at 499 items
2017-05-29 12:45:41,439 [Dispatcher3] [WARN] |5KOYnLraGu8d2c7mafQkbDbXrD0=| Msg queue DispatcherQueue3 dropped below LOW watermark at 499 items
2017-05-29 12:45:46,478 [Dispatcher1] [WARN] |VuAAYhBd9bBGMnRWBVLdgAC5ev0=| Msg queue DispatcherQueue1 dropped below LOW watermark at 499 items
2017-05-29 12:46:51,366 [IOLoop-LIVEODDS] [WARN] |YjPS95GouGI3i+Tx/zHrGvNEN6Q=| Msg queue DispatcherQueue2 going over the LOW watermark at 499 items
2017-05-29 12:46:51,381 [IOLoop-LIVEODDS] [WARN] |ttpuVR30FYcGkPxd9yGmt12uwwI=| Msg queue DispatcherQueue3 going over the LOW watermark at 499 items
2017-05-29 12:46:52,751 [Dispatcher3] [WARN] |lVHCH9SYGZqPqgsBTKL/Z6qiCQU=| Msg queue DispatcherQueue3 dropped below LOW watermark at 499 items
2017-05-29 12:51:41,423 [IOLoop-LIVEODDS] [WARN] |jkj18/au4G2iiXz0RQ0qivgvYRU=| Msg queue DispatcherQueue2 going over the LOW watermark at 499 items
2017-05-29 12:51:41,434 [IOLoop-LIVEODDS] [WARN] |AiPzCLn6UloXszg1aWIHqpBEvqY=| Msg queue DispatcherQueue3 going over the LOW watermark at 499 items
2017-05-29 12:51:41,435 [IOLoop-LIVEODDS] [WARN] |7RQjoR9Tb0PH3sC+bAB7tS1SjMs=| Msg queue DispatcherQueue1 going over the LOW watermark at 499 items
2017-05-29 12:51:43,106 [Dispatcher1] [WARN] |2dg60E6lOmI46Nu1fd3c1n5Ap5w=| Msg queue DispatcherQueue1 dropped below LOW watermark at 499 items
2017-05-29 12:51:43,956 [Dispatcher3] [WARN] |imMc2NO24XSaADxmSO/vITj5b70=| Msg queue DispatcherQueue3 dropped below LOW watermark at 499 items
2017-05-29 12:51:49,730 [Dispatcher2] [WARN] |3C1gUVWHnVivCdF4teUwJITAqu0=| Msg queue DispatcherQueue2 dropped below LOW watermark at 499 items
2017-05-29 13:00:58,493 [IOLoop-LIVEODDS] [WARN] |CFUTSxkkh7hAqqyfaVWMNpGCCH8=| Msg queue DispatcherQueue2 going over the LOW watermark at 499 items
2017-05-29 13:00:58,504 [IOLoop-LIVEODDS] [WARN] |W5UrT2rHO3GkDcvTnPg9n+AkCLo=| Msg queue DispatcherQueue3 going over the LOW watermark at 499 items
2017-05-29 13:00:58,509 [IOLoop-LIVEODDS] [WARN] |KdqQTypqKL89zs9jlysZ2Zu8PSg=| Msg queue DispatcherQueue1 going over the LOW watermark at 499 items
2017-05-29 13:01:13,723 [Dispatcher3] [WARN] |uvdS+8e9zXd955VxBaOeigvuLdE=| Msg queue DispatcherQueue3 dropped below LOW watermark at 499 items
2017-05-29 13:01:13,806 [Dispatcher1] [WARN] |aJaWl2rpvklmiVZE/TY2kaLdemc=| Msg queue DispatcherQueue1 dropped below LOW watermark at 499 items
2017-05-29 13:01:19,465 [Dispatcher2] [WARN] |3Qt5/CNUBQEqbUbIObK9HJnPC2c=| Msg queue DispatcherQueue2 dropped below LOW watermark at 499 items
2017-05-29 13:04:05,938 [IOLoop-LIVEODDS] [WARN] |01jFrL+L6VYbjWd3ayGI0YeBhOU=| Msg queue DispatcherQueue3 going over the LOW watermark at 499 items
2017-05-29 13:04:05,949 [IOLoop-LIVEODDS] [WARN] |zk+3qd3nLELRd4hh8Ihj1n4Dy0E=| Msg queue DispatcherQueue1 going over the LOW watermark at 499 items
2017-05-29 13:04:05,953 [IOLoop-LIVEODDS] [WARN] |6M4MkvNUCgr3fUMHmZrDATt1Pw8=| Msg queue DispatcherQueue2 going over the LOW watermark at 499 items
2017-05-29 13:04:51,021 [Dispatcher1] [WARN] |zPYgaOa6XnqsZYojICM6HJFf5dk=| Msg queue DispatcherQueue1 dropped below LOW watermark at 499 items
2017-05-29 13:04:52,321 [Dispatcher2] [WARN] |ydRhLLyZSEUWZ12TQfeKRdl56GU=| Msg queue DispatcherQueue2 dropped below LOW watermark at 499 items
2017-05-29 13:04:54,649 [Dispatcher3] [WARN] |UnpCWCHdPm1Mp5mlBrw0w3bC294=| Msg queue DispatcherQueue3 dropped below LOW watermark at 499 items
2017-05-29 13:07:03,845 [IOLoop-LIVEODDS] [WARN] |qeK7GE4ASVC0KVfywSjEuxVLE5g=| Msg queue DispatcherQueue2 going over the LOW watermark at 499 items
2017-05-29 13:07:03,852 [IOLoop-LIVEODDS] [WARN] |+7MXZdF1g6gGPjNmuK5cc4mZOzI=| Msg queue DispatcherQueue3 going over the LOW watermark at 499 items
2017-05-29 13:07:03,856 [IOLoop-LIVEODDS] [WARN] |OZUS3uScBxYh1ksDIR5Oopn1X3Y=| Msg queue DispatcherQueue1 going over the LOW watermark at 499 items
2017-05-29 13:07:13,452 [Dispatcher3] [WARN] |H8acYeyFMuZ452W2QilYyIYfU7g=| Msg queue DispatcherQueue3 dropped below LOW watermark at 499 items
2017-05-29 13:07:17,491 [Dispatcher1] [WARN] |Xq0Cet+nCCqkfoKo+iHNwOuyVYM=| Msg queue DispatcherQueue1 dropped below LOW watermark at 499 items
2017-05-29 13:07:21,820 [Dispatcher2] [WARN] |V/euvU/zgueugnS56M0QYCtRO7w=| Msg queue DispatcherQueue2 dropped below LOW watermark at 499 items
2017-05-29 13:07:27,896 [IOLoop-LIVEODDS] [WARN] |S5Dh8tIxqTODA+76J7HSpTsho4Q=| Msg queue DispatcherQueue2 going over the LOW watermark at 499 items
2017-05-29 13:07:29,934 [Dispatcher2] [WARN] |6PP3LsGTm0hLD1yLZT+rDmsGfCE=| Msg queue DispatcherQueue2 dropped below LOW watermark at 499 items
2017-05-29 13:11:05,032 [IOLoop-LIVEODDS] [WARN] |sCH7yWmzkpztt64X0Vcv8zUjigg=| Msg queue DispatcherQueue1 going over the LOW watermark at 499 items
2017-05-29 13:11:05,043 [IOLoop-LIVEODDS] [WARN] |o5RxkEM3qgpve6MZ/Zq9hgMwZVk=| Msg queue DispatcherQueue2 going over the LOW watermark at 499 items
2017-05-29 13:11:05,046 [IOLoop-LIVEODDS] [WARN] |XbcSBZXkNIyvU7APu7UhDdrd9uI=| Msg queue DispatcherQueue3 going over the LOW watermark at 499 items
2017-05-29 13:11:24,118 [Dispatcher2] [WARN] |rkFN4dVF023F1MwIw9SM0kdBFSs=| Msg queue DispatcherQueue2 dropped below LOW watermark at 499 items
2017-05-29 13:11:29,319 [Dispatcher3] [WARN] |cjjPFxMOrTjLKiHrS44Gn9OSXIs=| Msg queue DispatcherQueue3 dropped below LOW watermark at 499 items
2017-05-29 13:11:30,224 [IOLoop-LIVEODDS] [WARN] |JntI8W7+PWkahdOQ+fxiqQDG984=| Msg queue DispatcherQueue3 going over the LOW watermark at 499 items
2017-05-29 13:11:30,228 [IOLoop-LIVEODDS] [WARN] |kVIguCYiuBHnNSr5ePMZm9IxF1Y=| Msg queue DispatcherQueue2 going over the LOW watermark at 499 items
2017-05-29 13:15:14,005 [IOLoop-LIVEODDS] [WARN] |E6phTKdHGylI3dnM/UpdvD+H0eI=| Msg queue DispatcherQueue2 going over the LOW watermark at 499 items
2017-05-29 13:15:14,010 [IOLoop-LIVEODDS] [WARN] |t40lid5X/ZgDYZAUXIup24OBMHg=| Msg queue DispatcherQueue3 going over the LOW watermark at 499 items
2017-05-29 13:15:14,012 [IOLoop-LIVEODDS] [WARN] |B4flj60cHtBDRVKDjKpqJAJAmVM=| Msg queue DispatcherQueue1 going over the LOW watermark at 499 items
2017-05-29 13:15:21,232 [Dispatcher1] [WARN] |w9pHbQJzQ3ljOxT0RUeF2mJVWBs=| Msg queue DispatcherQueue1 dropped below LOW watermark at 499 items
2017-05-29 13:15:29,315 [Dispatcher3] [WARN] |EHTL+l4g/s2KB6MtvNGMGCOSRNU=| Msg queue DispatcherQueue3 dropped below LOW watermark at 499 items
2017-05-29 13:15:33,063 [Dispatcher2] [WARN] |6Gq8osvGvMOleyCDzyVp7TVjPjI=| Msg queue DispatcherQueue2 dropped below LOW watermark at 499 items
2017-05-29 13:16:01,322 [IOLoop-LIVEODDS] [WARN] |z3bcITJE73Bs6iCa3OLKF1sO8rs=| Msg queue DispatcherQueue3 going over the LOW watermark at 499 items
2017-05-29 13:16:03,050 [Dispatcher3] [WARN] |/PrYH/9lh+3Z8AjWVkXkZ+WO0aI=| Msg queue DispatcherQueue3 dropped below LOW watermark at 499 items
2017-05-29 13:26:24,086 [IOLoop-LIVEODDS] [WARN] |u5etwrds/X1D4b7UTnOKZ6dXu3w=| Msg queue DispatcherQueue2 going over the LOW watermark at 499 items
2017-05-29 13:26:24,092 [IOLoop-LIVEODDS] [WARN] |XC2zhe5GhMktTWFqgYF7C3hJ2a8=| Msg queue DispatcherQueue3 going over the LOW watermark at 499 items
2017-05-29 13:26:24,099 [IOLoop-LIVEODDS] [WARN] |O2L1F7zNLga6WcX9ABTeTSwkKUI=| Msg queue DispatcherQueue1 going over the LOW watermark at 499 items
2017-05-29 13:26:34,017 [Dispatcher1] [WARN] |a7YgJqYM9MiqdwVD6kZaqs7wE7k=| Msg queue DispatcherQueue1 dropped below LOW watermark at 499 items
2017-05-29 13:26:35,885 [Dispatcher3] [WARN] |LqlrJs7J3h3etDKj2a8bCeVPgWg=| Msg queue DispatcherQueue3 dropped below LOW watermark at 499 items
2017-05-29 13:26:38,557 [Dispatcher2] [WARN] |C4+5JCuSOS/2ekoeYgGr4rFICO8=| Msg queue DispatcherQueue2 dropped below LOW watermark at 499 items
2017-05-29 13:26:42,563 [IOLoop-LIVEODDS] [WARN] |kRmQtLTYCiUbaHTEtr59DsmsMpE=| Msg queue DispatcherQueue1 going over the LOW watermark at 499 items
2017-05-29 13:26:42,564 [IOLoop-LIVEODDS] [WARN] |R1dsZj6QRGdS4vfyo+llgtCLFIY=| Msg queue DispatcherQueue2 going over the LOW watermark at 499 items
2017-05-29 13:26:43,535 [Dispatcher2] [WARN] |EvdRID6s0hgc0H/67jTIXY6OrwE=| Msg queue DispatcherQueue2 dropped below LOW watermark at 499 items
2017-05-29 13:26:45,570 [Dispatcher1] [WARN] |pFrq4yxx5XPC0afUZzJanU+K3Dw=| Msg queue DispatcherQueue1 dropped below LOW watermark at 499 items
2017-05-29 13:30:55,125 [IOLoop-LIVEODDS] [WARN] |2ZIOgCW7RNpQsY+gwEoDG/t/wcI=| Msg queue DispatcherQueue2 going over the LOW watermark at 499 items
2017-05-29 13:30:55,131 [IOLoop-LIVEODDS] [WARN] |jbuM7HTfDArgYmOmuvvWjKXqCHs=| Msg queue DispatcherQueue3 going over the LOW watermark at 499 items
2017-05-29 13:30:55,133 [IOLoop-LIVEODDS] [WARN] |GI9P3E1wYmo4p2zRYExIQDeuDEE=| Msg queue DispatcherQueue1 going over the LOW watermark at 499 items
2017-05-29 13:31:03,225 [Dispatcher1] [WARN] |83m4STSp8ajlnu7wdpQT2JO1tDI=| Msg queue DispatcherQueue1 dropped below LOW watermark at 499 items
2017-05-29 13:31:05,818 [Dispatcher3] [WARN] |K7O0vWMt2LFWs1RCSX+JuuRTN+g=| Msg queue DispatcherQueue3 dropped below LOW watermark at 499 items
2017-05-29 13:31:05,949 [Dispatcher2] [WARN] |yPraZ5vREkRjCwoxd+sv7CaB64U=| Msg queue DispatcherQueue2 dropped below LOW watermark at 499 items
2017-05-29 13:33:34,942 [IOLoop-LIVEODDS] [WARN] |4mTOedvQ4pvJY8iwn+EzYhiwSoM=| Msg queue DispatcherQueue2 going over the LOW watermark at 499 items
2017-05-29 13:33:34,948 [IOLoop-LIVEODDS] [WARN] |z0TpLTElwdQQjSAY0oyDFfVhDTs=| Msg queue DispatcherQueue3 going over the LOW watermark at 499 items
2017-05-29 13:33:36,717 [Dispatcher3] [WARN] |n5DPnH2KoFPagB6BO0KfkGQIvo4=| Msg queue DispatcherQueue3 dropped below LOW watermark at 499 items
2017-05-29 13:33:47,920 [Dispatcher2] [WARN] |jKWo/+LgOUNC8qw6qltP/BojNnQ=| Msg queue DispatcherQueue2 dropped below LOW watermark at 499 items
2017-05-29 13:37:23,682 [IOLoop-LIVEODDS] [WARN] |NOnlsNiX2nUBatlNorNn0UvyzIc=| Msg queue DispatcherQueue3 going over the LOW watermark at 499 items
2017-05-29 13:37:23,692 [IOLoop-LIVEODDS] [WARN] |ykrvFCwiqF+j6AaMhfjKkM3oQ7w=| Msg queue DispatcherQueue1 going over the LOW watermark at 499 items
2017-05-29 13:37:23,693 [IOLoop-LIVEODDS] [WARN] |AorKlESjikgQFTbEeW1t+dvSb1g=| Msg queue DispatcherQueue2 going over the LOW watermark at 499 items
2017-05-29 13:37:49,902 [Dispatcher2] [WARN] |SmSUZPbXMVTGJv2VWBCofl71Opw=| Msg queue DispatcherQueue2 dropped below LOW watermark at 499 items
2017-05-29 13:37:51,229 [Dispatcher3] [WARN] |9/d9zrc54e8ohMAzofyAGL+ClM8=| Msg queue DispatcherQueue3 dropped below LOW watermark at 499 items
2017-05-29 13:37:52,157 [Dispatcher1] [WARN] |n7FJJQMAVipqnMpMtCSK1qTWIf8=| Msg queue DispatcherQueue1 dropped below LOW watermark at 499 items
2017-05-29 13:39:24,249 [IOLoop-LIVEODDS] [WARN] |+qIrUs4y8A7CFK5wASYnRBT5I7I=| Msg queue DispatcherQueue3 going over the LOW watermark at 499 items
2017-05-29 13:39:33,312 [Dispatcher3] [WARN] |VpvK9zN3aMV7BLcEPN+nn1UNg64=| Msg queue DispatcherQueue3 dropped below LOW watermark at 499 items
2017-05-29 16:09:48,768 [IOLoop-LIVEODDS] [WARN] |E98UxuHqe02iUTm3F3UrKRv7Z9A=| Msg queue DispatcherQueue3 going over the LOW watermark at 499 items
2017-05-29 16:09:48,775 [IOLoop-LIVEODDS] [WARN] |vHfvThSoSA71zFQDK1dZ/ZEKdB0=| Msg queue DispatcherQueue1 going over the LOW watermark at 499 items
2017-05-29 16:09:48,778 [IOLoop-LIVEODDS] [WARN] |WHS7fO1tuu/NrHAlcbSkM9/4Eqw=| Msg queue DispatcherQueue2 going over the LOW watermark at 499 items
2017-05-29 16:16:42,027 [IOLoop-LIVEODDS] [WARN] |UGg1D1DbCT4RybydiwvyIbkfLwE=| Msg queue DispatcherQueue3 going over the LOW watermark at 499 items
2017-05-29 16:16:42,050 [IOLoop-LIVEODDS] [WARN] |eEDLPLoAdqlmFnyYgYdicWlRjsI=| Msg queue DispatcherQueue1 going over the LOW watermark at 499 items
2017-05-29 16:16:42,058 [IOLoop-LIVEODDS] [WARN] |oeWP/a8z79D7+SVzlRGWtiq43OE=| Msg queue DispatcherQueue2 going over the LOW watermark at 499 items
2017-05-29 16:25:34,542 [IOLoop-LIVEODDS] [WARN] |MFvHlYnmwZLiUor/SG6dXrX6Tio=| Msg queue DispatcherQueue3 going over the LOW watermark at 499 items
2017-05-29 16:25:34,546 [IOLoop-LIVEODDS] [WARN] |Jj+PxhkyZWDjOADFIKEEVPJHuho=| Msg queue DispatcherQueue1 going over the LOW watermark at 499 items
2017-05-29 16:25:34,547 [IOLoop-LIVEODDS] [WARN] |8u6q1MBNeNAh3AQFVSgCnB9wyiw=| Msg queue DispatcherQueue2 going over the LOW watermark at 499 items
2017-05-29 16:28:16,222 [IOLoop-LIVEODDS] [WARN] |cwWsW09UPPpj6RNh/UCmkTjwcy4=| Msg queue DispatcherQueue2 going over the LOW watermark at 499 items
2017-05-29 16:28:16,226 [IOLoop-LIVEODDS] [WARN] |EnXFROmPvuxanRULZQfFojRzj1o=| Msg queue DispatcherQueue3 going over the LOW watermark at 499 items
2017-05-29 16:28:16,228 [IOLoop-LIVEODDS] [WARN] |O+S37oqnbG2vva7xHUjoyw/CJAM=| Msg queue DispatcherQueue1 going over the LOW watermark at 499 items
2017-05-29 16:28:57,804 [Dispatcher1] [WARN] |fqCrkjLr+umnDTcq03AM9cv8Y9c=| Msg queue DispatcherQueue1 dropped below LOW watermark at 499 items
2017-05-29 16:28:58,024 [Dispatcher2] [WARN] |lvyq9x+E6t8ZjWcok99SuZLHt2o=| Msg queue DispatcherQueue2 dropped below LOW watermark at 499 items
2017-05-29 16:28:59,670 [Dispatcher3] [WARN] |Il0xAp36lsAxEezND4KQgu8JV1c=| Msg queue DispatcherQueue3 dropped below LOW watermark at 499 items
