2017-06-01 12:32:38,891 [IOLoop-LIVEODDS] [WARN] |9BAVu0Gt1AyZpXlKfE7BUAu1QXo=| Msg queue DispatcherQueue3 going over the LOW watermark at 499 items
2017-06-01 12:32:38,999 [Dispatcher3] [WARN] |UnmteIisv9N903iqpkbvBpMIBGI=| Msg queue DispatcherQueue3 dropped below LOW watermark at 499 items
2017-06-01 13:38:19,847 [IOLoop-LIVEODDS] [WARN] |q8X8BdJAmk/bmYdoJkXzFJGu6f8=| Msg queue DispatcherQueue2 going over the LOW watermark at 499 items
2017-06-01 13:38:19,851 [IOLoop-LIVEODDS] [WARN] |Ahb5GQJUPg8OCwk0ZcU3gQ3yv3I=| Msg queue DispatcherQueue3 going over the LOW watermark at 499 items
2017-06-01 13:38:19,861 [IOLoop-LIVEODDS] [WARN] |7reXt1bk6wrzmYNVO4KAU4o66KI=| Msg queue DispatcherQueue1 going over the LOW watermark at 499 items
2017-06-01 13:38:36,042 [Dispatcher1] [WARN] |r7SvHLaIusNkc3vOlEohxiEKCN4=| Msg queue DispatcherQueue1 dropped below LOW watermark at 499 items
2017-06-01 13:38:36,870 [Dispatcher2] [WARN] |eFArOgaKHwpl+Riv8aa4avRCfYk=| Msg queue DispatcherQueue2 dropped below LOW watermark at 499 items
2017-06-01 13:38:39,726 [Dispatcher3] [WARN] |vGYJlAg3IVZv5pUpUZGmITWR5G8=| Msg queue DispatcherQueue3 dropped below LOW watermark at 499 items
2017-06-01 13:38:40,671 [IOLoop-LIVEODDS] [WARN] |2GiO5kEAdtAtlkyzXIKOVHGiOQM=| Msg queue DispatcherQueue1 going over the LOW watermark at 499 items
2017-06-01 13:38:40,673 [IOLoop-LIVEODDS] [WARN] |GxEHCL7yI4xziQ+H272zavPp57I=| Msg queue DispatcherQueue3 going over the LOW watermark at 499 items
2017-06-01 13:38:40,677 [IOLoop-LIVEODDS] [WARN] |YhQa1fZhr9RK8PCVwp4ArjNKXbw=| Msg queue DispatcherQueue2 going over the LOW watermark at 499 items
2017-06-01 13:38:41,163 [Dispatcher2] [WARN] |sTBzGC1DM7Y2EELR8XmD+1cyvPo=| Msg queue DispatcherQueue2 dropped below LOW watermark at 499 items
2017-06-01 13:38:42,425 [Dispatcher1] [WARN] |smEnDovbVcF4qVomZkOgy9SllLg=| Msg queue DispatcherQueue1 dropped below LOW watermark at 499 items
2017-06-01 13:38:43,372 [Dispatcher3] [WARN] |zupugzEzLolAB3jJhHqywcsE5PA=| Msg queue DispatcherQueue3 dropped below LOW watermark at 499 items
2017-06-01 13:40:15,723 [IOLoop-LIVEODDS] [WARN] |CIrcnHUBWQAfDnZtalUMWKh0DEc=| Msg queue DispatcherQueue3 going over the LOW watermark at 499 items
2017-06-01 13:40:15,734 [IOLoop-LIVEODDS] [WARN] |yjkpgcDhfBZtpt6HyjsgjqCLwkM=| Msg queue DispatcherQueue2 going over the LOW watermark at 499 items
2017-06-01 13:40:19,234 [Dispatcher2] [WARN] |ya1wDWw2geOAK8JS7HlbWTyT/Fo=| Msg queue DispatcherQueue2 dropped below LOW watermark at 499 items
2017-06-01 13:40:22,821 [Dispatcher3] [WARN] |PU/2wZRfZx/SjVGrHciuHaK1HQQ=| Msg queue DispatcherQueue3 dropped below LOW watermark at 499 items
2017-06-01 14:10:40,021 [IOLoop-LIVEODDS] [WARN] |Cdk2FbQPWWpGVMUPJXpP/skmBpk=| Msg queue DispatcherQueue2 going over the LOW watermark at 499 items
2017-06-01 14:10:42,299 [Dispatcher2] [WARN] |GOz+NtYGmOcXCY1QU9MCuHwHTbU=| Msg queue DispatcherQueue2 dropped below LOW watermark at 499 items
2017-06-01 14:12:49,949 [IOLoop-LIVEODDS] [WARN] |jZd9SzMk/dg1VxUCltKQHmaG1Cg=| Msg queue DispatcherQueue3 going over the LOW watermark at 499 items
2017-06-01 14:12:49,955 [IOLoop-LIVEODDS] [WARN] |noTdvTUMGUygh7PgImsOmdthwjg=| Msg queue DispatcherQueue1 going over the LOW watermark at 499 items
2017-06-01 14:12:49,963 [IOLoop-LIVEODDS] [WARN] |PE34khtAH+WtTuIGMcUSTdL1Oa0=| Msg queue DispatcherQueue2 going over the LOW watermark at 499 items
2017-06-01 14:13:08,067 [Dispatcher1] [WARN] |3b5ZfLSf7TifMo/7KHocmSVxLeQ=| Msg queue DispatcherQueue1 dropped below LOW watermark at 499 items
2017-06-01 14:13:14,261 [Dispatcher2] [WARN] |wu5IvAj681q0xuwGBLYphUQERvA=| Msg queue DispatcherQueue2 dropped below LOW watermark at 499 items
2017-06-01 14:13:26,650 [IOLoop-LIVEODDS] [WARN] |v7WC7KHrEd3F0doABnuaQaJVHwI=| Msg queue DispatcherQueue2 going over the LOW watermark at 499 items
2017-06-01 14:13:26,653 [IOLoop-LIVEODDS] [WARN] |F1tWlA9yUculh+9fnyYze+Eh4X4=| Msg queue DispatcherQueue1 going over the LOW watermark at 499 items
2017-06-01 14:13:27,355 [Dispatcher1] [WARN] |oFK0ogLyhSjL3Y4GmJ8W7yoD8xo=| Msg queue DispatcherQueue1 dropped below LOW watermark at 499 items
2017-06-01 14:13:33,241 [Dispatcher2] [WARN] |7M7j/dlKLU6Y1ytzU60u3mnOSS8=| Msg queue DispatcherQueue2 dropped below LOW watermark at 499 items
2017-06-01 14:13:34,595 [Dispatcher3] [WARN] |2/6aR3fsrZhunKbDSNPMoXxNl7Q=| Msg queue DispatcherQueue3 dropped below LOW watermark at 499 items
2017-06-01 14:13:37,737 [IOLoop-LIVEODDS] [WARN] |tJ+JSegalxzPx+nPIt4alNAv2ng=| Msg queue DispatcherQueue2 going over the LOW watermark at 499 items
2017-06-01 14:13:37,742 [IOLoop-LIVEODDS] [WARN] |lFkmyo8nuoxyLJJsR+xANIBrry8=| Msg queue DispatcherQueue3 going over the LOW watermark at 499 items
2017-06-01 14:13:45,021 [Dispatcher2] [WARN] |ZLpsdI7UscL1/NN3TnEMq8jeOW0=| Msg queue DispatcherQueue2 dropped below LOW watermark at 499 items
2017-06-01 14:13:46,072 [Dispatcher3] [WARN] |vmnnM6nJ8HIX8TZZllcI3teU7Bc=| Msg queue DispatcherQueue3 dropped below LOW watermark at 499 items
2017-06-01 14:14:35,607 [IOLoop-LIVEODDS] [WARN] |L6YBxfRo7DpigaBudNc3yhp6FWw=| Msg queue DispatcherQueue3 going over the LOW watermark at 499 items
2017-06-01 14:14:41,566 [Dispatcher3] [WARN] |yahIOhWsY/uCOWl+30N9EzeIZJA=| Msg queue DispatcherQueue3 dropped below LOW watermark at 499 items
2017-06-01 14:19:38,255 [IOLoop-LIVEODDS] [WARN] |Ocn18sctgTAX859KRVON7IV6Ey4=| Msg queue DispatcherQueue1 going over the LOW watermark at 499 items
2017-06-01 14:19:38,264 [IOLoop-LIVEODDS] [WARN] |D+8yAzj8u5w9VAz6A2k1OaMkJw4=| Msg queue DispatcherQueue3 going over the LOW watermark at 499 items
2017-06-01 14:19:38,265 [IOLoop-LIVEODDS] [WARN] |twamW5ms7RZ8iAjyZQfZlAjbXRU=| Msg queue DispatcherQueue2 going over the LOW watermark at 499 items
2017-06-01 14:39:03,561 [Dispatcher2] [WARN] |dC0cceMTNXYK+4/fTMNLwk7ADVQ=| Msg queue DispatcherQueue2 dropped below LOW watermark at 499 items
2017-06-01 14:39:12,953 [IOLoop-LIVEODDS] [WARN] |GYv9Ur7fxT3FxmD/3Ix2rW5bU3E=| Msg queue DispatcherQueue2 going over the LOW watermark at 499 items
2017-06-01 14:39:35,261 [Dispatcher2] [WARN] |gBwDT4kVDdIsuJNLrW51sbry/Hs=| Msg queue DispatcherQueue2 dropped below LOW watermark at 499 items
2017-06-01 14:39:48,641 [Dispatcher3] [WARN] |h/NtqPjcQbqH0qTKP4V1qcdaUzo=| Msg queue DispatcherQueue3 dropped below LOW watermark at 499 items
2017-06-01 14:43:49,904 [Dispatcher1] [WARN] |d1yWUigmoHx8jtATwCeLiFO/Gr8=| Msg queue DispatcherQueue1 dropped below LOW watermark at 499 items
