2017-05-29 12:35:46,366 [10] [INFO] |thReK2C1hS1s0kHBwsGwEoLwRLo=| Schema file .\Schema\lcoo.xsd does not exist, using embedded one
2017-05-29 12:36:18,034 [10] [INFO] |z2ljo4zqtk41MwbT7AjUTTzfLB8=| Schema file .\Schema\lcoo.xsd does not exist, using embedded one
2017-05-29 12:43:44,690 [10] [INFO] |YAnawdkMgR+oUSgc2GAxptoCGFk=| Schema file .\Schema\lcoo.xsd does not exist, using embedded one
2017-05-29 12:45:20,790 [10] [INFO] |leeBKJazR2PAD4ak+cOm+HOlzdk=| Schema file .\Schema\lcoo.xsd does not exist, using embedded one
2017-05-29 12:46:31,307 [10] [INFO] |nYZg/aWsY2C1Eo+uOA+I5rLorJ0=| Schema file .\Schema\lcoo.xsd does not exist, using embedded one
2017-05-29 12:50:23,336 [1] [INFO] |YjFiPTYHghIwF/Hp1xfwT7sRj9o=| Schema file .\Schema\lcoo.xsd does not exist, using embedded one
2017-05-29 12:51:21,107 [1] [INFO] |mre6ltn1VNTOCqasgb0T8lwkkJk=| Schema file .\Schema\lcoo.xsd does not exist, using embedded one
2017-05-29 13:00:39,175 [1] [INFO] |o7/7oAt+wxiz6JUk7b2DRzZZabM=| Schema file .\Schema\lcoo.xsd does not exist, using embedded one
2017-05-29 13:03:43,465 [10] [INFO] |n+gUCxV1ZITTCOQFYBJ5j3J6Duc=| Schema file .\Schema\lcoo.xsd does not exist, using embedded one
2017-05-29 13:05:54,135 [1] [INFO] |Tr5NdOsxaDREK3164Qhts9t8qRI=| Schema file .\Schema\lcoo.xsd does not exist, using embedded one
2017-05-29 13:06:41,604 [1] [INFO] |MWd/+2JIYAJT+cm81haXy5FL5vQ=| Schema file .\Schema\lcoo.xsd does not exist, using embedded one
2017-05-29 13:10:42,446 [1] [INFO] |hIPIPJj8VGC8YJTpjnLEue0ItzI=| Schema file .\Schema\lcoo.xsd does not exist, using embedded one
2017-05-29 13:14:51,948 [10] [INFO] |2qb/t/giSKx7T/Ufa8w1yebp680=| Schema file .\Schema\lcoo.xsd does not exist, using embedded one
2017-05-29 13:26:08,537 [1] [INFO] |GUKZOyPZqP3+2u0SEB6hQQPkwbY=| Schema file .\Schema\lcoo.xsd does not exist, using embedded one
2017-05-29 13:30:39,652 [10] [INFO] |dJ/aP08SZHSfaP2Zt8TCPEBbv/w=| Schema file .\Schema\lcoo.xsd does not exist, using embedded one
2017-05-29 13:34:50,456 [9] [INFO] |et/lDjNa5wssrPdZoHf5fVPy8A4=| Schema file .\Schema\lcoo.xsd does not exist, using embedded one
2017-05-29 16:08:34,997 [10] [INFO] |UFJztZPtbRmx48A1vNqQdvT5Nhc=| Schema file .\Schema\lcoo.xsd does not exist, using embedded one
2017-05-29 16:09:22,024 [10] [INFO] |nR+OpMRYt2kmfPD2gFTq2aAyXQQ=| Schema file .\Schema\lcoo.xsd does not exist, using embedded one
2017-05-29 16:16:13,352 [10] [INFO] |+XLATBQg1LlJUrWM5w2ZjjMGcEg=| Schema file .\Schema\lcoo.xsd does not exist, using embedded one
2017-05-29 16:25:18,429 [10] [INFO] |e7v4vrPb/e4PRmpshJ2gd4IdYEY=| Schema file .\Schema\lcoo.xsd does not exist, using embedded one
2017-05-29 16:27:55,176 [9] [INFO] |wdJdvjzAtXUflRrwGjSi8Do+CQU=| Schema file .\Schema\lcoo.xsd does not exist, using embedded one
