2017-06-03 05:24:01,323 [19] [DEBUG] |ZOK0bEV5W5t3gcFr9foxdwVoYjo=| -Minutely stats:
ItemsInQueue : Min , Max , Avg 
TimeInQueue : Min , Max , Avg 
TimeToProcess : Min , Max , Avg 
AvgEnqueueRate : 0.00/s
AvgDequeueRate : 0.00/s
TotalDropped : 0
TotalEnqueued : 0
TotalDequeued : 0
2017-06-03 05:26:38,858 [88] [DEBUG] |kurv0FODAXzGAAj+pyRMXKo9LQ0=| DispatcherQueue3-Minutely stats:
ItemsInQueue : Min 0, Max 602, Avg 227
TimeInQueue : Min 00:00:00, Max 00:00:16.9843086, Avg 00:00:01.9180000
TimeToProcess : Min 00:00:00.0004366, Max 00:00:16.9782853, Avg 00:00:00.0270000
AvgEnqueueRate : 3.69/s
AvgDequeueRate : 3.69/s
TotalDropped : 0
TotalEnqueued : 803
TotalDequeued : 803
2017-06-03 05:26:38,858 [88] [DEBUG] |028Vs1YztLwfH/i0fau3BZ7VHr4=| -Minutely stats:
ItemsInQueue : Min , Max , Avg 
TimeInQueue : Min , Max , Avg 
TimeToProcess : Min , Max , Avg 
AvgEnqueueRate : 0.00/s
AvgDequeueRate : 0.00/s
TotalDropped : 0
TotalEnqueued : 0
TotalDequeued : 0
2017-06-03 05:26:38,858 [88] [DEBUG] |YRl7O64/nOnx7Bnd+0SHT0sMgZ4=| DispatcherQueue2-Minutely stats:
ItemsInQueue : Min 0, Max 468, Avg 150
TimeInQueue : Min 00:00:00, Max 00:00:15.2498860, Avg 00:00:01.3400000
TimeToProcess : Min 00:00:00.0003458, Max 00:00:15.2468666, Avg 00:00:00.0320000
AvgEnqueueRate : 3.40/s
AvgDequeueRate : 3.40/s
TotalDropped : 0
TotalEnqueued : 741
TotalDequeued : 741
2017-06-03 05:26:38,858 [88] [DEBUG] |xPhwu+y0vjEUYzJ9pEAxJ1ntsps=| -Minutely stats:
ItemsInQueue : Min , Max , Avg 
TimeInQueue : Min , Max , Avg 
TimeToProcess : Min , Max , Avg 
AvgEnqueueRate : 0.00/s
AvgDequeueRate : 0.00/s
TotalDropped : 0
TotalEnqueued : 0
TotalDequeued : 0
2017-06-03 05:26:38,858 [88] [DEBUG] |Uvcf23lt6sfMViG5Gl/FZmZxNBg=| DispatcherQueue1-Minutely stats:
ItemsInQueue : Min 0, Max 1009, Avg 402
TimeInQueue : Min 00:00:00, Max 00:00:17.5937613, Avg 00:00:02.3620000
TimeToProcess : Min 00:00:00.0001673, Max 00:00:17.6000346, Avg 00:00:00.0170000
AvgEnqueueRate : 7.50/s
AvgDequeueRate : 7.50/s
TotalDropped : 0
TotalEnqueued : 1632
TotalDequeued : 1632
2017-06-03 05:27:19,483 [76] [DEBUG] |TbE4mUSxlLOR2co9ZIw07Ao1eyE=| -Minutely stats:
ItemsInQueue : Min , Max , Avg 
TimeInQueue : Min , Max , Avg 
TimeToProcess : Min , Max , Avg 
AvgEnqueueRate : 0.00/s
AvgDequeueRate : 0.00/s
TotalDropped : 0
TotalEnqueued : 0
TotalDequeued : 0
2017-06-03 05:27:19,483 [76] [DEBUG] |x2PzedACVOGKCl41NJdc4yNAxb0=| DispatcherQueue3-Minutely stats:
ItemsInQueue : Min 0, Max 6, Avg 1
TimeInQueue : Min 00:00:00, Max 00:00:00.0312811, Avg 00:00:00.0060000
TimeToProcess : Min 00:00:00.0005438, Max 00:00:00.0223448, Avg 00:00:00.0030000
AvgEnqueueRate : 0.57/s
AvgDequeueRate : 0.57/s
TotalDropped : 0
TotalEnqueued : 23
TotalDequeued : 23
2017-06-03 05:27:19,483 [76] [DEBUG] |gPzOHPjbRYQV6yqhfgs3zhBu47s=| -Minutely stats:
ItemsInQueue : Min , Max , Avg 
TimeInQueue : Min , Max , Avg 
TimeToProcess : Min , Max , Avg 
AvgEnqueueRate : 0.00/s
AvgDequeueRate : 0.00/s
TotalDropped : 0
TotalEnqueued : 0
TotalDequeued : 0
2017-06-03 05:27:19,483 [76] [DEBUG] |7PBaVzjnsd0Q64XDZ7WHgD2rQKM=| DispatcherQueue2-Minutely stats:
ItemsInQueue : Min 0, Max 5, Avg 1
TimeInQueue : Min 00:00:00, Max 00:00:00.0312811, Avg 00:00:00.0100000
TimeToProcess : Min 00:00:00.0008504, Max 00:00:00.0202979, Avg 00:00:00.0030000
AvgEnqueueRate : 0.32/s
AvgDequeueRate : 0.32/s
TotalDropped : 0
TotalEnqueued : 13
TotalDequeued : 13
2017-06-03 05:27:19,483 [76] [DEBUG] |yP5NEqqEnMG5NvVYLOmfwKQAOh4=| -Minutely stats:
ItemsInQueue : Min , Max , Avg 
TimeInQueue : Min , Max , Avg 
TimeToProcess : Min , Max , Avg 
AvgEnqueueRate : 0.00/s
AvgDequeueRate : 0.00/s
TotalDropped : 0
TotalEnqueued : 0
TotalDequeued : 0
2017-06-03 05:27:19,483 [76] [DEBUG] |3vIUfrJeibJH5vccOoNsADgvtRg=| DispatcherQueue1-Minutely stats:
ItemsInQueue : Min 0, Max 5, Avg 1
TimeInQueue : Min 00:00:00, Max 00:00:00.0312811, Avg 00:00:00.0060000
TimeToProcess : Min 00:00:00.0001929, Max 00:00:00.0201767, Avg 00:00:00.0020000
AvgEnqueueRate : 0.42/s
AvgDequeueRate : 0.42/s
TotalDropped : 0
TotalEnqueued : 17
TotalDequeued : 17
2017-06-03 05:42:04,775 [35] [DEBUG] |Cz20CsLbuJQoEel2dRMnxpz+qN4=| -Minutely stats:
ItemsInQueue : Min , Max , Avg 
TimeInQueue : Min , Max , Avg 
TimeToProcess : Min , Max , Avg 
AvgEnqueueRate : 0.00/s
AvgDequeueRate : 0.00/s
TotalDropped : 0
TotalEnqueued : 0
TotalDequeued : 0
2017-06-03 05:42:04,775 [35] [DEBUG] |Wn9apEg9b0vquBeXKclYHe/XR4c=| DispatcherQueue3-Minutely stats:
ItemsInQueue : Min 0, Max 352, Avg 137
TimeInQueue : Min 00:00:00, Max 00:00:01.3125020, Avg 00:00:00.5480000
TimeToProcess : Min 00:00:00.0008359, Max 00:00:00.0425165, Avg 00:00:00.0030000
AvgEnqueueRate : 3.31/s
AvgDequeueRate : 3.31/s
TotalDropped : 0
TotalEnqueued : 505
TotalDequeued : 505
2017-06-03 05:42:04,775 [35] [DEBUG] |Xvg44QfYsX6of+LRaGPUWJAeMaA=| -Minutely stats:
ItemsInQueue : Min , Max , Avg 
TimeInQueue : Min , Max , Avg 
TimeToProcess : Min , Max , Avg 
AvgEnqueueRate : 0.00/s
AvgDequeueRate : 0.00/s
TotalDropped : 0
TotalEnqueued : 0
TotalDequeued : 0
2017-06-03 05:42:04,775 [35] [DEBUG] |u7YlOTv8Kyr6CRKJP25VAmfLBDM=| DispatcherQueue2-Minutely stats:
ItemsInQueue : Min 0, Max 102, Avg 27
TimeInQueue : Min 00:00:00, Max 00:00:00.5468727, Avg 00:00:00.1480000
TimeToProcess : Min 00:00:00.0005475, Max 00:00:00.0403099, Avg 00:00:00.0040000
AvgEnqueueRate : 1.30/s
AvgDequeueRate : 1.30/s
TotalDropped : 0
TotalEnqueued : 198
TotalDequeued : 198
2017-06-03 05:42:04,790 [35] [DEBUG] |RlA8zyFg11ff6/PlkDaxrMganAc=| -Minutely stats:
ItemsInQueue : Min , Max , Avg 
TimeInQueue : Min , Max , Avg 
TimeToProcess : Min , Max , Avg 
AvgEnqueueRate : 0.00/s
AvgDequeueRate : 0.00/s
TotalDropped : 0
TotalEnqueued : 0
TotalDequeued : 0
2017-06-03 05:42:04,790 [35] [DEBUG] |PGeBEZMfNNOHGMxroDXJZ4qhLSI=| DispatcherQueue1-Minutely stats:
ItemsInQueue : Min 0, Max 595, Avg 253
TimeInQueue : Min 00:00:00, Max 00:00:05.3593677, Avg 00:00:00.9350000
TimeToProcess : Min 00:00:00.0001584, Max 00:00:05.3601779, Avg 00:00:00.0100000
AvgEnqueueRate : 4.60/s
AvgDequeueRate : 4.60/s
TotalDropped : 0
TotalEnqueued : 702
TotalDequeued : 702
2017-06-03 05:43:27,275 [120] [DEBUG] |9iCf9Ak/4peQ8Bq6yan/X7ItScY=| -Minutely stats:
ItemsInQueue : Min , Max , Avg 
TimeInQueue : Min , Max , Avg 
TimeToProcess : Min , Max , Avg 
AvgEnqueueRate : 0.00/s
AvgDequeueRate : 0.00/s
TotalDropped : 0
TotalEnqueued : 0
TotalDequeued : 0
2017-06-03 05:43:27,275 [120] [DEBUG] |b2Lrr+T7zNCRX0aqav9uQIItqQ4=| DispatcherQueue3-Minutely stats:
ItemsInQueue : Min 0, Max 4, Avg 0
TimeInQueue : Min 00:00:00, Max 00:00:00.0157330, Avg 00:00:00.0030000
TimeToProcess : Min 00:00:00.0005031, Max 00:00:00.0099508, Avg 00:00:00.0020000
AvgEnqueueRate : 0.91/s
AvgDequeueRate : 0.91/s
TotalDropped : 0
TotalEnqueued : 75
TotalDequeued : 75
2017-06-03 05:43:27,275 [120] [DEBUG] |Gn4oWKw9MRwncZwuzhjmr4m+A1I=| -Minutely stats:
ItemsInQueue : Min , Max , Avg 
TimeInQueue : Min , Max , Avg 
TimeToProcess : Min , Max , Avg 
AvgEnqueueRate : 0.00/s
AvgDequeueRate : 0.00/s
TotalDropped : 0
TotalEnqueued : 0
TotalDequeued : 0
2017-06-03 05:43:27,275 [120] [DEBUG] |uPxNgTMyquN+SZcJNnCfl2XHdPo=| DispatcherQueue2-Minutely stats:
ItemsInQueue : Min 0, Max 2, Avg 0
TimeInQueue : Min 00:00:00, Max 00:00:00.0157330, Avg 00:00:00.0020000
TimeToProcess : Min 00:00:00.0006131, Max 00:00:00.0102731, Avg 00:00:00.0020000
AvgEnqueueRate : 0.78/s
AvgDequeueRate : 0.78/s
TotalDropped : 0
TotalEnqueued : 64
TotalDequeued : 64
2017-06-03 05:43:27,275 [120] [DEBUG] |FIItJstRvW/tayxrcL9cZx94+rU=| -Minutely stats:
ItemsInQueue : Min , Max , Avg 
TimeInQueue : Min , Max , Avg 
TimeToProcess : Min , Max , Avg 
AvgEnqueueRate : 0.00/s
AvgDequeueRate : 0.00/s
TotalDropped : 0
TotalEnqueued : 0
TotalDequeued : 0
2017-06-03 05:43:27,275 [120] [DEBUG] |GQ72S+4wtSUZkksvoAyYZDCfgMU=| DispatcherQueue1-Minutely stats:
ItemsInQueue : Min 0, Max 3, Avg 0
TimeInQueue : Min 00:00:00, Max 00:00:00.0157330, Avg 00:00:00.0050000
TimeToProcess : Min 00:00:00.0002615, Max 00:00:00.0105053, Avg 00:00:00.0020000
AvgEnqueueRate : 0.36/s
AvgDequeueRate : 0.36/s
TotalDropped : 0
TotalEnqueued : 30
TotalDequeued : 30
2017-06-03 05:45:15,775 [170] [DEBUG] |atL37lHZ1hjAaLCp4sHFHVjHzBg=| -Minutely stats:
ItemsInQueue : Min , Max , Avg 
TimeInQueue : Min , Max , Avg 
TimeToProcess : Min , Max , Avg 
AvgEnqueueRate : 0.00/s
AvgDequeueRate : 0.00/s
TotalDropped : 0
TotalEnqueued : 0
TotalDequeued : 0
2017-06-03 05:45:15,775 [170] [DEBUG] |8XaqEOzCEAIGXA8D6k8rVkQwvqU=| DispatcherQueue3-Minutely stats:
ItemsInQueue : Min 0, Max 4, Avg 0
TimeInQueue : Min 00:00:00, Max 00:00:00.0312509, Avg 00:00:00.0030000
TimeToProcess : Min 00:00:00.0005142, Max 00:00:00.0046273, Avg 00:00:00.0010000
AvgEnqueueRate : 0.51/s
AvgDequeueRate : 0.51/s
TotalDropped : 0
TotalEnqueued : 55
TotalDequeued : 55
2017-06-03 05:45:15,775 [170] [DEBUG] |GzJ/gRBfVrj6K79B5Xv4Y6XNEAM=| -Minutely stats:
ItemsInQueue : Min , Max , Avg 
TimeInQueue : Min , Max , Avg 
TimeToProcess : Min , Max , Avg 
AvgEnqueueRate : 0.00/s
AvgDequeueRate : 0.00/s
TotalDropped : 0
TotalEnqueued : 0
TotalDequeued : 0
2017-06-03 05:45:15,775 [170] [DEBUG] |sG4owcMznRLDcJFxMo6ZXlNLR4c=| DispatcherQueue2-Minutely stats:
ItemsInQueue : Min 0, Max 2, Avg 0
TimeInQueue : Min 00:00:00, Max 00:00:00.0312509, Avg 00:00:00.0020000
TimeToProcess : Min 00:00:00.0006199, Max 00:00:00.0060234, Avg 00:00:00.0010000
AvgEnqueueRate : 0.47/s
AvgDequeueRate : 0.47/s
TotalDropped : 0
TotalEnqueued : 51
TotalDequeued : 51
2017-06-03 05:45:15,775 [170] [DEBUG] |vB8+StNsp3Iuz9mr3I++UfBhFII=| -Minutely stats:
ItemsInQueue : Min , Max , Avg 
TimeInQueue : Min , Max , Avg 
TimeToProcess : Min , Max , Avg 
AvgEnqueueRate : 0.00/s
AvgDequeueRate : 0.00/s
TotalDropped : 0
TotalEnqueued : 0
TotalDequeued : 0
2017-06-03 05:45:15,775 [170] [DEBUG] |cHHmnAaIQ0ZwbYQQjeCKSAjDWkg=| DispatcherQueue1-Minutely stats:
ItemsInQueue : Min 0, Max 6, Avg 0
TimeInQueue : Min 00:00:00, Max 00:00:00.0312509, Avg 00:00:00.0030000
TimeToProcess : Min 00:00:00.0002255, Max 00:00:00.0097708, Avg 00:00:00.0010000
AvgEnqueueRate : 0.95/s
AvgDequeueRate : 0.95/s
TotalDropped : 0
TotalEnqueued : 103
TotalDequeued : 103
2017-06-03 05:46:51,790 [214] [DEBUG] |p22+RGiJwOjQgzIxc7xicrzINAM=| -Minutely stats:
ItemsInQueue : Min , Max , Avg 
TimeInQueue : Min , Max , Avg 
TimeToProcess : Min , Max , Avg 
AvgEnqueueRate : 0.00/s
AvgDequeueRate : 0.00/s
TotalDropped : 0
TotalEnqueued : 0
TotalDequeued : 0
2017-06-03 05:46:51,790 [214] [DEBUG] |jqM6DPCUcYT9S2AO0mlG6VudBho=| DispatcherQueue3-Minutely stats:
ItemsInQueue : Min 0, Max 5, Avg 0
TimeInQueue : Min 00:00:00, Max 00:00:00.0156652, Avg 00:00:00.0020000
TimeToProcess : Min 00:00:00.0007282, Max 00:00:00.0033089, Avg 00:00:00.0010000
AvgEnqueueRate : 0.81/s
AvgDequeueRate : 0.80/s
TotalDropped : 0
TotalEnqueued : 78
TotalDequeued : 77
2017-06-03 05:46:51,790 [214] [DEBUG] |KCz2DE5n/DQPM0F0ANDBhSQuxKQ=| -Minutely stats:
ItemsInQueue : Min , Max , Avg 
TimeInQueue : Min , Max , Avg 
TimeToProcess : Min , Max , Avg 
AvgEnqueueRate : 0.00/s
AvgDequeueRate : 0.00/s
TotalDropped : 0
TotalEnqueued : 0
TotalDequeued : 0
2017-06-03 05:46:51,790 [214] [DEBUG] |FDOm3X9J9FpyoH18pswCGdX6CL4=| DispatcherQueue2-Minutely stats:
ItemsInQueue : Min 0, Max 6, Avg 1
TimeInQueue : Min 00:00:00, Max 00:00:00.0156709, Avg 00:00:00.0030000
TimeToProcess : Min 00:00:00.0005474, Max 00:00:00.0036579, Avg 00:00:00.0020000
AvgEnqueueRate : 0.46/s
AvgDequeueRate : 0.46/s
TotalDropped : 0
TotalEnqueued : 44
TotalDequeued : 44
2017-06-03 05:46:51,790 [214] [DEBUG] |FwedZBQevB76vXXFwzpRvmHG7LI=| -Minutely stats:
ItemsInQueue : Min , Max , Avg 
TimeInQueue : Min , Max , Avg 
TimeToProcess : Min , Max , Avg 
AvgEnqueueRate : 0.00/s
AvgDequeueRate : 0.00/s
TotalDropped : 0
TotalEnqueued : 0
TotalDequeued : 0
2017-06-03 05:46:51,790 [214] [DEBUG] |+87P8y98j/0exk2ZPnjklKJ/Drc=| DispatcherQueue1-Minutely stats:
ItemsInQueue : Min 0, Max 3, Avg 0
TimeInQueue : Min 00:00:00, Max 00:00:00.0156310, Avg 00:00:00.0010000
TimeToProcess : Min 00:00:00.0002548, Max 00:00:00.0123306, Avg 00:00:00.0010000
AvgEnqueueRate : 0.56/s
AvgDequeueRate : 0.56/s
TotalDropped : 0
TotalEnqueued : 54
TotalDequeued : 54
2017-06-03 05:48:18,275 [257] [DEBUG] |eara7q7ADwJMS57YONBTKXBHVTU=| -Minutely stats:
ItemsInQueue : Min , Max , Avg 
TimeInQueue : Min , Max , Avg 
TimeToProcess : Min , Max , Avg 
AvgEnqueueRate : 0.00/s
AvgDequeueRate : 0.00/s
TotalDropped : 0
TotalEnqueued : 0
TotalDequeued : 0
2017-06-03 05:48:18,275 [257] [DEBUG] |qmEHBWp4uCvaqvoxutpQPlwduTI=| DispatcherQueue3-Minutely stats:
ItemsInQueue : Min 0, Max 7, Avg 0
TimeInQueue : Min 00:00:00, Max 00:00:00.0157470, Avg 00:00:00.0030000
TimeToProcess : Min 00:00:00.0004924, Max 00:00:00.0104992, Avg 00:00:00.0010000
AvgEnqueueRate : 0.96/s
AvgDequeueRate : 0.97/s
TotalDropped : 0
TotalEnqueued : 83
TotalDequeued : 84
2017-06-03 05:48:18,275 [257] [DEBUG] |35MM3FITDammbktkk66dBrq06OY=| -Minutely stats:
ItemsInQueue : Min , Max , Avg 
TimeInQueue : Min , Max , Avg 
TimeToProcess : Min , Max , Avg 
AvgEnqueueRate : 0.00/s
AvgDequeueRate : 0.00/s
TotalDropped : 0
TotalEnqueued : 0
TotalDequeued : 0
2017-06-03 05:48:18,275 [257] [DEBUG] |KfG+kQ1FdEaY6IDw8p8lvyjVzno=| DispatcherQueue2-Minutely stats:
ItemsInQueue : Min 0, Max 4, Avg 0
TimeInQueue : Min 00:00:00, Max 00:00:00.0156271, Avg 00:00:00.0010000
TimeToProcess : Min 00:00:00.0003865, Max 00:00:00.0055723, Avg 00:00:00.0010000
AvgEnqueueRate : 0.43/s
AvgDequeueRate : 0.43/s
TotalDropped : 0
TotalEnqueued : 37
TotalDequeued : 37
2017-06-03 05:48:18,275 [257] [DEBUG] |AjCMCKyx+UQUBnM8zS9lzWauMCg=| -Minutely stats:
ItemsInQueue : Min , Max , Avg 
TimeInQueue : Min , Max , Avg 
TimeToProcess : Min , Max , Avg 
AvgEnqueueRate : 0.00/s
AvgDequeueRate : 0.00/s
TotalDropped : 0
TotalEnqueued : 0
TotalDequeued : 0
2017-06-03 05:48:18,275 [257] [DEBUG] |Ac0ko2A/Ps0g9jHR3WiIPHN/nbg=| DispatcherQueue1-Minutely stats:
ItemsInQueue : Min 0, Max 7, Avg 1
TimeInQueue : Min 00:00:00, Max 00:00:00.0155717, Avg 00:00:00.0030000
TimeToProcess : Min 00:00:00.0002032, Max 00:00:00.0038798, Avg 00:00:00.0010000
AvgEnqueueRate : 0.42/s
AvgDequeueRate : 0.42/s
TotalDropped : 0
TotalEnqueued : 36
TotalDequeued : 36
2017-06-03 05:49:47,275 [296] [DEBUG] |IhWTJUIcKoATEBR8MMCr+wLdl6E=| -Minutely stats:
ItemsInQueue : Min , Max , Avg 
TimeInQueue : Min , Max , Avg 
TimeToProcess : Min , Max , Avg 
AvgEnqueueRate : 0.00/s
AvgDequeueRate : 0.00/s
TotalDropped : 0
TotalEnqueued : 0
TotalDequeued : 0
2017-06-03 05:49:47,275 [296] [DEBUG] |2w4bW8AT8MOfNyov8B2OUHj9nS8=| DispatcherQueue3-Minutely stats:
ItemsInQueue : Min 0, Max 7, Avg 1
TimeInQueue : Min 00:00:00, Max 00:00:00.0156035, Avg 00:00:00.0030000
TimeToProcess : Min 00:00:00.0006554, Max 00:00:00.0026560, Avg 00:00:00.0010000
AvgEnqueueRate : 0.47/s
AvgDequeueRate : 0.47/s
TotalDropped : 0
TotalEnqueued : 42
TotalDequeued : 42
2017-06-03 05:49:47,275 [296] [DEBUG] |g8cfNbe3GyrhH/Or10yiNgOqBhk=| -Minutely stats:
ItemsInQueue : Min , Max , Avg 
TimeInQueue : Min , Max , Avg 
TimeToProcess : Min , Max , Avg 
AvgEnqueueRate : 0.00/s
AvgDequeueRate : 0.00/s
TotalDropped : 0
TotalEnqueued : 0
TotalDequeued : 0
2017-06-03 05:49:47,275 [296] [DEBUG] |Ddmt+3WfUqDSN/wZ0O1u/byj4nM=| DispatcherQueue2-Minutely stats:
ItemsInQueue : Min 0, Max 4, Avg 0
TimeInQueue : Min 00:00:00, Max 00:00:00.0157023, Avg 00:00:00.0020000
TimeToProcess : Min 00:00:00.0004889, Max 00:00:00.0143872, Avg 00:00:00.0010000
AvgEnqueueRate : 1.42/s
AvgDequeueRate : 1.42/s
TotalDropped : 0
TotalEnqueued : 126
TotalDequeued : 126
2017-06-03 05:49:47,275 [296] [DEBUG] |g8PDvGmmgS7DJEHyOnL4VoykZi8=| -Minutely stats:
ItemsInQueue : Min , Max , Avg 
TimeInQueue : Min , Max , Avg 
TimeToProcess : Min , Max , Avg 
AvgEnqueueRate : 0.00/s
AvgDequeueRate : 0.00/s
TotalDropped : 0
TotalEnqueued : 0
TotalDequeued : 0
2017-06-03 05:49:47,275 [296] [DEBUG] |XfUC+aZIsak17hi8i0hZDJhyUBY=| DispatcherQueue1-Minutely stats:
ItemsInQueue : Min 0, Max 5, Avg 0
TimeInQueue : Min 00:00:00, Max 00:00:00.1252261, Avg 00:00:00.0030000
TimeToProcess : Min 00:00:00.0001968, Max 00:00:00.1213714, Avg 00:00:00.0030000
AvgEnqueueRate : 0.76/s
AvgDequeueRate : 0.76/s
TotalDropped : 0
TotalEnqueued : 68
TotalDequeued : 68
2017-06-03 05:51:41,790 [351] [DEBUG] |phZ4uIcmzqqqjrkZzWk19HbOu4M=| -Minutely stats:
ItemsInQueue : Min , Max , Avg 
TimeInQueue : Min , Max , Avg 
TimeToProcess : Min , Max , Avg 
AvgEnqueueRate : 0.00/s
AvgDequeueRate : 0.00/s
TotalDropped : 0
TotalEnqueued : 0
TotalDequeued : 0
2017-06-03 05:51:41,790 [351] [DEBUG] |p43CSEdbMRj+XG6SPRTt427kn1Y=| DispatcherQueue3-Minutely stats:
ItemsInQueue : Min 0, Max 8, Avg 1
TimeInQueue : Min 00:00:00, Max 00:00:00.0468065, Avg 00:00:00.0050000
TimeToProcess : Min 00:00:00.0005171, Max 00:00:00.0363441, Avg 00:00:00.0020000
AvgEnqueueRate : 0.72/s
AvgDequeueRate : 0.72/s
TotalDropped : 0
TotalEnqueued : 83
TotalDequeued : 83
2017-06-03 05:51:41,790 [351] [DEBUG] |XfTOJJ53WbWIpdroJu40/fincEg=| -Minutely stats:
ItemsInQueue : Min , Max , Avg 
TimeInQueue : Min , Max , Avg 
TimeToProcess : Min , Max , Avg 
AvgEnqueueRate : 0.00/s
AvgDequeueRate : 0.00/s
TotalDropped : 0
TotalEnqueued : 0
TotalDequeued : 0
2017-06-03 05:51:41,790 [351] [DEBUG] |wtW3aO74cy9u+rRr+U/bGAUWGos=| DispatcherQueue2-Minutely stats:
ItemsInQueue : Min 0, Max 4, Avg 0
TimeInQueue : Min 00:00:00, Max 00:00:00.0312441, Avg 00:00:00.0020000
TimeToProcess : Min 00:00:00.0007162, Max 00:00:00.0299784, Avg 00:00:00.0020000
AvgEnqueueRate : 0.55/s
AvgDequeueRate : 0.55/s
TotalDropped : 0
TotalEnqueued : 63
TotalDequeued : 63
2017-06-03 05:51:41,790 [351] [DEBUG] |aCahxx4GUFhUjJVc8/gZy3wGNpE=| -Minutely stats:
ItemsInQueue : Min , Max , Avg 
TimeInQueue : Min , Max , Avg 
TimeToProcess : Min , Max , Avg 
AvgEnqueueRate : 0.00/s
AvgDequeueRate : 0.00/s
TotalDropped : 0
TotalEnqueued : 0
TotalDequeued : 0
2017-06-03 05:51:41,790 [351] [DEBUG] |7s4tDyRuTIKTLatt9aDZP0a5Vqo=| DispatcherQueue1-Minutely stats:
ItemsInQueue : Min 0, Max 7, Avg 1
TimeInQueue : Min 00:00:00, Max 00:00:00.0468861, Avg 00:00:00.0070000
TimeToProcess : Min 00:00:00.0002688, Max 00:00:00.0480008, Avg 00:00:00.0030000
AvgEnqueueRate : 0.57/s
AvgDequeueRate : 0.57/s
TotalDropped : 0
TotalEnqueued : 65
TotalDequeued : 65
2017-06-03 05:53:09,103 [375] [DEBUG] |dawKlpzit26qgwTIquKF76HTyYk=| -Minutely stats:
ItemsInQueue : Min , Max , Avg 
TimeInQueue : Min , Max , Avg 
TimeToProcess : Min , Max , Avg 
AvgEnqueueRate : 0.00/s
AvgDequeueRate : 0.00/s
TotalDropped : 0
TotalEnqueued : 0
TotalDequeued : 0
2017-06-03 05:53:09,103 [375] [DEBUG] |ca/apUsr5naQtmPAxdE38PRHeSQ=| DispatcherQueue3-Minutely stats:
ItemsInQueue : Min 0, Max 9, Avg 1
TimeInQueue : Min 00:00:00, Max 00:00:00.0313370, Avg 00:00:00.0060000
TimeToProcess : Min 00:00:00.0005864, Max 00:00:00.0285387, Avg 00:00:00.0030000
AvgEnqueueRate : 0.98/s
AvgDequeueRate : 0.98/s
TotalDropped : 0
TotalEnqueued : 86
TotalDequeued : 86
2017-06-03 05:53:09,103 [375] [DEBUG] |foWx/PVOw0cV52ykNWvS5ld2jgA=| -Minutely stats:
ItemsInQueue : Min , Max , Avg 
TimeInQueue : Min , Max , Avg 
TimeToProcess : Min , Max , Avg 
AvgEnqueueRate : 0.00/s
AvgDequeueRate : 0.00/s
TotalDropped : 0
TotalEnqueued : 0
TotalDequeued : 0
2017-06-03 05:53:09,103 [375] [DEBUG] |1PvO+TbIfe8IdakcU6d7nGlpY1Y=| DispatcherQueue2-Minutely stats:
ItemsInQueue : Min 0, Max 9, Avg 1
TimeInQueue : Min 00:00:00, Max 00:00:00.0312525, Avg 00:00:00.0070000
TimeToProcess : Min 00:00:00.0006288, Max 00:00:00.0078862, Avg 00:00:00.0020000
AvgEnqueueRate : 0.81/s
AvgDequeueRate : 0.81/s
TotalDropped : 0
TotalEnqueued : 71
TotalDequeued : 71
2017-06-03 05:53:09,103 [375] [DEBUG] |hgQwzWhRl7FXio55w0Ji3GoJk3c=| -Minutely stats:
ItemsInQueue : Min , Max , Avg 
TimeInQueue : Min , Max , Avg 
TimeToProcess : Min , Max , Avg 
AvgEnqueueRate : 0.00/s
AvgDequeueRate : 0.00/s
TotalDropped : 0
TotalEnqueued : 0
TotalDequeued : 0
2017-06-03 05:53:09,103 [375] [DEBUG] |GN7Ow33WPjWy5d9hZEezbOAx1bY=| DispatcherQueue1-Minutely stats:
ItemsInQueue : Min 0, Max 9, Avg 2
TimeInQueue : Min 00:00:00, Max 00:00:00.0313721, Avg 00:00:00.0090000
TimeToProcess : Min 00:00:00.0002585, Max 00:00:00.0102079, Avg 00:00:00.0020000
AvgEnqueueRate : 0.66/s
AvgDequeueRate : 0.66/s
TotalDropped : 0
TotalEnqueued : 58
TotalDequeued : 58
2017-06-03 05:55:03,993 [20] [DEBUG] |EkK0FQ+8Rtbe2alI8Y2Il3+JcOc=| -Minutely stats:
ItemsInQueue : Min , Max , Avg 
TimeInQueue : Min , Max , Avg 
TimeToProcess : Min , Max , Avg 
AvgEnqueueRate : 0.00/s
AvgDequeueRate : 0.00/s
TotalDropped : 0
TotalEnqueued : 0
TotalDequeued : 0
2017-06-03 05:55:03,993 [20] [DEBUG] |SkuA2fC6zZgcwCv93OUJ4F6oEN0=| DispatcherQueue3-Minutely stats:
ItemsInQueue : Min 0, Max 6, Avg 0
TimeInQueue : Min 00:00:00, Max 00:00:00.0624406, Avg 00:00:00.0050000
TimeToProcess : Min 00:00:00.0007198, Max 00:00:00.0491009, Avg 00:00:00.0030000
AvgEnqueueRate : 0.73/s
AvgDequeueRate : 0.73/s
TotalDropped : 0
TotalEnqueued : 84
TotalDequeued : 84
2017-06-03 05:55:03,993 [20] [DEBUG] |np38Chc/oAQgAqlcVFW0TQiC9BM=| -Minutely stats:
ItemsInQueue : Min , Max , Avg 
TimeInQueue : Min , Max , Avg 
TimeToProcess : Min , Max , Avg 
AvgEnqueueRate : 0.00/s
AvgDequeueRate : 0.00/s
TotalDropped : 0
TotalEnqueued : 0
TotalDequeued : 0
2017-06-03 05:55:03,993 [20] [DEBUG] |hdAGnhW34L/W5sa2QRERw5QzPA8=| DispatcherQueue2-Minutely stats:
ItemsInQueue : Min 0, Max 4, Avg 0
TimeInQueue : Min 00:00:00, Max 00:00:00.0624406, Avg 00:00:00.0050000
TimeToProcess : Min 00:00:00.0007259, Max 00:00:00.0244219, Avg 00:00:00.0020000
AvgEnqueueRate : 0.61/s
AvgDequeueRate : 0.61/s
TotalDropped : 0
TotalEnqueued : 70
TotalDequeued : 70
2017-06-03 05:55:03,993 [20] [DEBUG] |TyGxjJIRBx/75hvzpGaGEV/a5YI=| -Minutely stats:
ItemsInQueue : Min , Max , Avg 
TimeInQueue : Min , Max , Avg 
TimeToProcess : Min , Max , Avg 
AvgEnqueueRate : 0.00/s
AvgDequeueRate : 0.00/s
TotalDropped : 0
TotalEnqueued : 0
TotalDequeued : 0
2017-06-03 05:55:03,993 [20] [DEBUG] |mBp12rY+rGbc+JRRjOrKoL7RgW8=| DispatcherQueue1-Minutely stats:
ItemsInQueue : Min 0, Max 5, Avg 0
TimeInQueue : Min 00:00:00, Max 00:00:00.0781251, Avg 00:00:00.0130000
TimeToProcess : Min 00:00:00.0002690, Max 00:00:00.0763977, Avg 00:00:00.0040000
AvgEnqueueRate : 0.25/s
AvgDequeueRate : 0.25/s
TotalDropped : 0
TotalEnqueued : 29
TotalDequeued : 29
2017-06-03 05:56:14,290 [469] [DEBUG] |66WQ58TYoWRyIKZWTbRbxtmf5Jo=| -Minutely stats:
ItemsInQueue : Min , Max , Avg 
TimeInQueue : Min , Max , Avg 
TimeToProcess : Min , Max , Avg 
AvgEnqueueRate : 0.00/s
AvgDequeueRate : 0.00/s
TotalDropped : 0
TotalEnqueued : 0
TotalDequeued : 0
2017-06-03 05:56:14,290 [469] [DEBUG] |oYBsJmb80VAzXy2lmPXD+mfsYXU=| DispatcherQueue3-Minutely stats:
ItemsInQueue : Min 0, Max 6, Avg 1
TimeInQueue : Min 00:00:00, Max 00:00:00.0467556, Avg 00:00:00.0060000
TimeToProcess : Min 00:00:00.0004885, Max 00:00:00.0360287, Avg 00:00:00.0020000
AvgEnqueueRate : 0.70/s
AvgDequeueRate : 0.70/s
TotalDropped : 0
TotalEnqueued : 49
TotalDequeued : 49
2017-06-03 05:56:14,290 [469] [DEBUG] |QmHs29X0CEn6fhWapsq139JTizI=| -Minutely stats:
ItemsInQueue : Min , Max , Avg 
TimeInQueue : Min , Max , Avg 
TimeToProcess : Min , Max , Avg 
AvgEnqueueRate : 0.00/s
AvgDequeueRate : 0.00/s
TotalDropped : 0
TotalEnqueued : 0
TotalDequeued : 0
2017-06-03 05:56:14,290 [469] [DEBUG] |p2SbqPV3WJqU7tZpO/l04zLOUxU=| DispatcherQueue2-Minutely stats:
ItemsInQueue : Min 0, Max 3, Avg 0
TimeInQueue : Min 00:00:00, Max 00:00:00.0468232, Avg 00:00:00.0030000
TimeToProcess : Min 00:00:00.0008179, Max 00:00:00.0339731, Avg 00:00:00.0030000
AvgEnqueueRate : 0.55/s
AvgDequeueRate : 0.55/s
TotalDropped : 0
TotalEnqueued : 39
TotalDequeued : 39
2017-06-03 05:56:14,290 [469] [DEBUG] |8ZstiJNM+SrrTuYGhVTRZpFUYEY=| -Minutely stats:
ItemsInQueue : Min , Max , Avg 
TimeInQueue : Min , Max , Avg 
TimeToProcess : Min , Max , Avg 
AvgEnqueueRate : 0.00/s
AvgDequeueRate : 0.00/s
TotalDropped : 0
TotalEnqueued : 0
TotalDequeued : 0
2017-06-03 05:56:14,290 [469] [DEBUG] |EHo/8R6mrhTBAZijO3q6eZaBgcQ=| DispatcherQueue1-Minutely stats:
ItemsInQueue : Min 0, Max 4, Avg 1
TimeInQueue : Min 00:00:00, Max 00:00:00.0467556, Avg 00:00:00.0070000
TimeToProcess : Min 00:00:00.0003080, Max 00:00:00.0368126, Avg 00:00:00.0020000
AvgEnqueueRate : 0.34/s
AvgDequeueRate : 0.34/s
TotalDropped : 0
TotalEnqueued : 24
TotalDequeued : 24
2017-06-03 05:58:20,290 [522] [DEBUG] |lI7ajnG5vmBhVj611z4M5VsIJBw=| -Minutely stats:
ItemsInQueue : Min , Max , Avg 
TimeInQueue : Min , Max , Avg 
TimeToProcess : Min , Max , Avg 
AvgEnqueueRate : 0.00/s
AvgDequeueRate : 0.00/s
TotalDropped : 0
TotalEnqueued : 0
TotalDequeued : 0
2017-06-03 05:58:20,290 [522] [DEBUG] |9p/ZnlUPxeuqZvjj1TTy5WF2KcQ=| DispatcherQueue3-Minutely stats:
ItemsInQueue : Min 0, Max 3, Avg 0
TimeInQueue : Min 00:00:00, Max 00:00:00.0313829, Avg 00:00:00.0050000
TimeToProcess : Min 00:00:00.0008097, Max 00:00:00.0358797, Avg 00:00:00.0030000
AvgEnqueueRate : 0.36/s
AvgDequeueRate : 0.36/s
TotalDropped : 0
TotalEnqueued : 45
TotalDequeued : 45
2017-06-03 05:58:20,290 [522] [DEBUG] |3FFH1zL2iJs0G2s8SfgYOMZgs7Q=| -Minutely stats:
ItemsInQueue : Min , Max , Avg 
TimeInQueue : Min , Max , Avg 
TimeToProcess : Min , Max , Avg 
AvgEnqueueRate : 0.00/s
AvgDequeueRate : 0.00/s
TotalDropped : 0
TotalEnqueued : 0
TotalDequeued : 0
2017-06-03 05:58:20,290 [522] [DEBUG] |50Nq4ulOzsi6Wka+Qi9RxLOqcKU=| DispatcherQueue2-Minutely stats:
ItemsInQueue : Min 0, Max 2, Avg 0
TimeInQueue : Min 00:00:00, Max 00:00:00.0313829, Avg 00:00:00.0040000
TimeToProcess : Min 00:00:00.0008031, Max 00:00:00.0140410, Avg 00:00:00.0020000
AvgEnqueueRate : 0.42/s
AvgDequeueRate : 0.42/s
TotalDropped : 0
TotalEnqueued : 53
TotalDequeued : 53
2017-06-03 05:58:20,290 [522] [DEBUG] |bEuerUpfY0rZDWa4NMrVfPLbyfs=| -Minutely stats:
ItemsInQueue : Min , Max , Avg 
TimeInQueue : Min , Max , Avg 
TimeToProcess : Min , Max , Avg 
AvgEnqueueRate : 0.00/s
AvgDequeueRate : 0.00/s
TotalDropped : 0
TotalEnqueued : 0
TotalDequeued : 0
2017-06-03 05:58:20,290 [522] [DEBUG] |eTS/BnEO/lRpPF000qH2BKrHGsI=| DispatcherQueue1-Minutely stats:
ItemsInQueue : Min 0, Max 5, Avg 0
TimeInQueue : Min 00:00:00, Max 00:00:00.0468843, Avg 00:00:00.0060000
TimeToProcess : Min 00:00:00.0002800, Max 00:00:00.0272458, Avg 00:00:00.0020000
AvgEnqueueRate : 0.43/s
AvgDequeueRate : 0.43/s
TotalDropped : 0
TotalEnqueued : 54
TotalDequeued : 54
2017-06-03 23:50:21,727 [34] [DEBUG] |YLsCYdv6UgWl71YAX5vab04vnJM=| -Minutely stats:
ItemsInQueue : Min , Max , Avg 
TimeInQueue : Min , Max , Avg 
TimeToProcess : Min , Max , Avg 
AvgEnqueueRate : 0.00/s
AvgDequeueRate : 0.00/s
TotalDropped : 0
TotalEnqueued : 0
TotalDequeued : 0
2017-06-03 23:50:21,727 [26] [DEBUG] |GdAB3xAglGVcBaZxGhPvXHA4uOQ=| DispatcherQueue1-Minutely stats:
ItemsInQueue : Min 0, Max 2, Avg 0
TimeInQueue : Min 00:00:00.0155544, Max 00:00:00.0312144, Avg 00:00:00.0180000
TimeToProcess : Min 00:00:00.0012206, Max 00:00:00.0109195, Avg 00:00:00.0050000
AvgEnqueueRate : 0.10/s
AvgDequeueRate : 0.10/s
TotalDropped : 0
TotalEnqueued : 6
TotalDequeued : 6
2017-06-03 23:50:21,727 [41] [DEBUG] |bdceHgBpbo+NDip42jHhL5X10Ig=| -Minutely stats:
ItemsInQueue : Min , Max , Avg 
TimeInQueue : Min , Max , Avg 
TimeToProcess : Min , Max , Avg 
AvgEnqueueRate : 0.00/s
AvgDequeueRate : 0.00/s
TotalDropped : 0
TotalEnqueued : 0
TotalDequeued : 0
2017-06-03 23:50:21,727 [42] [DEBUG] |RDZN2lAY15WKyU8K2nwMIPPolmw=| DispatcherQueue2-Minutely stats:
ItemsInQueue : Min 0, Max 3, Avg 1
TimeInQueue : Min 00:00:00.0155730, Max 00:00:00.0312144, Avg 00:00:00.0200000
TimeToProcess : Min 00:00:00.0022620, Max 00:00:00.0137152, Avg 00:00:00.0070000
AvgEnqueueRate : 0.07/s
AvgDequeueRate : 0.07/s
TotalDropped : 0
TotalEnqueued : 4
TotalDequeued : 4
2017-06-03 23:50:21,727 [29] [DEBUG] |xyG2ApwDilkdaLrgEz+W90JVGts=| -Minutely stats:
ItemsInQueue : Min , Max , Avg 
TimeInQueue : Min , Max , Avg 
TimeToProcess : Min , Max , Avg 
AvgEnqueueRate : 0.00/s
AvgDequeueRate : 0.00/s
TotalDropped : 0
TotalEnqueued : 0
TotalDequeued : 0
2017-06-03 23:50:21,727 [40] [DEBUG] |gPX9CaROBHGts+IEdC7l5AZFGnc=| DispatcherQueue3-Minutely stats:
ItemsInQueue : Min 0, Max 3, Avg 1
TimeInQueue : Min 00:00:00.0155730, Max 00:00:00.0312144, Avg 00:00:00.0230000
TimeToProcess : Min 00:00:00.0021295, Max 00:00:00.0148831, Avg 00:00:00.0070000
AvgEnqueueRate : 0.07/s
AvgDequeueRate : 0.07/s
TotalDropped : 0
TotalEnqueued : 4
TotalDequeued : 4
2017-06-03 23:51:21,742 [15] [DEBUG] |mtpjg7TdMbGNmbVt45A3cJfha0c=| -Minutely stats:
ItemsInQueue : Min , Max , Avg 
TimeInQueue : Min , Max , Avg 
TimeToProcess : Min , Max , Avg 
AvgEnqueueRate : 0.00/s
AvgDequeueRate : 0.00/s
TotalDropped : 0
TotalEnqueued : 0
TotalDequeued : 0
