2017-05-31 11:13:46,834 [18] [DEBUG] |Uv7dE7cQ86JKhyssRhJ8Pe6AJno=| -Minutely stats:
ItemsInQueue : Min , Max , Avg 
TimeInQueue : Min , Max , Avg 
TimeToProcess : Min , Max , Avg 
AvgEnqueueRate : 0.00/s
AvgDequeueRate : 0.00/s
TotalDropped : 0
TotalEnqueued : 0
TotalDequeued : 0
2017-05-31 11:14:53,772 [94] [DEBUG] |NQsJR5zvqMye1SqaAIZNGxdTngc=| DispatcherQueue3-Minutely stats:
ItemsInQueue : Min 0, Max 841, Avg 315
TimeInQueue : Min 00:00:00, Max 00:00:03.6718786, Avg 00:00:01.4300000
TimeToProcess : Min 00:00:00.0006222, Max 00:00:00.0217111, Avg 00:00:00.0030000
AvgEnqueueRate : 10.82/s
AvgDequeueRate : 10.82/s
TotalDropped : 0
TotalEnqueued : 1373
TotalDequeued : 1373
2017-05-31 11:14:53,772 [94] [DEBUG] |h1jJXyA71dZ+pToekE326C69C0E=| -Minutely stats:
ItemsInQueue : Min , Max , Avg 
TimeInQueue : Min , Max , Avg 
TimeToProcess : Min , Max , Avg 
AvgEnqueueRate : 0.00/s
AvgDequeueRate : 0.00/s
TotalDropped : 0
TotalEnqueued : 0
TotalDequeued : 0
2017-05-31 11:14:53,772 [94] [DEBUG] |qCEJzkpl2xls9UEnpCLiChosr+E=| DispatcherQueue2-Minutely stats:
ItemsInQueue : Min 0, Max 367, Avg 126
TimeInQueue : Min 00:00:00, Max 00:00:02.2031391, Avg 00:00:00.7510000
TimeToProcess : Min 00:00:00.0006157, Max 00:00:00.0213626, Avg 00:00:00.0050000
AvgEnqueueRate : 4.51/s
AvgDequeueRate : 4.51/s
TotalDropped : 0
TotalEnqueued : 572
TotalDequeued : 572
2017-05-31 11:14:53,772 [94] [DEBUG] |ZtbdXlERTUZG+w/t33U6SBP4qBM=| -Minutely stats:
ItemsInQueue : Min , Max , Avg 
TimeInQueue : Min , Max , Avg 
TimeToProcess : Min , Max , Avg 
AvgEnqueueRate : 0.00/s
AvgDequeueRate : 0.00/s
TotalDropped : 0
TotalEnqueued : 0
TotalDequeued : 0
2017-05-31 11:14:53,772 [94] [DEBUG] |ti38aCjVxC87JwVceGmzF236p38=| DispatcherQueue1-Minutely stats:
ItemsInQueue : Min 0, Max 473, Avg 194
TimeInQueue : Min 00:00:00, Max 00:00:03.4062890, Avg 00:00:01.1440000
TimeToProcess : Min 00:00:00.0007021, Max 00:00:03.4101821, Avg 00:00:00.0120000
AvgEnqueueRate : 4.63/s
AvgDequeueRate : 4.63/s
TotalDropped : 0
TotalEnqueued : 588
TotalDequeued : 588
2017-05-31 16:43:32,154 [97] [DEBUG] |zXPkdOR1R86yYBcC1nr24baEsy0=| -Minutely stats:
ItemsInQueue : Min , Max , Avg 
TimeInQueue : Min , Max , Avg 
TimeToProcess : Min , Max , Avg 
AvgEnqueueRate : 0.00/s
AvgDequeueRate : 0.00/s
TotalDropped : 0
TotalEnqueued : 0
TotalDequeued : 0
2017-05-31 16:43:32,155 [97] [DEBUG] |z7SeP0WdFAwGujelDbJz1eJ1eck=| DispatcherQueue3-Minutely stats:
ItemsInQueue : Min 0, Max 396, Avg 134
TimeInQueue : Min 00:00:00.0009676, Max 00:00:01.7010008, Avg 00:00:00.6720000
TimeToProcess : Min 00:00:00.0006229, Max 00:00:00.0269451, Avg 00:00:00.0040000
AvgEnqueueRate : 5.12/s
AvgDequeueRate : 5.12/s
TotalDropped : 0
TotalEnqueued : 654
TotalDequeued : 654
2017-05-31 16:43:32,156 [97] [DEBUG] |wUF50tkUkt6FpIyfJ0f9p301sC8=| -Minutely stats:
ItemsInQueue : Min , Max , Avg 
TimeInQueue : Min , Max , Avg 
TimeToProcess : Min , Max , Avg 
AvgEnqueueRate : 0.00/s
AvgDequeueRate : 0.00/s
TotalDropped : 0
TotalEnqueued : 0
TotalDequeued : 0
2017-05-31 16:43:32,156 [97] [DEBUG] |UAKdv7qsilKPRivCAS500Ix2Ktw=| DispatcherQueue2-Minutely stats:
ItemsInQueue : Min 0, Max 358, Avg 105
TimeInQueue : Min 00:00:00.0008913, Max 00:00:01.6239968, Avg 00:00:00.5370000
TimeToProcess : Min 00:00:00.0006458, Max 00:00:00.0212185, Avg 00:00:00.0040000
AvgEnqueueRate : 5.44/s
AvgDequeueRate : 5.44/s
TotalDropped : 0
TotalEnqueued : 695
TotalDequeued : 695
2017-05-31 16:43:32,156 [97] [DEBUG] |+t8+Tp6uoSxzwIXWBqNiQ5Pxccc=| -Minutely stats:
ItemsInQueue : Min , Max , Avg 
TimeInQueue : Min , Max , Avg 
TimeToProcess : Min , Max , Avg 
AvgEnqueueRate : 0.00/s
AvgDequeueRate : 0.00/s
TotalDropped : 0
TotalEnqueued : 0
TotalDequeued : 0
2017-05-31 16:43:32,156 [97] [DEBUG] |zkVtfu6ruwfAKM+UQIv22BI9BSk=| DispatcherQueue1-Minutely stats:
ItemsInQueue : Min 0, Max 264, Avg 90
TimeInQueue : Min 00:00:00.0009519, Max 00:00:04.2250089, Avg 00:00:00.4670000
TimeToProcess : Min 00:00:00.0006075, Max 00:00:04.2245885, Avg 00:00:00.0160000
AvgEnqueueRate : 3.07/s
AvgDequeueRate : 3.07/s
TotalDropped : 0
TotalEnqueued : 392
TotalDequeued : 392
2017-05-31 16:46:07,651 [192] [DEBUG] |TGifE9fdpAdorACgtwOuuJpAhUw=| -Minutely stats:
ItemsInQueue : Min , Max , Avg 
TimeInQueue : Min , Max , Avg 
TimeToProcess : Min , Max , Avg 
AvgEnqueueRate : 0.00/s
AvgDequeueRate : 0.00/s
TotalDropped : 0
TotalEnqueued : 0
TotalDequeued : 0
2017-05-31 16:46:07,651 [192] [DEBUG] |B6NZBWIzjy1ulMtMHDaLJTuzzII=| DispatcherQueue3-Minutely stats:
ItemsInQueue : Min 0, Max 2, Avg 0
TimeInQueue : Min 00:00:00.0009759, Max 00:00:00.0180002, Avg 00:00:00.0030000
TimeToProcess : Min 00:00:00.0007465, Max 00:00:00.0173295, Avg 00:00:00.0020000
AvgEnqueueRate : 0.68/s
AvgDequeueRate : 0.68/s
TotalDropped : 0
TotalEnqueued : 106
TotalDequeued : 106
2017-05-31 16:46:07,652 [192] [DEBUG] |X64mwJClit1jtH6n6wBosmO/w5g=| -Minutely stats:
ItemsInQueue : Min , Max , Avg 
TimeInQueue : Min , Max , Avg 
TimeToProcess : Min , Max , Avg 
AvgEnqueueRate : 0.00/s
AvgDequeueRate : 0.00/s
TotalDropped : 0
TotalEnqueued : 0
TotalDequeued : 0
2017-05-31 16:46:07,652 [192] [DEBUG] |4rdMbRBx/YIpqe68A77iz6SwiWI=| DispatcherQueue2-Minutely stats:
ItemsInQueue : Min 0, Max 2, Avg 0
TimeInQueue : Min 00:00:00, Max 00:00:00.0380021, Avg 00:00:00.0030000
TimeToProcess : Min 00:00:00.0005977, Max 00:00:00.0371710, Avg 00:00:00.0030000
AvgEnqueueRate : 1.83/s
AvgDequeueRate : 1.83/s
TotalDropped : 0
TotalEnqueued : 284
TotalDequeued : 284
2017-05-31 16:46:07,652 [192] [DEBUG] |l5IOqoBnXAV0KQN+agOIOc3x4+E=| -Minutely stats:
ItemsInQueue : Min , Max , Avg 
TimeInQueue : Min , Max , Avg 
TimeToProcess : Min , Max , Avg 
AvgEnqueueRate : 0.00/s
AvgDequeueRate : 0.00/s
TotalDropped : 0
TotalEnqueued : 0
TotalDequeued : 0
2017-05-31 16:46:07,652 [192] [DEBUG] |99L6/T9jBcR0L3V4tQQIKEbUWqA=| DispatcherQueue1-Minutely stats:
ItemsInQueue : Min 0, Max 2, Avg 0
TimeInQueue : Min 00:00:00.0009589, Max 00:00:00.1810057, Avg 00:00:00.0060000
TimeToProcess : Min 00:00:00.0007315, Max 00:00:00.1813742, Avg 00:00:00.0060000
AvgEnqueueRate : 0.91/s
AvgDequeueRate : 0.91/s
TotalDropped : 0
TotalEnqueued : 142
TotalDequeued : 142
2017-05-31 16:48:16,650 [289] [DEBUG] |mD1qEUJHRF/CHsx5MQ/R+j0NxYs=| -Minutely stats:
ItemsInQueue : Min , Max , Avg 
TimeInQueue : Min , Max , Avg 
TimeToProcess : Min , Max , Avg 
AvgEnqueueRate : 0.00/s
AvgDequeueRate : 0.00/s
TotalDropped : 0
TotalEnqueued : 0
TotalDequeued : 0
2017-05-31 16:48:16,650 [289] [DEBUG] |bbbfaTBwoYvtO/+UvedSMyy1NdA=| DispatcherQueue3-Minutely stats:
ItemsInQueue : Min 0, Max 3, Avg 0
TimeInQueue : Min 00:00:00.0009979, Max 00:00:00.0370028, Avg 00:00:00.0040000
TimeToProcess : Min 00:00:00.0008300, Max 00:00:00.0355659, Avg 00:00:00.0030000
AvgEnqueueRate : 1.05/s
AvgDequeueRate : 1.05/s
TotalDropped : 0
TotalEnqueued : 136
TotalDequeued : 136
2017-05-31 16:48:16,651 [289] [DEBUG] |aEE++FTuowPC2IjjYs4o6Cn0J+c=| -Minutely stats:
ItemsInQueue : Min , Max , Avg 
TimeInQueue : Min , Max , Avg 
TimeToProcess : Min , Max , Avg 
AvgEnqueueRate : 0.00/s
AvgDequeueRate : 0.00/s
TotalDropped : 0
TotalEnqueued : 0
TotalDequeued : 0
2017-05-31 16:48:16,651 [289] [DEBUG] |4BZXOnecZlJwKB7iX3JTZ/+paCY=| DispatcherQueue2-Minutely stats:
ItemsInQueue : Min 0, Max 3, Avg 0
TimeInQueue : Min 00:00:00.0009356, Max 00:00:00.0518555, Avg 00:00:00.0040000
TimeToProcess : Min 00:00:00.0007736, Max 00:00:00.0514484, Avg 00:00:00.0030000
AvgEnqueueRate : 2.26/s
AvgDequeueRate : 2.26/s
TotalDropped : 0
TotalEnqueued : 292
TotalDequeued : 292
2017-05-31 16:48:16,651 [289] [DEBUG] |4cHuSpW9aZgjWS9r/nkrkhA8T6Y=| -Minutely stats:
ItemsInQueue : Min , Max , Avg 
TimeInQueue : Min , Max , Avg 
TimeToProcess : Min , Max , Avg 
AvgEnqueueRate : 0.00/s
AvgDequeueRate : 0.00/s
TotalDropped : 0
TotalEnqueued : 0
TotalDequeued : 0
2017-05-31 16:48:16,651 [289] [DEBUG] |315J0clrIp+ONO3sQMXSf/ilwQY=| DispatcherQueue1-Minutely stats:
ItemsInQueue : Min 0, Max 3, Avg 0
TimeInQueue : Min 00:00:00.0009708, Max 00:00:00.0288507, Avg 00:00:00.0040000
TimeToProcess : Min 00:00:00.0008256, Max 00:00:00.0070608, Avg 00:00:00.0030000
AvgEnqueueRate : 1.12/s
AvgDequeueRate : 1.12/s
TotalDropped : 0
TotalEnqueued : 144
TotalDequeued : 144
2017-05-31 16:50:19,151 [376] [DEBUG] |lpiyk0xEqoKV0qNRQrdc6lBlwJY=| -Minutely stats:
ItemsInQueue : Min , Max , Avg 
TimeInQueue : Min , Max , Avg 
TimeToProcess : Min , Max , Avg 
AvgEnqueueRate : 0.00/s
AvgDequeueRate : 0.00/s
TotalDropped : 0
TotalEnqueued : 0
TotalDequeued : 0
2017-05-31 16:50:19,151 [376] [DEBUG] |XKVOmVkW5bZrQu3Xlnp0Xp5IZdE=| DispatcherQueue3-Minutely stats:
ItemsInQueue : Min 0, Max 2, Avg 0
TimeInQueue : Min 00:00:00.0009095, Max 00:00:00.0319651, Avg 00:00:00.0030000
TimeToProcess : Min 00:00:00.0008948, Max 00:00:00.0309955, Avg 00:00:00.0030000
AvgEnqueueRate : 1.07/s
AvgDequeueRate : 1.07/s
TotalDropped : 0
TotalEnqueued : 131
TotalDequeued : 131
2017-05-31 16:50:19,152 [376] [DEBUG] |okaz9Re1vqqnJ6OwxRarFrQnBvE=| -Minutely stats:
ItemsInQueue : Min , Max , Avg 
TimeInQueue : Min , Max , Avg 
TimeToProcess : Min , Max , Avg 
AvgEnqueueRate : 0.00/s
AvgDequeueRate : 0.00/s
TotalDropped : 0
TotalEnqueued : 0
TotalDequeued : 0
2017-05-31 16:50:19,152 [376] [DEBUG] |P7dNRv+dqmDWJVza/OzHMNzGFCE=| DispatcherQueue2-Minutely stats:
ItemsInQueue : Min 0, Max 2, Avg 0
TimeInQueue : Min 00:00:00.0009419, Max 00:00:00.0279977, Avg 00:00:00.0030000
TimeToProcess : Min 00:00:00.0006638, Max 00:00:00.0273695, Avg 00:00:00.0020000
AvgEnqueueRate : 2.55/s
AvgDequeueRate : 2.55/s
TotalDropped : 0
TotalEnqueued : 312
TotalDequeued : 312
2017-05-31 16:50:19,152 [376] [DEBUG] |UzeLHm86RCJtbtrrR7OpjSUV7Ck=| -Minutely stats:
ItemsInQueue : Min , Max , Avg 
TimeInQueue : Min , Max , Avg 
TimeToProcess : Min , Max , Avg 
AvgEnqueueRate : 0.00/s
AvgDequeueRate : 0.00/s
TotalDropped : 0
TotalEnqueued : 0
TotalDequeued : 0
2017-05-31 16:50:19,152 [376] [DEBUG] |p5L19baoHHzvpHJHgnmo3AzYi3I=| DispatcherQueue1-Minutely stats:
ItemsInQueue : Min 0, Max 2, Avg 0
TimeInQueue : Min 00:00:00.0009597, Max 00:00:00.0848867, Avg 00:00:00.0050000
TimeToProcess : Min 00:00:00.0007300, Max 00:00:00.0846692, Avg 00:00:00.0040000
AvgEnqueueRate : 0.86/s
AvgDequeueRate : 0.86/s
TotalDropped : 0
TotalEnqueued : 105
TotalDequeued : 105
2017-05-31 16:52:07,955 [464] [DEBUG] |qtJtOn1v8xe6TG3Eo8WBEpYSscA=| -Minutely stats:
ItemsInQueue : Min , Max , Avg 
TimeInQueue : Min , Max , Avg 
TimeToProcess : Min , Max , Avg 
AvgEnqueueRate : 0.00/s
AvgDequeueRate : 0.00/s
TotalDropped : 0
TotalEnqueued : 0
TotalDequeued : 0
2017-05-31 16:52:07,956 [464] [DEBUG] |KHs4CYSCpY5LZE44bGjNUYihCrQ=| DispatcherQueue3-Minutely stats:
ItemsInQueue : Min 0, Max 25, Avg 4
TimeInQueue : Min 00:00:00.0009763, Max 00:00:00.0849996, Avg 00:00:00.0160000
TimeToProcess : Min 00:00:00.0006420, Max 00:00:00.0298493, Avg 00:00:00.0030000
AvgEnqueueRate : 0.97/s
AvgDequeueRate : 0.97/s
TotalDropped : 0
TotalEnqueued : 105
TotalDequeued : 105
2017-05-31 16:52:07,956 [464] [DEBUG] |Dj+nDnn78iwAP2szxhiRl0o+BSg=| -Minutely stats:
ItemsInQueue : Min , Max , Avg 
TimeInQueue : Min , Max , Avg 
TimeToProcess : Min , Max , Avg 
AvgEnqueueRate : 0.00/s
AvgDequeueRate : 0.00/s
TotalDropped : 0
TotalEnqueued : 0
TotalDequeued : 0
2017-05-31 16:52:07,956 [464] [DEBUG] |fekRYv/dtn/pRs4qgUc5UIvdUlo=| DispatcherQueue2-Minutely stats:
ItemsInQueue : Min 0, Max 27, Avg 2
TimeInQueue : Min 00:00:00.0009071, Max 00:00:00.0829991, Avg 00:00:00.0090000
TimeToProcess : Min 00:00:00.0006426, Max 00:00:00.0346545, Avg 00:00:00.0030000
AvgEnqueueRate : 2.39/s
AvgDequeueRate : 2.39/s
TotalDropped : 0
TotalEnqueued : 260
TotalDequeued : 260
2017-05-31 16:52:07,956 [464] [DEBUG] |O1Ag0w//VTJ4VUukeJJSgjJ8zNk=| -Minutely stats:
ItemsInQueue : Min , Max , Avg 
TimeInQueue : Min , Max , Avg 
TimeToProcess : Min , Max , Avg 
AvgEnqueueRate : 0.00/s
AvgDequeueRate : 0.00/s
TotalDropped : 0
TotalEnqueued : 0
TotalDequeued : 0
2017-05-31 16:52:07,957 [464] [DEBUG] |3wanFrhbegiqVqBm9EF084Q+6V0=| DispatcherQueue1-Minutely stats:
ItemsInQueue : Min 0, Max 27, Avg 3
TimeInQueue : Min 00:00:00.0009701, Max 00:00:00.0829991, Avg 00:00:00.0130000
TimeToProcess : Min 00:00:00.0004621, Max 00:00:00.0307864, Avg 00:00:00.0030000
AvgEnqueueRate : 1.40/s
AvgDequeueRate : 1.40/s
TotalDropped : 0
TotalEnqueued : 152
TotalDequeued : 152
2017-05-31 22:29:05,126 [42] [DEBUG] |b0Zjc+PAB/n/e4x58bykh+FVgBM=| DispatcherQueue1-Minutely stats:
ItemsInQueue : Min 0, Max 1154, Avg 535
TimeInQueue : Min 00:00:00.0009914, Max 00:00:10.0950009, Avg 00:00:04.4100000
TimeToProcess : Min 00:00:00.0007887, Max 00:00:03.3301639, Avg 00:00:00.0150000
AvgEnqueueRate : 21.03/s
AvgDequeueRate : 21.03/s
TotalDropped : 0
TotalEnqueued : 1262
TotalDequeued : 1262
2017-05-31 22:29:05,152 [37] [DEBUG] |dWL9Psk3naYm4p1QkMA+Oe1mCw4=| -Minutely stats:
ItemsInQueue : Min , Max , Avg 
TimeInQueue : Min , Max , Avg 
TimeToProcess : Min , Max , Avg 
AvgEnqueueRate : 0.00/s
AvgDequeueRate : 0.00/s
TotalDropped : 0
TotalEnqueued : 0
TotalDequeued : 0
2017-05-31 22:33:19,985 [143] [DEBUG] |tzK6hqUX1CU65Cv/oYe9oM5MSlU=| DispatcherQueue3-Minutely stats:
ItemsInQueue : Min 0, Max 688, Avg 216
TimeInQueue : Min 00:00:00, Max 00:00:06.0229995, Avg 00:00:01.8740000
TimeToProcess : Min 00:00:00.0005076, Max 00:00:00.0767704, Avg 00:00:00.0060000
AvgEnqueueRate : 3.77/s
AvgDequeueRate : 3.77/s
TotalDropped : 0
TotalEnqueued : 1188
TotalDequeued : 1188
2017-05-31 22:33:19,987 [143] [DEBUG] |/kjvRmEAYJ/2yaMDHJS+QzWkxJM=| -Minutely stats:
ItemsInQueue : Min , Max , Avg 
TimeInQueue : Min , Max , Avg 
TimeToProcess : Min , Max , Avg 
AvgEnqueueRate : 0.00/s
AvgDequeueRate : 0.00/s
TotalDropped : 0
TotalEnqueued : 0
TotalDequeued : 0
2017-05-31 22:33:19,988 [143] [DEBUG] |ekOu5ezWrR7gKm4B0UBQcOuxJvs=| DispatcherQueue2-Minutely stats:
ItemsInQueue : Min 0, Max 811, Avg 297
TimeInQueue : Min 00:00:00, Max 00:00:06.7739991, Avg 00:00:02.5870000
TimeToProcess : Min 00:00:00.0005545, Max 00:00:00.0387382, Avg 00:00:00.0070000
AvgEnqueueRate : 3.64/s
AvgDequeueRate : 3.64/s
TotalDropped : 0
TotalEnqueued : 1145
TotalDequeued : 1145
2017-05-31 22:33:19,988 [143] [DEBUG] |Pa7qDDYGCD/NuBiowy0udi807xE=| -Minutely stats:
ItemsInQueue : Min , Max , Avg 
TimeInQueue : Min , Max , Avg 
TimeToProcess : Min , Max , Avg 
AvgEnqueueRate : 0.00/s
AvgDequeueRate : 0.00/s
TotalDropped : 0
TotalEnqueued : 0
TotalDequeued : 0
2017-05-31 22:36:12,989 [248] [DEBUG] |4Bpk/cE2pNKHPPO1nOkR16uWYog=| -Minutely stats:
ItemsInQueue : Min , Max , Avg 
TimeInQueue : Min , Max , Avg 
TimeToProcess : Min , Max , Avg 
AvgEnqueueRate : 0.00/s
AvgDequeueRate : 0.00/s
TotalDropped : 0
TotalEnqueued : 0
TotalDequeued : 0
2017-05-31 22:36:12,991 [248] [DEBUG] |HHs5qqzIz95tjWUZm+RI4v5DnjU=| DispatcherQueue3-Minutely stats:
ItemsInQueue : Min 0, Max 11, Avg 0
TimeInQueue : Min 00:00:00.0009355, Max 00:00:00.0360007, Avg 00:00:00.0050000
TimeToProcess : Min 00:00:00.0005492, Max 00:00:00.0229509, Avg 00:00:00.0020000
AvgEnqueueRate : 1.08/s
AvgDequeueRate : 1.08/s
TotalDropped : 0
TotalEnqueued : 186
TotalDequeued : 186
2017-05-31 22:36:12,991 [248] [DEBUG] |eTAxyt62SADMNJ6yKiiITq7P1JY=| -Minutely stats:
ItemsInQueue : Min , Max , Avg 
TimeInQueue : Min , Max , Avg 
TimeToProcess : Min , Max , Avg 
AvgEnqueueRate : 0.00/s
AvgDequeueRate : 0.00/s
TotalDropped : 0
TotalEnqueued : 0
TotalDequeued : 0
2017-05-31 22:36:12,991 [248] [DEBUG] |3QRcYEMSXzZ5MFNWmO0z8DT/D9E=| DispatcherQueue2-Minutely stats:
ItemsInQueue : Min 0, Max 12, Avg 1
TimeInQueue : Min 00:00:00.0009159, Max 00:00:00.0520352, Avg 00:00:00.0050000
TimeToProcess : Min 00:00:00.0006836, Max 00:00:00.0221901, Avg 00:00:00.0020000
AvgEnqueueRate : 1.06/s
AvgDequeueRate : 1.06/s
TotalDropped : 0
TotalEnqueued : 184
TotalDequeued : 184
2017-05-31 22:36:12,991 [248] [DEBUG] |nAypg0dHwEWORPkuH33i+B/MyWo=| -Minutely stats:
ItemsInQueue : Min , Max , Avg 
TimeInQueue : Min , Max , Avg 
TimeToProcess : Min , Max , Avg 
AvgEnqueueRate : 0.00/s
AvgDequeueRate : 0.00/s
TotalDropped : 0
TotalEnqueued : 0
TotalDequeued : 0
2017-05-31 22:36:12,991 [248] [DEBUG] |WtiRYm9gjQUdK5/ZS9MokeNdBkk=| DispatcherQueue1-Minutely stats:
ItemsInQueue : Min 0, Max 10, Avg 0
TimeInQueue : Min 00:00:00, Max 00:00:15.1528990, Avg 00:00:00.3440000
TimeToProcess : Min 00:00:00.0004677, Max 00:00:15.1529135, Avg 00:00:00.2440000
AvgEnqueueRate : 1.16/s
AvgDequeueRate : 1.16/s
TotalDropped : 0
TotalEnqueued : 498
TotalDequeued : 498
2017-05-31 22:39:06,352 [47] [DEBUG] |aQUfPtxV7Qd5UMg8gwuenReNbtA=| DispatcherQueue1-Minutely stats:
ItemsInQueue : Min 0, Max 890, Avg 416
TimeInQueue : Min 00:00:00.0009891, Max 00:00:11.3000046, Avg 00:00:04.5660000
TimeToProcess : Min 00:00:00.0006955, Max 00:00:00.0527291, Avg 00:00:00.0120000
AvgEnqueueRate : 16.20/s
AvgDequeueRate : 16.20/s
TotalDropped : 0
TotalEnqueued : 972
TotalDequeued : 972
2017-05-31 22:39:06,377 [43] [DEBUG] |zJBbdLeE8VslacL5+aXd4ERhu1o=| -Minutely stats:
ItemsInQueue : Min , Max , Avg 
TimeInQueue : Min , Max , Avg 
TimeToProcess : Min , Max , Avg 
AvgEnqueueRate : 0.00/s
AvgDequeueRate : 0.00/s
TotalDropped : 0
TotalEnqueued : 0
TotalDequeued : 0
2017-05-31 22:40:06,452 [54] [DEBUG] |ClJyrtqraqys6vsGl73AtmW8xVY=| -Minutely stats:
ItemsInQueue : Min , Max , Avg 
TimeInQueue : Min , Max , Avg 
TimeToProcess : Min , Max , Avg 
AvgEnqueueRate : 0.00/s
AvgDequeueRate : 0.00/s
TotalDropped : 0
TotalEnqueued : 0
TotalDequeued : 0
2017-05-31 22:42:56,024 [39] [DEBUG] |meOfZ41+M7RwAgk5eaSciFi8c9Y=| -Minutely stats:
ItemsInQueue : Min , Max , Avg 
TimeInQueue : Min , Max , Avg 
TimeToProcess : Min , Max , Avg 
AvgEnqueueRate : 0.00/s
AvgDequeueRate : 0.00/s
TotalDropped : 0
TotalEnqueued : 0
TotalDequeued : 0
2017-05-31 22:42:56,024 [39] [DEBUG] |BEH8OYKr3LDQVy+yM+hWZygym/s=| DispatcherQueue2-Minutely stats:
ItemsInQueue : Min 0, Max 1085, Avg 372
TimeInQueue : Min 00:00:00.0009576, Max 00:00:13.5300062, Avg 00:00:04.4040000
TimeToProcess : Min 00:00:00.0005410, Max 00:00:00.0595980, Avg 00:00:00.0090000
AvgEnqueueRate : 5.73/s
AvgDequeueRate : 5.73/s
TotalDropped : 0
TotalEnqueued : 1659
TotalDequeued : 1659
2017-05-31 22:42:56,024 [39] [DEBUG] |eDPPsTcn4SmeVaGxiOum3tAm70Y=| -Minutely stats:
ItemsInQueue : Min , Max , Avg 
TimeInQueue : Min , Max , Avg 
TimeToProcess : Min , Max , Avg 
AvgEnqueueRate : 0.00/s
AvgDequeueRate : 0.00/s
TotalDropped : 0
TotalEnqueued : 0
TotalDequeued : 0
2017-05-31 22:42:56,025 [39] [DEBUG] |Mjyi3qRCrGBcvqBAKaxAjrUu1u4=| DispatcherQueue3-Minutely stats:
ItemsInQueue : Min 0, Max 857, Avg 290
TimeInQueue : Min 00:00:00.0009473, Max 00:00:10.7819852, Avg 00:00:03.1610000
TimeToProcess : Min 00:00:00.0008816, Max 00:00:00.0557377, Avg 00:00:00.0100000
AvgEnqueueRate : 4.76/s
AvgDequeueRate : 4.76/s
TotalDropped : 0
TotalEnqueued : 1380
TotalDequeued : 1380
2017-05-31 22:45:42,856 [300] [DEBUG] |BeFlkpJ1nbnLz0J7ljYMQTPpsz8=| DispatcherQueue3-Minutely stats:
ItemsInQueue : Min 0, Max 3, Avg 0
TimeInQueue : Min 00:00:00.0009594, Max 00:00:00.0409687, Avg 00:00:00.0040000
TimeToProcess : Min 00:00:00.0006601, Max 00:00:00.0314660, Avg 00:00:00.0030000
AvgEnqueueRate : 1.40/s
AvgDequeueRate : 1.40/s
TotalDropped : 0
TotalEnqueued : 234
TotalDequeued : 234
2017-05-31 22:45:42,856 [300] [DEBUG] |a4jZJAHIF9MIF5Oq6ICXTAGXdfs=| -Minutely stats:
ItemsInQueue : Min , Max , Avg 
TimeInQueue : Min , Max , Avg 
TimeToProcess : Min , Max , Avg 
AvgEnqueueRate : 0.00/s
AvgDequeueRate : 0.00/s
TotalDropped : 0
TotalEnqueued : 0
TotalDequeued : 0
2017-05-31 22:45:42,856 [300] [DEBUG] |uLTq98hIKJTP2BXUgJa2RSCiFHQ=| DispatcherQueue2-Minutely stats:
ItemsInQueue : Min 0, Max 7, Avg 0
TimeInQueue : Min 00:00:00.0009566, Max 00:00:00.0369656, Avg 00:00:00.0040000
TimeToProcess : Min 00:00:00.0008774, Max 00:00:00.0306906, Avg 00:00:00.0030000
AvgEnqueueRate : 1.56/s
AvgDequeueRate : 1.56/s
TotalDropped : 0
TotalEnqueued : 261
TotalDequeued : 261
2017-05-31 22:45:42,857 [300] [DEBUG] |ksF4sitgthtJwqCJzRZ7zKxA5os=| -Minutely stats:
ItemsInQueue : Min , Max , Avg 
TimeInQueue : Min , Max , Avg 
TimeToProcess : Min , Max , Avg 
AvgEnqueueRate : 0.00/s
AvgDequeueRate : 0.00/s
TotalDropped : 0
TotalEnqueued : 0
TotalDequeued : 0
2017-05-31 22:45:42,857 [300] [DEBUG] |vbidQdUYh1gqARbclLinocYjbVo=| DispatcherQueue1-Minutely stats:
ItemsInQueue : Min 0, Max 12, Avg 0
TimeInQueue : Min 00:00:00.0008432, Max 00:00:00.0629996, Avg 00:00:00.0060000
TimeToProcess : Min 00:00:00.0005014, Max 00:00:00.0496567, Avg 00:00:00.0030000
AvgEnqueueRate : 1.29/s
AvgDequeueRate : 1.29/s
TotalDropped : 0
TotalEnqueued : 513
TotalDequeued : 513
2017-05-31 22:48:15,343 [352] [DEBUG] |MExQ08HXSh4JbTrKQy9Z/PQTdCc=| -Minutely stats:
ItemsInQueue : Min , Max , Avg 
TimeInQueue : Min , Max , Avg 
TimeToProcess : Min , Max , Avg 
AvgEnqueueRate : 0.00/s
AvgDequeueRate : 0.00/s
TotalDropped : 0
TotalEnqueued : 0
TotalDequeued : 0
2017-05-31 22:48:15,346 [352] [DEBUG] |Ivm1hscMOohc162/TDYnjF9WmlI=| DispatcherQueue3-Minutely stats:
ItemsInQueue : Min 0, Max 3, Avg 0
TimeInQueue : Min 00:00:00.0009266, Max 00:00:00.0309958, Avg 00:00:00.0030000
TimeToProcess : Min 00:00:00.0005627, Max 00:00:00.0305518, Avg 00:00:00.0030000
AvgEnqueueRate : 1.41/s
AvgDequeueRate : 1.41/s
TotalDropped : 0
TotalEnqueued : 215
TotalDequeued : 215
2017-05-31 22:48:15,346 [352] [DEBUG] |nZA/79ncFDKv+Gz7MYn8TZJ7HVE=| -Minutely stats:
ItemsInQueue : Min , Max , Avg 
TimeInQueue : Min , Max , Avg 
TimeToProcess : Min , Max , Avg 
AvgEnqueueRate : 0.00/s
AvgDequeueRate : 0.00/s
TotalDropped : 0
TotalEnqueued : 0
TotalDequeued : 0
2017-05-31 22:48:15,346 [352] [DEBUG] |CTgM0BEb1wt/0XukF5N7Tjx2zQQ=| DispatcherQueue2-Minutely stats:
ItemsInQueue : Min 0, Max 2, Avg 0
TimeInQueue : Min 00:00:00.0009356, Max 00:00:00.0340040, Avg 00:00:00.0030000
TimeToProcess : Min 00:00:00.0006764, Max 00:00:00.0334182, Avg 00:00:00.0030000
AvgEnqueueRate : 1.34/s
AvgDequeueRate : 1.34/s
TotalDropped : 0
TotalEnqueued : 205
TotalDequeued : 205
2017-05-31 22:48:15,346 [352] [DEBUG] |AI3SZk2MhDre8sE1j2Pee0aVEz0=| -Minutely stats:
ItemsInQueue : Min , Max , Avg 
TimeInQueue : Min , Max , Avg 
TimeToProcess : Min , Max , Avg 
AvgEnqueueRate : 0.00/s
AvgDequeueRate : 0.00/s
TotalDropped : 0
TotalEnqueued : 0
TotalDequeued : 0
2017-05-31 22:48:15,347 [352] [DEBUG] |qiz78td6pb/0+RA2cgk6ynxruVM=| DispatcherQueue1-Minutely stats:
ItemsInQueue : Min 0, Max 2, Avg 0
TimeInQueue : Min 00:00:00.0009632, Max 00:00:00.0340010, Avg 00:00:00.0030000
TimeToProcess : Min 00:00:00.0005216, Max 00:00:00.0340557, Avg 00:00:00.0020000
AvgEnqueueRate : 1.04/s
AvgDequeueRate : 1.04/s
TotalDropped : 0
TotalEnqueued : 159
TotalDequeued : 159
