2017-05-23 16:38:02,156 [1] [INFO] Reloading SdkLogger configuration
2017-05-23 16:38:02,210 [1] [INFO] |aglXyo8QHoGwMhnTMvY6KxPtswg=| Changed thread pool size from 2047 to 512
2017-05-23 16:38:02,212 [1] [INFO] |uG0UhbdVE/uRtJsby3ikmB85Xcc=| Initializing SDK version 2.4.5.0
2017-05-23 16:38:02,726 [1] [DEBUG] |ZQlJHZ8fz3VONzGeigp3YTWY7l4=| Registering ISdkConfiguration
2017-05-23 16:38:02,814 [1] [DEBUG] |uwlezBVG3WGOzQ/rA4SsurE5fv0=| Registering SdkLogger
2017-05-23 16:38:02,817 [1] [DEBUG] |exEEYWPN0Gz7J7ivYp1E3rc/m2A=| Registering IProviderFactory
2017-05-23 16:38:02,820 [1] [WARN] |tUvXumP3uXPyoWoSG8VVrWxlJuI=| Caller did not provide dead_letter_queue
2017-05-23 16:38:02,820 [1] [DEBUG] |ITn5eFqcKxKgTZI8N1sFxVf5axE=| Registering IDeadLetterQueue - DummyDeadLetterQueue
2017-05-23 16:38:02,822 [1] [DEBUG] |Rx7sumFlROO1rWcxmngMLbqd51Y=| Registering IPriorityQueue - PriorityQueue
2017-05-23 16:38:02,847 [1] [DEBUG] |aJLZHaqxLxrQ7J766ebl5uoj4yM=| Registering ILimitedPriorityQueue - LimitedPriorityQueue
2017-05-23 16:38:02,880 [1] [INFO] |tc+Z0eLBOsGLbVi0S2aDmnO3zIw=| Limited prio queue  initialized with: low 500, high 9000, capacity 10000
2017-05-23 16:38:02,891 [1] [INFO] |HG0uEjFpebUeRTGbpKkqJM7p+t4=| Limited prio queue  initialized with: low 500, high 9000, capacity 10000
2017-05-23 16:38:02,891 [1] [INFO] |b6Hxhdmex8M1jiJhuAfJjLaZN0o=| Limited prio queue  initialized with: low 500, high 9000, capacity 10000
2017-05-23 16:38:02,891 [1] [INFO] |LOfLeqxL6hYsMQrg5CHq/EYNFGU=| Limited prio queue  initialized with: low 500, high 9000, capacity 10000
2017-05-23 16:38:02,891 [1] [INFO] |uU+rUjZhPG+MbP3aEbAVEPLHQUg=| Limited prio queue  initialized with: low 500, high 9000, capacity 10000
2017-05-23 16:38:02,892 [1] [INFO] |mjv7AMdUuW+Kcs4jIfQPffDx+Rs=| Limited prio queue  initialized with: low 500, high 9000, capacity 10000
2017-05-23 16:38:02,892 [1] [DEBUG] |ogLpxJWfcFVyyXOBuIAQv7Jys0w=| Registering IMessageDispatcher - MessageDispatcher
2017-05-23 16:38:02,903 [1] [DEBUG] |PFPlLHblMflG4tWwQE/i2gPbswk=| Checking components dependencies
2017-05-23 16:38:02,929 [1] [INFO] |02vEOyynk7/PFwVP8RpdabgeUTE=| Reloading SdkLogger configuration
2017-05-23 16:38:03,018 [1] [DEBUG] |wo0ID8oON7MJDUZp/4VFOKvMhws=| Registering ILiveOddsTypeProvider_LiveOdds
2017-05-23 16:38:03,022 [1] [DEBUG] |TiIkNDd96Zw+I9uzp0QmoRhXsac=| Registering ITimeKeeper_LiveOdds
2017-05-23 16:38:03,025 [1] [DEBUG] |TGaM37RZQ5cPMQfICNYJAYJu3PA=| Registering LiveOddsEntityFactory_LiveOdds
2017-05-23 16:38:03,028 [1] [DEBUG] |HU4nlhOB8/TMD0ZmGxpVDBbtVeg=| Registering ILiveOddsFeedMonitor_LiveOdds
2017-05-23 16:38:03,029 [1] [DEBUG] |Dyv8hS37sMDFppvOgU83rufMjZU=| Registering ILiveOddsRequestProducer_LiveOdds
2017-05-23 16:38:03,032 [1] [DEBUG] |9tlg0pqnHGI274njRI3ThgeVmTA=| Registering IFeedDispatcher_LiveOdds
2017-05-23 16:38:03,034 [1] [DEBUG] |hgWIZNpQnjyjxk5iiHFnN2A8vMw=| Registering IFeedRecoveryDispatcher_LiveOdds
2017-05-23 16:38:03,036 [1] [DEBUG] |ZIL529fHRTekbzwbjtk7bm16VxI=| Registering LiveOddsFeedDispatcher_LiveOdds
2017-05-23 16:38:03,037 [1] [DEBUG] |ZxzEVdKx15/swy0mJ6fiP23Pwog=| Registering IErrorManager_LiveOdds
2017-05-23 16:38:03,050 [1] [DEBUG] |OP3VF3eDLqZdR7/sPtXRts3Phx8=| Registering UserRequestManager_LiveOdds
2017-05-23 16:38:03,054 [1] [DEBUG] |9dghG9ZHHY4O8GJPb5zb7kEglGA=| Registering ILiveOdds_LiveOdds
2017-05-23 16:38:03,059 [1] [INFO] |c9+l0TO+UweHB2adydEvdlEZl2M=| Creating RateGate DispatchLimiter, 2147483647 occurrences per 00:00:01
2017-05-23 16:38:03,062 [1] [DEBUG] |pZwagTTecKYyOMX5TeFwfagQJas=| Registering ILcoo
2017-05-23 16:38:03,064 [1] [DEBUG] |TKSsmNnLGeVnv1OZPHvGoCSwV9w=| Registering ISdkLogger_Lcoo
2017-05-23 16:38:03,079 [1] [INFO] |BNNPI00A+GpB5gH/u2yYPgiX2kU=| Reloading SdkLogger configuration
2017-05-23 16:38:03,140 [1] [DEBUG] |5atiHt6g2KbltEMmkZwKaHxzQ1c=| Registering ILcooDataParser_Lcoo
2017-05-23 16:38:03,148 [1] [DEBUG] |UGnDSTeS9MKGYpfWfyoM2W8qR84=| Registering IQueueFetcher_Lcoo
2017-05-23 16:38:03,150 [1] [DEBUG] |8emt5to5bGBt60oLW1xuIUbP2qk=| Registering IIntervalFetcher_Lcoo
2017-05-23 16:38:03,602 [1] [DEBUG] |QUg0DKEcmEBW5volmbu59XZ1Mtc=| Registering ILcooEntityFactory_Lcoo
2017-05-23 16:38:03,606 [1] [DEBUG] |UPya2IxEg1vzyBDjNF35DOudgFs=| Registering ILcooFeedDispatcher_Lcoo
2017-05-23 16:38:03,607 [1] [DEBUG] |lCgOf4KfNJEf/gG4GwaRdtcYsys=| Registering ILcooProtocolProvider_Lcoo
2017-05-23 16:38:03,609 [1] [DEBUG] |h6e9q1UHrnoXo7hDu0zoVhVK1nU=| Registering ILcoo_Lcoo
2017-05-23 16:38:03,611 [1] [DEBUG] |3/DrwwStSriyha6hC4pbRoh9MI8=| Registering all IConnectionProviders
2017-05-23 16:38:03,614 [1] [INFO] |TgsRAIY9il3LYnaAwpMe+lztGKg=| Starting SDK version 2.4.5.0
2017-05-23 16:38:03,616 [1] [INFO] |zwYiS0G56CJXBCN9oyNGzx21TYI=| Starting MessageDispatcher
2017-05-23 16:38:03,638 [1] [INFO] |4sqbyAIZZwT3exQarSblxyLmbOI=| Starting SDK version 2.4.5.0
2017-05-23 16:38:03,640 [1] [INFO] |E12B4S0TKkp5sSIhGWvT8fbo/fw=| Starting TcpConnectionProvider
2017-05-23 16:38:03,642 [1] [INFO] |HBKm0qXZ+zbPz+YJFIZlEAcSjNk=| Starting LiveOddsTypeProvider
2017-05-23 16:38:03,649 [IOLoop-LIVEODDS] [INFO] |z20in5y4yYS0Vk+WtAqRdhB89hU=| Establishing SSL TCP connection with liveplex.betradar.com port 1961
2017-05-23 16:38:04,484 [IOLoop-LIVEODDS] [INFO] |SRPgbcp3+3Zo9DLYqmIk7MFftbo=| Server reported version '2017.1'
2017-05-23 16:38:04,485 [1] [INFO] |ySU96FYPQcD0zzqZ+emPFDbJDAc=| LiveOddsTypeProvider in progress
2017-05-23 16:38:04,486 [3] [INFO] |RhIN6VkDR37Q4TYzmetA8u0mO8E=| Reloading bet type translations
2017-05-23 16:38:04,487 [3] [INFO] |XxCDiR+zesVR5F3c01eDnbll31I=| Creating GetTranslation request
2017-05-23 16:38:04,488 [IOLoop-LIVEODDS] [DEBUG] |LTSzY/oIMKryYAA8CZh31ACcAcQ=| TimeKeeper.NewTime: 23.05.2017 13:35:05.634
2017-05-23 16:38:04,488 [IOLoop-LIVEODDS] [DEBUG] |OkxNNtDmHSIvA3ENf5NuKBtlcpQ=| TimeKeeper.NewTime response: TimeKeeperResponse 1, -00:02:58.8547292, False
2017-05-23 16:38:05,422 [IOLoop-LIVEODDS] [INFO] |uYO1ETU13zCj3KSvWjxnucuOFK8=| Number of bet type translations received: 810
2017-05-23 16:38:06,450 [IOLoop-LIVEODDS] [DEBUG] |vm/zGyqhM5PswG3SWrUB1cEESV0=| TimeKeeper.NewTime: 23.05.2017 13:35:07.854
2017-05-23 16:38:06,450 [IOLoop-LIVEODDS] [DEBUG] |HYGfVwNQheOQyBYtZZFQWPGHK8E=| TimeKeeper.NewTime response: TimeKeeperResponse 2, 00:00:00.2579346, False
2017-05-23 16:38:06,452 [IOLoop-LIVEODDS] [INFO] |0m3BKfdmK4twT9vW4vAvMSrZIV8=| Binding event 0 to dispatcher 1
2017-05-23 16:38:06,455 [Dispatcher1] [DEBUG] |i5gcxJ+TC1JxgJkD7jIS6zZ0F8g=| Dispatching Alive->id:[null] to client handler
2017-05-23 16:38:06,464 [Dispatcher1] [DEBUG] |fg2P622B1PuVQFJE99Z8fvWMkwY=| Alive->id:[null] successfully processed by client handler
2017-05-23 16:38:12,033 [IOLoop-LIVEODDS] [DEBUG] |f88Nc/WY3tW3tZrm7e+1mF5WwKs=| TimeKeeper.NewTime: 23.05.2017 13:35:12.975
2017-05-23 16:38:12,034 [IOLoop-LIVEODDS] [DEBUG] |ylj1PFwxjj3FwCMDcp5rWjr3/U4=| TimeKeeper.NewTime response: TimeKeeperResponse 3, -00:00:00.3339667, False
2017-05-23 16:38:12,034 [Dispatcher1] [DEBUG] |c/iEZ6WLeAUQHH4Zl+05DjxeWAQ=| Dispatching MetaInfo->id:[null] to client handler
2017-05-23 16:38:16,437 [IOLoop-LIVEODDS] [DEBUG] |yk9Z2PbycYEpzHKPhREK+lSSPMc=| TimeKeeper.NewTime: 23.05.2017 13:35:17.854
2017-05-23 16:38:16,438 [IOLoop-LIVEODDS] [DEBUG] |qK9az5hH2SlXZDFSKHreCDjYavI=| TimeKeeper.NewTime response: TimeKeeperResponse 4, 00:00:00.2523433, False
2017-05-23 16:38:16,674 [4] [WARN] |Kle0rbAZ5wYO5Ozz4CSye9+U6GY=| Message dispatcher health status turned RED
2017-05-23 16:38:20,319 [Dispatcher1] [DEBUG] |cj+h139at3rjHryrtou1GQqomVo=| MetaInfo->id:[null] successfully processed by client handler
2017-05-23 16:38:20,319 [Dispatcher1] [DEBUG] |vcbEtLMSvuxuaRIDaEtcHDKl7Tc=| Dispatching Alive->id:[null] to client handler
2017-05-23 16:38:20,320 [Dispatcher1] [DEBUG] |Uxu4qorLg3yppehxERW8BkKYJa0=| Alive->id:[null] successfully processed by client handler
2017-05-23 16:38:20,689 [13] [WARN] |68JjHyTFAgX5uRGnmSOFCMOzHsI=| Message dispatcher health status is back to NORMAL
2017-05-23 16:38:21,184 [4] [WARN] |sJVD2R95xpjDFQR08Wp8pajfJ4M=| Lcoo data fetching returned no data. Wrong credentials or too short interval?
2017-05-23 16:38:21,184 [4] [INFO] |h2K+AdIOd4XyT2zWvUMoojvVWKM=| Initial fechting done, setting fetch interval to 00:00:30
2017-05-23 16:38:26,437 [IOLoop-LIVEODDS] [DEBUG] |DmJD9uhKqvYGD6bxb3H8LUpkt8E=| TimeKeeper.NewTime: 23.05.2017 13:35:27.854
2017-05-23 16:38:26,438 [IOLoop-LIVEODDS] [DEBUG] |Z7DWOJR9NT0bDOE0eli3B++higc=| TimeKeeper.NewTime response: TimeKeeperResponse 5, 00:00:00.1892329, False
2017-05-23 16:38:26,438 [Dispatcher1] [DEBUG] |oHWz7JdWvgFyDFeeVXlouTZtpfk=| Dispatching Alive->id:[null] to client handler
2017-05-23 16:38:26,440 [Dispatcher1] [DEBUG] |2OGsFsU4GdJQDlq7NYRrpc9wFmY=| Alive->id:[null] successfully processed by client handler
