2017-06-04 00:01:14,478 [Dispatcher1] [DEBUG] |HailZCn5V1IEjKTjx74GpoCwz6I=| OddsChange->id:10943596 successfully processed by client handler
2017-06-04 00:01:14,506 [Dispatcher3] [DEBUG] |DiXFrCdaM8DRbZ2FZX/B4x+9QXA=| OddsChange->id:10943590 successfully processed by client handler
2017-06-04 00:01:14,506 [Dispatcher2] [DEBUG] |WJ+KowZ2+X3OPOa8d/yRcjs/ga8=| OddsChange->id:10943586 successfully processed by client handler
2017-06-04 00:01:14,506 [IOLoop-LIVEODDS] [DEBUG] |/i2rqkR6r3Cu7DXZ7o3il+zzFDc=| TimeKeeper.NewTime: 03.06.2017 20:47:35.717
2017-06-04 00:01:14,506 [IOLoop-LIVEODDS] [DEBUG] |TiAaWQyDHUBSD+rXJu4/8YLTwHs=| TimeKeeper.NewTime response: TimeKeeperResponse 10, -00:07:28.3712101, False
2017-06-04 00:01:14,506 [Dispatcher1] [DEBUG] |uLpQava3HHOb1npWRUiOFRUPpQI=| Dispatching OddsChange->id:10943596 to client handler
2017-06-04 00:01:14,506 [Dispatcher1] [DEBUG] |hNHWAoksfucEc9ycI9H3Upqo8WA=| OddsChange->id:10943596 successfully processed by client handler
2017-06-04 00:01:14,506 [IOLoop-LIVEODDS] [INFO] |3xUe+7KvZAW6+g9ixKfZx2pBmdM=| ErrorManager Stashed entity for EVENT_11571917 msgnr 310
2017-06-04 00:01:14,522 [IOLoop-LIVEODDS] [DEBUG] |qZNgIQThuG61ebN1OJC8uLoWAu8=| TimeKeeper.NewTime: 03.06.2017 20:47:36.243
2017-06-04 00:01:14,522 [IOLoop-LIVEODDS] [DEBUG] |cYFzmDHowqdM8TW2ziggjIxpRjk=| TimeKeeper.NewTime response: TimeKeeperResponse 10, -00:06:30.3204988, False
2017-06-04 00:01:14,522 [Dispatcher1] [DEBUG] |dyUMFQtFmaHUGWT78Src8bka+1o=| Dispatching OddsChange->id:10943596 to client handler
2017-06-04 00:01:14,522 [Dispatcher1] [DEBUG] |BtFLe9GKlsxf6I5IZsGTqSB2Ggk=| OddsChange->id:10943596 successfully processed by client handler
2017-06-04 00:01:14,522 [IOLoop-LIVEODDS] [DEBUG] |538rY6AvnK0duDTbw+pHMODRS7s=| TimeKeeper.NewTime: 03.06.2017 20:47:36.773
2017-06-04 00:01:14,522 [IOLoop-LIVEODDS] [DEBUG] |tJl3N8NNCL4IxGAWTmZ8tw7LpwU=| TimeKeeper.NewTime response: TimeKeeperResponse 10, -00:05:32.3692175, False
2017-06-04 00:01:14,522 [Dispatcher3] [DEBUG] |4TeVgMmGY/OQ0smgJm3cJF8M0aY=| Dispatching OddsChange->id:11653213 to client handler
2017-06-04 00:01:14,522 [Dispatcher3] [DEBUG] |UXQnsiX3GORbKC2IN+1YRpWawSM=| OddsChange->id:11653213 successfully processed by client handler
2017-06-04 00:01:14,538 [IOLoop-LIVEODDS] [INFO] |YJOwRxZ2AJ36sS2aJk/zfidbxZ4=| LIVEODDS feed disconnected
2017-06-04 00:01:14,538 [IOLoop-LIVEODDS] [INFO] |o5hanyBwnRxhtDwk9DSryN79Iuc=| Reconnecting in 00:00:12.1597061
2017-06-04 00:03:08,837 [IOLoop-LIVEODDS] [INFO] |cCdYz/M4REabfBQ7wSOfDTrQNFg=| Establishing SSL TCP connection with liveplex.betradar.com port 1961
2017-06-04 00:03:57,595 [IOLoop-LIVEODDS] [INFO] |1VVmwqyclw29fmCH7HpeCI5/GCg=| Reconnecting in 00:00:14.0666104
2017-06-04 01:56:49,303 [10] [INFO] Reloading SdkLogger configuration
2017-06-04 01:56:49,334 [10] [DEBUG] |9Xcq2D1vTnZ0dmO9ZYuheFIdzDk=| Will delete outdated log file X:\ecoPayz\Live-Solution\Betradar\Betradar\bin\Debug\logs\Common\Config\Config-2017-05-27.log
2017-06-04 01:56:49,340 [10] [DEBUG] |KKEnGqEqYvmxT8phd1PDKqGGpI0=| Will delete outdated log file X:\ecoPayz\Live-Solution\Betradar\Betradar\bin\Debug\logs\Common\Config\Config-2017-05-28.log
2017-06-04 01:56:49,353 [10] [DEBUG] |XnsW1DsjGC+rWEC+vNC00EaVYqY=| Will delete outdated log file X:\ecoPayz\Live-Solution\Betradar\Betradar\bin\Debug\logs\Common\Execution\Execution-2017-05-27.log
2017-06-04 01:56:49,358 [10] [DEBUG] |OywokrdjJY+lKpH4XyBYAxEAB3k=| Will delete outdated log file X:\ecoPayz\Live-Solution\Betradar\Betradar\bin\Debug\logs\Common\Execution\Execution-2017-05-28.log
2017-06-04 01:56:49,374 [10] [DEBUG] |/eeEQ1oTXThRoE94bjlS2iTrEVY=| Will delete outdated log file X:\ecoPayz\Live-Solution\Betradar\Betradar\bin\Debug\logs\Common\Stats\Stats-2017-05-27.log
2017-06-04 01:56:49,379 [10] [DEBUG] |H8UkHn+J82tv2CMIDAhwmyHPGrM=| Will delete outdated log file X:\ecoPayz\Live-Solution\Betradar\Betradar\bin\Debug\logs\Common\Stats\Stats-2017-05-28.log
2017-06-04 01:56:49,394 [10] [DEBUG] |0zsRF35huGv3QALcx98vIC1lz/c=| Will delete outdated log file X:\ecoPayz\Live-Solution\Betradar\Betradar\bin\Debug\logs\LCoO\Alert\Alert-2017-05-27.log
2017-06-04 01:56:49,403 [10] [DEBUG] |vsQIWiPDX7EJLE5+NwUYxVELgfA=| Will delete outdated log file X:\ecoPayz\Live-Solution\Betradar\Betradar\bin\Debug\logs\LCoO\ClientInteraction\ClientInteraction-2017-05-27.log
2017-06-04 01:56:49,408 [10] [DEBUG] |SrJUUOkCH5MnPMuikMqidr/cw1U=| Will delete outdated log file X:\ecoPayz\Live-Solution\Betradar\Betradar\bin\Debug\logs\LCoO\ClientInteraction\ClientInteraction-2017-05-28.log
2017-06-04 01:56:49,422 [10] [DEBUG] |W2H53dMEzSIJ50YO9dzwOsl3QBA=| Will delete outdated log file X:\ecoPayz\Live-Solution\Betradar\Betradar\bin\Debug\logs\LCoO\Traffic\Traffic-2017-05-27.log
2017-06-04 01:56:49,426 [10] [DEBUG] |xnqBBlcqdJoQw1uEGjg9Yp8et80=| Will delete outdated log file X:\ecoPayz\Live-Solution\Betradar\Betradar\bin\Debug\logs\LCoO\Traffic\Traffic-2017-05-28.log
2017-06-04 01:56:49,437 [10] [DEBUG] |zsceAlxhaSfxVNfB+l2pbglXq/g=| Will delete outdated log file X:\ecoPayz\Live-Solution\Betradar\Betradar\bin\Debug\logs\LiveOdds\Alert\Alert-2017-05-28.log
2017-06-04 01:56:49,446 [10] [DEBUG] |8jUboMIF4E5rgyjpeVj7NwQDsss=| Will delete outdated log file X:\ecoPayz\Live-Solution\Betradar\Betradar\bin\Debug\logs\LiveOdds\ClientInteraction\ClientInteraction-2017-05-27.log
2017-06-04 01:56:49,451 [10] [DEBUG] |AYJ9LbYyB1OEE47T4QgJ8m0ml20=| Will delete outdated log file X:\ecoPayz\Live-Solution\Betradar\Betradar\bin\Debug\logs\LiveOdds\ClientInteraction\ClientInteraction-2017-05-28.log
2017-06-04 01:56:49,468 [10] [DEBUG] |+7NIbIddevEsR67Asu3vVuHx5r0=| Will delete outdated log file X:\ecoPayz\Live-Solution\Betradar\Betradar\bin\Debug\logs\LiveOdds\Traffic\Traffic-2017-05-27.log
2017-06-04 01:56:49,473 [10] [DEBUG] |LcDWZ3zeNq/XaV0cE647B3ZOjO8=| Will delete outdated log file X:\ecoPayz\Live-Solution\Betradar\Betradar\bin\Debug\logs\LiveOdds\Traffic\Traffic-2017-05-27.log.1
2017-06-04 01:56:49,478 [10] [DEBUG] |swhPo17HFmE++XrlcYKE91W3NyU=| Will delete outdated log file X:\ecoPayz\Live-Solution\Betradar\Betradar\bin\Debug\logs\LiveOdds\Traffic\Traffic-2017-05-28.log
2017-06-04 01:56:49,483 [10] [DEBUG] |+c4lF9wsqhbcP4V58ACJVBhvZCU=| Will delete outdated log file X:\ecoPayz\Live-Solution\Betradar\Betradar\bin\Debug\logs\LiveOdds\Traffic\Traffic-2017-05-28.log.1
2017-06-04 01:56:49,487 [10] [DEBUG] |grbzF+Qum24XuKmunRprXn1iVoI=| Will delete outdated log file X:\ecoPayz\Live-Solution\Betradar\Betradar\bin\Debug\logs\LiveOdds\Traffic\Traffic-2017-05-28.log.2
2017-06-04 01:56:49,491 [10] [DEBUG] |Q21nSrEcLzWLqKUpvQ5zyh9eYZU=| Will delete outdated log file X:\ecoPayz\Live-Solution\Betradar\Betradar\bin\Debug\logs\LiveOdds\Traffic\Traffic-2017-05-28.log.3
2017-06-04 01:56:49,495 [10] [DEBUG] |wy1mEkBNtiqRNN4IwebDk8Sdyro=| Will delete outdated log file X:\ecoPayz\Live-Solution\Betradar\Betradar\bin\Debug\logs\LiveOdds\Traffic\Traffic-2017-05-28.log.4
2017-06-04 01:56:49,499 [10] [DEBUG] |75GYGAiqXQgs2cxh9zw23GTrf38=| Will delete outdated log file X:\ecoPayz\Live-Solution\Betradar\Betradar\bin\Debug\logs\LiveOdds\Traffic\Traffic-2017-05-28.log.5
2017-06-04 01:56:49,503 [10] [DEBUG] |Sle/+NMpa4Dsdicz84LtiaJvsKw=| Will delete outdated log file X:\ecoPayz\Live-Solution\Betradar\Betradar\bin\Debug\logs\LiveOdds\Traffic\Traffic-2017-05-28.log.6
2017-06-04 01:56:49,507 [10] [DEBUG] |dYdi08cMtqdhuzFXQYaHX4AqcR0=| Will delete outdated log file X:\ecoPayz\Live-Solution\Betradar\Betradar\bin\Debug\logs\LiveOdds\Traffic\Traffic-2017-05-28.log.7
2017-06-04 01:56:49,512 [10] [DEBUG] |kq8EWaXenjQnhBD0CMDT367VIMI=| Will delete outdated log file X:\ecoPayz\Live-Solution\Betradar\Betradar\bin\Debug\logs\LiveOdds\Traffic\Traffic-2017-05-28.log.8
2017-06-04 01:56:49,547 [10] [INFO] |b4QJypU5HOfqCEzeZSPPGC/jekw=| Changed thread pool size from 1023 to 512
2017-06-04 01:56:49,547 [10] [INFO] |4ewMsNfTQyqAPvymqOZyDo0EmxE=| Initializing SDK version 2.6.0.0
2017-06-04 01:56:49,820 [10] [DEBUG] |1yE8Pq98NKmwEpP6K9Uz+bDMCDc=| Registering ISdkConfiguration
2017-06-04 01:56:49,881 [10] [DEBUG] |ste9M3+bFdUeL6POvmR4UM/U3rM=| Registering SdkLogger
2017-06-04 01:56:49,882 [10] [DEBUG] |3/FOJTNhUSZ+LdduR9XnhjzNlc4=| Registering IProviderFactory
2017-06-04 01:56:49,883 [10] [WARN] |1i4O/QHiQoosxgQGi/tKi3ct4ys=| Caller did not provide dead_letter_queue
2017-06-04 01:56:49,883 [10] [DEBUG] |/K+L76CUCUJHwTvFD1uxJX4lDrk=| Registering IDeadLetterQueue - DummyDeadLetterQueue
2017-06-04 01:56:49,884 [10] [DEBUG] |XvOBK6dUm42ykrAHwh1QQKc2AbU=| Registering IPriorityQueue - PriorityQueue
2017-06-04 01:56:49,893 [10] [DEBUG] |iLdpN3rjEOLa1soupWk1vgZw8ms=| Registering ILimitedPriorityQueue - LimitedPriorityQueue
2017-06-04 01:56:49,911 [10] [INFO] |S/LpTe6v7XyIGuhnO4l98EE8pZw=| Limited prio queue  initialized with: low 500, high 9000, capacity 10000
2017-06-04 01:56:49,918 [10] [INFO] |8KSMy+lP/MoQJBn/ELSDBTTxmng=| Limited prio queue  initialized with: low 500, high 9000, capacity 10000
2017-06-04 01:56:49,918 [10] [INFO] |urZeyrfDkQ7soWSACJjnV+2Gjsw=| Limited prio queue  initialized with: low 500, high 9000, capacity 10000
2017-06-04 01:56:49,918 [10] [INFO] |xjS5zpL9NASzVeyp2Ute39CS0Fs=| Limited prio queue  initialized with: low 500, high 9000, capacity 10000
2017-06-04 01:56:49,918 [10] [INFO] |vl4aAyhlBVfN1XISA6nGdIsnZyI=| Limited prio queue  initialized with: low 500, high 9000, capacity 10000
2017-06-04 01:56:49,919 [10] [INFO] |IHG9mNhcFKc/MR5BR5LobLYji5w=| Limited prio queue  initialized with: low 500, high 9000, capacity 10000
2017-06-04 01:56:49,919 [10] [DEBUG] |TOTge0HD9ksxANqEBtFpF8JYj5M=| Registering IMessageDispatcher - MessageDispatcher
2017-06-04 01:56:49,925 [10] [DEBUG] |bAKu/Z0k/68vDcsuKNtdB8vMevw=| Checking components dependencies
2017-06-04 01:56:49,949 [10] [INFO] |+8SDB3iyvtEmZrhXq2WRsP8KBAE=| Reloading SdkLogger configuration
2017-06-04 01:56:50,067 [10] [DEBUG] |x/GoVdObMmCwnFL6r71gtaptA+c=| Registering ILiveOddsTypeProvider_LiveOdds
2017-06-04 01:56:50,069 [10] [DEBUG] |LSSJ9dzXIpnnCoOliHHSy8Z3l4w=| Registering ITimeKeeper_LiveOdds
2017-06-04 01:56:50,070 [10] [DEBUG] |paFnIfazNcb9h3xWb3/W22WqIQE=| Registering LiveOddsEntityFactory_LiveOdds
2017-06-04 01:56:50,072 [10] [DEBUG] |Ep+GiMPj7ZV/yaHg12vR1VZQuB0=| Registering ILiveOddsFeedMonitor_LiveOdds
2017-06-04 01:56:50,073 [10] [DEBUG] |ncPiI0bZ0SF40OpDwo/LP6s66xo=| Registering ILiveOddsRequestProducer_LiveOdds
2017-06-04 01:56:50,074 [10] [DEBUG] |Cud38JX7XQBIPSA12DWlnVfD/DA=| Registering IFeedDispatcher_LiveOdds
2017-06-04 01:56:50,076 [10] [DEBUG] |RkJHJ6XIs0iJFq0hLohoxR64Z9k=| Registering IFeedRecoveryDispatcher_LiveOdds
2017-06-04 01:56:50,077 [10] [DEBUG] |nf8P2BVitKaqyr3x0ubN8JRtvO8=| Registering LiveOddsFeedDispatcher_LiveOdds
2017-06-04 01:56:50,077 [10] [DEBUG] |vsGHhEBHeafqKrUpJNGp6/bmPWk=| Registering IErrorManager_LiveOdds
2017-06-04 01:56:50,085 [10] [DEBUG] |d2UwQTa3+H911R8C7KkIzQshZE4=| Registering UserRequestManager_LiveOdds
2017-06-04 01:56:50,087 [10] [DEBUG] |3w4nh3DFiwAElEos+yAyM87E96g=| Registering ILiveOdds_LiveOdds
2017-06-04 01:56:50,091 [10] [INFO] |RKFdbpXH+Wn+sw0Uba2KtV1PIgA=| Creating RateGate DispatchLimiter, 2147483647 occurrences per 00:00:01
2017-06-04 01:56:50,093 [10] [DEBUG] |aCDT9UljY/TcGk/QqkrsvXL830M=| Registering ILcoo
2017-06-04 01:56:50,094 [10] [DEBUG] |3jQl86+nJWMdreFu0ZPdNbRCY7I=| Registering ISdkLogger_Lcoo
2017-06-04 01:56:50,103 [10] [INFO] |RuHquFHfm2T8uEE+p6ITH2wyj6U=| Reloading SdkLogger configuration
2017-06-04 01:56:50,185 [10] [DEBUG] |M5iStD9XSJcCri9WI9OK448tCUA=| Registering ILcooDataParser_Lcoo
2017-06-04 01:56:50,189 [10] [DEBUG] |xfKCQKexu/Z5j+xTVwBHDJjzy6E=| Registering IQueueFetcher_Lcoo
2017-06-04 01:56:50,190 [10] [DEBUG] |rFFR0wGVnwxePMLKjhhQrg8ImbM=| Registering IIntervalFetcher_Lcoo
2017-06-04 01:56:50,191 [10] [DEBUG] |UTXg54yqCIkmA8agF7agYcRCg68=| Calling Fetching data via url: https://getxml.betradar.com/betradar/getXmlFeed.php?bookmakerName=Klasgaming&key=997024e77805&xmlFeedName=Fixtures&deleteAfterTransfer=yes
2017-06-04 01:56:56,640 [10] [DEBUG] |GgSNAc3J2CU/0YAys2iaKr3GqqU=| Registering ILcooEntityFactory_Lcoo
2017-06-04 01:56:56,640 [10] [DEBUG] |pqVIGhLX7gTSgWqIEBwFxyRjLZw=| Registering ILcooFeedDispatcher_Lcoo
2017-06-04 01:56:56,640 [10] [DEBUG] |oKNUNShkOB+s0GitHJx8zI9VEyY=| Registering ILcooProtocolProvider_Lcoo
2017-06-04 01:56:56,640 [10] [DEBUG] |tk/RUwwO+91qJhvdrPndLioPx9A=| Registering ILcoo_Lcoo
2017-06-04 01:56:56,640 [10] [DEBUG] |MOHsiU9X5VJCYlszS9rr8dzyCt8=| Registering all IConnectionProviders
2017-06-04 01:56:56,640 [10] [INFO] |flIMsbFiy9JBpbPXM/Wc/0JfshM=| Starting SDK version 2.6.0.0
2017-06-04 01:56:56,640 [10] [INFO] |0V3Wtl5VlIrQe91PWjqTn7GElNs=| Starting MessageDispatcher
2017-06-04 01:56:56,703 [10] [INFO] |gchE+9UTRnz0dUBCY6Gm+sM3xxk=| Starting SDK version 2.6.0.0
2017-06-04 01:56:56,703 [10] [INFO] |2XYogoWtoZGAvXzrk7JRV50OnRc=| Starting TcpConnectionProvider
2017-06-04 01:56:56,718 [10] [INFO] |KO0+Iolz8Tu3DIn1KiUn5Yn+7zc=| Starting LiveOddsTypeProvider
2017-06-04 01:56:56,718 [IOLoop-LIVEODDS] [INFO] |SJPH8Mx6p9dEEnOgHKQQq3vxP0c=| Establishing SSL TCP connection with liveplex.betradar.com port 1961
2017-06-04 01:56:58,531 [IOLoop-LIVEODDS] [INFO] |2VTtV1PrhtDB1Cfvhvkyagf+T9I=| Server reported version '2017.1'
2017-06-04 01:56:58,531 [10] [INFO] |F3gG8trkCwd7+edv7ZlfHE/YjIg=| LiveOddsTypeProvider in progress
2017-06-04 01:56:58,546 [IOLoop-LIVEODDS] [DEBUG] |D3bz7QYfyUaxUigP7FInONYloSs=| TimeKeeper.NewTime: 03.06.2017 22:53:39.101
2017-06-04 01:56:58,546 [IOLoop-LIVEODDS] [DEBUG] |ln+cuMdnpC5Zp+qdDeZBphUYC84=| TimeKeeper.NewTime response: TimeKeeperResponse 1, -00:03:19.4457079, False
2017-06-04 01:56:58,546 [6] [INFO] |Q2o3G2sFTyjhrzXdsOwjm7EyTnw=| Reloading bet type translations
2017-06-04 01:56:58,546 [6] [INFO] |cpLtD/d1wfK27OfjtIwW6DdEfVk=| Creating GetTranslation request
