2017-07-17 08:01:21,879 [11] [INFO] |kXePr93A2ZlBXgu0BU5jfn1gYnc=| Schema file .\Schema\lcoo.xsd does not exist, using embedded one
2017-07-17 08:20:32,601 [12] [INFO] |ASd538UVR5LEtv5VjtkKtR7NN7g=| Schema file .\Schema\lcoo.xsd does not exist, using embedded one
2017-07-17 08:28:34,849 [12] [INFO] |auLKDiHIn7yvGzlqf24ikzSUE/o=| Schema file .\Schema\lcoo.xsd does not exist, using embedded one
2017-07-17 08:33:06,055 [12] [INFO] |DL1K1ZQdeTSCusdJbhyCHytelDM=| Schema file .\Schema\lcoo.xsd does not exist, using embedded one
2017-07-17 08:36:43,094 [12] [INFO] |EQ1BR8FlTXX8mf2QMweYxxPYKaE=| Schema file .\Schema\lcoo.xsd does not exist, using embedded one
2017-07-17 09:20:35,545 [11] [INFO] |F2wMZVN/MDr7Zu7FONFWSZzCTCg=| Schema file .\Schema\lcoo.xsd does not exist, using embedded one
2017-07-17 09:27:55,515 [12] [INFO] |0tXjONjysR1RJenVgB2UBZgYvJ8=| Schema file .\Schema\lcoo.xsd does not exist, using embedded one
2017-07-17 10:17:39,241 [12] [INFO] |6vrisr0lik6jeiDWNCNKCO2SkI0=| Schema file .\Schema\lcoo.xsd does not exist, using embedded one
2017-07-17 10:18:16,811 [12] [INFO] |oOWpEWI6LA9jWXzU2Hkl+SH5CKA=| Schema file .\Schema\lcoo.xsd does not exist, using embedded one
2017-07-17 10:22:17,661 [12] [INFO] |Mc4/xdNiG3knndTK6Yn8gz4DUto=| Schema file .\Schema\lcoo.xsd does not exist, using embedded one
2017-07-17 10:32:15,700 [11] [INFO] |aO9HgAi6XCqeE8ZsXI++Z8gnGJE=| Schema file .\Schema\lcoo.xsd does not exist, using embedded one
2017-07-17 12:09:18,754 [12] [INFO] |A5IjOUHVGrM19hIF6WjTc97ixkk=| Schema file .\Schema\lcoo.xsd does not exist, using embedded one
2017-07-17 12:16:32,317 [13] [INFO] |Hc3u79ufqLyc9rQOp32werATyuM=| Schema file .\Schema\lcoo.xsd does not exist, using embedded one
2017-07-17 12:28:20,102 [6] [INFO] |3rmA2wd54y3T+uARhDt2nng9/KU=| Schema file .\Schema\lcoo.xsd does not exist, using embedded one
2017-07-17 12:49:00,135 [13] [INFO] |/gjYvso+W/dxKGT41PyAb/uDNpY=| Schema file .\Schema\lcoo.xsd does not exist, using embedded one
2017-07-17 12:56:08,708 [12] [INFO] |PqMGAXOOZArAs5loZdkC4KHnUKg=| Schema file .\Schema\lcoo.xsd does not exist, using embedded one
2017-07-17 13:13:48,365 [12] [INFO] |4mgM3nLad/bd5NWamQ7BxRoi3/4=| Schema file .\Schema\lcoo.xsd does not exist, using embedded one
2017-07-17 13:48:52,243 [12] [INFO] |bXrXKRIwv+er/Qt5MuWC75gtdFg=| Schema file .\Schema\lcoo.xsd does not exist, using embedded one
2017-07-17 13:53:10,694 [12] [INFO] |bJALTr3LqUuRa8QUS3BtHjipnmI=| Schema file .\Schema\lcoo.xsd does not exist, using embedded one
2017-07-17 14:24:10,714 [13] [INFO] |hHAbjFkXcb6/3GFiObbgqqay3ew=| Schema file .\Schema\lcoo.xsd does not exist, using embedded one
2017-07-17 14:28:06,149 [12] [INFO] |Rzo2qtOYzn4Ou+kFTme6cYPO7MM=| Schema file .\Schema\lcoo.xsd does not exist, using embedded one
2017-07-17 14:46:53,461 [12] [INFO] |M2cN9VsvP987oqM2YeqgKz5uK9Y=| Schema file .\Schema\lcoo.xsd does not exist, using embedded one
2017-07-17 15:02:51,793 [13] [INFO] |wVYCrauNs6ChygcZY6nbII9r6l4=| Schema file .\Schema\lcoo.xsd does not exist, using embedded one
2017-07-17 15:05:17,090 [11] [INFO] |LW8EbsVL/GJpDt/qPQBMnPoOLj8=| Schema file .\Schema\lcoo.xsd does not exist, using embedded one
2017-07-17 15:08:48,206 [13] [INFO] |rqU45IQ1zrBRLhErUAhH4bEOXfc=| Schema file .\Schema\lcoo.xsd does not exist, using embedded one
2017-07-17 15:14:40,339 [12] [INFO] |twKN90DpIY5bkdZi85R2j+v/xtU=| Schema file .\Schema\lcoo.xsd does not exist, using embedded one
2017-07-17 15:17:01,860 [12] [INFO] |y+cvS12UDfOwmGHy4E8U9ZV9QZA=| Schema file .\Schema\lcoo.xsd does not exist, using embedded one
2017-07-17 15:24:23,785 [12] [INFO] |KRQmLGub6T3hSrcdoESi4KHw244=| Schema file .\Schema\lcoo.xsd does not exist, using embedded one
2017-07-17 15:31:28,123 [12] [INFO] |GhBWolN6ULPKswCpiv7fL/+ZDfo=| Schema file .\Schema\lcoo.xsd does not exist, using embedded one
2017-07-17 16:23:04,265 [12] [INFO] |AkdJ6ohX4vswNX2VAS1irHFLFZ4=| Schema file .\Schema\lcoo.xsd does not exist, using embedded one
2017-07-17 16:57:20,069 [12] [INFO] |EagIbKpEwz8GBb3BisO6V+uFaW8=| Schema file .\Schema\lcoo.xsd does not exist, using embedded one
2017-07-17 17:06:29,079 [6] [INFO] |m4HdFy901R54fDsffzFv/tZrMSE=| Schema file .\Schema\lcoo.xsd does not exist, using embedded one
2017-07-17 17:10:31,389 [12] [INFO] |M1AHsEleCi79sgB3Nc6FDwNeP+g=| Schema file .\Schema\lcoo.xsd does not exist, using embedded one
2017-07-17 17:14:32,072 [11] [INFO] |fgRlMqrJVt+fM8ffNTpvpWUsXJk=| Schema file .\Schema\lcoo.xsd does not exist, using embedded one
2017-07-17 17:36:15,076 [12] [INFO] |GaD9tMRSi7Lxkky3DqwO9PJUgmA=| Schema file .\Schema\lcoo.xsd does not exist, using embedded one
