2017-05-31 11:12:47,866 [10] [INFO] |vIIvdCm2Z1oAOEEAv8BJ/46lirw=| Client subscribed to ILcoo.OnMatch
2017-05-31 11:12:47,866 [10] [INFO] |eCt9acVGaBcFt7V+Lp5a0r0SH4I=| Client subscribed to ILcoo.OnOutright
2017-05-31 11:12:47,866 [10] [INFO] |26rBAB/eu0i55bv8hM5vrYCvSBY=| Client subscribed to ILcoo.OnThreeBall
2017-05-31 11:12:49,944 [10] [INFO] |KKHkX4ObEjEHvbAcZBAlslI0EYw=| Start
2017-05-31 11:13:21,100 [Dispatcher2] [INFO] |z1IAdyVHdxsr6gi47ftoNagGD78=| [Elapsed 00:00:00:00.0039466] Lcoo[LCOO].OnMatch 11751053
2017-05-31 11:13:21,116 [Dispatcher3] [INFO] |P9FaFpw5vyYjRtSSseX/wOTBid8=| [Elapsed 00:00:00:00.0040381] Lcoo[LCOO].OnOutright 44163
2017-05-31 11:13:35,584 [Dispatcher1] [INFO] |9zM7WOKE/EWwxD4XgCbIC1xfGmo=| [Elapsed 00:00:00:00.0020847] Lcoo[LCOO].OnMatch 11750127
2017-05-31 11:13:35,584 [Dispatcher2] [INFO] |fjrNH6PXtRa6oGAJC+H4uLkDN1s=| [Elapsed 00:00:00:00.0030765] Lcoo[LCOO].OnMatch 11750253
2017-05-31 11:13:35,584 [Dispatcher3] [INFO] |tYb2NiEuyy0FFtu4ui6m8yOV3LE=| [Elapsed 00:00:00:00.0018312] Lcoo[LCOO].OnOutright 44163
2017-05-31 11:13:50,866 [Dispatcher1] [INFO] |l34YHrPlKFXZn+NIzJ3Dq/bDTGk=| [Elapsed 00:00:00:00.0068989] Lcoo[LCOO].OnMatch 10841066
2017-05-31 11:13:50,881 [Dispatcher3] [INFO] |NP5cEv2sERTFxyhImzvXCQHHfzs=| [Elapsed 00:00:00:00.0214682] Lcoo[LCOO].OnMatch 11613103
2017-05-31 11:13:50,897 [Dispatcher1] [INFO] |OrYm3J17/+ldqyw0KuH+3QcVeU4=| [Elapsed 00:00:00:00.0072068] Lcoo[LCOO].OnMatch 11741257
2017-05-31 11:13:50,897 [Dispatcher3] [INFO] |8D1ZwnJZIcKzZ8+VrvGskaHQDNs=| [Elapsed 00:00:00:00.0013708] Lcoo[LCOO].OnMatch 11741255
2017-05-31 11:13:50,897 [Dispatcher2] [INFO] |Kx/cUDP2Hf4jahd/fgeZmYYuEEU=| [Elapsed 00:00:00:00.0171097] Lcoo[LCOO].OnMatch 11741421
2017-05-31 11:13:50,897 [Dispatcher2] [INFO] |UB59BKOlvnuxLTB7axx/N3pbpwM=| [Elapsed 00:00:00:00.0012304] Lcoo[LCOO].OnMatch 11741267
2017-05-31 11:13:50,897 [Dispatcher3] [INFO] |w9uSSltLXMqllnWn6U0lRg5Ws54=| [Elapsed 00:00:00:00.0033223] Lcoo[LCOO].OnMatch 11741275
2017-05-31 11:14:06,100 [Dispatcher1] [INFO] |dZYBCe/fZq1nWD9tSOPkPK+bkes=| [Elapsed 00:00:00:00.0015409] Lcoo[LCOO].OnMatch 11742299
2017-05-31 11:14:06,100 [Dispatcher2] [INFO] |Rskm5zMs2Zx6P+K/RfpSw7Nc6C0=| [Elapsed 00:00:00:00.0015449] Lcoo[LCOO].OnMatch 10943506
2017-05-31 11:14:06,116 [Dispatcher3] [INFO] |OWhhmeJLpmA3wOzn2vPgKR66IkM=| [Elapsed 00:00:00:00.0170581] Lcoo[LCOO].OnMatch 11613103
2017-05-31 11:14:06,116 [Dispatcher3] [INFO] |jljhX4PmYA6XCWgWIj/p03+hHzk=| [Elapsed 00:00:00:00.0014911] Lcoo[LCOO].OnMatch 11376809
2017-05-31 11:14:06,116 [Dispatcher3] [INFO] |zsYU7uvFIQbQUEcTLHx1OXv3tNQ=| [Elapsed 00:00:00:00.0016659] Lcoo[LCOO].OnMatch 11741253
2017-05-31 11:14:06,116 [Dispatcher3] [INFO] |I2zfYi5bFG+iHJQIwfEDpqkmYw0=| [Elapsed 00:00:00:00.0013411] Lcoo[LCOO].OnMatch 11741275
2017-05-31 11:14:06,131 [Dispatcher2] [INFO] |84H88EOsRIWK/wkhVbmK+JCosro=| [Elapsed 00:00:00:00.0177755] Lcoo[LCOO].OnMatch 11750655
2017-05-31 11:14:06,131 [Dispatcher1] [INFO] |8TwhetO8k2OZ3CvFCUwTYma00a8=| [Elapsed 00:00:00:00.0205962] Lcoo[LCOO].OnMatch 11751043
2017-05-31 11:14:06,131 [Dispatcher2] [INFO] |ccIKoGQihN47XLXtHyn0F7fXOew=| [Elapsed 00:00:00:00.0030140] Lcoo[LCOO].OnMatch 11741267
2017-05-31 11:14:06,131 [Dispatcher1] [INFO] |aev1LxBss3McbXpT3QhVl9r6eto=| [Elapsed 00:00:00:00.0023813] Lcoo[LCOO].OnMatch 11741257
2017-05-31 11:14:06,131 [Dispatcher1] [INFO] |GuJdobQQxCMV2Y3ZwGOC/ylgHDU=| [Elapsed 00:00:00:00.0013970] Lcoo[LCOO].OnMatch 11741277
2017-05-31 11:14:25,381 [Dispatcher3] [INFO] |i0hzlhcV5SG79Gq9+vlxa21wEAY=| [Elapsed 00:00:00:00.0006814] Lcoo[LCOO].OnMatch 11376815
2017-05-31 11:14:52,053 [Dispatcher1] [INFO] |RLbvLRs3L1/TVDwmSll94igYGZg=| [Elapsed 00:00:00:00.0027859] Lcoo[LCOO].OnMatch 11751047
2017-05-31 16:41:25,585 [10] [INFO] |pJ5jha4PNWNenLSU1CzOtkK8rS4=| Client subscribed to ILcoo.OnMatch
2017-05-31 16:41:25,586 [10] [INFO] |+H3gnI67+ril2D2FbBobD/1NAQ8=| Client subscribed to ILcoo.OnOutright
2017-05-31 16:41:25,587 [10] [INFO] |NsFACEzdwEcX8llUBb4zydZgZTI=| Client subscribed to ILcoo.OnThreeBall
2017-05-31 16:41:28,029 [10] [INFO] |llvioAX1MXCZwTea4VDTlZkoCNo=| Start
2017-05-31 16:41:59,766 [Dispatcher1] [INFO] |XWsgv6yPRwSdBgUqmPTR7faPdGI=| [Elapsed 00:00:00:00.0062840] Lcoo[LCOO].OnMatch 11437149
2017-05-31 16:41:59,771 [Dispatcher2] [INFO] |wkwrcNOL8BKmXrGfL/8eoiNY1dg=| [Elapsed 00:00:00:00.0105236] Lcoo[LCOO].OnMatch 11437139
2017-05-31 16:41:59,776 [Dispatcher3] [INFO] |Makzuuf0mexjQGBGJpyM1Ljt/yw=| [Elapsed 00:00:00:00.0153864] Lcoo[LCOO].OnMatch 11437157
2017-05-31 16:41:59,779 [Dispatcher1] [INFO] |VBnUcmOV+P5HD+TEJKRe42LmOX4=| [Elapsed 00:00:00:00.0104752] Lcoo[LCOO].OnMatch 11437145
2017-05-31 16:41:59,782 [Dispatcher3] [INFO] |5oFAcCg8uWUKkiBYLzIC3I6giRI=| [Elapsed 00:00:00:00.0049906] Lcoo[LCOO].OnMatch 11437141
2017-05-31 16:41:59,785 [Dispatcher2] [INFO] |RK0X1YqaCgrorg7fsSU7BJn5g+A=| [Elapsed 00:00:00:00.0138639] Lcoo[LCOO].OnMatch 11437151
2017-05-31 16:41:59,789 [Dispatcher1] [INFO] |kocfUZ8VUZ5IzqDpWSschMWnZ3o=| [Elapsed 00:00:00:00.0099255] Lcoo[LCOO].OnMatch 11437159
2017-05-31 16:41:59,792 [Dispatcher3] [INFO] |hCXEfAvEn9B+dEYCx3YWnfolUmg=| [Elapsed 00:00:00:00.0097934] Lcoo[LCOO].OnMatch 11437153
2017-05-31 16:41:59,797 [Dispatcher2] [INFO] |a5CjbsTxYM6pr3Bpbtid5Q82tAY=| [Elapsed 00:00:00:00.0107075] Lcoo[LCOO].OnMatch 11437147
2017-05-31 16:41:59,800 [Dispatcher1] [INFO] |D6q4fR5FbJs0H4c2SZnLDpzOELE=| [Elapsed 00:00:00:00.0093224] Lcoo[LCOO].OnMatch 11437143
2017-05-31 16:41:59,806 [Dispatcher1] [INFO] |jl4XPcoD2i3XRgD0dMpt68MZ2MA=| [Elapsed 00:00:00:00.0057776] Lcoo[LCOO].OnMatch 11436443
2017-05-31 16:41:59,807 [Dispatcher2] [INFO] |1KcD9frVUzXVZHABOUAZ+dnbo2E=| [Elapsed 00:00:00:00.0094860] Lcoo[LCOO].OnMatch 11436427
2017-05-31 16:41:59,811 [Dispatcher3] [INFO] |C52u7KwrLFAx/12hLh+7+8eEH1Y=| [Elapsed 00:00:00:00.0180134] Lcoo[LCOO].OnMatch 11436435
2017-05-31 16:41:59,812 [Dispatcher2] [INFO] |0yT3YJEqgrqBPKy1mp7INEnmOBA=| [Elapsed 00:00:00:00.0048216] Lcoo[LCOO].OnMatch 11436431
2017-05-31 16:41:59,814 [Dispatcher1] [INFO] |AsWd53dADG2WoAjScHS81Qr6k8o=| [Elapsed 00:00:00:00.0066747] Lcoo[LCOO].OnMatch 11436425
2017-05-31 16:41:59,820 [Dispatcher3] [INFO] |lGJ5ZmDsnpYMSJpyLmNFk/Jbr5k=| [Elapsed 00:00:00:00.0084324] Lcoo[LCOO].OnMatch 11436439
2017-05-31 16:41:59,821 [Dispatcher1] [INFO] |DGjITTdPcrXq3qTpPoW4pe1BgEI=| [Elapsed 00:00:00:00.0069325] Lcoo[LCOO].OnMatch 11436441
2017-05-31 16:41:59,822 [Dispatcher2] [INFO] |5Ao9qmYw+2AFrXc9OWLJJ1NTelM=| [Elapsed 00:00:00:00.0091905] Lcoo[LCOO].OnMatch 11436445
2017-05-31 16:41:59,829 [Dispatcher1] [INFO] |gFC+J3O1bOfmFyiBDWUgdohJN/s=| [Elapsed 00:00:00:00.0074393] Lcoo[LCOO].OnMatch 11434635
2017-05-31 16:41:59,830 [Dispatcher2] [INFO] |prXdLEUGyH79geFtrVXMMfTm+G4=| [Elapsed 00:00:00:00.0067655] Lcoo[LCOO].OnMatch 11434639
2017-05-31 16:41:59,832 [Dispatcher3] [INFO] |bzd04fA5erYs30szTRa8TV17H50=| [Elapsed 00:00:00:00.0120195] Lcoo[LCOO].OnMatch 11436433
2017-05-31 16:41:59,834 [Dispatcher2] [INFO] |TyAyB6lfVgm5+6ZtXdreHlwDVHE=| [Elapsed 00:00:00:00.0035829] Lcoo[LCOO].OnMatch 11434641
2017-05-31 16:41:59,838 [Dispatcher1] [INFO] |5mH72M1g+MpidpuePLVg39TY7J8=| [Elapsed 00:00:00:00.0082826] Lcoo[LCOO].OnMatch 11434637
2017-05-31 16:41:59,842 [Dispatcher2] [INFO] |woTExUhFdOXt+wp5RyrgpR8zRUU=| [Elapsed 00:00:00:00.0076627] Lcoo[LCOO].OnMatch 11434643
2017-05-31 16:41:59,843 [Dispatcher3] [INFO] |MtVR67iDQ4Gl1MJEUe0GCRCMryI=| [Elapsed 00:00:00:00.0100372] Lcoo[LCOO].OnMatch 11434645
2017-05-31 16:41:59,848 [Dispatcher1] [INFO] |sh5f/jRuxNtcBf2WOjWBUWOjMuI=| [Elapsed 00:00:00:00.0094202] Lcoo[LCOO].OnMatch 11434649
2017-05-31 16:41:59,851 [Dispatcher3] [INFO] |PgTk58l7EbX1zbp6fmxo4QuvsS4=| [Elapsed 00:00:00:00.0069130] Lcoo[LCOO].OnMatch 11434647
2017-05-31 16:41:59,852 [Dispatcher2] [INFO] |kRfcuzMYMRPP0I3dPUa6YqBRPp4=| [Elapsed 00:00:00:00.0096117] Lcoo[LCOO].OnMatch 11437501
2017-05-31 16:41:59,859 [Dispatcher1] [INFO] |AJfe5c3ZnSR91sm/uEDtmL0n0Nk=| [Elapsed 00:00:00:00.0103903] Lcoo[LCOO].OnMatch 11437509
2017-05-31 16:41:59,860 [Dispatcher2] [INFO] |26nyril27ioqWQqwZYPLCIxlEGs=| [Elapsed 00:00:00:00.0071382] Lcoo[LCOO].OnMatch 11437525
2017-05-31 16:41:59,864 [Dispatcher3] [INFO] |mE5pJ4lBbwi9W16d9+Cn0+mJhDw=| [Elapsed 00:00:00:00.0121021] Lcoo[LCOO].OnMatch 11434633
2017-05-31 16:41:59,864 [Dispatcher2] [INFO] |ecGNo4gzJhcEnJ8LiURYYtrtoI8=| [Elapsed 00:00:00:00.0033550] Lcoo[LCOO].OnMatch 11437521
2017-05-31 16:41:59,866 [Dispatcher1] [INFO] |2iC71E0RoxFY8oOQ9xaLO6uGYUs=| [Elapsed 00:00:00:00.0061718] Lcoo[LCOO].OnMatch 11437505
2017-05-31 16:41:59,874 [Dispatcher1] [INFO] |WxeyfwNFmRTLbem1YpiDlT/E024=| [Elapsed 00:00:00:00.0073948] Lcoo[LCOO].OnMatch 11437517
2017-05-31 16:41:59,875 [Dispatcher2] [INFO] |/uz3csxsjfmmFQeWDZkiD/RfjJY=| [Elapsed 00:00:00:00.0106038] Lcoo[LCOO].OnMatch 11437507
2017-05-31 16:41:59,877 [Dispatcher3] [INFO] |UMBLo65i5ikO2IJeALBrMKo3BeY=| [Elapsed 00:00:00:00.0121832] Lcoo[LCOO].OnMatch 11437519
2017-05-31 16:41:59,883 [Dispatcher1] [INFO] |DDu0ule9lY9xPYTlNxyAoj39ZD0=| [Elapsed 00:00:00:00.0082746] Lcoo[LCOO].OnMatch 11437513
2017-05-31 16:41:59,884 [Dispatcher3] [INFO] |fT7eF2nV+/SovqY6cjS5B+OCyNw=| [Elapsed 00:00:00:00.0072433] Lcoo[LCOO].OnMatch 11437515
2017-05-31 16:41:59,886 [Dispatcher2] [INFO] |PN/iNYgRVLKlgr+K/UAj+kMP+cQ=| [Elapsed 00:00:00:00.0098204] Lcoo[LCOO].OnMatch 11435169
2017-05-31 16:41:59,891 [Dispatcher1] [INFO] |S9W5zWhxCMNW6xrtSSJxPXQNIaQ=| [Elapsed 00:00:00:00.0068472] Lcoo[LCOO].OnMatch 11435165
2017-05-31 16:41:59,894 [Dispatcher2] [INFO] |f4ZqjJE2HgcxiIBafAo4krQVzOo=| [Elapsed 00:00:00:00.0079881] Lcoo[LCOO].OnMatch 11435171
2017-05-31 16:41:59,896 [Dispatcher3] [INFO] |Czsurl01wSWTBxVkNooF3ZXamB0=| [Elapsed 00:00:00:00.0103086] Lcoo[LCOO].OnMatch 11437511
2017-05-31 16:41:59,897 [Dispatcher1] [INFO] |u+2oHAHua4m907N4FUbz9NbZrE0=| [Elapsed 00:00:00:00.0056450] Lcoo[LCOO].OnMatch 11435167
2017-05-31 16:41:59,901 [Dispatcher3] [INFO] |65gunaVUmFsC537Tg6y/BfYhgyo=| [Elapsed 00:00:00:00.0045926] Lcoo[LCOO].OnMatch 11437523
2017-05-31 16:41:59,906 [Dispatcher2] [INFO] |wtyuK7HVlzHRWplzsb2jzcsGqgM=| [Elapsed 00:00:00:00.0109086] Lcoo[LCOO].OnMatch 11435173
2017-05-31 16:41:59,908 [Dispatcher1] [INFO] |2sdQNCFcIIRvEXYEbcDlZvYmIUM=| [Elapsed 00:00:00:00.0104432] Lcoo[LCOO].OnMatch 11436791
2017-05-31 16:41:59,912 [Dispatcher3] [INFO] |dRhbX3gmq+/M0HQk09M1oYPLh2c=| [Elapsed 00:00:00:00.0106165] Lcoo[LCOO].OnMatch 11435159
2017-05-31 16:41:59,914 [Dispatcher2] [INFO] |cbN+Rc3TSaU+ALMJHt8Dt2mIMqc=| [Elapsed 00:00:00:00.0080638] Lcoo[LCOO].OnMatch 11436797
2017-05-31 16:41:59,918 [Dispatcher3] [INFO] |7snqPa5R1bJ9DlDzbp2Bv0xkBWk=| [Elapsed 00:00:00:00.0057569] Lcoo[LCOO].OnMatch 11435161
2017-05-31 16:41:59,919 [Dispatcher1] [INFO] |qLw30QTKvyXed+lwBv3MV3Q8e3Y=| [Elapsed 00:00:00:00.0109077] Lcoo[LCOO].OnMatch 11436793
2017-05-31 16:41:59,924 [Dispatcher3] [INFO] |HXuqCa+7GtsGcBjN3ust6NG0uzM=| [Elapsed 00:00:00:00.0052265] Lcoo[LCOO].OnMatch 11435163
2017-05-31 16:41:59,925 [Dispatcher2] [INFO] |d4bSuHKe3k74LT/NaVfxhzkImWM=| [Elapsed 00:00:00:00.0103095] Lcoo[LCOO].OnMatch 11436799
2017-05-31 16:41:59,930 [Dispatcher1] [INFO] |b9V2+wohXkC6LGZEGpo3z4FV/HM=| [Elapsed 00:00:00:00.0102379] Lcoo[LCOO].OnMatch 11436795
2017-05-31 16:41:59,934 [Dispatcher2] [INFO] |vp79mnIVDy6C07dquIf+Pj79C1k=| [Elapsed 00:00:00:00.0077044] Lcoo[LCOO].OnMatch 11436785
2017-05-31 16:41:59,936 [Dispatcher3] [INFO] |HaGT91D/PYV2RVKnJg2k5PrQRxw=| [Elapsed 00:00:00:00.0106196] Lcoo[LCOO].OnMatch 11436787
2017-05-31 16:41:59,941 [Dispatcher1] [INFO] |w3Qmv1ThPZF0OvNGu0Eonniocyc=| [Elapsed 00:00:00:00.0101375] Lcoo[LCOO].OnMatch 11439291
2017-05-31 16:41:59,943 [Dispatcher2] [INFO] |01rsQ6SsVJWmZLjatRlwEHL1dg8=| [Elapsed 00:00:00:00.0092028] Lcoo[LCOO].OnMatch 11439307
2017-05-31 16:41:59,946 [Dispatcher3] [INFO] |wloFH3jwzoWxU0O/x1ubElLcDgE=| [Elapsed 00:00:00:00.0091355] Lcoo[LCOO].OnMatch 11436789
2017-05-31 16:41:59,947 [Dispatcher1] [INFO] |VyFU9JppLjxmMpJCqdF5ZAe3w5c=| [Elapsed 00:00:00:00.0050232] Lcoo[LCOO].OnMatch 11439297
2017-05-31 16:41:59,950 [Dispatcher3] [INFO] |EPcLw3eMKjWq09lqO7AAJuZTBM8=| [Elapsed 00:00:00:00.0040880] Lcoo[LCOO].OnMatch 11439323
2017-05-31 16:41:59,954 [Dispatcher2] [INFO] |tKgckYtFDv20Bs1/U8RE/z+F+ag=| [Elapsed 00:00:00:00.0104186] Lcoo[LCOO].OnMatch 11439313
2017-05-31 16:41:59,958 [Dispatcher1] [INFO] |7QmrGJDoc5RhS+6/34gThY/qweU=| [Elapsed 00:00:00:00.0111311] Lcoo[LCOO].OnMatch 11439303
2017-05-31 16:41:59,960 [Dispatcher3] [INFO] |GSjU20XlZ8CuIEisUVkT16LfG9E=| [Elapsed 00:00:00:00.0085247] Lcoo[LCOO].OnMatch 11439329
2017-05-31 16:41:59,961 [Dispatcher2] [INFO] |lp0RujG4pOtUMcRzkPXYmIYVd5s=| [Elapsed 00:00:00:00.0055145] Lcoo[LCOO].OnMatch 11439325
2017-05-31 16:41:59,964 [Dispatcher1] [INFO] |BSIHBxMEoDdhGIWh7SWnyhUccTU=| [Elapsed 00:00:00:00.0054072] Lcoo[LCOO].OnMatch 11439309
2017-05-31 16:41:59,966 [Dispatcher3] [INFO] |PyLzvE66daiXxLTo8ZxLXanNPcA=| [Elapsed 00:00:00:00.0062673] Lcoo[LCOO].OnMatch 11439319
2017-05-31 16:41:59,969 [Dispatcher2] [INFO] |LTeYiZnlOjVwxt5Cijnwzx5aNf8=| [Elapsed 00:00:00:00.0081258] Lcoo[LCOO].OnMatch 11439331
2017-05-31 16:41:59,971 [Dispatcher1] [INFO] |CrTJCUGxn6uMSQ5+4M+U6dx/sUE=| [Elapsed 00:00:00:00.0058454] Lcoo[LCOO].OnMatch 11439315
2017-05-31 16:41:59,974 [Dispatcher3] [INFO] |byrjP75LGo6v26XMBHrGhsnI4Qw=| [Elapsed 00:00:00:00.0075176] Lcoo[LCOO].OnMatch 11439293
2017-05-31 16:41:59,975 [Dispatcher2] [INFO] |gzrwlJj7nmr8ENmQSKuumSM4jpM=| [Elapsed 00:00:00:00.0047878] Lcoo[LCOO].OnMatch 11439321
2017-05-31 16:41:59,978 [Dispatcher2] [INFO] |3iZj3QcnQ31lN2HjP9lEWC5JYGA=| [Elapsed 00:00:00:00.0023334] Lcoo[LCOO].OnMatch 11439295
2017-05-31 16:41:59,979 [Dispatcher3] [INFO] |RMOhylEUv186E/32iuibX9sSNYI=| [Elapsed 00:00:00:00.0039982] Lcoo[LCOO].OnMatch 11439299
2017-05-31 16:41:59,981 [Dispatcher2] [INFO] |BAh/KasKF0kDLDqsUKO6U0kGbnU=| [Elapsed 00:00:00:00.0025817] Lcoo[LCOO].OnMatch 11439317
2017-05-31 16:41:59,985 [Dispatcher1] [INFO] |S0NdJ9ehigtcCHl3hgrBDrCiuvo=| [Elapsed 00:00:00:00.0129985] Lcoo[LCOO].OnMatch 11439327
2017-05-31 16:41:59,994 [Dispatcher2] [INFO] |cIBCpP5w4eUWThWlBKNiAgy/sgE=| [Elapsed 00:00:00:00.0125788] Lcoo[LCOO].OnMatch 11440257
2017-05-31 16:42:00,006 [Dispatcher3] [INFO] |4EPv1bH5lnJWcN0Al5Cd131VHgw=| [Elapsed 00:00:00:00.0266956] Lcoo[LCOO].OnMatch 11439305
2017-05-31 16:42:00,009 [Dispatcher3] [INFO] |i3bMyqkKLHPJIpvaZ8ZtixTeVNA=| [Elapsed 00:00:00:00.0029589] Lcoo[LCOO].OnMatch 11439311
2017-05-31 16:42:00,013 [Dispatcher3] [INFO] |Iu54xRMySD1/8X2+CtJ2v+3M57I=| [Elapsed 00:00:00:00.0030224] Lcoo[LCOO].OnMatch 11440255
2017-05-31 16:42:00,015 [Dispatcher1] [INFO] |Vo7toE/Kv7XNxGili2RzLOfAqQo=| [Elapsed 00:00:00:00.0296724] Lcoo[LCOO].OnMatch 11439301
2017-05-31 16:42:00,016 [Dispatcher2] [INFO] |5aLjUNcJlEparQsR/5GJnmwdQJo=| [Elapsed 00:00:00:00.0210699] Lcoo[LCOO].OnMatch 11431025
2017-05-31 16:42:00,020 [Dispatcher1] [INFO] |RCMoxK5U4Fw9jkqOSbwHqo16uYU=| [Elapsed 00:00:00:00.0042583] Lcoo[LCOO].OnMatch 11440251
2017-05-31 16:42:00,023 [Dispatcher3] [INFO] |KojlhnLvlpqelpolrGf8m6jbcFg=| [Elapsed 00:00:00:00.0098342] Lcoo[LCOO].OnMatch 11440253
2017-05-31 16:42:00,026 [Dispatcher2] [INFO] |M5ejPNDmC5oYedmKcnDQqFD0GUM=| [Elapsed 00:00:00:00.0096420] Lcoo[LCOO].OnMatch 11431033
2017-05-31 16:42:00,029 [Dispatcher1] [INFO] |V5woflIV7B2XHEvC20c5w3rp0Ns=| [Elapsed 00:00:00:00.0085330] Lcoo[LCOO].OnMatch 11440249
2017-05-31 16:42:00,030 [Dispatcher3] [INFO] |yKX6XEvT8oWgwH6CoTHBxcB3nBk=| [Elapsed 00:00:00:00.0058918] Lcoo[LCOO].OnMatch 11431031
2017-05-31 16:42:00,035 [Dispatcher2] [INFO] |iP67pylhGss5ETiY3CYd62Afoq0=| [Elapsed 00:00:00:00.0086036] Lcoo[LCOO].OnMatch 11425359
2017-05-31 16:42:00,037 [Dispatcher1] [INFO] |CVgbAz1GSPQP7GJiFK+0NHJACa4=| [Elapsed 00:00:00:00.0080255] Lcoo[LCOO].OnMatch 11431027
2017-05-31 16:42:00,042 [Dispatcher3] [INFO] |fNvHZf+RR0v+cEC8vZB6VZZsM84=| [Elapsed 00:00:00:00.0117438] Lcoo[LCOO].OnMatch 11431029
2017-05-31 16:42:00,045 [Dispatcher1] [INFO] |szwDMvjVUJ+0adtud1U7S4RpJpc=| [Elapsed 00:00:00:00.0062018] Lcoo[LCOO].OnMatch 11741725
2017-05-31 16:42:00,046 [Dispatcher2] [INFO] |/r/1ORJ29x9vVl8dLvGa+9WHRrE=| [Elapsed 00:00:00:00.0100393] Lcoo[LCOO].OnMatch 11425361
2017-05-31 16:42:00,049 [Dispatcher3] [INFO] |qeUQ1MFuRj83lXy58ULyxnZmCRI=| [Elapsed 00:00:00:00.0060906] Lcoo[LCOO].OnMatch 11425365
2017-05-31 16:42:00,054 [Dispatcher2] [INFO] |inxwI/aIdE3JIHPR3We0HAXGSrI=| [Elapsed 00:00:00:00.0076710] Lcoo[LCOO].OnMatch 11426417
2017-05-31 16:42:00,058 [Dispatcher1] [INFO] |6/G8dlxrBNpNcsptN+Ut4IGV3IY=| [Elapsed 00:00:00:00.0131430] Lcoo[LCOO].OnMatch 11425355
2017-05-31 16:42:00,059 [Dispatcher3] [INFO] |BJPEHMPMRwL2AlpZ3x/wdHhzjqQ=| [Elapsed 00:00:00:00.0097712] Lcoo[LCOO].OnMatch 11425357
2017-05-31 16:42:00,062 [Dispatcher2] [INFO] |x2MUIvdFVNTJFUGSQcHigvHMNjs=| [Elapsed 00:00:00:00.0079573] Lcoo[LCOO].OnMatch 11426419
2017-05-31 16:42:00,065 [Dispatcher1] [INFO] |Mcjlgnr896csPsNAwjsVBHMC2Cg=| [Elapsed 00:00:00:00.0062522] Lcoo[LCOO].OnMatch 11425363
2017-05-31 16:42:00,070 [Dispatcher3] [INFO] |Z69WGHU3/NTqt2MeXEEIk8WpchU=| [Elapsed 00:00:00:00.0100757] Lcoo[LCOO].OnMatch 11426423
2017-05-31 16:42:00,072 [Dispatcher1] [INFO] |q/AcGrjg+mA0M7nLKGMwTfiIAK0=| [Elapsed 00:00:00:00.0056575] Lcoo[LCOO].OnMatch 11426429
2017-05-31 16:42:00,075 [Dispatcher2] [INFO] |qu21/15zqQ7oG2P7z7Ib4rVhlAQ=| [Elapsed 00:00:00:00.0115140] Lcoo[LCOO].OnMatch 11426427
2017-05-31 16:42:00,078 [Dispatcher3] [INFO] |+ljY0fCi2Umq7527N+enRJK3ia4=| [Elapsed 00:00:00:00.0074545] Lcoo[LCOO].OnMatch 11426425
2017-05-31 16:42:00,079 [Dispatcher1] [INFO] |qB0+vyaXo40DmSKwuHu5Q2+gwXc=| [Elapsed 00:00:00:00.0070396] Lcoo[LCOO].OnMatch 11426421
2017-05-31 16:42:29,205 [Dispatcher1] [INFO] |R/2aoEYd7d2Bwco7gdEBxEi8vbU=| [Elapsed 00:00:00:00.0040924] Lcoo[LCOO].OnMatch 11741725
2017-05-31 16:42:29,206 [Dispatcher3] [INFO] |n34k9AnMwqROOSqeKRFg9teQK48=| [Elapsed 00:00:00:00.0046804] Lcoo[LCOO].OnMatch 11750763
2017-05-31 16:42:44,084 [Dispatcher3] [INFO] |lFcXVhJixLC7Tux3oyiabZBY3TQ=| [Elapsed 00:00:00:00.0029878] Lcoo[LCOO].OnMatch 11750763
2017-05-31 16:43:23,036 [Dispatcher1] [INFO] |Qdl+yZR0dVubNGh1xznp33ZTHfE=| [Elapsed 00:00:00:00.0026033] Lcoo[LCOO].OnMatch 11750741
2017-05-31 16:43:23,036 [Dispatcher3] [INFO] |eEOFVSjiQBsOSRXvs4gCx3wY6BQ=| [Elapsed 00:00:00:00.0035022] Lcoo[LCOO].OnMatch 11750127
2017-05-31 16:43:23,037 [Dispatcher2] [INFO] |M/upbDLkCqFqI0YZvcN7wT34GaE=| [Elapsed 00:00:00:00.0038626] Lcoo[LCOO].OnMatch 11750749
2017-05-31 16:44:20,458 [Dispatcher3] [INFO] |eet7TUFqFIVX8rNsVQaeHRSyK5U=| [Elapsed 00:00:00:00.0024682] Lcoo[LCOO].OnMatch 11406785
2017-05-31 16:45:56,736 [Dispatcher3] [INFO] |XMne7sBKGFA/5UuTAaK8XyiXYt0=| [Elapsed 00:00:00:00.0038994] Lcoo[LCOO].OnMatch 10938856
2017-05-31 16:45:56,737 [Dispatcher2] [INFO] |M07d7DKKACdOqWYggG7bJb0Ue8g=| [Elapsed 00:00:00:00.0049370] Lcoo[LCOO].OnMatch 10841064
2017-05-31 16:46:53,152 [Dispatcher2] [INFO] |MBc3BePkbDvQDKOqgUsTKA7bsAE=| [Elapsed 00:00:00:00.0222490] Lcoo[LCOO].OnMatch 11750291
2017-05-31 16:46:53,152 [Dispatcher3] [INFO] |G1FLkJ4foFp5hRIuRujFNPBridQ=| [Elapsed 00:00:00:00.0228291] Lcoo[LCOO].OnMatch 11750277
2017-05-31 16:46:53,154 [Dispatcher3] [INFO] |Uewr/VEB9ftfBbXzWGpGr9jpKeY=| [Elapsed 00:00:00:00.0013611] Lcoo[LCOO].OnMatch 11750763
2017-05-31 16:46:53,155 [Dispatcher1] [INFO] |6mU3tndnmLgaAQSkN/3IWD8dtWM=| [Elapsed 00:00:00:00.0053867] Lcoo[LCOO].OnMatch 11750227
2017-05-31 16:46:53,155 [Dispatcher2] [INFO] |O06nHeLXwsmseiaiYGZPpA0Lnh0=| [Elapsed 00:00:00:00.0030074] Lcoo[LCOO].OnMatch 11750749
2017-05-31 16:46:53,156 [Dispatcher1] [INFO] |Pr1DbvEXLU7Sfe2nRyZk4dnRiIM=| [Elapsed 00:00:00:00.0008849] Lcoo[LCOO].OnMatch 11750741
2017-05-31 16:46:53,157 [Dispatcher2] [INFO] |2TyPKE0rOOrVInte2WgRCJSgGNQ=| [Elapsed 00:00:00:00.0012825] Lcoo[LCOO].OnMatch 11741847
2017-05-31 16:46:53,158 [Dispatcher1] [INFO] |/5dsWYoMSw4B3L8oSZP6zrDd3QQ=| [Elapsed 00:00:00:00.0012531] Lcoo[LCOO].OnMatch 11741845
2017-05-31 16:47:08,587 [Dispatcher1] [INFO] |X5457eGLWJBCX6vVtvR9/XWQ4vE=| [Elapsed 00:00:00:00.0016857] Lcoo[LCOO].OnMatch 11750741
2017-05-31 16:47:08,588 [Dispatcher3] [INFO] |9FAHG8Tm7d/0wIc3fQeezwNY0XI=| [Elapsed 00:00:00:00.0027639] Lcoo[LCOO].OnMatch 11750215
2017-05-31 16:47:08,589 [Dispatcher2] [INFO] |CkCdS71LGCNVG9CYMLgvJ09euFU=| [Elapsed 00:00:00:00.0037632] Lcoo[LCOO].OnMatch 11750291
2017-05-31 16:47:08,589 [Dispatcher3] [INFO] |WPrAcsguPC5N4Dd7/8A6HKqhn80=| [Elapsed 00:00:00:00.0011919] Lcoo[LCOO].OnMatch 11750277
2017-05-31 16:47:08,591 [Dispatcher2] [INFO] |vHrbiYKGYytXF4FIZ3lb/x6GUxA=| [Elapsed 00:00:00:00.0014637] Lcoo[LCOO].OnMatch 11750749
2017-05-31 16:47:08,592 [Dispatcher1] [INFO] |qbnKOtqOmRVE3aleyEimebN0P2g=| [Elapsed 00:00:00:00.0040305] Lcoo[LCOO].OnMatch 11741845
2017-05-31 16:47:08,592 [Dispatcher3] [INFO] |nFrS3Vv/Jirki1m9CrCCXt1avZ0=| [Elapsed 00:00:00:00.0019923] Lcoo[LCOO].OnMatch 11750763
2017-05-31 16:47:08,594 [Dispatcher2] [INFO] |xjl+zO6mCVYtIcKJgljqvAuHTUU=| [Elapsed 00:00:00:00.0024034] Lcoo[LCOO].OnMatch 11741847
2017-05-31 16:49:11,749 [Dispatcher2] [INFO] |1XvD3B7Kj7TUbi/sJWXtKGit3l8=| [Elapsed 00:00:00:00.0024800] Lcoo[LCOO].OnMatch 10841064
2017-05-31 16:49:11,751 [Dispatcher1] [INFO] |D0VFfiloV0HSbUV3eS1k3qyw0EI=| [Elapsed 00:00:00:00.0035521] Lcoo[LCOO].OnMatch 11577957
2017-05-31 16:49:57,656 [Dispatcher2] [INFO] |AdLeX8A82HCJU9QmYKuat0ivqic=| [Elapsed 00:00:00:00.0022778] Lcoo[LCOO].OnMatch 10841064
2017-05-31 16:50:12,475 [Dispatcher2] [INFO] |mqS0h1hOQeq8qltsrrZSfGJTX+M=| [Elapsed 00:00:00:00.0007629] Lcoo[LCOO].OnMatch 11700831
2017-05-31 16:51:04,807 [Dispatcher3] [INFO] |0umNLcq+6qY3gBnO/GBfBac059w=| [Elapsed 00:00:00:00.0015045] Lcoo[LCOO].OnMatch 11448587
2017-05-31 16:51:04,808 [Dispatcher1] [INFO] |bJuWFXwW/9liHgHuF/+m6WGHY6Y=| [Elapsed 00:00:00:00.0015602] Lcoo[LCOO].OnMatch 11448603
2017-05-31 16:51:04,808 [Dispatcher2] [INFO] |715we70OIxJhrS6WE7xiGLtcet8=| [Elapsed 00:00:00:00.0020719] Lcoo[LCOO].OnMatch 11448593
2017-05-31 16:51:04,808 [Dispatcher3] [INFO] |V+yPfl2g2Gm49HJb18xMkWGUuB8=| [Elapsed 00:00:00:00.0004787] Lcoo[LCOO].OnMatch 11448599
2017-05-31 16:51:04,809 [Dispatcher3] [INFO] |uqKBdmJNrq5517Lb5U+AvIdvq6M=| [Elapsed 00:00:00:00.0004722] Lcoo[LCOO].OnMatch 11448595
2017-05-31 16:51:04,810 [Dispatcher1] [INFO] |Zl6c9e+YVaE+VSm1e9HL+fxGi7o=| [Elapsed 00:00:00:00.0016995] Lcoo[LCOO].OnMatch 11448589
2017-05-31 16:51:04,811 [Dispatcher2] [INFO] |U/9eXO7+R9q3b/kiGTnT9hX4q8Y=| [Elapsed 00:00:00:00.0014992] Lcoo[LCOO].OnMatch 11448605
2017-05-31 16:51:04,812 [Dispatcher3] [INFO] |CZ9DZK+D5mFzPIeaWOml5F5tbeo=| [Elapsed 00:00:00:00.0016816] Lcoo[LCOO].OnMatch 11448591
2017-05-31 16:51:04,813 [Dispatcher1] [INFO] |sNM5ia4EAcRsCRo6DGf3md1CQ+M=| [Elapsed 00:00:00:00.0013651] Lcoo[LCOO].OnMatch 11448585
2017-05-31 16:51:04,814 [Dispatcher2] [INFO] |17ranDKsAc7MPpsoBnD9LC1r/tw=| [Elapsed 00:00:00:00.0017086] Lcoo[LCOO].OnMatch 11448601
2017-05-31 16:51:04,815 [Dispatcher3] [INFO] |gbMrSZ4M6oEDM6nDUgtaYuDISnQ=| [Elapsed 00:00:00:00.0019630] Lcoo[LCOO].OnMatch 11469457
2017-05-31 16:51:04,819 [Dispatcher1] [INFO] |YpFgtIBYkK5PA8BULlSCtaQ5ei4=| [Elapsed 00:00:00:00.0050091] Lcoo[LCOO].OnMatch 11448607
2017-05-31 16:51:04,821 [Dispatcher3] [INFO] |pxEIQlezZj75Z9VqbNnHOv1oe6c=| [Elapsed 00:00:00:00.0047435] Lcoo[LCOO].OnMatch 11469459
2017-05-31 16:51:04,822 [Dispatcher1] [INFO] |FIEvzg6OdqS1T2iH0kmxg6uFepU=| [Elapsed 00:00:00:00.0022733] Lcoo[LCOO].OnMatch 11469463
2017-05-31 16:51:04,823 [Dispatcher2] [INFO] |ESJKp2EKVio8pYZ3EVCuQD2Uj3c=| [Elapsed 00:00:00:00.0063620] Lcoo[LCOO].OnMatch 11448597
2017-05-31 16:51:04,824 [Dispatcher3] [INFO] |HGANWWb8bQvWOlcctdbaT+HEV7o=| [Elapsed 00:00:00:00.0012216] Lcoo[LCOO].OnMatch 11469467
2017-05-31 16:51:04,824 [Dispatcher2] [INFO] |H1pzSZ0Wkc2tgY9ofpRbky33u3U=| [Elapsed 00:00:00:00.0007217] Lcoo[LCOO].OnMatch 11469469
2017-05-31 16:51:04,826 [Dispatcher1] [INFO] |IlaNfMMy13c2docWlvHLVZvshmo=| [Elapsed 00:00:00:00.0024987] Lcoo[LCOO].OnMatch 11469465
2017-05-31 16:51:04,827 [Dispatcher3] [INFO] |eJUwiXweIrzF8VZqMAF8NNK9akY=| [Elapsed 00:00:00:00.0025854] Lcoo[LCOO].OnMatch 11469827
2017-05-31 16:51:04,827 [Dispatcher2] [INFO] |eJpO00Kjw1488lU3IPcVr8XoNwg=| [Elapsed 00:00:00:00.0020275] Lcoo[LCOO].OnMatch 11469461
2017-05-31 16:51:04,830 [Dispatcher3] [INFO] |CzeXUlvpgfmXuj9oi/erFH6/h+Q=| [Elapsed 00:00:00:00.0026005] Lcoo[LCOO].OnMatch 11469829
2017-05-31 16:51:04,831 [Dispatcher1] [INFO] |WfOcskaeSFptQwZV6IHVGWlOELU=| [Elapsed 00:00:00:00.0036867] Lcoo[LCOO].OnMatch 11469831
2017-05-31 16:51:04,832 [Dispatcher2] [INFO] |A6ENEia4PDBpTw9PbrSKAWGm1tU=| [Elapsed 00:00:00:00.0033122] Lcoo[LCOO].OnMatch 11469837
2017-05-31 16:51:04,832 [Dispatcher1] [INFO] |UOMZd86s42pL6b6iHYxcZpx+1HM=| [Elapsed 00:00:00:00.0009536] Lcoo[LCOO].OnMatch 11469833
2017-05-31 16:51:04,833 [Dispatcher3] [INFO] |q+jxLJHG41S6J7liLYKf+eaZe/0=| [Elapsed 00:00:00:00.0021646] Lcoo[LCOO].OnMatch 11491309
2017-05-31 16:51:04,833 [Dispatcher2] [INFO] |vTNxGw7S0lnRdPTKbuzkeuY0ZHE=| [Elapsed 00:00:00:00.0012688] Lcoo[LCOO].OnMatch 11469823
2017-05-31 16:51:04,835 [Dispatcher1] [INFO] |K4wRA7007Y1/Tlo2e4D9egLau3s=| [Elapsed 00:00:00:00.0023621] Lcoo[LCOO].OnMatch 11469835
2017-05-31 16:51:04,836 [Dispatcher3] [INFO] |laj2og9AAvRnfNCJAUnnAPmfD/c=| [Elapsed 00:00:00:00.0025370] Lcoo[LCOO].OnMatch 11491311
2017-05-31 16:51:04,837 [Dispatcher2] [INFO] |qN4seQsmqWiXUK1cLJAilA0QFhs=| [Elapsed 00:00:00:00.0025774] Lcoo[LCOO].OnMatch 11469825
2017-05-31 16:51:04,838 [Dispatcher3] [INFO] |im2zb3zAAKyVntYCMljKZu3vpjQ=| [Elapsed 00:00:00:00.0012599] Lcoo[LCOO].OnMatch 11491303
2017-05-31 16:51:04,838 [Dispatcher2] [INFO] |ZbSuFaD8ZbiO7WvxYd6kkHWWkGo=| [Elapsed 00:00:00:00.0010726] Lcoo[LCOO].OnMatch 11491305
2017-05-31 16:51:04,842 [Dispatcher1] [INFO] |AmhBXjSgL3rywxRIFMUJ8O6PNII=| [Elapsed 00:00:00:00.0059967] Lcoo[LCOO].OnMatch 11491315
2017-05-31 16:51:04,844 [Dispatcher2] [INFO] |WDali+GvZaEcOhkTu6K6TRa+9Ig=| [Elapsed 00:00:00:00.0049491] Lcoo[LCOO].OnMatch 11491313
2017-05-31 16:51:04,844 [Dispatcher3] [INFO] |+wjUOUv6I5fZmLMpOYko7yiK3hs=| [Elapsed 00:00:00:00.0060425] Lcoo[LCOO].OnMatch 11463163
2017-05-31 16:51:04,845 [Dispatcher1] [INFO] |aOFSavBEDLpgKf/VXzD6htteVyg=| [Elapsed 00:00:00:00.0024875] Lcoo[LCOO].OnMatch 11491307
2017-05-31 16:51:04,846 [Dispatcher3] [INFO] |rE5dbfePOeyk7QZYytMxUkmdAJQ=| [Elapsed 00:00:00:00.0010274] Lcoo[LCOO].OnMatch 11463171
2017-05-31 16:51:04,847 [Dispatcher2] [INFO] |CPsvbALhd3DHh9aQcSlIZYX0CkQ=| [Elapsed 00:00:00:00.0023112] Lcoo[LCOO].OnMatch 11463173
2017-05-31 16:51:04,847 [Dispatcher1] [INFO] |1bkc5rj1u3n7xy4SO2/em3OEOXY=| [Elapsed 00:00:00:00.0017741] Lcoo[LCOO].OnMatch 11463167
2017-05-31 16:51:04,848 [Dispatcher2] [INFO] |i07ic+lP5IrMt/yR28NayTqn+Fs=| [Elapsed 00:00:00:00.0011960] Lcoo[LCOO].OnMatch 11463165
2017-05-31 16:51:04,849 [Dispatcher3] [INFO] |+1mCOx2momxOT5Zp3e/OjG4TEzg=| [Elapsed 00:00:00:00.0024318] Lcoo[LCOO].OnMatch 11449241
2017-05-31 16:51:04,852 [Dispatcher2] [INFO] |AGO2WXr0xNalXn9IgUGrjgaCCS0=| [Elapsed 00:00:00:00.0036442] Lcoo[LCOO].OnMatch 11449235
2017-05-31 16:51:04,853 [Dispatcher1] [INFO] |tzR3NB/ne5Ay/ooXDXijncm4iTI=| [Elapsed 00:00:00:00.0053533] Lcoo[LCOO].OnMatch 11463169
2017-05-31 16:51:04,855 [Dispatcher3] [INFO] |dFOfgxSc2Xl38GfaB40DRaWtFRg=| [Elapsed 00:00:00:00.0053243] Lcoo[LCOO].OnMatch 11449233
2017-05-31 16:51:04,855 [Dispatcher1] [INFO] |4XFCZHnWMHJsisWTjVKt6h3dgww=| [Elapsed 00:00:00:00.0015178] Lcoo[LCOO].OnMatch 11463161
2017-05-31 16:51:04,856 [Dispatcher2] [INFO] |SA3jLUNvobP1B5CVkyXy0YLQiSk=| [Elapsed 00:00:00:00.0029896] Lcoo[LCOO].OnMatch 11449237
2017-05-31 16:51:04,857 [Dispatcher3] [INFO] |4BbBRNrp6gz/whd37Ntqf8tn9GU=| [Elapsed 00:00:00:00.0013563] Lcoo[LCOO].OnMatch 11448875
2017-05-31 16:51:04,858 [Dispatcher1] [INFO] |vbKpMhHYZHj0yLEgpao0QEaIppg=| [Elapsed 00:00:00:00.0022150] Lcoo[LCOO].OnMatch 11449231
2017-05-31 16:51:04,858 [Dispatcher2] [INFO] |WaQsgdNI/pwBkbkhJieZxPEiNFc=| [Elapsed 00:00:00:00.0016710] Lcoo[LCOO].OnMatch 11449229
2017-05-31 16:51:04,860 [Dispatcher3] [INFO] |s1HoSEiYGLsnEYDcvY2DhIHjr5s=| [Elapsed 00:00:00:00.0027282] Lcoo[LCOO].OnMatch 11448877
2017-05-31 16:51:04,864 [Dispatcher2] [INFO] |m5EQpJ1TIlPSnqO3/lwcwLQ3bzA=| [Elapsed 00:00:00:00.0046634] Lcoo[LCOO].OnMatch 11448871
2017-05-31 16:51:04,864 [Dispatcher1] [INFO] |5BoJlqllPYQRKEiCFmDpEYzbRf8=| [Elapsed 00:00:00:00.0054328] Lcoo[LCOO].OnMatch 11449239
2017-05-31 16:51:04,865 [Dispatcher3] [INFO] |cxw4HRUUx9FgR+JO1LHW+oci+Uw=| [Elapsed 00:00:00:00.0042006] Lcoo[LCOO].OnMatch 11448879
2017-05-31 16:51:04,866 [Dispatcher3] [INFO] |tL3rOjicUBDvgT+UhjVFBUsClww=| [Elapsed 00:00:00:00.0011814] Lcoo[LCOO].OnMatch 11440269
2017-05-31 16:51:04,867 [Dispatcher1] [INFO] |bcNWJPTMuSo3gcqt7oFLMwXauAc=| [Elapsed 00:00:00:00.0021836] Lcoo[LCOO].OnMatch 11448881
2017-05-31 16:51:04,867 [Dispatcher2] [INFO] |ka1N7czb1Ig/r0NT4YfHdONi4h4=| [Elapsed 00:00:00:00.0029513] Lcoo[LCOO].OnMatch 11448873
2017-05-31 16:51:04,868 [Dispatcher1] [INFO] |nJe8PLVWaUbO9tnPuXcDaFBMmnw=| [Elapsed 00:00:00:00.0006352] Lcoo[LCOO].OnMatch 11448883
2017-05-31 16:51:04,869 [Dispatcher2] [INFO] |EU+PcBsMRDvNn2Piw4sQtrpUvIM=| [Elapsed 00:00:00:00.0010730] Lcoo[LCOO].OnMatch 11440279
2017-05-31 16:51:04,870 [Dispatcher1] [INFO] |Kks38KMBVqQfDxO6RPog/z57fQc=| [Elapsed 00:00:00:00.0010915] Lcoo[LCOO].OnMatch 11440263
2017-05-31 16:51:04,870 [Dispatcher2] [INFO] |m33sWt8JJZEtYWeNT9+s+oAmxvM=| [Elapsed 00:00:00:00.0005335] Lcoo[LCOO].OnMatch 11440259
2017-05-31 16:51:04,871 [Dispatcher3] [INFO] |66DrhVhA4EKbw/rNGgR49N6Dwyw=| [Elapsed 00:00:00:00.0038560] Lcoo[LCOO].OnMatch 11440275
2017-05-31 16:51:04,871 [Dispatcher2] [INFO] |rDbrJXXAh0mVFuLOKKPo05vI25k=| [Elapsed 00:00:00:00.0006022] Lcoo[LCOO].OnMatch 11440281
2017-05-31 16:51:04,875 [Dispatcher3] [INFO] |+6+1IDLjnZqFjNka67iW7pZpM8c=| [Elapsed 00:00:00:00.0038268] Lcoo[LCOO].OnMatch 11440271
2017-05-31 16:51:04,875 [Dispatcher1] [INFO] |EDBl8IKvG2naPZ9HeuhTYpnFKRk=| [Elapsed 00:00:00:00.0052827] Lcoo[LCOO].OnMatch 11440285
2017-05-31 16:51:04,876 [Dispatcher1] [INFO] |KUv5CjKqXpMzXobSBeXRcep6+LE=| [Elapsed 00:00:00:00.0004141] Lcoo[LCOO].OnMatch 11440265
2017-05-31 16:51:04,877 [Dispatcher3] [INFO] |tFYbwT5S+/JwlFNDBJxLwyBLmBg=| [Elapsed 00:00:00:00.0008862] Lcoo[LCOO].OnMatch 11440277
2017-05-31 16:51:04,877 [Dispatcher2] [INFO] |RMeA3T++/wun6EMD+LkdqbzBdxc=| [Elapsed 00:00:00:00.0047211] Lcoo[LCOO].OnMatch 11440261
2017-05-31 16:51:04,878 [Dispatcher1] [INFO] |wLb86eyKQkB1njV4Dh4qKgPy8n0=| [Elapsed 00:00:00:00.0010516] Lcoo[LCOO].OnMatch 11440287
2017-05-31 16:51:04,880 [Dispatcher3] [INFO] |enrvZ2dCujcZh/1T4sCWCBRumnQ=| [Elapsed 00:00:00:00.0019417] Lcoo[LCOO].OnMatch 11440273
2017-05-31 16:51:04,880 [Dispatcher1] [INFO] |9p3XKewsv1tDixqPjn5+idj9vZ0=| [Elapsed 00:00:00:00.0019540] Lcoo[LCOO].OnMatch 11440267
2017-05-31 16:51:04,881 [Dispatcher2] [INFO] |XvK21AhKjviyGjeCKn/IQ3aYYLw=| [Elapsed 00:00:00:00.0030442] Lcoo[LCOO].OnMatch 11440283
2017-05-31 16:51:04,883 [Dispatcher3] [INFO] |o4dvBAkKMaTenE9uy8gzM7Y3nB0=| [Elapsed 00:00:00:00.0025847] Lcoo[LCOO].OnMatch 11482749
2017-05-31 16:51:04,883 [Dispatcher2] [INFO] |Jex5HfXxvTQ5Hbxe+xtwx+6z/fI=| [Elapsed 00:00:00:00.0017350] Lcoo[LCOO].OnMatch 11482743
2017-05-31 16:51:04,887 [Dispatcher1] [INFO] |HeMmu612TfD0yXQzzb9L0VPeW3o=| [Elapsed 00:00:00:00.0055540] Lcoo[LCOO].OnMatch 11482747
2017-05-31 16:51:04,888 [Dispatcher2] [INFO] |VTRi439RAHVhqdmXLZKLL7omQdQ=| [Elapsed 00:00:00:00.0037160] Lcoo[LCOO].OnMatch 11482741
2017-05-31 16:51:04,888 [Dispatcher1] [INFO] |+QO9vWb0lBdvhYMqLAaaB8YupA8=| [Elapsed 00:00:00:00.0008629] Lcoo[LCOO].OnMatch 11482745
2017-05-31 16:51:04,889 [Dispatcher3] [INFO] |prtQFiEDLsFhLGpF8CQAkOdZgrU=| [Elapsed 00:00:00:00.0057920] Lcoo[LCOO].OnMatch 11450805
2017-05-31 16:51:04,890 [Dispatcher1] [INFO] |jvwKRPL/aDJCM0WBsAWZSGwRAjI=| [Elapsed 00:00:00:00.0008994] Lcoo[LCOO].OnMatch 11450811
2017-05-31 16:51:04,891 [Dispatcher3] [INFO] |mbEUW+jpAaL2Pqwr4PixTYwSPt8=| [Elapsed 00:00:00:00.0008197] Lcoo[LCOO].OnMatch 11450807
2017-05-31 16:51:04,894 [Dispatcher2] [INFO] |/GaXHY9EkYOxLbaSAKvU8uTk2D4=| [Elapsed 00:00:00:00.0060023] Lcoo[LCOO].OnMatch 11450801
2017-05-31 16:51:04,897 [Dispatcher2] [INFO] |oiKEy4EjTqGfxRcEWAPr5hgYbTA=| [Elapsed 00:00:00:00.0021969] Lcoo[LCOO].OnMatch 11450803
2017-05-31 16:51:04,897 [Dispatcher3] [INFO] |lD7sUujjWcjcQj6Lh9FiGPrBZ9c=| [Elapsed 00:00:00:00.0063319] Lcoo[LCOO].OnMatch 11450809
2017-05-31 16:51:04,898 [Dispatcher1] [INFO] |vHfYW9784hEyhQRT4dDMo+2r1cg=| [Elapsed 00:00:00:00.0081884] Lcoo[LCOO].OnMatch 11450813
2017-05-31 16:51:04,899 [Dispatcher3] [INFO] |2t7akvJoXMq93jeG6eD+Pw5pfow=| [Elapsed 00:00:00:00.0013980] Lcoo[LCOO].OnMatch 11450089
2017-05-31 16:51:04,899 [Dispatcher2] [INFO] |K5jofiGsVAxMMJcHW4tjaTXHoug=| [Elapsed 00:00:00:00.0020249] Lcoo[LCOO].OnMatch 11450093
2017-05-31 16:51:04,900 [Dispatcher1] [INFO] |Wv9Iz/2nndn2ufepb0/04pZNQdM=| [Elapsed 00:00:00:00.0007043] Lcoo[LCOO].OnMatch 11450799
2017-05-31 16:51:04,900 [Dispatcher1] [INFO] |vVzw/WJD3VAwzfmrfIIViHZfOYU=| [Elapsed 00:00:00:00.0004161] Lcoo[LCOO].OnMatch 11450095
2017-05-31 16:51:04,901 [Dispatcher3] [INFO] |Y2jaDW5M+nT5NUzAYyK5hz9jens=| [Elapsed 00:00:00:00.0011237] Lcoo[LCOO].OnMatch 11450097
2017-05-31 16:51:04,901 [Dispatcher2] [INFO] |67cywdSifZgpDORtxxzmXmXSeGg=| [Elapsed 00:00:00:00.0010728] Lcoo[LCOO].OnMatch 11450091
2017-05-31 16:51:04,901 [Dispatcher1] [INFO] |YlGXaBRbn136rjhUtzvCCVzzqbY=| [Elapsed 00:00:00:00.0005895] Lcoo[LCOO].OnMatch 11450087
2017-05-31 16:51:04,902 [Dispatcher2] [INFO] |LFcYqwMsB/vByDzkQbIJQcOGvMg=| [Elapsed 00:00:00:00.0004747] Lcoo[LCOO].OnMatch 11449579
2017-05-31 16:51:04,903 [Dispatcher1] [INFO] |aJ/vyn+76wVHH2lxPUcak5WFQYI=| [Elapsed 00:00:00:00.0011717] Lcoo[LCOO].OnMatch 11449575
2017-05-31 16:51:04,903 [Dispatcher3] [INFO] |V5XYsodk3gidTfui8h+zbr9KwwY=| [Elapsed 00:00:00:00.0021913] Lcoo[LCOO].OnMatch 11449585
2017-05-31 16:51:04,904 [Dispatcher2] [INFO] |5yeEp0gwkpfI2QFKNkOH7ZCa66Q=| [Elapsed 00:00:00:00.0014005] Lcoo[LCOO].OnMatch 11449581
2017-05-31 16:51:04,907 [Dispatcher1] [INFO] |gyoeRK3wiVi8KTUjNJacomoJqjo=| [Elapsed 00:00:00:00.0037430] Lcoo[LCOO].OnMatch 11449583
2017-05-31 16:51:04,908 [Dispatcher2] [INFO] |bqDsioDq3S4TmYLyNgPlQB0sNmk=| [Elapsed 00:00:00:00.0034315] Lcoo[LCOO].OnMatch 11449817
2017-05-31 16:51:04,910 [Dispatcher3] [INFO] |cAHQL30TaiE1JWbk4hIQXZm8YvU=| [Elapsed 00:00:00:00.0056250] Lcoo[LCOO].OnMatch 11449577
2017-05-31 16:51:04,910 [Dispatcher2] [INFO] |z4a+MqVpTCDvtr4ZWoIOfR/TUPo=| [Elapsed 00:00:00:00.0012445] Lcoo[LCOO].OnMatch 11449815
2017-05-31 16:51:04,911 [Dispatcher1] [INFO] |TCcmMsWXNI1Njl9urVMgYqX/ufs=| [Elapsed 00:00:00:00.0026915] Lcoo[LCOO].OnMatch 11449819
2017-05-31 16:51:04,912 [Dispatcher3] [INFO] |k1zlJsLhROOjSjSt47Af/HgI75o=| [Elapsed 00:00:00:00.0012406] Lcoo[LCOO].OnMatch 11449813
2017-05-31 16:51:04,913 [Dispatcher3] [INFO] |uH5KxxGcyN7qiCT2fq1S7oLhx64=| [Elapsed 00:00:00:00.0009011] Lcoo[LCOO].OnMatch 11482977
2017-05-31 16:51:57,710 [Dispatcher1] [INFO] |rYpcgKf1uDPdH4V8G+WbSW7zMBw=| [Elapsed 00:00:00:00.0304985] Lcoo[LCOO].OnMatch 11015169
2017-05-31 16:51:57,711 [Dispatcher3] [INFO] |dMWuoNWWcGHx6vhkCmEj/PDzMvA=| [Elapsed 00:00:00:00.0012662] Lcoo[LCOO].OnMatch 11482977
2017-05-31 16:52:59,415 [Dispatcher2] [INFO] |/36WKSNVS0ubKzYI2e1U7SACb0g=| [Elapsed 00:00:00:00.0009665] Lcoo[LCOO].OnMatch 11660849
2017-05-31 16:52:59,417 [Dispatcher3] [INFO] |xGlgA9a8x+fdv0Zqy3eUpcJyUNo=| [Elapsed 00:00:00:00.0006494] Lcoo[LCOO].OnMatch 11750763
2017-05-31 16:52:59,417 [Dispatcher1] [INFO] |k3+Dsyto01KKShKMavB/YJ6wy4U=| [Elapsed 00:00:00:00.0006004] Lcoo[LCOO].OnMatch 11750741
2017-05-31 16:52:59,418 [Dispatcher2] [INFO] |J/UloGnKnDQaozIHPRuS/R9NSnc=| [Elapsed 00:00:00:00.0013808] Lcoo[LCOO].OnMatch 11750749
2017-05-31 16:52:59,439 [Dispatcher3] [INFO] |/Bk9tMZ0k3EKFrmDwH4EpYWVszY=| [Elapsed 00:00:00:00.0028755] Lcoo[LCOO].OnOutright 44519
2017-05-31 17:12:14,194 [10] [INFO] |zs/2erQwd5Ngq3Rba9qJMdhKqpA=| Stop
2017-05-31 22:28:06,686 [10] [INFO] |aIl7O06l3gsQB/xE1I25vWPjucQ=| Client subscribed to ILcoo.OnMatch
2017-05-31 22:28:06,687 [10] [INFO] |xx3FPm+Z89nNS+/bnmlmwEkF4WU=| Client subscribed to ILcoo.OnOutright
2017-05-31 22:28:06,688 [10] [INFO] |uUEVb3KsOM2D3ccn6o+xyx01Mwo=| Client subscribed to ILcoo.OnThreeBall
2017-05-31 22:28:09,321 [10] [INFO] |TEErI9BBbSGPhvQIZCd2NWXCELE=| Start
2017-05-31 22:28:25,292 [Dispatcher2] [INFO] |5RnjqRSPPc6tODsjyX/GXr3NluA=| [Elapsed 00:00:00:00.0131857] Lcoo[LCOO].OnMatch 11757330
2017-05-31 22:28:25,294 [Dispatcher1] [INFO] |2MXGeGtYs+1j6htVhNn5p4G24ms=| [Elapsed 00:00:00:00.0138818] Lcoo[LCOO].OnMatch 11729349
2017-05-31 22:28:25,295 [Dispatcher3] [INFO] |3y/CTg2mXb2E2U/cUVw8nyOT18c=| [Elapsed 00:00:00:00.0155063] Lcoo[LCOO].OnMatch 11671285
2017-05-31 22:28:58,544 [Dispatcher2] [INFO] |ZLcYW1uGkJQyyL/a/GHwF75XnI8=| [Elapsed 00:00:00:00.0182011] Lcoo[LCOO].OnMatch 9775133
2017-05-31 22:28:58,545 [Dispatcher3] [INFO] |QiKRVynSyFixA/DCR6mtyzxyG1A=| [Elapsed 00:00:00:00.0202186] Lcoo[LCOO].OnMatch 9775141
2017-05-31 22:28:58,549 [Dispatcher1] [INFO] |Qy8ZJmSD6gzudC/SgWWTeAftM74=| [Elapsed 00:00:00:00.0208127] Lcoo[LCOO].OnMatch 10982506
2017-05-31 22:28:58,556 [Dispatcher3] [INFO] |WBhGNo+R7B+ThJ1S9C94xjGOIAQ=| [Elapsed 00:00:00:00.0083766] Lcoo[LCOO].OnMatch 11671291
2017-05-31 22:28:58,557 [Dispatcher2] [INFO] |MsIlRhut6bgCPmmW0on6GPjapmo=| [Elapsed 00:00:00:00.0080991] Lcoo[LCOO].OnMatch 11756748
2017-05-31 22:28:58,569 [Dispatcher1] [INFO] |zDQ6aiWIPvPiwaFZjTT6gJwBKOg=| [Elapsed 00:00:00:00.0058048] Lcoo[LCOO].OnMatch 10943516
2017-05-31 22:28:58,569 [Dispatcher3] [INFO] |fUsL3xCD53Faf7L5HkoOF4oFisU=| [Elapsed 00:00:00:00.0093583] Lcoo[LCOO].OnMatch 11481663
2017-05-31 22:28:58,573 [Dispatcher2] [INFO] |bcswVSjJRbeLEn/PvtBcSv2QkMk=| [Elapsed 00:00:00:00.0061462] Lcoo[LCOO].OnMatch 11480699
2017-05-31 22:28:58,574 [Dispatcher1] [INFO] |SR+5cT110fihusrB9NJohwjJ6ls=| [Elapsed 00:00:00:00.0032145] Lcoo[LCOO].OnMatch 11729353
2017-05-31 22:28:58,581 [Dispatcher1] [INFO] |uyH7AAljUHUw5zVhrDLbCzhl910=| [Elapsed 00:00:00:00.0063993] Lcoo[LCOO].OnMatch 11481583
2017-05-31 22:29:10,630 [Dispatcher3] [INFO] |pCuVbsOkErMSQ7ktek9wu+uY4b0=| [Elapsed 00:00:00:00.0008533] Lcoo[LCOO].OnMatch 9775141
2017-05-31 22:29:10,632 [Dispatcher2] [INFO] |WAjW6e+oEYaUL1ufjuRj/iMAU4A=| [Elapsed 00:00:00:00.0004482] Lcoo[LCOO].OnMatch 11756748
2017-05-31 22:29:10,633 [Dispatcher2] [INFO] |Fv7PE8bXAZPAChq7Xj/xabLm2Fo=| [Elapsed 00:00:00:00.0004834] Lcoo[LCOO].OnMatch 11756536
2017-05-31 22:29:10,636 [Dispatcher3] [INFO] |1EXxqBT5nH5DLe4NyVbCQbyTkfo=| [Elapsed 00:00:00:00.0016659] Lcoo[LCOO].OnMatch 11671287
2017-05-31 22:29:10,637 [Dispatcher1] [INFO] |uR0UKWcRXISj6FGrlsHt6qrPHsw=| [Elapsed 00:00:00:00.0026005] Lcoo[LCOO].OnMatch 11671289
2017-05-31 22:29:10,638 [Dispatcher2] [INFO] |bKU6yFNWhM40kcjDq6GYmSsM8o4=| [Elapsed 00:00:00:00.0014523] Lcoo[LCOO].OnMatch 11752580
2017-05-31 22:29:10,639 [Dispatcher3] [INFO] |kxcbS9YTv44fVG//IFTxVLlleCs=| [Elapsed 00:00:00:00.0017667] Lcoo[LCOO].OnMatch 11752572
2017-05-31 22:29:25,750 [Dispatcher3] [INFO] |mH3TvcYDprbTcffHqKGIh2z+ntI=| [Elapsed 00:00:00:00.0022357] Lcoo[LCOO].OnMatch 9775141
2017-05-31 22:29:25,750 [Dispatcher1] [INFO] |N23YbwZVlBtZpOAUSPtr4t56cbU=| [Elapsed 00:00:00:00.0013815] Lcoo[LCOO].OnMatch 11117029
2017-05-31 22:29:25,752 [Dispatcher2] [INFO] |bWFm6baQmXF9HpYuAVEl2X1jEhg=| [Elapsed 00:00:00:00.0007088] Lcoo[LCOO].OnMatch 11751139
2017-05-31 22:29:25,755 [Dispatcher1] [INFO] |a7GNWx+Z+XpMfGXwAdtSOmcPoLo=| [Elapsed 00:00:00:00.0013037] Lcoo[LCOO].OnMatch 11729357
2017-05-31 22:29:25,759 [Dispatcher3] [INFO] |eocLVFz5X9xWNzktK4MKjwpEuAU=| [Elapsed 00:00:00:00.0049889] Lcoo[LCOO].OnMatch 11729355
2017-05-31 22:29:25,759 [Dispatcher2] [INFO] |tBD82+s7EOtl40ZMh4q2qXlLvMo=| [Elapsed 00:00:00:00.0010593] Lcoo[LCOO].OnMatch 11752570
2017-05-31 22:29:25,761 [Dispatcher1] [INFO] |UqF+kgHN3LUxtUmD5uu0itrrH+s=| [Elapsed 00:00:00:00.0029266] Lcoo[LCOO].OnMatch 11752566
2017-05-31 22:29:25,762 [Dispatcher3] [INFO] |RpiLUBtQYXOoVr0+xIHDlPLq7nY=| [Elapsed 00:00:00:00.0027903] Lcoo[LCOO].OnMatch 11752582
2017-05-31 22:29:25,763 [Dispatcher2] [INFO] |zRAklPfFK4dOYI6/1oVkjCUCX7s=| [Elapsed 00:00:00:00.0020840] Lcoo[LCOO].OnMatch 11755486
2017-05-31 22:29:56,186 [Dispatcher2] [INFO] |6jrPB13R/jZPqSZwdKnfCtWqpoE=| [Elapsed 00:00:00:00.0003132] Lcoo[LCOO].OnMatch 11750653
2017-05-31 22:29:56,186 [Dispatcher1] [INFO] |6ZVkkogF4bJz3E4ZjtK4jJuqRP0=| [Elapsed 00:00:00:00.0008838] Lcoo[LCOO].OnMatch 11750823
2017-05-31 22:29:56,186 [Dispatcher3] [INFO] |wHUTqP+k9gmvqNcqAu2FLAbItj0=| [Elapsed 00:00:00:00.0007086] Lcoo[LCOO].OnMatch 11753360
2017-05-31 22:29:56,190 [Dispatcher3] [INFO] |w5uY5xBK6rKV+LCkj52MwihJfug=| [Elapsed 00:00:00:00.0007130] Lcoo[LCOO].OnMatch 11671295
2017-05-31 22:29:56,194 [Dispatcher1] [INFO] |exc1UjYRegQFURcOd2nIoSfIKik=| [Elapsed 00:00:00:00.0030419] Lcoo[LCOO].OnMatch 11752578
2017-05-31 22:29:56,205 [Dispatcher2] [INFO] |ilTkHM3qQQWqYQyAUB8PKLnBKGE=| [Elapsed 00:00:00:00.0020042] Lcoo[LCOO].OnOutright 39534
2017-05-31 22:29:56,206 [Dispatcher3] [INFO] |VR67To5uPQaax42M8FpmN+cqpJM=| [Elapsed 00:00:00:00.0024333] Lcoo[LCOO].OnOutright 39530
2017-05-31 22:30:11,068 [Dispatcher1] [INFO] |u9pKe99CK6BukpjgkJEiMvunz4Q=| [Elapsed 00:00:00:00.0022695] Lcoo[LCOO].OnMatch 11752568
2017-05-31 22:30:57,641 [Dispatcher2] [INFO] |JvA00aFOix2Tk2uHrJ7AuVnFtMQ=| [Elapsed 00:00:00:00.0018206] Lcoo[LCOO].OnMatch 11500411
2017-05-31 22:31:28,730 [Dispatcher3] [INFO] |wUR47unKqLe6wCvwzH7dZsb0+9c=| [Elapsed 00:00:00:00.0015383] Lcoo[LCOO].OnMatch 11364551
2017-05-31 22:31:28,735 [Dispatcher1] [INFO] |7XXMJd6ooiyWXXOTd8f/d+rWodE=| [Elapsed 00:00:00:00.0051311] Lcoo[LCOO].OnMatch 11364543
2017-05-31 22:31:28,736 [Dispatcher2] [INFO] |dSgmSgL0nYZCLmnLeO/fDWM58dc=| [Elapsed 00:00:00:00.0079104] Lcoo[LCOO].OnMatch 11417239
2017-05-31 22:31:28,738 [Dispatcher3] [INFO] |qKBkhgscZgcKEZY9tQDrqPW5Z+I=| [Elapsed 00:00:00:00.0074672] Lcoo[LCOO].OnMatch 11417241
2017-05-31 22:31:28,740 [Dispatcher1] [INFO] |danVfiLKQg4uTLl/nRHTFGwqsFE=| [Elapsed 00:00:00:00.0046010] Lcoo[LCOO].OnMatch 11117029
2017-05-31 22:31:28,741 [Dispatcher2] [INFO] |gzMRxniv2GcG5Zo3jeIZ1aCmIPM=| [Elapsed 00:00:00:00.0037343] Lcoo[LCOO].OnMatch 11500411
2017-05-31 22:31:28,746 [Dispatcher3] [INFO] |2JwQ+qYV/7D+D9KDik8mXTD/2sw=| [Elapsed 00:00:00:00.0073552] Lcoo[LCOO].OnMatch 11671293
2017-05-31 22:31:28,747 [Dispatcher1] [INFO] |dV57Qyv3iTvJ5RXTIvFF2rYGz2g=| [Elapsed 00:00:00:00.0053709] Lcoo[LCOO].OnMatch 11499759
2017-05-31 22:31:28,747 [Dispatcher2] [INFO] |LIg+g0/oPGlSJwWPVRpP2xbcNiE=| [Elapsed 00:00:00:00.0046922] Lcoo[LCOO].OnMatch 10943512
2017-05-31 22:31:28,748 [Dispatcher1] [INFO] |mifmsfNuscEow2zMIzMLOix9BvI=| [Elapsed 00:00:00:00.0009131] Lcoo[LCOO].OnMatch 11671297
2017-05-31 22:31:41,854 [Dispatcher3] [INFO] |cqBP93kiKqQuo4wiJfCCHNZucjI=| [Elapsed 00:00:00:00.0008783] Lcoo[LCOO].OnMatch 11617695
2017-05-31 22:31:41,854 [Dispatcher2] [INFO] |fvCwxG93wDHLQ6xtSXXAuXoWmrI=| [Elapsed 00:00:00:00.0009664] Lcoo[LCOO].OnMatch 11417239
2017-05-31 22:31:41,855 [Dispatcher1] [INFO] |brgZjA4r6ekZXFQXBzf0smmxWH4=| [Elapsed 00:00:00:00.0017389] Lcoo[LCOO].OnMatch 11364543
2017-05-31 22:31:41,858 [Dispatcher2] [INFO] |iMfwAyLduNPzrGRalh5ES4TDTVQ=| [Elapsed 00:00:00:00.0012106] Lcoo[LCOO].OnMatch 10943512
2017-05-31 22:31:41,859 [Dispatcher3] [INFO] |a2d3hl2QwLZddoBAHTyhnfjcSaM=| [Elapsed 00:00:00:00.0044389] Lcoo[LCOO].OnMatch 11364551
2017-05-31 22:31:41,859 [Dispatcher1] [INFO] |znieCT6Kmq20TKwoN9yVkK/sEpo=| [Elapsed 00:00:00:00.0038071] Lcoo[LCOO].OnMatch 11117029
2017-05-31 22:31:41,861 [Dispatcher1] [INFO] |+QLMiQwwB4E+ahwpep3EPTw55y0=| [Elapsed 00:00:00:00.0009973] Lcoo[LCOO].OnMatch 11499759
2017-05-31 22:31:41,862 [Dispatcher3] [INFO] |wCPANeqlPr3SlLQtYawUPBqri+Y=| [Elapsed 00:00:00:00.0021120] Lcoo[LCOO].OnMatch 11417241
2017-05-31 22:31:41,863 [Dispatcher1] [INFO] |LygtsRjFIObUbkttC2uirQwmVxI=| [Elapsed 00:00:00:00.0013336] Lcoo[LCOO].OnMatch 11742275
2017-05-31 22:31:41,863 [Dispatcher2] [INFO] |nBcP+sZi5wEBJjvrr7aunBT8Rs4=| [Elapsed 00:00:00:00.0023879] Lcoo[LCOO].OnOutright 39534
2017-05-31 22:31:54,833 [Dispatcher3] [INFO] |5Tphc0AxJS1xuzF1yCw1n6+IL1Q=| [Elapsed 00:00:00:00.0005309] Lcoo[LCOO].OnMatch 10933852
2017-05-31 22:31:54,833 [Dispatcher1] [INFO] |vAHC4LMBcRoqw82Tn3lwN5HO5fs=| [Elapsed 00:00:00:00.0005381] Lcoo[LCOO].OnMatch 11364543
2017-05-31 22:31:54,834 [Dispatcher2] [INFO] |LvamR3z5XbAwMmt/KLa2o4tJfBY=| [Elapsed 00:00:00:00.0017954] Lcoo[LCOO].OnMatch 11702349
2017-05-31 22:31:54,835 [Dispatcher3] [INFO] |ttu0JIzxuSstuEIbERvwN8fZbUY=| [Elapsed 00:00:00:00.0012722] Lcoo[LCOO].OnMatch 11364551
2017-05-31 22:31:54,837 [Dispatcher1] [INFO] |6jQt5wsF9J+mcj0AAQB6quAEwzs=| [Elapsed 00:00:00:00.0008117] Lcoo[LCOO].OnMatch 11752564
2017-05-31 22:31:54,838 [Dispatcher2] [INFO] |zRCgraYIer4jGLS02M5kW+K6mOE=| [Elapsed 00:00:00:00.0013024] Lcoo[LCOO].OnMatch 11752574
2017-05-31 22:31:54,838 [Dispatcher3] [INFO] |R91pwZjtoNnXVnepRejRZ7X98dk=| [Elapsed 00:00:00:00.0015434] Lcoo[LCOO].OnMatch 11752576
2017-05-31 22:35:11,274 [Dispatcher2] [INFO] |AswzcVG8PMYdH94wtTvmbFrI7v0=| [Elapsed 00:00:00:00.0025351] Lcoo[LCOO].OnMatch 11518509
2017-05-31 22:35:11,275 [Dispatcher3] [INFO] |4jGN4jFndAuSm1iUcMdxf/HIuIk=| [Elapsed 00:00:00:00.0054967] Lcoo[LCOO].OnMatch 10922800
2017-05-31 22:35:11,274 [Dispatcher1] [INFO] |OxWIHJPE3LUef+NIyJ+4/jL+Zsg=| [Elapsed 00:00:00:00.0049360] Lcoo[LCOO].OnMatch 7678558
2017-05-31 22:35:11,282 [Dispatcher1] [INFO] |ms1GxyNeeZj4LY7l30gM0/zrLio=| [Elapsed 00:00:00:00.0046646] Lcoo[LCOO].OnMatch 10933862
2017-05-31 22:35:11,285 [Dispatcher3] [INFO] |5jfLyaDemegI2PMSa+tZQeItC3k=| [Elapsed 00:00:00:00.0075616] Lcoo[LCOO].OnMatch 10933852
2017-05-31 22:35:11,284 [Dispatcher2] [INFO] |7m7tf2/VON+d5fzmT8wtrerzn00=| [Elapsed 00:00:00:00.0067475] Lcoo[LCOO].OnMatch 11702349
2017-05-31 22:35:11,288 [Dispatcher1] [INFO] |Of/JCsOa0T7Uh6mIqXyOxzUQ6bc=| [Elapsed 00:00:00:00.0045884] Lcoo[LCOO].OnMatch 9815517
2017-05-31 22:35:11,292 [Dispatcher1] [INFO] |L6CFvY2v48A4l8Mm5EwrSy53qus=| [Elapsed 00:00:00:00.0037948] Lcoo[LCOO].OnMatch 11750547
2017-05-31 22:35:11,293 [Dispatcher2] [INFO] |sw9kQoQ5Be6E6Dw5XM4vGWRwLKY=| [Elapsed 00:00:00:00.0067054] Lcoo[LCOO].OnMatch 9732483
2017-05-31 22:35:11,294 [Dispatcher3] [INFO] |ZDZJ6iHeD+ZgoPaSsIKxgpcyOmc=| [Elapsed 00:00:00:00.0076923] Lcoo[LCOO].OnMatch 11549849
2017-05-31 22:35:11,295 [Dispatcher2] [INFO] |cJ0dfBZEtHqH6VL35u67f44Whqg=| [Elapsed 00:00:00:00.0012025] Lcoo[LCOO].OnMatch 10933860
2017-05-31 22:35:11,296 [Dispatcher3] [INFO] |l40lxTdHuxI2aXycMBRtsQhcgMM=| [Elapsed 00:00:00:00.0011504] Lcoo[LCOO].OnMatch 9815519
2017-05-31 22:35:11,296 [Dispatcher1] [INFO] |3mjdKH8FDm6WU6exzV9ZNs3pKSQ=| [Elapsed 00:00:00:00.0034664] Lcoo[LCOO].OnMatch 9612181
2017-05-31 22:35:11,297 [Dispatcher2] [INFO] |e2Nyslr8j6rgjkBt64FcPdR1SUo=| [Elapsed 00:00:00:00.0015455] Lcoo[LCOO].OnMatch 11709683
2017-05-31 22:35:11,298 [Dispatcher3] [INFO] |sxz4D5iDtL5jVIycGj2xhvOaFMw=| [Elapsed 00:00:00:00.0016973] Lcoo[LCOO].OnMatch 9612179
2017-05-31 22:35:11,299 [Dispatcher2] [INFO] |X+7TBb3YMqQCUeSyhr5+HisZqzk=| [Elapsed 00:00:00:00.0015685] Lcoo[LCOO].OnMatch 9815529
2017-05-31 22:35:11,300 [Dispatcher3] [INFO] |YLOcSH6NejIODEa7NgEm/55bU20=| [Elapsed 00:00:00:00.0012741] Lcoo[LCOO].OnMatch 11577959
2017-05-31 22:35:11,300 [Dispatcher1] [INFO] |SZ+KPka5TLk4WFRJSC4BN88yNEQ=| [Elapsed 00:00:00:00.0031253] Lcoo[LCOO].OnMatch 11500413
2017-05-31 22:35:11,304 [Dispatcher3] [INFO] |8zJv1Ujp+s+zk/+9Tyv/sht5KC0=| [Elapsed 00:00:00:00.0037401] Lcoo[LCOO].OnMatch 11728467
2017-05-31 22:35:11,304 [Dispatcher2] [INFO] |Xipzvn6MgEIB6w7XNgFyt8RL0FY=| [Elapsed 00:00:00:00.0044381] Lcoo[LCOO].OnMatch 9612175
2017-05-31 22:35:11,306 [Dispatcher3] [INFO] |JzdT52PUQUim/YLMdhxQzOtjsNU=| [Elapsed 00:00:00:00.0007096] Lcoo[LCOO].OnMatch 11742311
2017-05-31 22:35:11,308 [Dispatcher1] [INFO] |ejnsKbsDju6fFgjFQMz7i72XBEg=| [Elapsed 00:00:00:00.0072440] Lcoo[LCOO].OnMatch 11592707
2017-05-31 22:35:11,311 [Dispatcher2] [INFO] |TBoRfkAjV9jVd8ezCMYBFVYCQC4=| [Elapsed 00:00:00:00.0061828] Lcoo[LCOO].OnMatch 9612177
2017-05-31 22:35:11,311 [Dispatcher3] [INFO] |7TF69UleI/uDgiCNki/AtCdqXNY=| [Elapsed 00:00:00:00.0051970] Lcoo[LCOO].OnMatch 11742003
2017-05-31 22:35:11,314 [Dispatcher3] [INFO] |XClpxLFPD0eFfJHQpunJvwhTjls=| [Elapsed 00:00:00:00.0018893] Lcoo[LCOO].OnMatch 11751043
2017-05-31 22:35:11,314 [Dispatcher2] [INFO] |4tH/qQfduNBJ9wbYWrj6j1nbXkk=| [Elapsed 00:00:00:00.0029215] Lcoo[LCOO].OnMatch 11751061
2017-05-31 22:35:11,315 [Dispatcher3] [INFO] |/9AuKzGonnTlKG20awrKlRFm5/A=| [Elapsed 00:00:00:00.0006833] Lcoo[LCOO].OnMatch 11750573
2017-05-31 22:35:11,317 [Dispatcher2] [INFO] |KMvFwE+bH+4gZag6ixwvuE9+roA=| [Elapsed 00:00:00:00.0017703] Lcoo[LCOO].OnMatch 11100491
2017-05-31 22:35:11,317 [Dispatcher1] [INFO] |krYDteEx/RNCUkFVYlfacbltIbI=| [Elapsed 00:00:00:00.0082559] Lcoo[LCOO].OnMatch 11751119
2017-05-31 22:35:11,318 [Dispatcher3] [INFO] |sl2JkwzdLX6SOVT0ejulLhaiJbE=| [Elapsed 00:00:00:00.0024115] Lcoo[LCOO].OnMatch 11750577
2017-05-31 22:35:11,319 [Dispatcher1] [INFO] |FDgqH0YamsOfgv07K1K9URL1FeE=| [Elapsed 00:00:00:00.0008476] Lcoo[LCOO].OnMatch 11750127
2017-05-31 22:35:11,320 [Dispatcher2] [INFO] |3vT4jO/gpLw/Wl9f8vvlQzAX4I8=| [Elapsed 00:00:00:00.0021438] Lcoo[LCOO].OnMatch 11757502
2017-05-31 22:35:11,321 [Dispatcher1] [INFO] |IAlGy8r1CJmHhYBCEHl4dkvzN1Q=| [Elapsed 00:00:00:00.0015022] Lcoo[LCOO].OnMatch 11741263
2017-05-31 22:35:11,328 [Dispatcher3] [INFO] |QxK9P3pGhtkCFzYUq8UUxTKnQUw=| [Elapsed 00:00:00:00.0091606] Lcoo[LCOO].OnMatch 9890579
2017-05-31 22:35:11,329 [Dispatcher1] [INFO] |mOfG1cF5eMFYZmx5yDaZgETdSTQ=| [Elapsed 00:00:00:00.0075053] Lcoo[LCOO].OnMatch 11750579
2017-05-31 22:35:11,330 [Dispatcher2] [INFO] |aGjdgUiQ98ykjCG3Z52HC/DEA9Q=| [Elapsed 00:00:00:00.0098751] Lcoo[LCOO].OnMatch 11756956
2017-05-31 22:35:11,337 [Dispatcher1] [INFO] |g1Na003S51kuvqJcXmqSXiyJK/8=| [Elapsed 00:00:00:00.0070014] Lcoo[LCOO].OnMatch 10001749
2017-05-31 22:35:11,337 [Dispatcher2] [INFO] |rJcprJ4KwqbA0M2WByk+g8zOuUc=| [Elapsed 00:00:00:00.0070644] Lcoo[LCOO].OnMatch 11741297
2017-05-31 22:35:11,340 [Dispatcher2] [INFO] |ZCWzklBDcxQwBhUm5eM5uVS4oDI=| [Elapsed 00:00:00:00.0023687] Lcoo[LCOO].OnMatch 11750565
2017-05-31 22:37:26,240 [Dispatcher2] [INFO] |fvmiMVPafn/OtdMAXWaLwzIR/Fw=| [Elapsed 00:00:00:00.0005704] Lcoo[LCOO].OnMatch 11518509
2017-05-31 22:37:26,241 [Dispatcher3] [INFO] |MyLGxuHVNbKExnuBzeJIpCP9aIY=| [Elapsed 00:00:00:00.0017230] Lcoo[LCOO].OnMatch 10922800
2017-05-31 22:37:26,244 [Dispatcher2] [INFO] |vrRKlvUffiVj7bnT2pNTIPbYfpA=| [Elapsed 00:00:00:00.0012854] Lcoo[LCOO].OnMatch 9732483
2017-05-31 22:37:26,244 [Dispatcher3] [INFO] |DeSoHbYZSx1/r2a71kEaGIGvbDo=| [Elapsed 00:00:00:00.0006121] Lcoo[LCOO].OnMatch 9815519
2017-05-31 22:37:26,245 [Dispatcher1] [INFO] |jY4c0eoTYwQQIkpxQu80GB69Y5o=| [Elapsed 00:00:00:00.0030503] Lcoo[LCOO].OnMatch 10933862
2017-05-31 22:37:26,246 [Dispatcher2] [INFO] |SrO+1qgMX9ojhrWGiLNE4XLf7Do=| [Elapsed 00:00:00:00.0016310] Lcoo[LCOO].OnMatch 10933860
2017-05-31 22:37:26,247 [Dispatcher1] [INFO] |2Xkflm0Hr5e3tuPhqBziw8O4NLA=| [Elapsed 00:00:00:00.0012834] Lcoo[LCOO].OnMatch 9815517
2017-05-31 22:37:26,247 [Dispatcher2] [INFO] |ZUVH4m8VvkUc5AXx98/8w1sIRNQ=| [Elapsed 00:00:00:00.0009907] Lcoo[LCOO].OnMatch 11709683
2017-05-31 22:37:26,248 [Dispatcher3] [INFO] |EWu9rvHJ0r+xS7E5etDFOaqs3C8=| [Elapsed 00:00:00:00.0027358] Lcoo[LCOO].OnMatch 9612179
2017-05-31 22:37:26,249 [Dispatcher2] [INFO] |jGLuzAlv6cl/a8mzwQ2uJTrHZdw=| [Elapsed 00:00:00:00.0010526] Lcoo[LCOO].OnMatch 9612177
2017-05-31 22:37:26,249 [Dispatcher1] [INFO] |PLAyZYK0/6gzjHR1FoNJizTDoO4=| [Elapsed 00:00:00:00.0018812] Lcoo[LCOO].OnMatch 9612181
2017-05-31 22:37:26,252 [Dispatcher2] [INFO] |Ii33ipW7pkF/sXRpvtTwFPcrS30=| [Elapsed 00:00:00:00.0025557] Lcoo[LCOO].OnMatch 11751127
2017-05-31 22:37:26,253 [Dispatcher3] [INFO] |3njhTGlX4cSAaWpVnh4SEWqVL6E=| [Elapsed 00:00:00:00.0043962] Lcoo[LCOO].OnMatch 11742311
2017-05-31 22:37:26,254 [Dispatcher1] [INFO] |9gaYy0NaUzd+DygjFLYiet+fNgM=| [Elapsed 00:00:00:00.0036933] Lcoo[LCOO].OnMatch 11500413
2017-05-31 22:37:26,254 [Dispatcher3] [INFO] |3W45uULD063rsXyeOJRoQJf3dck=| [Elapsed 00:00:00:00.0008515] Lcoo[LCOO].OnMatch 9890579
2017-05-31 22:37:29,530 [Dispatcher3] [INFO] |Xx0gWoFQv6w/CbKSzhcSAyGM3ak=| [Elapsed 00:00:00:03.2739321] Lcoo[LCOO].OnMatch 11481663
2017-05-31 22:37:29,559 [Dispatcher1] [INFO] |d4avzCWoHExgEfSgLTmXQHX1TgM=| [Elapsed 00:00:00:00.0304968] Lcoo[LCOO].OnMatch 11751119
2017-05-31 22:37:29,572 [Dispatcher1] [INFO] |xwVaYpz3ZPEmeCROgTTUYqgwThw=| [Elapsed 00:00:00:00.0112322] Lcoo[LCOO].OnMatch 10001749
2017-05-31 22:37:29,574 [Dispatcher3] [INFO] |uqc1nMK/M8sJiiXTTcqucqykRBc=| [Elapsed 00:00:00:00.0439886] Lcoo[LCOO].OnMatch 11481665
2017-05-31 22:37:29,581 [Dispatcher1] [INFO] |quL33AO076sKmcI4thRsj0ZG7XA=| [Elapsed 00:00:00:00.0077821] Lcoo[LCOO].OnMatch 11481583
2017-05-31 22:37:29,583 [Dispatcher1] [INFO] |nGJWL8wb39FGlN65XhYFcQMaRug=| [Elapsed 00:00:00:00.0010682] Lcoo[LCOO].OnOutright 38196
2017-05-31 22:38:08,288 [10] [INFO] |kUs8Nnim6QzWTLlL83D1jG4dATo=| Client subscribed to ILcoo.OnMatch
2017-05-31 22:38:08,289 [10] [INFO] |EQs2ZGxvdV72/Lj4vMIfAQcmids=| Client subscribed to ILcoo.OnOutright
2017-05-31 22:38:08,289 [10] [INFO] |fs3JSfQyAP1/A85MKRhTvk1I+6A=| Client subscribed to ILcoo.OnThreeBall
2017-05-31 22:38:10,840 [10] [INFO] |UCDM1L6qNNhubpiQDrnbwCA1sEY=| Start
2017-05-31 22:38:37,059 [Dispatcher3] [INFO] |TOfFrqcipBdkJoA5MG/MyhJzk58=| [Elapsed 00:00:00:00.0093535] Lcoo[LCOO].OnMatch 11391857
2017-05-31 22:38:37,082 [Dispatcher3] [INFO] |aJRElpbfM8zBMNLm3g0jEKbpJt0=| [Elapsed 00:00:00:00.0214408] Lcoo[LCOO].OnMatch 11571921
2017-05-31 22:38:37,103 [Dispatcher3] [INFO] |vz6HYKNqwPi0iH/r3cMBIulaZFI=| [Elapsed 00:00:00:00.0197558] Lcoo[LCOO].OnMatch 11757560
2017-05-31 22:38:37,617 [Dispatcher1] [INFO] |i9imxfY52p0b6k0Y1POJWgGcUYE=| [Elapsed 00:00:00:00.0077458] Lcoo[LCOO].OnMatch 11571905
2017-05-31 22:38:37,642 [Dispatcher1] [INFO] |DiO6iDlCEkQfeqf0B+VN36h7mNc=| [Elapsed 00:00:00:00.0235991] Lcoo[LCOO].OnMatch 11719063
2017-05-31 22:38:39,800 [Dispatcher2] [INFO] |7KNAIeTXVuyaxem6Ip5E9oHxgwI=| [Elapsed 00:00:00:00.0081563] Lcoo[LCOO].OnMatch 11571917
2017-05-31 22:38:39,813 [Dispatcher2] [INFO] |z4mfk38G3xf1kP0iHqg9px+hlcs=| [Elapsed 00:00:00:00.0112469] Lcoo[LCOO].OnMatch 11756956
2017-05-31 22:39:27,972 [Dispatcher3] [INFO] |1N/OK2MMCuwPOk4a9Enk+m/Tslc=| [Elapsed 00:00:00:00.0018690] Lcoo[LCOO].OnMatch 11549849
2017-05-31 22:39:27,971 [Dispatcher1] [INFO] |cPWeoNDT4OnyXc23tK0tlkZjRcs=| [Elapsed 00:00:00:00.0021343] Lcoo[LCOO].OnMatch 7678558
2017-05-31 22:39:27,973 [Dispatcher2] [INFO] |gq0Iv3K3EVvMU0S+ySFb2yb+jc0=| [Elapsed 00:00:00:00.0044626] Lcoo[LCOO].OnMatch 11518509
2017-05-31 22:39:27,978 [Dispatcher3] [INFO] |/eqS7Y6oqV3cepcOpAWdf+tVCZU=| [Elapsed 00:00:00:00.0027440] Lcoo[LCOO].OnMatch 9815529
2017-05-31 22:39:27,981 [Dispatcher1] [INFO] |Dd2FAiXZIuJaMWSMHgQJlMWGIHQ=| [Elapsed 00:00:00:00.0043212] Lcoo[LCOO].OnMatch 9815519
2017-05-31 22:39:27,982 [Dispatcher1] [INFO] |En/OooWoiVPfZi+2fe6wLhwlmvw=| [Elapsed 00:00:00:00.0009725] Lcoo[LCOO].OnMatch 11750547
2017-05-31 22:39:27,983 [Dispatcher2] [INFO] |s96Oeu6cyFvbRzv5OK1zIwODCik=| [Elapsed 00:00:00:00.0046085] Lcoo[LCOO].OnMatch 9732483
2017-05-31 22:39:27,983 [Dispatcher3] [INFO] |bolaSLgmLSHipzGfPXfgA67j4kg=| [Elapsed 00:00:00:00.0033356] Lcoo[LCOO].OnMatch 9612181
2017-05-31 22:39:27,986 [Dispatcher2] [INFO] |/ng6zKt7ZRaAyL0K7E3WmKx8KD0=| [Elapsed 00:00:00:00.0011311] Lcoo[LCOO].OnMatch 11709683
2017-05-31 22:39:27,987 [Dispatcher1] [INFO] |08Yjm8V0VDmMDBKtCYtK80jhx+Y=| [Elapsed 00:00:00:00.0025459] Lcoo[LCOO].OnMatch 9612179
2017-05-31 22:39:27,986 [Dispatcher3] [INFO] |Fce8fmzsbe3QWqFn6FwFBWVkGSo=| [Elapsed 00:00:00:00.0021499] Lcoo[LCOO].OnMatch 10893678
2017-05-31 22:39:27,988 [Dispatcher2] [INFO] |WdsHlCblnFyL6wsEKVYIMtZ9P9A=| [Elapsed 00:00:00:00.0017241] Lcoo[LCOO].OnMatch 9815517
2017-05-31 22:39:27,991 [Dispatcher3] [INFO] |2+AXy5UUBs2BRZWgj61z0Sk5VcA=| [Elapsed 00:00:00:00.0029714] Lcoo[LCOO].OnMatch 11391857
2017-05-31 22:39:27,994 [Dispatcher3] [INFO] |AuOek4AfG7Vf6R6XyUZ/lrFm/vU=| [Elapsed 00:00:00:00.0014874] Lcoo[LCOO].OnMatch 10587192
2017-05-31 22:39:27,994 [Dispatcher2] [INFO] |hbAcvxaAmZzX1458AsifoKixy74=| [Elapsed 00:00:00:00.0049968] Lcoo[LCOO].OnMatch 9612177
2017-05-31 22:39:28,002 [Dispatcher3] [INFO] |PQJ2YP6+94Vk68W14vhSfwLhtdA=| [Elapsed 00:00:00:00.0022535] Lcoo[LCOO].OnMatch 11571913
2017-05-31 22:39:28,001 [Dispatcher1] [INFO] |8r6/sWaeKFCzSaSBME78f2ecxWs=| [Elapsed 00:00:00:00.0123794] Lcoo[LCOO].OnMatch 11577959
2017-05-31 22:39:28,004 [Dispatcher2] [INFO] |4pmDZcyHlObKjgYcKbxWMjp7hfE=| [Elapsed 00:00:00:00.0008817] Lcoo[LCOO].OnMatch 9612175
2017-05-31 22:39:28,005 [Dispatcher3] [INFO] |XtCt29QayBI1hVfloXx6XIU7skE=| [Elapsed 00:00:00:00.0007778] Lcoo[LCOO].OnMatch 11728467
2017-05-31 22:39:28,006 [Dispatcher2] [INFO] |h39aLV5pV64kRO8lCGzK8K1/URk=| [Elapsed 00:00:00:00.0009838] Lcoo[LCOO].OnMatch 10587188
2017-05-31 22:39:28,006 [Dispatcher1] [INFO] |AKfaUVevVsiR12oaM757vt9TQzE=| [Elapsed 00:00:00:00.0021214] Lcoo[LCOO].OnMatch 11500413
2017-05-31 22:39:28,007 [Dispatcher3] [INFO] |uWVPAJ6VkCb0GXYXyUpBHqbBvMc=| [Elapsed 00:00:00:00.0010194] Lcoo[LCOO].OnMatch 11184821
2017-05-31 22:39:28,008 [Dispatcher2] [INFO] |0YN7V9sAvUcWZsSk9qNz5REzmgk=| [Elapsed 00:00:00:00.0021594] Lcoo[LCOO].OnMatch 11571929
2017-05-31 22:39:28,009 [Dispatcher3] [INFO] |59SOMZ+WfYdORmymmgxJUJ5rgDY=| [Elapsed 00:00:00:00.0018478] Lcoo[LCOO].OnMatch 11742311
2017-05-31 22:39:28,013 [Dispatcher2] [INFO] |DfZUSoZmtekqBzXRbJAI6lJ7IXc=| [Elapsed 00:00:00:00.0034892] Lcoo[LCOO].OnMatch 11571925
2017-05-31 22:39:28,013 [Dispatcher1] [INFO] |Bc/fetS+qodVAZlWGYf5UOh6h+U=| [Elapsed 00:00:00:00.0063664] Lcoo[LCOO].OnMatch 11571933
2017-05-31 22:39:28,014 [Dispatcher2] [INFO] |sL94ddoc2yqfo7MLow8GhJg/r/Q=| [Elapsed 00:00:00:00.0010791] Lcoo[LCOO].OnMatch 11592707
2017-05-31 22:39:28,015 [Dispatcher1] [INFO] |HqM2sM45IBo0P9YcMYT6x6Us4wM=| [Elapsed 00:00:00:00.0015351] Lcoo[LCOO].OnMatch 11117025
2017-05-31 22:39:28,016 [Dispatcher2] [INFO] |QizgJFzh5pMq0fn9eE2xQ//oejk=| [Elapsed 00:00:00:00.0008805] Lcoo[LCOO].OnMatch 11094297
2017-05-31 22:39:28,017 [Dispatcher1] [INFO] |Wf7GMBv+badOTRKv5Fghdk6QeKo=| [Elapsed 00:00:00:00.0009305] Lcoo[LCOO].OnMatch 11100491
2017-05-31 22:39:28,040 [Dispatcher3] [INFO] |4Ax35k7O7aFMQDVjDzAjM7jsY/4=| [Elapsed 00:00:00:00.0017992] Lcoo[LCOO].OnMatch 11757152
2017-05-31 22:39:28,042 [Dispatcher2] [INFO] |gp+5ODfETon+rnIMzkicwMUfK6o=| [Elapsed 00:00:00:00.0253733] Lcoo[LCOO].OnMatch 11751127
2017-05-31 22:39:28,047 [Dispatcher2] [INFO] |qh6UAt3/4Hz4/2gUBgdbzaZ4FBw=| [Elapsed 00:00:00:00.0032642] Lcoo[LCOO].OnMatch 11757502
2017-05-31 22:39:28,049 [Dispatcher1] [INFO] |/ZmfilBhFTe/LSpuDGHxn266v9c=| [Elapsed 00:00:00:00.0101801] Lcoo[LCOO].OnMatch 11751119
2017-05-31 22:39:28,049 [Dispatcher2] [INFO] |mH0/+1Q0ytCg+y/mpGPu83VpooA=| [Elapsed 00:00:00:00.0015589] Lcoo[LCOO].OnMatch 11741263
2017-05-31 22:39:28,051 [Dispatcher1] [INFO] |y1VJT0xHCbZsbZ/aXS2UwhJl3N8=| [Elapsed 00:00:00:00.0008879] Lcoo[LCOO].OnMatch 11719063
2017-05-31 22:39:28,052 [Dispatcher2] [INFO] |RPxmmgMVg77MoN0mEj6vzU5/lus=| [Elapsed 00:00:00:00.0017283] Lcoo[LCOO].OnMatch 11750579
2017-05-31 22:39:28,053 [Dispatcher3] [INFO] |mMhVNacifRIIalxjO/KGb2AnjBw=| [Elapsed 00:00:00:00.0009519] Lcoo[LCOO].OnMatch 11750127
2017-05-31 22:39:28,054 [Dispatcher3] [INFO] |U1X/QNefNc0Q+5pnJj1tB6JPJW0=| [Elapsed 00:00:00:00.0007370] Lcoo[LCOO].OnMatch 11750577
2017-05-31 22:39:28,055 [Dispatcher2] [INFO] |5Dw3tXOoA5DKAw6rUMj91aII3V8=| [Elapsed 00:00:00:00.0010949] Lcoo[LCOO].OnMatch 11757480
2017-05-31 22:39:28,058 [Dispatcher3] [INFO] |KPP/zu7sOXeIUWS8A1GveVBfB98=| [Elapsed 00:00:00:00.0030206] Lcoo[LCOO].OnMatch 11750565
2017-05-31 22:39:28,074 [Dispatcher1] [INFO] |GCOJEgJS1UWW0fJRIM/JMg7O+3c=| [Elapsed 00:00:00:00.0225277] Lcoo[LCOO].OnMatch 11742003
2017-05-31 22:39:28,075 [Dispatcher1] [INFO] |Y/UWlA6oZ3e/oL/9EZHIsRO8oU4=| [Elapsed 00:00:00:00.0008228] Lcoo[LCOO].OnMatch 11757530
2017-05-31 22:39:28,078 [Dispatcher2] [INFO] |wQ89Rt+SS9Yhv5kJCWAVNq6EaVc=| [Elapsed 00:00:00:00.0096890] Lcoo[LCOO].OnMatch 11481583
2017-05-31 22:39:28,084 [Dispatcher1] [INFO] |VD8Fwaj38Gh/wS/fwvQBuzwXu0c=| [Elapsed 00:00:00:00.0086738] Lcoo[LCOO].OnMatch 11750573
2017-05-31 22:39:28,085 [Dispatcher2] [INFO] |408vljI5gfYzZ6xso7/9yhC9ih0=| [Elapsed 00:00:00:00.0058303] Lcoo[LCOO].OnMatch 11757338
2017-05-31 22:39:28,086 [Dispatcher3] [INFO] |vb90UxqiTQmyb9xRx34MCdQnX2M=| [Elapsed 00:00:00:00.0183378] Lcoo[LCOO].OnMatch 11475965
2017-05-31 22:39:28,087 [Dispatcher1] [INFO] |OQVlLvGYlj46PT73xQzPW0dBAAY=| [Elapsed 00:00:00:00.0014038] Lcoo[LCOO].OnMatch 11751139
2017-05-31 22:39:28,089 [Dispatcher1] [INFO] |KPZ0dWW2jvefQo/Nspo9e9uN1M4=| [Elapsed 00:00:00:00.0012120] Lcoo[LCOO].OnMatch 11480411
2017-05-31 22:39:28,089 [Dispatcher3] [INFO] |r89HC3tq26Zn/2wxLwb2pvsVNyU=| [Elapsed 00:00:00:00.0024392] Lcoo[LCOO].OnMatch 11481665
2017-05-31 22:39:28,090 [Dispatcher1] [INFO] |hzv3UycnThWoIUC1neekDtSTiCU=| [Elapsed 00:00:00:00.0010976] Lcoo[LCOO].OnMatch 11481663
2017-05-31 22:39:28,094 [Dispatcher3] [INFO] |P/C/3IIF5+dBucWObfAUOF+N2Bg=| [Elapsed 00:00:00:00.0044741] Lcoo[LCOO].OnMatch 11757590
2017-05-31 22:39:28,096 [Dispatcher1] [INFO] |lZokneT3cgxjCkKzIYFruTsw7KU=| [Elapsed 00:00:00:00.0044793] Lcoo[LCOO].OnMatch 11757616
2017-05-31 22:39:42,547 [Dispatcher1] [INFO] |S5xZQn+6a9Dandn/b52G2KCrbxE=| [Elapsed 00:00:00:00.0026096] Lcoo[LCOO].OnMatch 7678558
2017-05-31 22:39:42,549 [Dispatcher2] [INFO] |REEoFbIsuTqyb8d7bXVsPYkL/qE=| [Elapsed 00:00:00:00.0039900] Lcoo[LCOO].OnMatch 9732483
2017-05-31 22:39:42,550 [Dispatcher3] [INFO] |PHvK6L6BMk8jLtz5Ad9X78Krysw=| [Elapsed 00:00:00:00.0051569] Lcoo[LCOO].OnMatch 11549849
2017-05-31 22:39:42,553 [Dispatcher3] [INFO] |qQ4OaiPV4umPVfGqfSYOGbaEf4Q=| [Elapsed 00:00:00:00.0014973] Lcoo[LCOO].OnMatch 9815529
2017-05-31 22:39:42,553 [Dispatcher1] [INFO] |qHOLFsqlaDAA9+hQ/RdN44wMG28=| [Elapsed 00:00:00:00.0050906] Lcoo[LCOO].OnMatch 11750547
2017-05-31 22:39:42,557 [Dispatcher2] [INFO] |DUDbinWlGQJt2F7LWUowgnLYc7w=| [Elapsed 00:00:00:00.0068952] Lcoo[LCOO].OnMatch 9612175
2017-05-31 22:39:42,559 [Dispatcher3] [INFO] |S2pYdZtAJ8deOfBE8b/8O5ZRIk8=| [Elapsed 00:00:00:00.0059770] Lcoo[LCOO].OnMatch 10587192
2017-05-31 22:39:42,560 [Dispatcher1] [INFO] |wiMJr9LgPO9CQrTUXg3ztUp8rSE=| [Elapsed 00:00:00:00.0061695] Lcoo[LCOO].OnMatch 11577959
2017-05-31 22:39:42,561 [Dispatcher2] [INFO] |NNCfjl21g6AaJWZpPo3EXPUQf/E=| [Elapsed 00:00:00:00.0025855] Lcoo[LCOO].OnMatch 10587188
2017-05-31 22:39:42,563 [Dispatcher3] [INFO] |I3pUaSpV6kEeo1pXWd8ufNECqnU=| [Elapsed 00:00:00:00.0022327] Lcoo[LCOO].OnMatch 11728467
2017-05-31 22:39:42,564 [Dispatcher1] [INFO] |NTSl0VFSgyfEhEGr8Cg+eWalITs=| [Elapsed 00:00:00:00.0025107] Lcoo[LCOO].OnMatch 11100491
2017-05-31 22:39:42,565 [Dispatcher2] [INFO] |/NCwLryEy3F1bplUmhnacGmWtRc=| [Elapsed 00:00:00:00.0027502] Lcoo[LCOO].OnMatch 11592707
2017-05-31 22:39:42,569 [Dispatcher1] [INFO] |Hh53d3DZVGCxMmBngUYnKMZXigk=| [Elapsed 00:00:00:00.0043753] Lcoo[LCOO].OnMatch 11751119
2017-05-31 22:39:42,570 [Dispatcher2] [INFO] |AiEoGy5kt7YTj5ppV9IjkSnqREE=| [Elapsed 00:00:00:00.0046885] Lcoo[LCOO].OnMatch 11751127
2017-05-31 22:39:42,571 [Dispatcher3] [INFO] |WmDfbL5VzTi2mpSfTH9C3xnnaxk=| [Elapsed 00:00:00:00.0070026] Lcoo[LCOO].OnMatch 11184821
2017-05-31 22:39:42,572 [Dispatcher1] [INFO] |flLS2lBMEitN57dclO47Drmb/Uo=| [Elapsed 00:00:00:00.0022291] Lcoo[LCOO].OnMatch 11757530
2017-05-31 22:39:42,574 [Dispatcher2] [INFO] |falqk7D/ltQajnRxrU1mQIUzYiQ=| [Elapsed 00:00:00:00.0030374] Lcoo[LCOO].OnMatch 11757502
2017-05-31 22:39:42,596 [Dispatcher2] [INFO] |kBJGyP1iJ/j+hUlo9hKRqg5w4ow=| [Elapsed 00:00:00:00.0036365] Lcoo[LCOO].OnMatch 11741263
2017-05-31 22:39:42,596 [Dispatcher1] [INFO] |dt4jAoeXs3vrxTya2/by+wOxI6U=| [Elapsed 00:00:00:00.0212565] Lcoo[LCOO].OnMatch 11750573
2017-05-31 22:39:42,597 [Dispatcher3] [INFO] |Ew4gUKkSEe0yke+vgiDAPWKu4+Q=| [Elapsed 00:00:00:00.0246318] Lcoo[LCOO].OnMatch 11742311
2017-05-31 22:39:42,601 [Dispatcher3] [INFO] |VUUJIlDJTsOFRwkrZXRSvvM6LOU=| [Elapsed 00:00:00:00.0025053] Lcoo[LCOO].OnMatch 11750127
2017-05-31 22:39:42,604 [Dispatcher1] [INFO] |WOVna7yupOKsROB3j/Ny9pxcKJA=| [Elapsed 00:00:00:00.0037596] Lcoo[LCOO].OnMatch 11757616
2017-05-31 22:39:42,604 [Dispatcher2] [INFO] |XOlWPUJYwSr4PC0BEWltrh9x9pI=| [Elapsed 00:00:00:00.0044616] Lcoo[LCOO].OnMatch 11757562
2017-05-31 22:39:42,606 [Dispatcher3] [INFO] |/P8PLnIkOsbdyXTrwWmI0t3Vdyo=| [Elapsed 00:00:00:00.0044583] Lcoo[LCOO].OnMatch 11750565
2017-05-31 22:39:42,607 [Dispatcher1] [INFO] |IjZdEoP2rqYqmjITo3GYDhAALNo=| [Elapsed 00:00:00:00.0021778] Lcoo[LCOO].OnMatch 11757460
2017-05-31 22:39:42,608 [Dispatcher3] [INFO] |5FSSqxjbnvFpS/eNQ9NWWv32nGI=| [Elapsed 00:00:00:00.0010462] Lcoo[LCOO].OnMatch 11481665
2017-05-31 22:39:42,610 [Dispatcher3] [INFO] |tqh6vCgOCqe8c6Qi3rG80QVKna0=| [Elapsed 00:00:00:00.0012629] Lcoo[LCOO].OnMatch 11757564
2017-05-31 22:40:12,584 [Dispatcher2] [INFO] |l++OjoK2us8EbUiFcgbpQO/zPYc=| [Elapsed 00:00:00:00.0038337] Lcoo[LCOO].OnMatch 11739079
2017-05-31 22:40:12,585 [Dispatcher3] [INFO] |26OhRwQgsEaRsKKioIvCFeFsuKo=| [Elapsed 00:00:00:00.0043342] Lcoo[LCOO].OnMatch 11739113
2017-05-31 22:40:12,585 [Dispatcher2] [INFO] |VPhJ6PtVLWhqKcqLAXk739qvHdU=| [Elapsed 00:00:00:00.0005222] Lcoo[LCOO].OnMatch 11094297
2017-05-31 22:40:12,587 [Dispatcher1] [INFO] |n4nPoxFlkhbEcigAou83ARR0KXM=| [Elapsed 00:00:00:00.0065997] Lcoo[LCOO].OnMatch 11117025
2017-05-31 22:40:12,588 [Dispatcher3] [INFO] |K2ShmUIsLnaEqX027YAPO2HJ2Yw=| [Elapsed 00:00:00:00.0021862] Lcoo[LCOO].OnMatch 10893678
2017-05-31 22:40:12,590 [Dispatcher2] [INFO] |HDalUd8Mkr7G04q+xsi0ODO6qaI=| [Elapsed 00:00:00:00.0004902] Lcoo[LCOO].OnMatch 11757502
2017-05-31 22:40:12,594 [Dispatcher1] [INFO] |fM04LPmmaeOmV5WFPgbdalsQZCs=| [Elapsed 00:00:00:00.0025009] Lcoo[LCOO].OnMatch 11751139
2017-05-31 22:40:12,595 [Dispatcher2] [INFO] |JfI01S98ULmCgm7k/XJFSNrWPP8=| [Elapsed 00:00:00:00.0009298] Lcoo[LCOO].OnMatch 9890577
2017-05-31 22:40:12,595 [Dispatcher1] [INFO] |JbKTu6g6+QnoVL9lkS5D96rOn0M=| [Elapsed 00:00:00:00.0007240] Lcoo[LCOO].OnMatch 11757438
2017-05-31 22:40:12,598 [Dispatcher3] [INFO] |YGFVaflXqkR3zPNFO68BEr2x2JA=| [Elapsed 00:00:00:00.0007330] Lcoo[LCOO].OnMatch 11757458
2017-05-31 22:40:12,599 [Dispatcher1] [INFO] |XZ49qCN8Y2NSJdFPMwF7gzUVp+E=| [Elapsed 00:00:00:00.0013423] Lcoo[LCOO].OnMatch 11757542
2017-05-31 22:40:27,028 [Dispatcher1] [INFO] |nbwoEkVmEax8EQ8Fp350SRl69E0=| [Elapsed 00:00:00:00.0016501] Lcoo[LCOO].OnMatch 11117025
2017-05-31 22:40:27,032 [Dispatcher2] [INFO] |NfJAdFLWaOFyJ6XkOyUHb/RBFWI=| [Elapsed 00:00:00:00.0015238] Lcoo[LCOO].OnMatch 11094297
2017-05-31 22:40:27,034 [Dispatcher2] [INFO] |MiWZUqBvbIQcTEvd5CkxA/HS5jc=| [Elapsed 00:00:00:00.0014005] Lcoo[LCOO].OnMatch 11757524
2017-05-31 22:40:27,039 [Dispatcher2] [INFO] |OF/JBT5TXw3e13+xj2TOo/46UbE=| [Elapsed 00:00:00:00.0032765] Lcoo[LCOO].OnMatch 11757502
2017-05-31 22:40:27,040 [Dispatcher3] [INFO] |36Gm3mkN/xfaEb2o1Ggr2qdQY/k=| [Elapsed 00:00:00:00.0007571] Lcoo[LCOO].OnMatch 11756966
2017-05-31 22:40:27,041 [Dispatcher1] [INFO] |K8ZNghtQgyVyQDfMWPKMA3UM/QU=| [Elapsed 00:00:00:00.0014467] Lcoo[LCOO].OnMatch 11757528
2017-05-31 22:40:42,322 [Dispatcher1] [INFO] |5tE5LSguGfXQfynrkEP3vEw+46c=| [Elapsed 00:00:00:00.0026760] Lcoo[LCOO].OnMatch 11117025
2017-05-31 22:40:42,325 [Dispatcher2] [INFO] |m/IXuoJX5oDOeYr0iaU8OpTqe5A=| [Elapsed 00:00:00:00.0010625] Lcoo[LCOO].OnMatch 11757502
2017-05-31 22:40:42,327 [Dispatcher2] [INFO] |UlX5v9ecJ8yvdPrAA7+weEks7JM=| [Elapsed 00:00:00:00.0010990] Lcoo[LCOO].OnMatch 11757524
2017-05-31 22:40:42,328 [Dispatcher3] [INFO] |rPZva+vh4JzCIXVVEcU9XJhzVj4=| [Elapsed 00:00:00:00.0010194] Lcoo[LCOO].OnMatch 11757508
2017-05-31 22:40:42,329 [Dispatcher2] [INFO] |2vQT6iLyCxqP8eQ+5f/z60ifR5M=| [Elapsed 00:00:00:00.0010851] Lcoo[LCOO].OnMatch 11757330
2017-05-31 22:41:05,142 [Dispatcher2] [INFO] |s01WCKEHvZ/f1L6KkJU3n+uul68=| [Elapsed 00:00:00:00.0022688] Lcoo[LCOO].OnMatch 11757330
2017-05-31 22:41:28,477 [Dispatcher1] [INFO] |MR3qhQf7mxKGx+tDz4+rRrCEQ4E=| [Elapsed 00:00:00:00.0010350] Lcoo[LCOO].OnMatch 9775141
2017-05-31 22:41:28,480 [Dispatcher2] [INFO] |54/GV0+kEl2XSwUVg6Uokk7fQQU=| [Elapsed 00:00:00:00.0008306] Lcoo[LCOO].OnMatch 11750561
2017-05-31 22:41:43,254 [Dispatcher3] [INFO] |OnqRdHclzZR6TM+D6yIwGsfO+g8=| [Elapsed 00:00:00:00.0035321] Lcoo[LCOO].OnMatch 11648259
2017-05-31 22:41:43,254 [Dispatcher1] [INFO] |/gfC+86DTWJqaz+NpExsA7Rgc7E=| [Elapsed 00:00:00:00.0035867] Lcoo[LCOO].OnMatch 9775141
2017-05-31 22:41:43,257 [Dispatcher1] [INFO] |XYYZfMuJlL8r+9ZVg/oKBVOBDwE=| [Elapsed 00:00:00:00.0010041] Lcoo[LCOO].OnMatch 11751487
2017-05-31 22:41:43,276 [Dispatcher2] [INFO] |e6+h74xYoSh3Z6JfIppCQ/M24J0=| [Elapsed 00:00:00:00.0026127] Lcoo[LCOO].OnOutright 38724
2017-05-31 22:41:43,279 [Dispatcher3] [INFO] |YxwlvSd09lNawfdhLlaqkWAejNU=| [Elapsed 00:00:00:00.0016898] Lcoo[LCOO].OnOutright 44163
2017-05-31 22:41:58,461 [Dispatcher1] [INFO] |3nQ8D3aj2UdsQVEJHtUH/GV1XVk=| [Elapsed 00:00:00:00.0013088] Lcoo[LCOO].OnMatch 9775141
2017-05-31 22:41:58,462 [Dispatcher3] [INFO] |DgRhN/gH8vlPtA21kjSsWQOrPcU=| [Elapsed 00:00:00:00.0014144] Lcoo[LCOO].OnMatch 11648259
2017-05-31 22:41:58,463 [Dispatcher1] [INFO] |ADoBv85s7CE76zbEHhhP/EjEkoc=| [Elapsed 00:00:00:00.0010908] Lcoo[LCOO].OnMatch 10944300
2017-05-31 22:41:58,465 [Dispatcher2] [INFO] |t6p4npAdW8JX9NxXttLTGNs/c1o=| [Elapsed 00:00:00:00.0014409] Lcoo[LCOO].OnMatch 11757486
2017-05-31 22:42:13,525 [Dispatcher3] [INFO] |gUMC3LWgjL0qFdspq5KXrsTO7kI=| [Elapsed 00:00:00:00.0164451] Lcoo[LCOO].OnMatch 11389431
2017-05-31 22:42:13,530 [Dispatcher2] [INFO] |wMJb37hlGK9FR7bHFW57F/x7ED8=| [Elapsed 00:00:00:00.0033795] Lcoo[LCOO].OnMatch 11757486
2017-05-31 22:42:13,530 [Dispatcher1] [INFO] |JplyeaPyX3f3IrEFAiAMDx3Y06U=| [Elapsed 00:00:00:00.0035948] Lcoo[LCOO].OnMatch 11750651
2017-05-31 22:42:34,967 [Dispatcher2] [INFO] |Ufgchr+zvf/z250VxmceaUdRpgk=| [Elapsed 00:00:00:00.0017253] Lcoo[LCOO].OnMatch 11741421
2017-05-31 22:42:34,968 [Dispatcher3] [INFO] |o7K3+APhnKkPw0qvUqJU1SSNxMw=| [Elapsed 00:00:00:00.0015571] Lcoo[LCOO].OnMatch 11750227
2017-05-31 22:42:34,969 [Dispatcher2] [INFO] |j3sFUL7OtTrbqNATTVTI4Y2Jknw=| [Elapsed 00:00:00:00.0006574] Lcoo[LCOO].OnMatch 11751137
2017-05-31 22:42:34,970 [Dispatcher3] [INFO] |bxa+IbbInFtcBewm3lD17b8FMrY=| [Elapsed 00:00:00:00.0008789] Lcoo[LCOO].OnMatch 11757468
2017-05-31 22:42:34,970 [Dispatcher1] [INFO] |lr9/r5LYgGYxdCS88EGUXsg8Ud8=| [Elapsed 00:00:00:00.0041350] Lcoo[LCOO].OnMatch 11742277
2017-05-31 22:42:34,979 [Dispatcher1] [INFO] |82fs0anVuAXfL56oTMvD1f3mArM=| [Elapsed 00:00:00:00.0038792] Lcoo[LCOO].OnMatch 11750721
2017-05-31 22:42:34,980 [Dispatcher3] [INFO] |I0p/eR28eqYgAdW4oboQZBZqvgg=| [Elapsed 00:00:00:00.0044217] Lcoo[LCOO].OnMatch 11750731
2017-05-31 22:42:34,980 [Dispatcher2] [INFO] |v/zU+E5OKsC6xJ92lC1AOo8Zo0I=| [Elapsed 00:00:00:00.0049027] Lcoo[LCOO].OnMatch 11750709
2017-05-31 22:42:34,982 [Dispatcher1] [INFO] |mzYLvjF4P+nvwSCP5E1LorYTst4=| [Elapsed 00:00:00:00.0017389] Lcoo[LCOO].OnMatch 11750717
2017-05-31 22:42:34,983 [Dispatcher3] [INFO] |M4Q3N5zrmWQC2l5YoZBy9IuSIBw=| [Elapsed 00:00:00:00.0013038] Lcoo[LCOO].OnMatch 11750713
2017-05-31 22:42:34,984 [Dispatcher2] [INFO] |hh2FHY3ltm4rM76cfmCh6DzXgKI=| [Elapsed 00:00:00:00.0021759] Lcoo[LCOO].OnMatch 11750723
2017-05-31 22:42:34,989 [Dispatcher3] [INFO] |J2qFO+wkzPFac7AcyO/AGj9M4M0=| [Elapsed 00:00:00:00.0051292] Lcoo[LCOO].OnMatch 11750707
2017-05-31 22:42:34,989 [Dispatcher1] [INFO] |Rdn8bNeZryu8s7Nc19BYN5uHt7Q=| [Elapsed 00:00:00:00.0058850] Lcoo[LCOO].OnMatch 11750733
2017-05-31 22:42:34,991 [Dispatcher1] [INFO] |gwCc/aturmtkYeo/RVUbS1ghd3I=| [Elapsed 00:00:00:00.0016573] Lcoo[LCOO].OnMatch 11750727
2017-05-31 22:42:34,991 [Dispatcher3] [INFO] |cxcs8xMS7I+gAlqh53x5MRMhdUs=| [Elapsed 00:00:00:00.0015816] Lcoo[LCOO].OnMatch 11757406
2017-05-31 22:42:34,991 [Dispatcher2] [INFO] |cuVRP94yZMGdcpxb1Q9QhD07klU=| [Elapsed 00:00:00:00.0066003] Lcoo[LCOO].OnMatch 11750719
2017-05-31 22:42:34,992 [Dispatcher1] [INFO] |kmFnT4t1uYtiba9klpC3FwelmmE=| [Elapsed 00:00:00:00.0007520] Lcoo[LCOO].OnMatch 11750667
2017-05-31 22:42:34,993 [Dispatcher1] [INFO] |DRgOTL6QLK26/T4w238xOScFpDs=| [Elapsed 00:00:00:00.0004576] Lcoo[LCOO].OnMatch 11757394
2017-05-31 22:42:34,994 [Dispatcher3] [INFO] |QuaK4kszWaalqAayT4vzIswU8lw=| [Elapsed 00:00:00:00.0028359] Lcoo[LCOO].OnMatch 11757386
2017-05-31 22:42:34,995 [Dispatcher2] [INFO] |F4fbz4VtGKwOZdlkGX0HR4W389M=| [Elapsed 00:00:00:00.0030839] Lcoo[LCOO].OnMatch 11750715
2017-05-31 22:42:34,996 [Dispatcher3] [INFO] |Ktc0lvGTkNXbUWjsxyxAgJgz7r4=| [Elapsed 00:00:00:00.0007777] Lcoo[LCOO].OnMatch 11750673
2017-05-31 22:42:34,997 [Dispatcher2] [INFO] |38vRyOEJRheRJ3fvB3XiG1ORUnA=| [Elapsed 00:00:00:00.0014027] Lcoo[LCOO].OnMatch 11750685
2017-05-31 22:42:34,997 [Dispatcher1] [INFO] |sdAZz6QVtPFMwvH+fFGajon7MGo=| [Elapsed 00:00:00:00.0035909] Lcoo[LCOO].OnMatch 11757400
2017-05-31 22:42:35,002 [Dispatcher2] [INFO] |5VSqNQgPth/xqSdobf7KxSL1c5c=| [Elapsed 00:00:00:00.0041738] Lcoo[LCOO].OnMatch 11750657
2017-05-31 22:42:35,003 [Dispatcher1] [INFO] |2FYKcP1VchI2E8UVCKO3aw7sCbA=| [Elapsed 00:00:00:00.0051404] Lcoo[LCOO].OnMatch 11757382
2017-05-31 22:42:35,004 [Dispatcher3] [INFO] |w0wk8FbwRzOz9baeBLSqdn0NMI8=| [Elapsed 00:00:00:00.0080511] Lcoo[LCOO].OnMatch 11750681
2017-05-31 22:42:35,005 [Dispatcher1] [INFO] |JAtHmt2KGxBnQ2sHgJUT4VFql7Y=| [Elapsed 00:00:00:00.0010092] Lcoo[LCOO].OnMatch 11750669
2017-05-31 22:42:35,005 [Dispatcher2] [INFO] |ZqXTMqouAMniFGPs0SgY/0sQIaA=| [Elapsed 00:00:00:00.0027772] Lcoo[LCOO].OnMatch 11750663
2017-05-31 22:42:35,006 [Dispatcher3] [INFO] |RvCrUlKvqt296hMVr3+L9sctZF0=| [Elapsed 00:00:00:00.0012675] Lcoo[LCOO].OnMatch 11757408
2017-05-31 22:42:35,007 [Dispatcher2] [INFO] |IrpSlUoLx0w+mZ498fkff4cSNv0=| [Elapsed 00:00:00:00.0008495] Lcoo[LCOO].OnMatch 11757390
2017-05-31 22:42:35,008 [Dispatcher1] [INFO] |wNzHTDG1c3I2Ghi9SWgIDcxVF0c=| [Elapsed 00:00:00:00.0032060] Lcoo[LCOO].OnMatch 11750659
2017-05-31 22:42:35,011 [Dispatcher3] [INFO] |rgNm/TxqljzFCx+o/O3XEyC3/AY=| [Elapsed 00:00:00:00.0041299] Lcoo[LCOO].OnMatch 11757396
2017-05-31 22:42:35,011 [Dispatcher2] [INFO] |DaBXMkSw93V7fmzvNaf911jKGiw=| [Elapsed 00:00:00:00.0034262] Lcoo[LCOO].OnMatch 11750687
2017-05-31 22:42:35,012 [Dispatcher1] [INFO] |hBXxqYFwOOagLCHLqT2yzstC9KQ=| [Elapsed 00:00:00:00.0033301] Lcoo[LCOO].OnMatch 11750665
2017-05-31 22:42:35,013 [Dispatcher3] [INFO] |TgYoNf/B8LodCJxwzTSlZEjgGS0=| [Elapsed 00:00:00:00.0012167] Lcoo[LCOO].OnMatch 11757402
2017-05-31 22:42:35,015 [Dispatcher1] [INFO] |Y5QspZQ1cp4B984hbQiuTynHqyI=| [Elapsed 00:00:00:00.0023799] Lcoo[LCOO].OnMatch 11757392
2017-05-31 22:42:35,016 [Dispatcher2] [INFO] |Ns1PqlUu2hkJq0WuQfXFHgn4Pig=| [Elapsed 00:00:00:00.0037916] Lcoo[LCOO].OnMatch 11750675
2017-05-31 22:42:35,016 [Dispatcher3] [INFO] |+97SRLtSLP7Nj/PGYuzPLxNxCPQ=| [Elapsed 00:00:00:00.0030966] Lcoo[LCOO].OnMatch 11757384
2017-05-31 22:42:35,018 [Dispatcher3] [INFO] |bKsL6w5/JChsN73Zgc3DYhTv4OA=| [Elapsed 00:00:00:00.0008600] Lcoo[LCOO].OnMatch 11757398
2017-05-31 22:42:35,019 [Dispatcher1] [INFO] |kVAXd/jeFEFL1F5j3zSllfFQYdQ=| [Elapsed 00:00:00:00.0031143] Lcoo[LCOO].OnMatch 11750661
2017-05-31 22:42:35,024 [Dispatcher2] [INFO] |MZpbgekxP7KJOO8PdhnPUEp9efE=| [Elapsed 00:00:00:00.0075754] Lcoo[LCOO].OnMatch 11750683
2017-05-31 22:42:35,025 [Dispatcher1] [INFO] |XNUXHz1d+4ryCKsw/MKL69pymik=| [Elapsed 00:00:00:00.0056411] Lcoo[LCOO].OnMatch 11757472
2017-05-31 22:42:35,025 [Dispatcher3] [INFO] |QS0+lmjuUIZfbh8vlgCuVdY7mL0=| [Elapsed 00:00:00:00.0060495] Lcoo[LCOO].OnMatch 11757380
2017-05-31 22:42:35,026 [Dispatcher2] [INFO] |Y28HLazi2XaRPJsAhXzd7v8PR8U=| [Elapsed 00:00:00:00.0009443] Lcoo[LCOO].OnMatch 11750671
2017-05-31 22:42:35,027 [Dispatcher2] [INFO] |GJeh2JLKevazigBt2YoRlON+utQ=| [Elapsed 00:00:00:00.0008906] Lcoo[LCOO].OnMatch 11750677
2017-05-31 22:42:35,028 [Dispatcher2] [INFO] |l7HCLYVSgZIHPf4P9qWuK0SJH+M=| [Elapsed 00:00:00:00.0006571] Lcoo[LCOO].OnMatch 11753216
2017-05-31 22:43:08,410 [Dispatcher3] [INFO] |hrCM1qeCYzInFUAR6t1oDZU3bzU=| [Elapsed 00:00:00:00.0011545] Lcoo[LCOO].OnMatch 11719131
2017-05-31 22:43:08,411 [Dispatcher2] [INFO] |O1HZ8szj4KLPcdca0JtD8cTBoio=| [Elapsed 00:00:00:00.0006338] Lcoo[LCOO].OnMatch 11504605
2017-05-31 22:43:08,412 [Dispatcher1] [INFO] |agbxWU/3d25S49NwB5G7qAtDst4=| [Elapsed 00:00:00:00.0018605] Lcoo[LCOO].OnMatch 11504325
2017-05-31 22:43:08,413 [Dispatcher3] [INFO] |nD/PG/n7zlwZQFYKFuLlJlhZi9I=| [Elapsed 00:00:00:00.0015700] Lcoo[LCOO].OnMatch 11504661
2017-05-31 22:43:08,416 [Dispatcher3] [INFO] |e6GzZ4Oip3TS3swKNaI7Qk8xS2s=| [Elapsed 00:00:00:00.0006941] Lcoo[LCOO].OnMatch 11750227
2017-05-31 22:43:08,419 [Dispatcher1] [INFO] |6XMAEpVtLV1pfeyDfJB31FbLq8E=| [Elapsed 00:00:00:00.0032986] Lcoo[LCOO].OnMatch 11743237
2017-05-31 22:43:08,421 [Dispatcher2] [INFO] |RDmrJFfsEC7XKd4U87RRH3SxUvw=| [Elapsed 00:00:00:00.0043410] Lcoo[LCOO].OnMatch 11754086
2017-05-31 22:43:08,421 [Dispatcher3] [INFO] |KcatK/65tZIOL2K9F5EXegJd1ok=| [Elapsed 00:00:00:00.0026804] Lcoo[LCOO].OnMatch 11753220
2017-05-31 22:44:01,980 [Dispatcher3] [INFO] |MYqSMT4v1zxGH7j02ch6iYQ/Ppc=| [Elapsed 00:00:00:00.0013051] Lcoo[LCOO].OnMatch 11719131
2017-05-31 22:44:02,005 [Dispatcher1] [INFO] |Pid/Zr8ZSKKZg02BgyL926CP1hw=| [Elapsed 00:00:00:00.0248330] Lcoo[LCOO].OnMatch 9815519
2017-05-31 22:44:02,010 [Dispatcher2] [INFO] |Ztoi56zA0owIcJ/5DCPaAuKZKnQ=| [Elapsed 00:00:00:00.0303821] Lcoo[LCOO].OnMatch 11504721
2017-05-31 22:44:02,011 [Dispatcher1] [INFO] |ZXQ6XyjzkJKZ9B9AI2btxe112V0=| [Elapsed 00:00:00:00.0052443] Lcoo[LCOO].OnMatch 11719133
2017-05-31 22:44:02,012 [Dispatcher3] [INFO] |ybbyHZdYgLgeUYyJgK/R0sppAEo=| [Elapsed 00:00:00:00.0064620] Lcoo[LCOO].OnMatch 11504661
2017-05-31 22:44:02,013 [Dispatcher2] [INFO] |jOyXTzbCY72D/s+PQJzcJLEVzE8=| [Elapsed 00:00:00:00.0021598] Lcoo[LCOO].OnMatch 11504605
2017-05-31 22:44:02,019 [Dispatcher3] [INFO] |6Q5K5JZDhpslwgVkw8YaF9PaQSE=| [Elapsed 00:00:00:00.0030819] Lcoo[LCOO].OnMatch 11504435
2017-05-31 22:44:02,020 [Dispatcher1] [INFO] |OsSJmZFifw6vdXsRnETX8SdkD/U=| [Elapsed 00:00:00:00.0038621] Lcoo[LCOO].OnMatch 11504325
2017-05-31 22:44:02,021 [Dispatcher3] [INFO] |eTh31pQlz+QkR4lvHWhgybtrfy0=| [Elapsed 00:00:00:00.0009219] Lcoo[LCOO].OnMatch 11757436
2017-05-31 22:44:02,022 [Dispatcher1] [INFO] |O6oTKEOoSnxKWhXEWavlGqVK24o=| [Elapsed 00:00:00:00.0006940] Lcoo[LCOO].OnMatch 11757328
2017-05-31 22:44:02,027 [Dispatcher2] [INFO] |cVUuypOULQ0JI44EvpPegW1q+jw=| [Elapsed 00:00:00:00.0089250] Lcoo[LCOO].OnMatch 11756956
2017-05-31 22:44:02,026 [Dispatcher1] [INFO] |5XU/xLD0YgHJKTMO40mWbrzjF/g=| [Elapsed 00:00:00:00.0033189] Lcoo[LCOO].OnMatch 11743237
2017-05-31 22:44:02,031 [Dispatcher3] [INFO] |PG4fvUqBu0Qv88MTqQdJFpdtYxs=| [Elapsed 00:00:00:00.0079448] Lcoo[LCOO].OnMatch 11753220
2017-05-31 22:44:02,033 [Dispatcher3] [INFO] |JbHiW6Zmq+7UWs8zdq4Qbrcdktg=| [Elapsed 00:00:00:00.0010160] Lcoo[LCOO].OnOutright 44544
2017-05-31 22:44:02,033 [Dispatcher1] [INFO] |J98c25mkmjJMNrDebQ3VgnG8KoY=| [Elapsed 00:00:00:00.0050031] Lcoo[LCOO].OnMatch 11757476
2017-05-31 22:44:02,035 [Dispatcher3] [INFO] |DjbCalmcpJkopznMriK1ZPArl58=| [Elapsed 00:00:00:00.0018230] Lcoo[LCOO].OnOutright 44536
2017-05-31 22:44:02,036 [Dispatcher1] [INFO] |oeRIyuP5KM725ghidelciZaFr6Y=| [Elapsed 00:00:00:00.0016505] Lcoo[LCOO].OnOutright 44550
2017-05-31 22:44:02,036 [Dispatcher2] [INFO] |u10SB4ek2KgMi+KwCatXEeRkA/c=| [Elapsed 00:00:00:00.0081849] Lcoo[LCOO].OnMatch 11757502
2017-05-31 22:44:02,038 [Dispatcher1] [INFO] |lvTqkZbtsXqUZly7vPNNmOrSShA=| [Elapsed 00:00:00:00.0012767] Lcoo[LCOO].OnOutright 44540
2017-05-31 22:44:02,042 [Dispatcher3] [INFO] |LisTYlaeZHPzJfyQNhfc4HgTHwY=| [Elapsed 00:00:00:00.0047577] Lcoo[LCOO].OnOutright 44163
2017-05-31 22:44:02,043 [Dispatcher2] [INFO] |M8m/iGK7ZesP/9fDZ57CgN+UPZE=| [Elapsed 00:00:00:00.0063052] Lcoo[LCOO].OnMatch 11741275
2017-05-31 22:44:02,046 [Dispatcher1] [INFO] |NtDKiGAX8NRObHd0wrUNHXvFZWs=| [Elapsed 00:00:00:00.0070841] Lcoo[LCOO].OnOutright 44499
2017-05-31 22:44:02,047 [Dispatcher2] [INFO] |sof9uBH6EaENGYKPD1+70ZFN7zk=| [Elapsed 00:00:00:00.0031667] Lcoo[LCOO].OnMatch 11754086
2017-05-31 22:44:02,048 [Dispatcher3] [INFO] |iBo9GQP5a7RbpyGXq/7lKYPk2eo=| [Elapsed 00:00:00:00.0043079] Lcoo[LCOO].OnOutright 44495
2017-05-31 22:44:02,049 [Dispatcher2] [INFO] |tpbAEzp11Yu29+DmQifOlbAZXPo=| [Elapsed 00:00:00:00.0015972] Lcoo[LCOO].OnMatch 11753218
2017-05-31 22:44:02,056 [Dispatcher2] [INFO] |+dEQlvbR71Spf7wWbW2GyPAWbcQ=| [Elapsed 00:00:00:00.0006796] Lcoo[LCOO].OnOutright 44552
2017-05-31 22:44:02,057 [Dispatcher2] [INFO] |gLzs9m3/71LCQ95MiThyd3W9c58=| [Elapsed 00:00:00:00.0007639] Lcoo[LCOO].OnOutright 44493
2017-05-31 22:44:02,058 [Dispatcher2] [INFO] |8vc0054UxPu4Q6Uh2P+cziHpdwE=| [Elapsed 00:00:00:00.0011040] Lcoo[LCOO].OnOutright 40841
2017-05-31 22:45:24,971 [Dispatcher3] [INFO] |xju2eJ0w9+uJJRFqB8J8mnCAYc8=| [Elapsed 00:00:00:00.0015233] Lcoo[LCOO].OnMatch 11710417
2017-05-31 22:45:24,973 [Dispatcher1] [INFO] |IPqzfzguRe4CCPEeZtwuYzACbwg=| [Elapsed 00:00:00:00.0005169] Lcoo[LCOO].OnMatch 11753208
2017-05-31 22:45:24,973 [Dispatcher2] [INFO] |VH/5DIeGrlq/tnuEZti2Jh8Dv9A=| [Elapsed 00:00:00:00.0014565] Lcoo[LCOO].OnMatch 11753222
2017-05-31 22:48:01,200 [Dispatcher3] [INFO] |IBSkh7yq6Z3/+zU0DH2+79n6mOA=| [Elapsed 00:00:00:00.0022875] Lcoo[LCOO].OnMatch 11753206
2017-05-31 22:48:01,200 [Dispatcher1] [INFO] |cgaRCf8SgdmNwraWIhpfrY3tlWI=| [Elapsed 00:00:00:00.0025049] Lcoo[LCOO].OnMatch 11753224
2017-05-31 22:48:24,049 [Dispatcher1] [INFO] |p4Mm8m/4lPz5yv/4Kqxq8blUlxA=| [Elapsed 00:00:00:00.0005529] Lcoo[LCOO].OnMatch 11117025
2017-05-31 22:48:24,089 [Dispatcher3] [INFO] |zx/Xgd2UkwprVLhGY8Vjb7Xeks4=| [Elapsed 00:00:00:00.0022217] Lcoo[LCOO].OnMatch 10943510
2017-05-31 22:48:24,090 [Dispatcher1] [INFO] |MIAnFGADGudcIazgshnSnqXgIPM=| [Elapsed 00:00:00:00.0025127] Lcoo[LCOO].OnMatch 11499759
2017-05-31 22:48:24,096 [Dispatcher2] [INFO] |i80eO9QTuQCx9c8wIUNKHEy1i/A=| [Elapsed 00:00:00:00.0009582] Lcoo[LCOO].OnMatch 11750603
2017-05-31 22:48:24,097 [Dispatcher3] [INFO] |ttF4QHL/wdSZjckAW/ee4kT/msk=| [Elapsed 00:00:00:00.0010956] Lcoo[LCOO].OnMatch 11750607
2017-05-31 22:48:24,099 [Dispatcher2] [INFO] |Yfcux3S1bMZsiGcTSNqm8aWw0PM=| [Elapsed 00:00:00:00.0025680] Lcoo[LCOO].OnMatch 11750825
2017-05-31 22:48:24,099 [Dispatcher3] [INFO] |oJmYRGNtb8wsB/EETHx4B9wC0Z4=| [Elapsed 00:00:00:00.0022799] Lcoo[LCOO].OnMatch 11757702
2017-05-31 22:48:24,100 [Dispatcher1] [INFO] |juO2MPcjfSe4QFvpLDw5l+n99Wc=| [Elapsed 00:00:00:00.0037913] Lcoo[LCOO].OnMatch 11751097
2017-05-31 22:48:24,102 [Dispatcher3] [INFO] |yRqWczj3jszqcD3UqDF/qAJ30fM=| [Elapsed 00:00:00:00.0014294] Lcoo[LCOO].OnMatch 11753212
2017-05-31 22:48:24,103 [Dispatcher2] [INFO] |0gUF4x67YNjO+VQpW2vcUMip7zw=| [Elapsed 00:00:00:00.0015620] Lcoo[LCOO].OnMatch 11753226
2017-05-31 22:48:24,103 [Dispatcher1] [INFO] |pJfShnWRS9JtNvpkclXJX+zRkWw=| [Elapsed 00:00:00:00.0025839] Lcoo[LCOO].OnMatch 11757478
