2017-05-29 12:35:47,402 [10] [INFO] |opIG+pBDZcsexLIDDO2zkso4mmM=| Client subscribed to ILcoo.OnMatch
2017-05-29 12:35:47,402 [10] [INFO] |Csl+GseQlFmNfCQF/+Wq5bligFY=| Client subscribed to ILcoo.OnOutright
2017-05-29 12:35:47,402 [10] [INFO] |m/G6tmz0BI8CKLMUKZSoxBsYKzM=| Client subscribed to ILcoo.OnThreeBall
2017-05-29 12:35:49,762 [10] [INFO] |J8TdeGqTQ3N6gcUGyy/QJzoPpxA=| Start
2017-05-29 12:36:18,979 [10] [INFO] |DBwR6SrI5nyZulj1jp9yZwDHlE4=| Client subscribed to ILcoo.OnMatch
2017-05-29 12:36:18,980 [10] [INFO] |qhcK5dS7Gbg/HgZAsIBYuoc/FcE=| Client subscribed to ILcoo.OnOutright
2017-05-29 12:36:18,980 [10] [INFO] |XHNW70OLbmahChpeJ6gKlKU1roU=| Client subscribed to ILcoo.OnThreeBall
2017-05-29 12:36:21,414 [10] [INFO] |N9uUl8Xx57iFPWTWWThgVsbmLh4=| Start
2017-05-29 12:43:45,839 [10] [INFO] |9jQZk2jqtalqXTYaR0CG/qWBhSk=| Client subscribed to ILcoo.OnMatch
2017-05-29 12:43:45,840 [10] [INFO] |dluhWAYA0GINjDBdD0eEQJXu09M=| Client subscribed to ILcoo.OnOutright
2017-05-29 12:43:45,840 [10] [INFO] |ZgXrOegYQYg7BPdTS2OaAQl7rnM=| Client subscribed to ILcoo.OnThreeBall
2017-05-29 12:43:49,241 [10] [INFO] |OW59SF6Bs/rIcXWTJZ1JKuY58KA=| Start
2017-05-29 12:45:21,641 [10] [INFO] |m+tfpRNTac63NvxxGE8ps5qQKMs=| Client subscribed to ILcoo.OnMatch
2017-05-29 12:45:21,641 [10] [INFO] |k/Dp0yAHyPSwVJclfaoY14qNQe0=| Client subscribed to ILcoo.OnOutright
2017-05-29 12:45:21,642 [10] [INFO] |JyxvLq6D3tedxwOcRMrq8aaCCsQ=| Client subscribed to ILcoo.OnThreeBall
2017-05-29 12:45:24,743 [10] [INFO] |rWHIqCqxELeGO56aeTjz3e0jokU=| Start
2017-05-29 12:45:40,594 [Dispatcher2] [INFO] |ILUhPs9lLZ5kj9SJzh1hMdm4TNA=| [Elapsed 00:00:00:00.0044627] Lcoo[LCOO].OnMatch 9802531
2017-05-29 12:45:40,599 [Dispatcher1] [INFO] |25nKekr77UJybzHl4xG4CO+NXok=| [Elapsed 00:00:00:00.0097054] Lcoo[LCOO].OnMatch 10938602
2017-05-29 12:45:40,614 [Dispatcher2] [INFO] |24RpY/8aiE6nD7QBNjx5k66vU/0=| [Elapsed 00:00:00:00.0190782] Lcoo[LCOO].OnMatch 11449785
2017-05-29 12:45:40,618 [Dispatcher3] [INFO] |ZcvrERlU3vsCglN6m97CNGvCbFc=| [Elapsed 00:00:00:00.0289989] Lcoo[LCOO].OnMatch 11648257
2017-05-29 12:45:40,626 [Dispatcher3] [INFO] |1bIvRrCR+oxVVqOx5ePQSJCwwf0=| [Elapsed 00:00:00:00.0033136] Lcoo[LCOO].OnOutright 44503
2017-05-29 12:46:32,454 [10] [INFO] |lssAErrHS1hO0MkxGSobhPNpXEs=| Client subscribed to ILcoo.OnMatch
2017-05-29 12:46:32,454 [10] [INFO] |59DkbpWsQCr2181v9dBvoONDRg8=| Client subscribed to ILcoo.OnOutright
2017-05-29 12:46:32,455 [10] [INFO] |LZkTtpIvj7hqulSUJmz1g2Fgrks=| Client subscribed to ILcoo.OnThreeBall
2017-05-29 12:46:34,954 [10] [INFO] |kxsYJI5LBjwLeH0nqv6Ouxw9yZQ=| Start
2017-05-29 12:50:24,684 [1] [INFO] |/riCOQumF17hKRjY8lXXV/t5in8=| Client subscribed to ILcoo.OnMatch
2017-05-29 12:50:24,685 [1] [INFO] |iPestJD/gRlvdZxg2g4SUO+na/A=| Client subscribed to ILcoo.OnOutright
2017-05-29 12:50:24,685 [1] [INFO] |zQ0pvBdbKFuel9Zllk2EHutRh6s=| Client subscribed to ILcoo.OnThreeBall
2017-05-29 12:50:27,785 [1] [INFO] |xn8CPsFGd5XO2SI5CxvQg+hPjuM=| Start
2017-05-29 12:51:26,164 [1] [INFO] |mjLZMVvUjtMriNT47wOt3kmM+mc=| Client subscribed to ILcoo.OnMatch
2017-05-29 12:51:26,165 [1] [INFO] |SW2QX0QYvgIntpScK4P+7Xc5bH0=| Client subscribed to ILcoo.OnOutright
2017-05-29 12:51:26,165 [1] [INFO] |pqlBY2hout/XQtrbtOH96+z/kwI=| Client subscribed to ILcoo.OnThreeBall
2017-05-29 12:51:29,789 [1] [INFO] |mIe0/7zPGcysavAO2cfH92vjsJc=| Start
2017-05-29 13:00:40,262 [1] [INFO] |hdQdkI3rJw14+Yf1kBrJ2g5JMEA=| Client subscribed to ILcoo.OnMatch
2017-05-29 13:00:40,262 [1] [INFO] |T6sdwswyPHMu0tp/vWYYvfBRMZI=| Client subscribed to ILcoo.OnOutright
2017-05-29 13:00:40,263 [1] [INFO] |iz56h2+9ljX1iS3pbuaFYjbtoVM=| Client subscribed to ILcoo.OnThreeBall
2017-05-29 13:00:44,051 [1] [INFO] |h1wtFHO2vchVWNn47jjrzJCAaf0=| Start
2017-05-29 13:03:45,099 [10] [INFO] |9vApwu8FBwodeUi8aFhn6rNdaOg=| Client subscribed to ILcoo.OnMatch
2017-05-29 13:03:45,101 [10] [INFO] |GauGXvSeMe+C9K+rveAm4tArl/A=| Client subscribed to ILcoo.OnOutright
2017-05-29 13:03:45,102 [10] [INFO] |khNfu+w8H6lX4E3LM5H3eLwnsJw=| Client subscribed to ILcoo.OnThreeBall
2017-05-29 13:03:48,461 [10] [INFO] |OhyKbQS4moR3FyOu9Ibv7Kd2gkc=| Start
2017-05-29 13:04:04,525 [Dispatcher3] [INFO] |4bmqHFlOpFpdHrzf0gULnAZZEuM=| [Elapsed 00:00:00:00.0186159] Lcoo[LCOO].OnMatch 10938880
2017-05-29 13:04:04,527 [Dispatcher1] [INFO] |+iGam50PGEDZxeSR6Rb9zG2G/5o=| [Elapsed 00:00:00:00.0211953] Lcoo[LCOO].OnMatch 11067275
2017-05-29 13:04:04,536 [Dispatcher2] [INFO] |7B3ssZH0Fm8sFA8vObNUq/vai/s=| [Elapsed 00:00:00:00.0303692] Lcoo[LCOO].OnMatch 9802531
2017-05-29 13:04:04,543 [Dispatcher2] [INFO] |bxsN6PA2KOxImtr2AcxTFbIvJ6o=| [Elapsed 00:00:00:00.0049784] Lcoo[LCOO].OnMatch 11695829
2017-05-29 13:04:04,544 [Dispatcher3] [INFO] |fuz4vOG92Egh5AlGEjx2MipGAUQ=| [Elapsed 00:00:00:00.0088195] Lcoo[LCOO].OnMatch 11737353
2017-05-29 13:04:04,567 [Dispatcher2] [INFO] |NHRbkqisubk+dLOnm14sBPlCNbI=| [Elapsed 00:00:00:00.0159137] Lcoo[LCOO].OnMatch 11737329
2017-05-29 13:04:04,568 [Dispatcher3] [INFO] |+fMoRca4TtU71mj3VUAErz8MSsk=| [Elapsed 00:00:00:00.0179491] Lcoo[LCOO].OnMatch 11741395
2017-05-29 13:04:04,570 [Dispatcher1] [INFO] |8PTnD34EjvgWB5ag3kX3pjJQJX8=| [Elapsed 00:00:00:00.0196603] Lcoo[LCOO].OnMatch 11737249
2017-05-29 13:04:04,576 [Dispatcher1] [INFO] |DyxU3CgQb0WE/0eC/vEHyEc1CQs=| [Elapsed 00:00:00:00.0055517] Lcoo[LCOO].OnMatch 11747453
2017-05-29 13:04:04,579 [Dispatcher2] [INFO] |SkGyTjRLWvpm3d428ZFXFrdXE8g=| [Elapsed 00:00:00:00.0115042] Lcoo[LCOO].OnMatch 11748359
2017-05-29 13:05:06,877 [Dispatcher2] [INFO] |7J8+w2VcWxYM7st1Rs4NPLQPwF0=| [Elapsed 00:00:00:00.0025730] Lcoo[LCOO].OnMatch 9802531
2017-05-29 13:05:06,880 [Dispatcher3] [INFO] |+VbuUqklTTsulckLojMyLDTSi6o=| [Elapsed 00:00:00:00.0056285] Lcoo[LCOO].OnMatch 11728439
2017-05-29 13:05:06,881 [Dispatcher1] [INFO] |xDGcCTVpxNEqqZ0sG14sxiZC31M=| [Elapsed 00:00:00:00.0063780] Lcoo[LCOO].OnMatch 11067275
2017-05-29 13:05:06,882 [Dispatcher2] [INFO] |VGKXuRdxSyaJsl3kN4mk7mbXp+E=| [Elapsed 00:00:00:00.0012491] Lcoo[LCOO].OnMatch 11695829
2017-05-29 13:05:06,888 [Dispatcher2] [INFO] |TnRFubLxqKh5SZJ5rba+cOEMcZA=| [Elapsed 00:00:00:00.0010401] Lcoo[LCOO].OnMatch 11748863
2017-05-29 13:05:06,888 [Dispatcher3] [INFO] |dQRLZIKQ+rVPIcJOqbGARaYl/jI=| [Elapsed 00:00:00:00.0009218] Lcoo[LCOO].OnMatch 11746587
2017-05-29 13:05:06,906 [Dispatcher1] [INFO] |AjDsrCEu/s2uHGpXMKAOHDJCDr8=| [Elapsed 00:00:00:00.0058192] Lcoo[LCOO].OnMatch 11741349
2017-05-29 13:05:06,910 [Dispatcher1] [INFO] |5mOaplxG95spUJtlPZsFEiPoh6Q=| [Elapsed 00:00:00:00.0011968] Lcoo[LCOO].OnMatch 11665059
2017-05-29 13:05:55,051 [1] [INFO] |bw5ORJzQdy7LM8cEfcoxkGkPtOI=| Client subscribed to ILcoo.OnMatch
2017-05-29 13:05:55,051 [1] [INFO] |koicY6+qXen/SOEfWYpdSNs8GHY=| Client subscribed to ILcoo.OnOutright
2017-05-29 13:05:55,052 [1] [INFO] |7+SrTw2c1pmmyHpljYPIRXUXJlw=| Client subscribed to ILcoo.OnThreeBall
2017-05-29 13:05:57,956 [1] [INFO] |XUeWcABkT2RaWDcGw+xDELvGAEw=| Start
2017-05-29 13:06:13,715 [Dispatcher3] [INFO] |PRVkQTDjIYvVZRHs7EuISrubh88=| [Elapsed 00:00:00:00.0040134] Lcoo[LCOO].OnMatch 11741705
2017-05-29 13:06:13,716 [Dispatcher2] [INFO] |cHM3drgh3o4ZJ7zZ/ZVXrGZ9nDA=| [Elapsed 00:00:00:00.0068756] Lcoo[LCOO].OnMatch 9802531
2017-05-29 13:06:13,745 [Dispatcher1] [INFO] |rj06/vefqieQ/xHR1LOjdRkdwpk=| [Elapsed 00:00:00:00.0046582] Lcoo[LCOO].OnMatch 11741939
2017-05-29 13:06:13,746 [Dispatcher3] [INFO] |qUZHHFhcz10kfBGD+J2NU1csHvs=| [Elapsed 00:00:00:00.0052913] Lcoo[LCOO].OnMatch 11741349
2017-05-29 13:06:13,749 [Dispatcher1] [INFO] |ApZuXqrER+xzEfBx59BGN/A4gpk=| [Elapsed 00:00:00:00.0033899] Lcoo[LCOO].OnMatch 11741597
2017-05-29 13:06:13,753 [Dispatcher3] [INFO] |7gsgLpb/TqMqmWqhgZXWx9+iJos=| [Elapsed 00:00:00:00.0062154] Lcoo[LCOO].OnMatch 11741199
2017-05-29 13:06:13,756 [Dispatcher1] [INFO] |vZl1zcGW7CVqFxRC/jE6A2SewRo=| [Elapsed 00:00:00:00.0058040] Lcoo[LCOO].OnMatch 11741195
2017-05-29 13:06:13,757 [Dispatcher2] [INFO] |BTUKtafoW6cgUN+yeK74y9WlU5g=| [Elapsed 00:00:00:00.0159724] Lcoo[LCOO].OnMatch 11737967
2017-05-29 13:06:13,761 [Dispatcher1] [INFO] |N64yp+xA5MkDMbG6W4t++ljBveI=| [Elapsed 00:00:00:00.0044750] Lcoo[LCOO].OnMatch 11741209
2017-05-29 13:06:13,766 [Dispatcher2] [INFO] |IeYuWCI+F7fBwVpDBjgDdaIs87I=| [Elapsed 00:00:00:00.0086292] Lcoo[LCOO].OnMatch 11741197
2017-05-29 13:06:13,768 [Dispatcher3] [INFO] |0bct3AeP6g2TXB8Lw5dB/krtoIA=| [Elapsed 00:00:00:00.0144509] Lcoo[LCOO].OnMatch 11741163
2017-05-29 13:06:13,774 [Dispatcher1] [INFO] |JhbvYSc4+M+IdSJ5tmRDw7SK38k=| [Elapsed 00:00:00:00.0115642] Lcoo[LCOO].OnMatch 11741957
2017-05-29 13:06:13,776 [Dispatcher2] [INFO] |1V+MNd2mdpogX22xsxGI1AP7iCI=| [Elapsed 00:00:00:00.0087911] Lcoo[LCOO].OnMatch 11747413
2017-05-29 13:06:13,777 [Dispatcher3] [INFO] |/+KWZ5wOUvkI72ZLKC98IF5XBYo=| [Elapsed 00:00:00:00.0080772] Lcoo[LCOO].OnMatch 11741963
2017-05-29 13:06:13,780 [Dispatcher2] [INFO] |06DSZ5Fdzv6s/MSshZNow9CWzXw=| [Elapsed 00:00:00:00.0035035] Lcoo[LCOO].OnMatch 11741201
2017-05-29 13:06:42,530 [1] [INFO] |cdyz8WlinnI8PG7PqhrqdJ40fHc=| Client subscribed to ILcoo.OnMatch
2017-05-29 13:06:42,531 [1] [INFO] |qGhKlDSjvsXP1ZiB6ITPD4MF07s=| Client subscribed to ILcoo.OnOutright
2017-05-29 13:06:42,532 [1] [INFO] |Ewls+GsnUQ5gwusqBMVYRycRKCg=| Client subscribed to ILcoo.OnThreeBall
2017-05-29 13:06:46,886 [1] [INFO] |kPS+BEerHMhwrcXP7eIfxQXL28o=| Start
2017-05-29 13:07:02,817 [Dispatcher2] [INFO] |G27UYQUaNcYgYPCdHLayexnhv/E=| [Elapsed 00:00:00:00.0098599] Lcoo[LCOO].OnMatch 11482703
2017-05-29 13:07:02,821 [Dispatcher2] [INFO] |HUaG7pDUzl2sNeqOOXL8q/ybtk4=| [Elapsed 00:00:00:00.0031651] Lcoo[LCOO].OnMatch 11728439
2017-05-29 13:07:02,827 [Dispatcher1] [INFO] |pS2/o34IA4ejr3jj7Jo/XyHD9jU=| [Elapsed 00:00:00:00.0200159] Lcoo[LCOO].OnMatch 11504701
2017-05-29 13:07:02,831 [Dispatcher3] [INFO] |Ixq4tsghLu0sRj7XeiLvQnzV5J4=| [Elapsed 00:00:00:00.0244910] Lcoo[LCOO].OnMatch 9802531
2017-05-29 13:07:02,833 [Dispatcher1] [INFO] |rubSF9jaB0LfMuyiAd+h+nGRm+g=| [Elapsed 00:00:00:00.0031973] Lcoo[LCOO].OnMatch 11737967
2017-05-29 13:07:02,836 [Dispatcher3] [INFO] |ftD9iLqxSrrfq+Cl9wDU80tddh0=| [Elapsed 00:00:00:00.0041718] Lcoo[LCOO].OnMatch 11741939
2017-05-29 13:07:02,837 [Dispatcher1] [INFO] |FA8W+Dqkc4qUrfo9dmrrvjI+MPU=| [Elapsed 00:00:00:00.0037186] Lcoo[LCOO].OnMatch 11742243
2017-05-29 13:07:02,839 [Dispatcher2] [INFO] |g79hfLiCMDyp9k6ppzyTPXkvfhU=| [Elapsed 00:00:00:00.0098678] Lcoo[LCOO].OnMatch 11742239
2017-05-29 13:07:02,842 [Dispatcher3] [INFO] |+UbJVvup5TY/N/HQbgeHl5CXZpY=| [Elapsed 00:00:00:00.0054149] Lcoo[LCOO].OnMatch 11742231
2017-05-29 13:10:43,470 [1] [INFO] |ftUSU+Av4c/uCIfHirs8+tkOyHw=| Client subscribed to ILcoo.OnMatch
2017-05-29 13:10:43,471 [1] [INFO] |0QWCN7HRs8Cczsr1GOXK9Iew+Zg=| Client subscribed to ILcoo.OnOutright
2017-05-29 13:10:43,472 [1] [INFO] |oqDo+Od+CYXgaYqalK5oWc4cyBs=| Client subscribed to ILcoo.OnThreeBall
2017-05-29 13:10:45,847 [1] [INFO] |+cQQSOLDDPNf4wfgMtrg0Nqla08=| Start
2017-05-29 13:11:01,851 [Dispatcher3] [INFO] |Z6nsRwSVDNewApTNuinGYSg37+c=| [Elapsed 00:00:00:00.0131160] Lcoo[LCOO].OnMatch 11449785
2017-05-29 13:11:01,851 [Dispatcher1] [INFO] |3nSuXYB9wFo+LXmTcM9/0mmrzK4=| [Elapsed 00:00:00:00.0140318] Lcoo[LCOO].OnMatch 11728439
2017-05-29 13:11:01,861 [Dispatcher2] [INFO] |hTPSpxY0aH5j2g3fChU1Pn4xAGw=| [Elapsed 00:00:00:00.0243222] Lcoo[LCOO].OnMatch 9802531
2017-05-29 13:11:01,863 [Dispatcher3] [INFO] |aCzcmT78UKKRIDJtbMWK4wbG/jo=| [Elapsed 00:00:00:00.0099559] Lcoo[LCOO].OnMatch 11746591
2017-05-29 13:11:01,865 [Dispatcher2] [INFO] |3GcahaPE5eHcxSqpbsLd6UuEWOY=| [Elapsed 00:00:00:00.0017811] Lcoo[LCOO].OnMatch 11742239
2017-05-29 13:14:53,055 [10] [INFO] |BBebdyCIE8zSa96xbaZwzH2Q1oQ=| Client subscribed to ILcoo.OnMatch
2017-05-29 13:14:53,056 [10] [INFO] |IpuMvnfWDT4fCmueFptgAAhjisk=| Client subscribed to ILcoo.OnOutright
2017-05-29 13:14:53,057 [10] [INFO] |aSbJdGfv81Hr35zlGsWiqltKlq4=| Client subscribed to ILcoo.OnThreeBall
2017-05-29 13:14:55,771 [10] [INFO] |qQ8NILQ7kPC28k+3DyFDi10lPFw=| Start
2017-05-29 13:15:11,730 [Dispatcher2] [INFO] |fSJPwmEUWzVVQ0PU/mapLsgbfgc=| [Elapsed 00:00:00:00.0047646] Lcoo[LCOO].OnMatch 9802531
2017-05-29 13:15:11,733 [Dispatcher2] [INFO] |BLJ+ogMfjcm2lRcO1AEUC0rnq0A=| [Elapsed 00:00:00:00.0018128] Lcoo[LCOO].OnMatch 10749160
2017-05-29 13:15:11,741 [Dispatcher3] [INFO] |DRe3s+zLuW7hVr+YXw3DcSROkWw=| [Elapsed 00:00:00:00.0151912] Lcoo[LCOO].OnMatch 11051995
2017-05-29 13:15:11,744 [Dispatcher1] [INFO] |m9SXriXv09Uc/kcS81FikDKb4sI=| [Elapsed 00:00:00:00.0191873] Lcoo[LCOO].OnMatch 11202417
2017-05-29 13:15:11,747 [Dispatcher1] [INFO] |lKpG127i7AP1K6izlqi0Jxh3v5s=| [Elapsed 00:00:00:00.0025472] Lcoo[LCOO].OnMatch 11728439
2017-05-29 13:15:11,751 [Dispatcher3] [INFO] |L1wFAU8yO5wopgRv3R5y5XZ7x1U=| [Elapsed 00:00:00:00.0095177] Lcoo[LCOO].OnMatch 11449787
2017-05-29 13:15:11,761 [Dispatcher2] [INFO] |e7B1gia7uA5eHn+PyNLcIIplMZk=| [Elapsed 00:00:00:00.0091055] Lcoo[LCOO].OnMatch 11737329
2017-05-29 13:15:11,763 [Dispatcher1] [INFO] |fn69y8kZhswjqhP8A31L7uvtW1g=| [Elapsed 00:00:00:00.0099027] Lcoo[LCOO].OnMatch 11742255
2017-05-29 13:15:11,765 [Dispatcher2] [INFO] |56i99nutd/65DC+C1mfCQM2YLno=| [Elapsed 00:00:00:00.0021963] Lcoo[LCOO].OnMatch 11742245
2017-05-29 13:15:11,767 [Dispatcher3] [INFO] |S3x4JXsrp2KAxDl5VY76pL/cA1I=| [Elapsed 00:00:00:00.0146647] Lcoo[LCOO].OnMatch 11742247
2017-05-29 13:15:11,767 [Dispatcher2] [INFO] |B7s8wwsJRpFh4iEQpJaVL6eT4P0=| [Elapsed 00:00:00:00.0017176] Lcoo[LCOO].OnMatch 11741967
2017-05-29 13:15:11,770 [Dispatcher3] [INFO] |HCgUTSYcwGy5wQd7teVkBoiYOoc=| [Elapsed 00:00:00:00.0021771] Lcoo[LCOO].OnMatch 11741189
2017-05-29 13:15:11,771 [Dispatcher1] [INFO] |aQ0afquUb8xQt8GkPHiiqVRW+1s=| [Elapsed 00:00:00:00.0081434] Lcoo[LCOO].OnMatch 11740729
2017-05-29 13:15:11,773 [Dispatcher3] [INFO] |aiLT3AeYmvAqedQSg3LOZd7uXdY=| [Elapsed 00:00:00:00.0024176] Lcoo[LCOO].OnMatch 11665059
2017-05-29 13:15:11,781 [Dispatcher1] [INFO] |Oy0Thda52i7+xAR6A3KSFcNro78=| [Elapsed 00:00:00:00.0042612] Lcoo[LCOO].OnOutright 39138
2017-05-29 13:16:20,019 [Dispatcher3] [INFO] |PtTOk9qjZhJ+osd7NZoIjIlffEE=| [Elapsed 00:00:00:00.0195059] Lcoo[LCOO].OnMatch 11051995
2017-05-29 13:16:20,026 [Dispatcher2] [INFO] |0zNchT3EO2GYyGANUORJxZ7J88g=| [Elapsed 00:00:00:00.0261311] Lcoo[LCOO].OnMatch 9802531
2017-05-29 13:16:20,034 [Dispatcher3] [INFO] |90cpxeY9l6SvQDrff1bLkAI+cx8=| [Elapsed 00:00:00:00.0136391] Lcoo[LCOO].OnMatch 10938602
2017-05-29 13:16:20,033 [Dispatcher1] [INFO] |TgfZwKVR5FbL9tjmENoCJEmu75s=| [Elapsed 00:00:00:00.0327795] Lcoo[LCOO].OnMatch 11202417
2017-05-29 13:16:20,056 [Dispatcher3] [INFO] |qZ/gSsNegmjrwAPEUe+2ZMO0y40=| [Elapsed 00:00:00:00.0186244] Lcoo[LCOO].OnMatch 11449787
2017-05-29 13:16:20,058 [Dispatcher3] [INFO] |j9WC1l6/tyiRqubLZ9MRcDd1v7Y=| [Elapsed 00:00:00:00.0013370] Lcoo[LCOO].OnMatch 11741189
2017-05-29 13:16:20,060 [Dispatcher1] [INFO] |dkvGm0tnyVKqLK5mdaMQ6jbT3sw=| [Elapsed 00:00:00:00.0211007] Lcoo[LCOO].OnMatch 11695829
2017-05-29 13:16:20,060 [Dispatcher2] [INFO] |njYIxcyUTZsGMjtaakUIePViBJI=| [Elapsed 00:00:00:00.0294500] Lcoo[LCOO].OnMatch 10749160
2017-05-29 13:16:20,069 [Dispatcher2] [INFO] |jBoujoPDoWzISlPNHNnvre7R0GQ=| [Elapsed 00:00:00:00.0036692] Lcoo[LCOO].OnMatch 10943492
2017-05-29 13:16:20,073 [Dispatcher2] [INFO] |exYitFoleawKuiNGmmtI88pBb38=| [Elapsed 00:00:00:00.0018957] Lcoo[LCOO].OnMatch 11737329
2017-05-29 13:16:20,077 [Dispatcher3] [INFO] |yZqP8J80K0DrG3yPnCjME8tydYo=| [Elapsed 00:00:00:00.0046669] Lcoo[LCOO].OnOutright 38264
2017-05-29 13:16:20,080 [Dispatcher1] [INFO] |OaLIDWtPIfxeiMh5ij67PD4r+Ww=| [Elapsed 00:00:00:00.0082412] Lcoo[LCOO].OnOutright 39138
2017-05-29 13:26:09,278 [1] [INFO] |wBdWIksGQdHqENMDhFj6tvv0j60=| Client subscribed to ILcoo.OnMatch
2017-05-29 13:26:09,278 [1] [INFO] |D182+KK29wZySuEk3mwV9fKsk/g=| Client subscribed to ILcoo.OnOutright
2017-05-29 13:26:09,279 [1] [INFO] |623+e4sCh0RRRJKOSRbnlj9GhRU=| Client subscribed to ILcoo.OnThreeBall
2017-05-29 13:26:11,423 [1] [INFO] |TGkyqEwGBsKbHx5fmKHNltNEk6g=| Start
2017-05-29 13:26:58,061 [Dispatcher3] [INFO] |SpdwhtdSHAXfqh8fiyfRTWm4MZ8=| [Elapsed 00:00:00:00.0156202] Lcoo[LCOO].OnMatch 11066633
2017-05-29 13:26:58,062 [Dispatcher1] [INFO] |yrxSs5PnNVkS+TepByEpRGHOltg=| [Elapsed 00:00:00:00.0165413] Lcoo[LCOO].OnMatch 10938554
2017-05-29 13:26:58,064 [Dispatcher2] [INFO] |RzauSJQO/gz7NSDeqbdzRasVdkc=| [Elapsed 00:00:00:00.0183877] Lcoo[LCOO].OnMatch 11066779
2017-05-29 13:26:58,067 [Dispatcher3] [INFO] |q3lcRpQ+HTT/4J2IiytlsIDiBhc=| [Elapsed 00:00:00:00.0005784] Lcoo[LCOO].OnMatch 11301587
2017-05-29 13:26:58,070 [Dispatcher1] [INFO] |cy7K+8YKyVsQDVsciwSsBj5Hmx8=| [Elapsed 00:00:00:00.0032209] Lcoo[LCOO].OnMatch 11301589
2017-05-29 13:26:58,079 [Dispatcher2] [INFO] |RBEsE5dUaYU0QcwJ+aW+TAhLaKg=| [Elapsed 00:00:00:00.0119503] Lcoo[LCOO].OnMatch 11301585
2017-05-29 13:26:58,080 [Dispatcher1] [INFO] |40KruMZDLHPNwFzsC+VVAt5fjzU=| [Elapsed 00:00:00:00.0097768] Lcoo[LCOO].OnMatch 11301583
2017-05-29 13:26:58,090 [Dispatcher2] [INFO] |Slou4jEWjihJsQZoFHs1Z3mnDjc=| [Elapsed 00:00:00:00.0028696] Lcoo[LCOO].OnMatch 11737201
2017-05-29 13:26:58,091 [Dispatcher1] [INFO] |+mzjVk2To25OdZSJJ0j2rIBAcrc=| [Elapsed 00:00:00:00.0037579] Lcoo[LCOO].OnMatch 11741275
2017-05-29 13:26:58,092 [Dispatcher3] [INFO] |S43JhZLcYdY/E+hSlUrDcPvOIZc=| [Elapsed 00:00:00:00.0032314] Lcoo[LCOO].OnMatch 11737203
2017-05-29 13:26:58,093 [Dispatcher2] [INFO] |4tID4F3Ifv60UJQPQ8h2hMIrKGc=| [Elapsed 00:00:00:00.0013102] Lcoo[LCOO].OnMatch 11741291
2017-05-29 13:26:58,094 [Dispatcher1] [INFO] |hfUI7kAx77nP9dKM04FXMRdrqpk=| [Elapsed 00:00:00:00.0019152] Lcoo[LCOO].OnMatch 11741251
2017-05-29 13:26:58,095 [Dispatcher2] [INFO] |WZw+9nhluY6iZ4gXC7eMSeZLTaQ=| [Elapsed 00:00:00:00.0011499] Lcoo[LCOO].OnMatch 11741253
2017-05-29 13:26:58,096 [Dispatcher3] [INFO] |CDS8WO4yXO+Qfs34P31Qesezp2U=| [Elapsed 00:00:00:00.0026619] Lcoo[LCOO].OnMatch 11741293
2017-05-29 13:26:58,097 [Dispatcher1] [INFO] |z6kvi9pUN83Mi7xhLP6HQ0gBYO4=| [Elapsed 00:00:00:00.0024219] Lcoo[LCOO].OnMatch 11741257
2017-05-29 13:26:58,098 [Dispatcher3] [INFO] |CKCf4y77WBEij6AAy3xUwJJL9bU=| [Elapsed 00:00:00:00.0011403] Lcoo[LCOO].OnMatch 11741255
2017-05-29 13:26:58,101 [Dispatcher2] [INFO] |XeXtcr6CcaxftZV5sOA1d1+WAk0=| [Elapsed 00:00:00:00.0055846] Lcoo[LCOO].OnMatch 11741265
2017-05-29 13:26:58,103 [Dispatcher3] [INFO] |HztSwnSvXNOAa+FhZowFCel0H/w=| [Elapsed 00:00:00:00.0031673] Lcoo[LCOO].OnMatch 11741267
2017-05-29 13:26:58,127 [Dispatcher1] [INFO] |/OjxTKVFOwql0oV9aplnXKiN2QY=| [Elapsed 00:00:00:00.0277245] Lcoo[LCOO].OnMatch 11742023
2017-05-29 13:26:58,128 [Dispatcher3] [INFO] |kYvrUTU/rXZ/EVoKzivJxDTrSE8=| [Elapsed 00:00:00:00.0233598] Lcoo[LCOO].OnMatch 11742013
2017-05-29 13:26:58,127 [Dispatcher2] [INFO] |0YvOh8civPq+TuRrOGLLsiaRFv8=| [Elapsed 00:00:00:00.0253115] Lcoo[LCOO].OnMatch 11742009
2017-05-29 13:26:58,138 [Dispatcher1] [INFO] |d7DJdB0BG9EJjGq5hMTb6/wiclU=| [Elapsed 00:00:00:00.0044043] Lcoo[LCOO].OnMatch 11742011
2017-05-29 13:26:58,140 [Dispatcher2] [INFO] |kN2Y9q5/zzBNexDo9WxHb1Ejxwk=| [Elapsed 00:00:00:00.0059669] Lcoo[LCOO].OnMatch 11742015
2017-05-29 13:26:58,141 [Dispatcher1] [INFO] |GIoeTZWR0Ol4ww5ibFnOzi6EDME=| [Elapsed 00:00:00:00.0028540] Lcoo[LCOO].OnMatch 10492446
2017-05-29 13:26:58,145 [Dispatcher2] [INFO] |/Nt5AUBnBrtSZyAGNRlyKQZ6M1E=| [Elapsed 00:00:00:00.0041583] Lcoo[LCOO].OnMatch 10492454
2017-05-29 13:26:58,146 [Dispatcher3] [INFO] |AAUD8JAlLNQM28/l/COUmO/u23c=| [Elapsed 00:00:00:00.0098513] Lcoo[LCOO].OnMatch 11742239
2017-05-29 13:26:58,147 [Dispatcher1] [INFO] |vpaAScnEo7H1r/rlvDpOvTVasVE=| [Elapsed 00:00:00:00.0033211] Lcoo[LCOO].OnOutright 44503
2017-05-29 13:26:58,147 [Dispatcher2] [INFO] |vsRQheu5mGHNJ5RTtS+BpWQ4hjw=| [Elapsed 00:00:00:00.0018228] Lcoo[LCOO].OnOutright 44505
2017-05-29 13:26:58,149 [Dispatcher3] [INFO] |wpbBKxMFLNzyhD2hEzGY11crKiA=| [Elapsed 00:00:00:00.0026350] Lcoo[LCOO].OnMatch 10492448
2017-05-29 13:26:58,150 [Dispatcher1] [INFO] |PMBR/bjynca2gg026m0d8C1WlZU=| [Elapsed 00:00:00:00.0022949] Lcoo[LCOO].OnOutright 44509
2017-05-29 13:26:58,152 [Dispatcher3] [INFO] |GBpTJBASpGgeDMC4ZqCl+tgA16Y=| [Elapsed 00:00:00:00.0010594] Lcoo[LCOO].OnMatch 11665059
2017-05-29 13:26:58,153 [Dispatcher3] [INFO] |I5N2B7T8telRmQgA0moQGrmvFlI=| [Elapsed 00:00:00:00.0009523] Lcoo[LCOO].OnOutright 44507
2017-05-29 13:30:40,501 [10] [INFO] |Xd9eT1Bsc6tG+5/wvYSLSi7z1RY=| Client subscribed to ILcoo.OnMatch
2017-05-29 13:30:40,501 [10] [INFO] |SsbQEhI+AFNbYepHA0OafBqwihI=| Client subscribed to ILcoo.OnOutright
2017-05-29 13:30:40,502 [10] [INFO] |Lfih4Jzze1gJfwe4ea9zSY9mMEc=| Client subscribed to ILcoo.OnThreeBall
2017-05-29 13:30:43,014 [10] [INFO] |3kggBBavJV8/v7xxQpiqRJSkc9M=| Start
2017-05-29 13:31:29,984 [Dispatcher3] [INFO] |W95Hv4yBfyCHxF3gptF9/QfsoNk=| [Elapsed 00:00:00:00.0061768] Lcoo[LCOO].OnMatch 10828960
2017-05-29 13:31:29,984 [Dispatcher1] [INFO] |Rx8Z5A5+T8TO7F+ZXF8rj8vTnP4=| [Elapsed 00:00:00:00.0064419] Lcoo[LCOO].OnMatch 10828964
2017-05-29 13:31:29,984 [Dispatcher2] [INFO] |3VfTCOKGwnKvlSJz7BpxUNYITcU=| [Elapsed 00:00:00:00.0069904] Lcoo[LCOO].OnMatch 10828968
2017-05-29 13:31:29,985 [Dispatcher3] [INFO] |AmL1AyF+sD/DAJBJeubLsi9Vy5E=| [Elapsed 00:00:00:00.0006733] Lcoo[LCOO].OnMatch 10828974
2017-05-29 13:31:29,994 [Dispatcher3] [INFO] |v3bvu2UXHPEvJh1U3t8MB1JGKBU=| [Elapsed 00:00:00:00.0059683] Lcoo[LCOO].OnMatch 10828970
2017-05-29 13:31:29,996 [Dispatcher2] [INFO] |lti/Yve3PwnEADCahIhCKM/l7Cs=| [Elapsed 00:00:00:00.0109121] Lcoo[LCOO].OnMatch 10828966
2017-05-29 13:31:29,999 [Dispatcher1] [INFO] |XfCHuMnhhllf9CJgPS9mjpHsh3I=| [Elapsed 00:00:00:00.0140361] Lcoo[LCOO].OnMatch 10828962
2017-05-29 13:31:30,000 [Dispatcher3] [INFO] |2G6l6AC7jd6Dz8HBHpjDzEFhFdY=| [Elapsed 00:00:00:00.0052059] Lcoo[LCOO].OnMatch 11659593
2017-05-29 13:31:30,001 [Dispatcher1] [INFO] |JCP9poN0WBVlVO3bVjsxizL3KyQ=| [Elapsed 00:00:00:00.0008706] Lcoo[LCOO].OnMatch 11469777
2017-05-29 13:31:30,005 [Dispatcher2] [INFO] |Lwr+zOwnJ7tQShhQm93LqjG1l3I=| [Elapsed 00:00:00:00.0083178] Lcoo[LCOO].OnMatch 11577913
2017-05-29 13:31:30,028 [Dispatcher2] [INFO] |R1h2np6xNe6reNDcjyFgO0twPJc=| [Elapsed 00:00:00:00.0016443] Lcoo[LCOO].OnMatch 11741299
2017-05-29 13:31:30,053 [Dispatcher1] [INFO] |KiRyUu4XRVQsRdDi6YQtrfk4Uz8=| [Elapsed 00:00:00:00.0260601] Lcoo[LCOO].OnMatch 11741297
2017-05-29 13:31:30,054 [Dispatcher2] [INFO] |6DCcmScqxO2qm8/DbMmmBwUESag=| [Elapsed 00:00:00:00.0019294] Lcoo[LCOO].OnMatch 10492446
2017-05-29 13:31:30,060 [Dispatcher1] [INFO] |smODPmqkTdjSKK6dwSeSMiVh14E=| [Elapsed 00:00:00:00.0059243] Lcoo[LCOO].OnMatch 11748343
2017-05-29 13:31:30,061 [Dispatcher3] [INFO] |3dY4e9q01ycH8HINYak0Zv9oPdA=| [Elapsed 00:00:00:00.0350035] Lcoo[LCOO].OnMatch 11741169
2017-05-29 13:31:43,868 [Dispatcher1] [INFO] |CLbXLyNrJwVnSs7Dy0ahhBp0hBA=| [Elapsed 00:00:00:00.0015273] Lcoo[LCOO].OnMatch 11469777
2017-05-29 13:31:43,869 [Dispatcher3] [INFO] |EBkcGPSHNJtaSygw1CqWxL4g3pw=| [Elapsed 00:00:00:00.0021961] Lcoo[LCOO].OnMatch 11728439
2017-05-29 13:31:43,874 [Dispatcher1] [INFO] |KIErIKfBfhS5QOUIkZ8AiocRnGQ=| [Elapsed 00:00:00:00.0027087] Lcoo[LCOO].OnMatch 11737329
2017-05-29 13:31:43,877 [Dispatcher1] [INFO] |+9lbQRcVUFjTPZnn3nlHT1ztctg=| [Elapsed 00:00:00:00.0014072] Lcoo[LCOO].OnMatch 11741297
2017-05-29 13:31:43,878 [Dispatcher2] [INFO] |rcljXZB0hrxOvtW0C2pxd7GoOYA=| [Elapsed 00:00:00:00.0059469] Lcoo[LCOO].OnMatch 11741299
2017-05-29 13:31:43,881 [Dispatcher2] [INFO] |gKGknnn2vUGmv3sUxCsbi/KbWz8=| [Elapsed 00:00:00:00.0022356] Lcoo[LCOO].OnMatch 10492446
2017-05-29 13:31:43,898 [Dispatcher2] [INFO] |kSVxUExFBHha6FSdA1UpCk82J8M=| [Elapsed 00:00:00:00.0024874] Lcoo[LCOO].OnOutright 37075
2017-05-29 13:31:58,797 [Dispatcher3] [INFO] |3o6EkR0g/HIxqUImKJRfI2LWqI8=| [Elapsed 00:00:00:00.0021668] Lcoo[LCOO].OnMatch 9815457
2017-05-29 13:31:58,799 [Dispatcher1] [INFO] |VE1V0d3k94LZ12NwDey+S59zqLs=| [Elapsed 00:00:00:00.0009759] Lcoo[LCOO].OnMatch 11737967
2017-05-29 13:32:31,464 [Dispatcher2] [INFO] |LtIxhNhIJ4EqxTUPFlnsmB07N/Y=| [Elapsed 00:00:00:00.0557175] Lcoo[LCOO].OnMatch 11504521
2017-05-29 13:32:31,474 [Dispatcher3] [INFO] |c17ggFnw1AStz7kGuLxgIHqriFk=| [Elapsed 00:00:00:00.0262314] Lcoo[LCOO].OnMatch 11659593
2017-05-29 13:32:31,485 [Dispatcher3] [INFO] |DMTduUOeOcQ2EyWUOw45oOv9jGM=| [Elapsed 00:00:00:00.0019998] Lcoo[LCOO].OnMatch 11737945
2017-05-29 13:32:31,491 [Dispatcher3] [INFO] |7M3k9NpLf9DYE6bU0AUS7JeFvzA=| [Elapsed 00:00:00:00.0018720] Lcoo[LCOO].OnMatch 11741195
2017-05-29 13:32:31,511 [Dispatcher2] [INFO] |N6lpUihWLBIY+Nn8TJ2gBr37PuU=| [Elapsed 00:00:00:00.0130953] Lcoo[LCOO].OnMatch 11741299
2017-05-29 13:32:31,512 [Dispatcher1] [INFO] |8QnhMud3V+n3s7a1NJtNtfL0kdY=| [Elapsed 00:00:00:00.0301471] Lcoo[LCOO].OnMatch 11737203
2017-05-29 13:32:31,513 [Dispatcher3] [INFO] |Ic02jdYGWCuJ8bNr3RfkoEZRnS4=| [Elapsed 00:00:00:00.0073455] Lcoo[LCOO].OnMatch 11741415
2017-05-29 13:32:31,518 [Dispatcher2] [INFO] |RwiNUTPIkqAnz3VKlSSDed2hvys=| [Elapsed 00:00:00:00.0057179] Lcoo[LCOO].OnMatch 11741307
2017-05-29 13:32:31,525 [Dispatcher3] [INFO] |KV2UblY3JnkV3rqZMIJu92OfVNA=| [Elapsed 00:00:00:00.0110065] Lcoo[LCOO].OnOutright 34175
2017-05-29 13:32:31,526 [Dispatcher1] [INFO] |g4qZSL+w1LHpx1w0elrQNc2QnjQ=| [Elapsed 00:00:00:00.0132886] Lcoo[LCOO].OnMatch 11741199
2017-05-29 13:32:31,555 [Dispatcher1] [INFO] |K7m0tRWY9PaOrsvBNn5MKuH5mnU=| [Elapsed 00:00:00:00.0252419] Lcoo[LCOO].OnMatch 10492454
2017-05-29 13:32:31,573 [Dispatcher2] [INFO] |/hQdarpihJirpuQoQDmVMP0E/H4=| [Elapsed 00:00:00:00.0524853] Lcoo[LCOO].OnMatch 11741413
2017-05-29 13:32:31,582 [Dispatcher2] [INFO] |A8wzycp2yB3AJW+E+/juJ+hORHM=| [Elapsed 00:00:00:00.0075622] Lcoo[LCOO].OnMatch 11741411
2017-05-29 13:32:31,585 [Dispatcher2] [INFO] |UxYRshoiy2AXcaZRi857leR3gh0=| [Elapsed 00:00:00:00.0020348] Lcoo[LCOO].OnMatch 10492452
2017-05-29 13:33:01,785 [Dispatcher1] [INFO] |gU8JkF/c18wuJHgMOZGkxoqJhZY=| [Elapsed 00:00:00:00.0050876] Lcoo[LCOO].OnMatch 10938602
2017-05-29 13:33:01,838 [Dispatcher3] [INFO] |umL517bmt3/X6t+kjc9UcpDlUqo=| [Elapsed 00:00:00:00.0016716] Lcoo[LCOO].OnMatch 11659593
2017-05-29 13:33:01,839 [Dispatcher2] [INFO] |fhCFJowtHrSU3OUv0aiT5bSE0wA=| [Elapsed 00:00:00:00.0581238] Lcoo[LCOO].OnMatch 11504521
2017-05-29 13:33:01,879 [Dispatcher1] [INFO] |UN590o4MKQqdaWCZXDynyDu37H8=| [Elapsed 00:00:00:00.0033053] Lcoo[LCOO].OnMatch 11737203
2017-05-29 13:33:01,881 [Dispatcher3] [INFO] |iM6FJTsPjj/7gCd8s1C9xwu+AQs=| [Elapsed 00:00:00:00.0047403] Lcoo[LCOO].OnMatch 11737945
2017-05-29 13:33:01,967 [Dispatcher2] [INFO] |AYdakQi/najRxhiFvzB9FaIKSHs=| [Elapsed 00:00:00:00.0902353] Lcoo[LCOO].OnMatch 11741307
2017-05-29 13:33:01,970 [Dispatcher2] [INFO] |J2jTK2wn2SjD0RuBVQbW6eRezB8=| [Elapsed 00:00:00:00.0014710] Lcoo[LCOO].OnMatch 11741299
2017-05-29 13:33:01,976 [Dispatcher2] [INFO] |rCNg2hgCQyXxgwGmkn0EcoiGuCI=| [Elapsed 00:00:00:00.0022901] Lcoo[LCOO].OnMatch 11741941
2017-05-29 13:33:01,979 [Dispatcher3] [INFO] |E/9VH2+0HOtC3+cfk+DcwrWQ6sY=| [Elapsed 00:00:00:00.0947419] Lcoo[LCOO].OnMatch 11742239
2017-05-29 13:33:01,985 [Dispatcher2] [INFO] |2YEvOYKwjXp2oHL92tdG+Mcoq0w=| [Elapsed 00:00:00:00.0066967] Lcoo[LCOO].OnMatch 10492452
2017-05-29 13:33:01,988 [Dispatcher1] [INFO] |KYVgSj+rG0ybx/kxdWShEhbgJIw=| [Elapsed 00:00:00:00.0516254] Lcoo[LCOO].OnMatch 10492454
2017-05-29 13:33:02,003 [Dispatcher1] [INFO] |2m+egvLxCVtujZWUxcoNu69tBIM=| [Elapsed 00:00:00:00.0130442] Lcoo[LCOO].OnMatch 11671275
2017-05-29 13:33:31,972 [Dispatcher1] [INFO] |Y9XyqTcLWtvMwCb5ZGA0fEm9IFw=| [Elapsed 00:00:00:00.0066520] Lcoo[LCOO].OnMatch 10938602
2017-05-29 13:33:31,985 [Dispatcher2] [INFO] |RL1Sd+jQOSaPU31yRgJP4dAG064=| [Elapsed 00:00:00:00.0191150] Lcoo[LCOO].OnMatch 10893682
2017-05-29 13:33:31,997 [Dispatcher3] [INFO] |rMFvBm3f7541KIIQWuRxQCpAhzE=| [Elapsed 00:00:00:00.0128383] Lcoo[LCOO].OnMatch 11737239
2017-05-29 13:33:31,988 [Dispatcher1] [INFO] |oyYtcGBeASXSw+PPZmqCCdPZj4Y=| [Elapsed 00:00:00:00.0030466] Lcoo[LCOO].OnMatch 11744465
2017-05-29 13:33:32,000 [Dispatcher2] [INFO] |hrgrlC/n07kIbfPO+ijAQV4RAco=| [Elapsed 00:00:00:00.0057777] Lcoo[LCOO].OnMatch 11504521
2017-05-29 13:34:51,223 [9] [INFO] |VGb4Yb1+eNFCS51PZW6Gy17pTJQ=| Client subscribed to ILcoo.OnMatch
2017-05-29 13:34:51,224 [9] [INFO] |Ut3oVL0OsfuQExnSwmTAAU+RJmw=| Client subscribed to ILcoo.OnOutright
2017-05-29 13:34:51,225 [9] [INFO] |bimRM3Np21S5o8FAT+Tc2SozvKw=| Client subscribed to ILcoo.OnThreeBall
2017-05-29 13:34:53,696 [9] [INFO] |LDL8WmgWvS2W26Y63st98uU5n3M=| Start
2017-05-29 13:35:09,805 [Dispatcher2] [INFO] |ooznt1ctE3cG3G3/d23qoqvJKMQ=| [Elapsed 00:00:00:00.0047653] Lcoo[LCOO].OnMatch 11697253
2017-05-29 13:35:09,808 [Dispatcher3] [INFO] |5q2vpqI65/h5yqFFX+CPCG5JE5M=| [Elapsed 00:00:00:00.0080590] Lcoo[LCOO].OnMatch 10828960
2017-05-29 13:35:09,810 [Dispatcher1] [INFO] |omJomvXAaLbdW0aezzl1fEuFz24=| [Elapsed 00:00:00:00.0104796] Lcoo[LCOO].OnMatch 10893682
2017-05-29 13:35:09,814 [Dispatcher2] [INFO] |RGFRpsZVmqaA8dOErC8SS2E2ky4=| [Elapsed 00:00:00:00.0079935] Lcoo[LCOO].OnMatch 11725509
2017-05-29 13:35:09,816 [Dispatcher3] [INFO] |CV9jNdeqHZNndpzhc0w1lSo6joM=| [Elapsed 00:00:00:00.0059881] Lcoo[LCOO].OnMatch 11737201
2017-05-29 13:35:09,818 [Dispatcher1] [INFO] |sK0UeZtrNvukXCYt2lblRJ/N540=| [Elapsed 00:00:00:00.0054009] Lcoo[LCOO].OnMatch 10492448
2017-05-29 13:35:24,454 [Dispatcher3] [INFO] |UsIyUu5ZiJhqQ4ox6EEbltqItPw=| [Elapsed 00:00:00:00.0073348] Lcoo[LCOO].OnMatch 10893680
2017-05-29 13:35:24,455 [Dispatcher2] [INFO] |tODRGdaCTvPrg2PmkXTWLAqnTgY=| [Elapsed 00:00:00:00.0086844] Lcoo[LCOO].OnMatch 9815457
2017-05-29 13:35:24,464 [Dispatcher3] [INFO] |/14RaFgGxng4yQsQqbNeBMf36ho=| [Elapsed 00:00:00:00.0089653] Lcoo[LCOO].OnMatch 10938602
2017-05-29 13:35:24,465 [Dispatcher1] [INFO] |F84o+IoFp0yxQBtUA+A83W7zX04=| [Elapsed 00:00:00:00.0171257] Lcoo[LCOO].OnMatch 10893678
2017-05-29 13:35:24,467 [Dispatcher2] [INFO] |KNltUx0Hgf440ay1u2gtD4oFB3M=| [Elapsed 00:00:00:00.0114251] Lcoo[LCOO].OnMatch 10893688
2017-05-29 13:35:24,468 [Dispatcher3] [INFO] |vKDMDX5e22o1TZmt8ABH6rKbH/E=| [Elapsed 00:00:00:00.0038718] Lcoo[LCOO].OnMatch 11737201
2017-05-29 13:35:24,474 [Dispatcher2] [INFO] |uOiXvQT7dU/ZcPOOgI3WyrOIlmM=| [Elapsed 00:00:00:00.0063605] Lcoo[LCOO].OnMatch 11725509
2017-05-29 13:35:24,475 [Dispatcher1] [INFO] |/LI5xlx2482D2/Uz20vCdX03muo=| [Elapsed 00:00:00:00.0097197] Lcoo[LCOO].OnMatch 10893682
2017-05-29 13:35:24,478 [Dispatcher1] [INFO] |LSSmVXYnbJ0/jm424HlKMXotVLc=| [Elapsed 00:00:00:00.0021922] Lcoo[LCOO].OnMatch 11737329
2017-05-29 13:35:39,519 [Dispatcher2] [INFO] |ET3zE2OjiMPbf795prUeMkPeRhE=| [Elapsed 00:00:00:00.0063862] Lcoo[LCOO].OnMatch 11437455
2017-05-29 13:35:39,524 [Dispatcher2] [INFO] |aKRzTjPRuTCQ6ZN6PbAFw6JZpSI=| [Elapsed 00:00:00:00.0040885] Lcoo[LCOO].OnMatch 10893688
2017-05-29 13:35:39,525 [Dispatcher3] [INFO] |zwQ29PNQGXX7LmxbPwVPIf91rSU=| [Elapsed 00:00:00:00.0123129] Lcoo[LCOO].OnMatch 10893680
2017-05-29 13:35:39,531 [Dispatcher3] [INFO] |xt74J3GLFR3m/uXwCC4oerQRicQ=| [Elapsed 00:00:00:00.0050580] Lcoo[LCOO].OnMatch 11700831
2017-05-29 13:35:39,533 [Dispatcher1] [INFO] |GFSupBpBfCyPgYC/CxDPkkGc8ao=| [Elapsed 00:00:00:00.0206223] Lcoo[LCOO].OnMatch 10893678
2017-05-29 13:35:39,545 [Dispatcher2] [INFO] |HmET//opqdk8mFdm4nTvDXPkXlk=| [Elapsed 00:00:00:00.0195095] Lcoo[LCOO].OnMatch 11728439
2017-05-29 13:35:39,549 [Dispatcher1] [INFO] |HFi+ig2OhP/vDLqPAnlgsp3A5Bw=| [Elapsed 00:00:00:00.0149782] Lcoo[LCOO].OnMatch 11695775
2017-05-29 13:35:39,552 [Dispatcher2] [INFO] |MN58XeHnP+KYKQ7GfeckOh3oHOQ=| [Elapsed 00:00:00:00.0063218] Lcoo[LCOO].OnMatch 11725509
2017-05-29 13:35:39,556 [Dispatcher3] [INFO] |EKYcvT3b2iDU/uJGlc/I73wuEtw=| [Elapsed 00:00:00:00.0228437] Lcoo[LCOO].OnMatch 10938602
2017-05-29 13:35:39,563 [Dispatcher1] [INFO] |mWVg3WEGxua8AiwKEgDlbt4qajU=| [Elapsed 00:00:00:00.0036329] Lcoo[LCOO].OnMatch 11737291
2017-05-29 13:35:39,573 [Dispatcher2] [INFO] |B+RdDIPCxR53/DrTkbs/xAjVqjA=| [Elapsed 00:00:00:00.0135854] Lcoo[LCOO].OnMatch 11737227
2017-05-29 13:35:39,576 [Dispatcher3] [INFO] |yeNd38Vqu0kj2YWzM9kqW5K0tHI=| [Elapsed 00:00:00:00.0122904] Lcoo[LCOO].OnMatch 11737249
2017-05-29 13:35:39,579 [Dispatcher1] [INFO] |nB0npX0PYnUR32gEe6fl6dp9qCU=| [Elapsed 00:00:00:00.0143437] Lcoo[LCOO].OnMatch 11741959
2017-05-29 13:35:39,584 [Dispatcher3] [INFO] |+4q+zygnGmIp4Gx2SRLAxCXZgQE=| [Elapsed 00:00:00:00.0070868] Lcoo[LCOO].OnMatch 11744463
2017-05-29 13:35:39,587 [Dispatcher2] [INFO] |UgjfVIwQqT69stKyOAUqTDPrCX0=| [Elapsed 00:00:00:00.0047054] Lcoo[LCOO].OnOutright 38264
2017-05-29 13:35:39,591 [Dispatcher3] [INFO] |7JaagqxIVH31C+Agj2yKuA3vwjs=| [Elapsed 00:00:00:00.0050346] Lcoo[LCOO].OnOutright 39432
2017-05-29 13:35:54,376 [Dispatcher2] [INFO] |nsSOrCXvXbHNtfQTbeoVSoFv4OM=| [Elapsed 00:00:00:00.0027985] Lcoo[LCOO].OnMatch 11067275
2017-05-29 13:35:54,382 [Dispatcher3] [INFO] |bhqbwEMyfQ/QIwgXtBdq/VbZotY=| [Elapsed 00:00:00:00.0085342] Lcoo[LCOO].OnMatch 11700831
2017-05-29 13:35:54,386 [Dispatcher1] [INFO] |7q/ggtnfvDv01V92m9GkWZl5hWQ=| [Elapsed 00:00:00:00.0125989] Lcoo[LCOO].OnMatch 11437091
2017-05-29 13:35:54,385 [Dispatcher2] [INFO] |mh5Elxc4M+t8t6wmyUonZyqcL2I=| [Elapsed 00:00:00:00.0081133] Lcoo[LCOO].OnMatch 11728439
2017-05-29 13:35:54,396 [Dispatcher1] [INFO] |vHHP9iV9qKOWMIJG+mBHhwKaauM=| [Elapsed 00:00:00:00.0086446] Lcoo[LCOO].OnMatch 11695775
2017-05-29 13:35:54,397 [Dispatcher3] [INFO] |leR2UsddX5s8Ji11R1Hq+SUbock=| [Elapsed 00:00:00:00.0149472] Lcoo[LCOO].OnMatch 10938602
2017-05-29 13:35:54,413 [Dispatcher2] [INFO] |53ADZx8uR50Zieqb50ye4RFWQz0=| [Elapsed 00:00:00:00.0247120] Lcoo[LCOO].OnMatch 11737227
2017-05-29 13:35:54,414 [Dispatcher1] [INFO] |0PjZ9ajIQ4lNBS1cEeA+5zrI1HE=| [Elapsed 00:00:00:00.0174964] Lcoo[LCOO].OnMatch 11748349
2017-05-29 13:35:54,420 [Dispatcher3] [INFO] |uP/78Igu63wcut3g+aY4cPk9WUs=| [Elapsed 00:00:00:00.0219977] Lcoo[LCOO].OnMatch 11706059
2017-05-29 13:35:54,427 [Dispatcher3] [INFO] |Tq8v/MWQMw7bXN43a2skYfO+aqk=| [Elapsed 00:00:00:00.0063649] Lcoo[LCOO].OnMatch 11737201
2017-05-29 13:36:09,242 [Dispatcher1] [INFO] |1UJdlavJk7RBIBaLlmDgxAYYCKw=| [Elapsed 00:00:00:00.0010728] Lcoo[LCOO].OnMatch 11437091
2017-05-29 13:36:09,242 [Dispatcher2] [INFO] |EhbKEhYOGhBORDNJmE2aTBbiq/o=| [Elapsed 00:00:00:00.0015122] Lcoo[LCOO].OnMatch 11051995
2017-05-29 13:36:09,247 [Dispatcher2] [INFO] |2FrTqCO6BvmnxAz3mDD36lIbHgY=| [Elapsed 00:00:00:00.0013690] Lcoo[LCOO].OnMatch 11067275
2017-05-29 13:36:09,252 [Dispatcher3] [INFO] |t2tXvcay5OxTAFs+2ecPul8mhr0=| [Elapsed 00:00:00:00.0053618] Lcoo[LCOO].OnMatch 11706059
2017-05-29 13:36:09,258 [Dispatcher3] [INFO] |FwlZvrYllfJ7JoFMIOqTGlgBLN8=| [Elapsed 00:00:00:00.0012377] Lcoo[LCOO].OnMatch 11737201
2017-05-29 13:36:09,261 [Dispatcher1] [INFO] |AlV+CuxRiz1C6+BUh1VPsNjCiJM=| [Elapsed 00:00:00:00.0040592] Lcoo[LCOO].OnMatch 11737217
2017-05-29 13:36:09,262 [Dispatcher2] [INFO] |gr0eqF80BtXFK/rpBZLHIQcUP5U=| [Elapsed 00:00:00:00.0043395] Lcoo[LCOO].OnMatch 11737225
2017-05-29 13:36:09,262 [Dispatcher3] [INFO] |OBzjwZGT0lc0I6U8HkwdPO1YYtM=| [Elapsed 00:00:00:00.0039570] Lcoo[LCOO].OnMatch 11737203
2017-05-29 13:36:24,203 [Dispatcher2] [INFO] |UkOJMK2yjNjqq7C1NCSCO/F82Mk=| [Elapsed 00:00:00:00.0023501] Lcoo[LCOO].OnMatch 11051995
2017-05-29 13:36:24,204 [Dispatcher3] [INFO] |9UIYD+py4bDD0SmwROx0A9gnryA=| [Elapsed 00:00:00:00.0039763] Lcoo[LCOO].OnMatch 10749160
2017-05-29 13:36:24,207 [Dispatcher1] [INFO] |cz6hHUrUzMD/MBcxRrTysX752Ak=| [Elapsed 00:00:00:00.0012788] Lcoo[LCOO].OnMatch 11748857
2017-05-29 13:36:24,207 [Dispatcher3] [INFO] |3Pq+F7EiXq5ODvT1JifZix2KyR0=| [Elapsed 00:00:00:00.0024304] Lcoo[LCOO].OnMatch 11737201
2017-05-29 13:36:39,416 [Dispatcher3] [INFO] |J0+H7mb7VthXQp4QTtUwYg56jf0=| [Elapsed 00:00:00:00.0006031] Lcoo[LCOO].OnMatch 10828960
2017-05-29 13:36:39,416 [Dispatcher2] [INFO] |/cqWs0FA99oUoTI59yMsLWB2CS8=| [Elapsed 00:00:00:00.0011570] Lcoo[LCOO].OnMatch 10828966
2017-05-29 13:36:39,417 [Dispatcher1] [INFO] |gZccc0NTkg+i2jxvO7QRTdqxijI=| [Elapsed 00:00:00:00.0007966] Lcoo[LCOO].OnMatch 10828968
2017-05-29 13:36:39,423 [Dispatcher2] [INFO] |oGki1kR5KBTBe5ptukjX8Mvd3kw=| [Elapsed 00:00:00:00.0023133] Lcoo[LCOO].OnMatch 10828964
2017-05-29 13:36:39,424 [Dispatcher3] [INFO] |xEK7z9rBxYA0IlyiZSQSG9YHeQw=| [Elapsed 00:00:00:00.0032000] Lcoo[LCOO].OnMatch 10828962
2017-05-29 13:36:39,430 [Dispatcher2] [INFO] |joVXQ4aJ0nbNgwUOj25uV2rsx7A=| [Elapsed 00:00:00:00.0061517] Lcoo[LCOO].OnMatch 11437455
2017-05-29 13:36:39,431 [Dispatcher3] [INFO] |rSNdbJveomCUyei+dBCmHIcw6ZY=| [Elapsed 00:00:00:00.0010325] Lcoo[LCOO].OnMatch 10828974
2017-05-29 13:36:39,434 [Dispatcher2] [INFO] |ckOujLS0b5Gt0dF7s/Kw0d72HIQ=| [Elapsed 00:00:00:00.0030675] Lcoo[LCOO].OnMatch 11051995
2017-05-29 13:36:39,434 [Dispatcher3] [INFO] |tDRNvnSuLeFuc8pMZaEeLW0X3bk=| [Elapsed 00:00:00:00.0025726] Lcoo[LCOO].OnMatch 10749160
2017-05-29 13:36:39,435 [Dispatcher3] [INFO] |UqfNiuzMtIrKarq8YBbBjsuxsks=| [Elapsed 00:00:00:00.0005565] Lcoo[LCOO].OnMatch 11706059
2017-05-29 13:36:39,446 [Dispatcher1] [INFO] |B+qCdcYiGC5pGzZ3oIuMIHa7uhc=| [Elapsed 00:00:00:00.0014671] Lcoo[LCOO].OnMatch 11741941
2017-05-29 13:36:39,447 [Dispatcher1] [INFO] |Kevq+lbXbtbGomIY74on/JgcfG4=| [Elapsed 00:00:00:00.0005036] Lcoo[LCOO].OnMatch 11748857
2017-05-29 13:36:39,449 [Dispatcher1] [INFO] |he8/VSTi3huYK19tkOC3aEzztzQ=| [Elapsed 00:00:00:00.0009840] Lcoo[LCOO].OnMatch 11747883
2017-05-29 13:36:39,450 [Dispatcher1] [INFO] |t+5rDUBLezMSpLo8PpUy0yC33nk=| [Elapsed 00:00:00:00.0004289] Lcoo[LCOO].OnOutright 39536
2017-05-29 13:36:39,450 [Dispatcher3] [INFO] |gOQ0ukpLU0KrmhO8g5w7/2fupYc=| [Elapsed 00:00:00:00.0013378] Lcoo[LCOO].OnMatch 11737201
2017-05-29 13:36:39,451 [Dispatcher3] [INFO] |WS/zuqdrWDNNML4OCfaTC8TWmpc=| [Elapsed 00:00:00:00.0005599] Lcoo[LCOO].OnMatch 11741199
2017-05-29 13:36:39,451 [Dispatcher2] [INFO] |/WXPoO1PTTaI/cknV+g0mucKFG8=| [Elapsed 00:00:00:00.0069872] Lcoo[LCOO].OnMatch 11741195
2017-05-29 13:36:39,455 [Dispatcher3] [INFO] |NfmPJbFCWTcJuVr0tP6X44YX26Q=| [Elapsed 00:00:00:00.0036927] Lcoo[LCOO].OnMatch 11741411
2017-05-29 13:36:39,456 [Dispatcher2] [INFO] |Bo3pea3AMYY9EV9wMZ0RcCUXLOk=| [Elapsed 00:00:00:00.0042843] Lcoo[LCOO].OnMatch 11741415
2017-05-29 13:36:54,653 [Dispatcher3] [INFO] |6zv/qU41u1a5EaHJV9yoW56OW5s=| [Elapsed 00:00:00:00.0053565] Lcoo[LCOO].OnMatch 10828960
2017-05-29 13:36:54,653 [Dispatcher1] [INFO] |gPcpZ/NER9yeqBTso4+awBDP2QI=| [Elapsed 00:00:00:00.0054135] Lcoo[LCOO].OnMatch 10828968
2017-05-29 13:36:54,665 [Dispatcher3] [INFO] |2tgAYdEo+njIgNi+z3yuaEJJPwE=| [Elapsed 00:00:00:00.0117430] Lcoo[LCOO].OnMatch 10828974
2017-05-29 13:36:54,666 [Dispatcher2] [INFO] |4pjcSJmFWookAnvbbPwk+cYp7Mc=| [Elapsed 00:00:00:00.0175083] Lcoo[LCOO].OnMatch 10828964
2017-05-29 13:36:54,667 [Dispatcher3] [INFO] |rRqHWq62q+aufkb5swUMOBSPw5s=| [Elapsed 00:00:00:00.0007743] Lcoo[LCOO].OnMatch 10828962
2017-05-29 13:36:54,668 [Dispatcher2] [INFO] |ovxG07JcCuIwTlpC2WdAJNxjrSk=| [Elapsed 00:00:00:00.0011880] Lcoo[LCOO].OnMatch 10828966
2017-05-29 13:36:54,669 [Dispatcher3] [INFO] |GVm0K9FXFCMPRld36lXUXepwJ88=| [Elapsed 00:00:00:00.0012102] Lcoo[LCOO].OnMatch 10828970
2017-05-29 13:36:54,670 [Dispatcher2] [INFO] |f43aj69swKu4WzoZtw3GgNAhAIs=| [Elapsed 00:00:00:00.0009590] Lcoo[LCOO].OnMatch 10828972
2017-05-29 13:36:54,671 [Dispatcher2] [INFO] |UPdXrA+eXe2XOtd+S9DwyNM39tI=| [Elapsed 00:00:00:00.0012906] Lcoo[LCOO].OnMatch 11051995
2017-05-29 13:36:54,675 [Dispatcher2] [INFO] |HXhMX/lYyih6pxRSy1EDF/d9Z6U=| [Elapsed 00:00:00:00.0031401] Lcoo[LCOO].OnMatch 11728439
2017-05-29 13:36:54,686 [Dispatcher2] [INFO] |U3m3UGUDps6b2i7bYvM8Jfl7ohY=| [Elapsed 00:00:00:00.0033832] Lcoo[LCOO].OnMatch 11741289
2017-05-29 13:36:54,687 [Dispatcher1] [INFO] |GYkaJBj6Q2Hbt0HRDF0yeXURuJo=| [Elapsed 00:00:00:00.0047324] Lcoo[LCOO].OnMatch 11737329
2017-05-29 13:36:54,687 [Dispatcher3] [INFO] |Cgh8mZu8DHbtTN8emsf3PnReVPQ=| [Elapsed 00:00:00:00.0052724] Lcoo[LCOO].OnMatch 11737249
2017-05-29 13:36:54,688 [Dispatcher2] [INFO] |ZoyKr6w8WlYtjB14QUFJuByC3U0=| [Elapsed 00:00:00:00.0015254] Lcoo[LCOO].OnMatch 11737445
2017-05-29 13:36:54,690 [Dispatcher1] [INFO] |+if8SoT4Uk3E3RI1nAYCxBlOVr4=| [Elapsed 00:00:00:00.0029402] Lcoo[LCOO].OnMatch 11737963
2017-05-29 13:36:54,691 [Dispatcher3] [INFO] |jOgEd/KHJjkKpy9vPeZ6SXzm/nc=| [Elapsed 00:00:00:00.0026762] Lcoo[LCOO].OnMatch 11741299
2017-05-29 13:36:54,693 [Dispatcher3] [INFO] |5PQkMKEmYJw3Yk5gCczWEFvFOQ0=| [Elapsed 00:00:00:00.0018346] Lcoo[LCOO].OnMatch 11748355
2017-05-29 13:36:54,698 [Dispatcher1] [INFO] |Bj+mgvQ+tzN3HQ3ecp099uXHeb0=| [Elapsed 00:00:00:00.0071421] Lcoo[LCOO].OnMatch 11737417
2017-05-29 13:36:54,699 [Dispatcher1] [INFO] |aELQWRQ3QWxaHKpdCU5QLZbVmmw=| [Elapsed 00:00:00:00.0006993] Lcoo[LCOO].OnOutright 39536
2017-05-29 13:37:09,840 [Dispatcher1] [INFO] |zBFXuPh1/3v7QIwl6M1WBsUXQY0=| [Elapsed 00:00:00:00.0036210] Lcoo[LCOO].OnMatch 10828968
2017-05-29 13:37:09,842 [Dispatcher3] [INFO] |vBhSUPGe9VMmB4B4lz6wZB+Xmuo=| [Elapsed 00:00:00:00.0045983] Lcoo[LCOO].OnMatch 10828962
2017-05-29 13:37:09,841 [Dispatcher2] [INFO] |vKLTZvj4e7iQM81PzkrHkK9EKYQ=| [Elapsed 00:00:00:00.0045927] Lcoo[LCOO].OnMatch 10828972
2017-05-29 13:37:09,856 [Dispatcher2] [INFO] |88YrewM0OpVlpUOr5HpXk8ZrpcQ=| [Elapsed 00:00:00:00.0097723] Lcoo[LCOO].OnMatch 11728439
2017-05-29 13:37:09,855 [Dispatcher1] [INFO] |eUzAaCSTPv6tnO2femY8o0LwLrs=| [Elapsed 00:00:00:00.0096052] Lcoo[LCOO].OnMatch 11001376
2017-05-29 13:37:09,857 [Dispatcher3] [INFO] |QGmzUKy7Z6fjczL3MDIEAW3/FHQ=| [Elapsed 00:00:00:00.0110732] Lcoo[LCOO].OnMatch 10828960
2017-05-29 13:37:09,877 [Dispatcher1] [INFO] |xkF9/xc6rErDH3oh0ad8LfBKHbk=| [Elapsed 00:00:00:00.0200888] Lcoo[LCOO].OnMatch 11737459
2017-05-29 13:37:09,877 [Dispatcher3] [INFO] |V3SVtqS8AYfflJj5KJBpOICe/6k=| [Elapsed 00:00:00:00.0189106] Lcoo[LCOO].OnMatch 10828970
2017-05-29 13:37:09,878 [Dispatcher2] [INFO] |dEQgL2NoW4wb444edAiWyYgEhQI=| [Elapsed 00:00:00:00.0211992] Lcoo[LCOO].OnMatch 11737949
2017-05-29 13:37:09,880 [Dispatcher3] [INFO] |IvomURr3O6JTql2F9iTEUXh0I4c=| [Elapsed 00:00:00:00.0017189] Lcoo[LCOO].OnMatch 10828974
2017-05-29 13:37:09,884 [Dispatcher3] [INFO] |SHdvHmz1fMxDau5B09XsMki6V6o=| [Elapsed 00:00:00:00.0028764] Lcoo[LCOO].OnMatch 10749160
2017-05-29 13:37:09,885 [Dispatcher2] [INFO] |G2xqt9qke3o4phjDJeAEAxDrYFQ=| [Elapsed 00:00:00:00.0057484] Lcoo[LCOO].OnMatch 11741289
2017-05-29 13:37:09,886 [Dispatcher3] [INFO] |Ce45VxD03X5VRWyjFviafR/GcBI=| [Elapsed 00:00:00:00.0014263] Lcoo[LCOO].OnMatch 11741299
2017-05-29 13:37:09,888 [Dispatcher2] [INFO] |wQ/L5r8wD5NnYGIlR55Wv2f/CaU=| [Elapsed 00:00:00:00.0024687] Lcoo[LCOO].OnOutright 44503
2017-05-29 13:37:09,890 [Dispatcher3] [INFO] |k/yUVnZZX/v7weGkNTQ38GZAsBA=| [Elapsed 00:00:00:00.0032666] Lcoo[LCOO].OnMatch 11741291
2017-05-29 13:37:09,899 [Dispatcher3] [INFO] |3HxKxGtoPUe11zaVsNElH6STEX8=| [Elapsed 00:00:00:00.0082676] Lcoo[LCOO].OnMatch 11748355
2017-05-29 13:37:48,605 [Dispatcher2] [INFO] |nuYKo/lTc+gneVkOkpCBMhGsmQY=| [Elapsed 00:00:00:00.0231408] Lcoo[LCOO].OnMatch 10828966
2017-05-29 13:37:48,608 [Dispatcher2] [INFO] |7z4jMlUwDK4MtS/RQ5T9LBBV5Nk=| [Elapsed 00:00:00:00.0016700] Lcoo[LCOO].OnMatch 11492555
2017-05-29 13:37:48,629 [Dispatcher2] [INFO] |sLJJClOZDgT+hK0t4qyBHwXBkd8=| [Elapsed 00:00:00:00.0203083] Lcoo[LCOO].OnMatch 11737503
2017-05-29 13:37:52,675 [Dispatcher1] [INFO] |80v6S0bcd//o1rEx2QwiXfo8g3o=| [Elapsed 00:00:00:00.0009998] Lcoo[LCOO].OnMatch 11001376
2017-05-29 13:37:52,685 [Dispatcher1] [INFO] |3NSPxV0kC02Gw1UgOi2xzrzMKpU=| [Elapsed 00:00:00:00.0090084] Lcoo[LCOO].OnMatch 11737215
2017-05-29 13:37:52,688 [Dispatcher1] [INFO] |OdcqZtJp9vrdLllEJcto/nsbmaU=| [Elapsed 00:00:00:00.0011359] Lcoo[LCOO].OnMatch 11737329
2017-05-29 13:37:52,980 [Dispatcher3] [INFO] |LK2SAV7UbPLErJq61IYDqpoHX9Q=| [Elapsed 00:00:00:00.0025253] Lcoo[LCOO].OnMatch 10828960
2017-05-29 13:37:53,008 [Dispatcher3] [INFO] |1LK5jKiiZfi2HJewNfuEy0jQOk0=| [Elapsed 00:00:00:00.0270499] Lcoo[LCOO].OnMatch 10828970
2017-05-29 13:37:53,026 [Dispatcher3] [INFO] |j72EEQr5NrSYZ1qnyxh1BUrh9Yw=| [Elapsed 00:00:00:00.0155108] Lcoo[LCOO].OnMatch 11737353
2017-05-29 13:37:53,028 [Dispatcher3] [INFO] |U5V7pa/IvqR0ReQDuLQapoNAVWc=| [Elapsed 00:00:00:00.0013590] Lcoo[LCOO].OnMatch 11741291
2017-05-29 13:37:53,030 [Dispatcher3] [INFO] |B6u31QJB3TaKoHHBdOiQDFMHyoU=| [Elapsed 00:00:00:00.0010471] Lcoo[LCOO].OnOutright 42861
2017-05-29 13:38:09,586 [Dispatcher1] [INFO] |M3HXLJ7NNGIJFjoaFWvAwXuoK3Y=| [Elapsed 00:00:00:00.0028650] Lcoo[LCOO].OnMatch 11207699
2017-05-29 13:38:09,596 [Dispatcher3] [INFO] |uo+wbw0V4CDOZyaE87v9G4xAb4A=| [Elapsed 00:00:00:00.0046271] Lcoo[LCOO].OnMatch 11737353
2017-05-29 13:38:09,607 [Dispatcher1] [INFO] |GkG9BSKsWu3X/ZSPIGH2XWqnolg=| [Elapsed 00:00:00:00.0024237] Lcoo[LCOO].OnMatch 11737329
2017-05-29 13:38:09,611 [Dispatcher3] [INFO] |Rl/xwHF344PNyjolShNCTTnw+Ec=| [Elapsed 00:00:00:00.0055051] Lcoo[LCOO].OnMatch 11741291
2017-05-29 13:38:09,612 [Dispatcher2] [INFO] |qf2l4+NojJ7p21Ay5YhRnAtwkQM=| [Elapsed 00:00:00:00.0041396] Lcoo[LCOO].OnMatch 11737979
2017-05-29 13:38:09,614 [Dispatcher3] [INFO] |FGkRxhXFORC2ziTBmZ1gmvaolUQ=| [Elapsed 00:00:00:00.0018621] Lcoo[LCOO].OnMatch 11747887
2017-05-29 13:38:09,618 [Dispatcher3] [INFO] |RES6sUsPv5hG8DUeyhDBlNMFOjg=| [Elapsed 00:00:00:00.0036471] Lcoo[LCOO].OnOutright 42861
2017-05-29 13:38:24,519 [Dispatcher1] [INFO] |mJEEskKQNFt6+jZdg35SQG2JVDs=| [Elapsed 00:00:00:00.0017251] Lcoo[LCOO].OnMatch 11207699
2017-05-29 13:38:24,531 [Dispatcher3] [INFO] |P0+hnQtnvj4iffvY60k5IGQpBhE=| [Elapsed 00:00:00:00.0027017] Lcoo[LCOO].OnMatch 11706059
2017-05-29 13:38:24,631 [Dispatcher3] [INFO] |O4m2wFBS/Gi6SodUlBxAYkohGNg=| [Elapsed 00:00:00:00.0043297] Lcoo[LCOO].OnMatch 11744461
2017-05-29 13:38:24,632 [Dispatcher1] [INFO] |Lc9VZ8NYtozbwT/1yjJxYtk/Fe4=| [Elapsed 00:00:00:00.0020646] Lcoo[LCOO].OnMatch 11737329
2017-05-29 13:38:24,666 [Dispatcher2] [INFO] |+JtGtEqGV7CFLsPncyRdt8GTFKA=| [Elapsed 00:00:00:00.0367717] Lcoo[LCOO].OnMatch 11741187
2017-05-29 13:38:24,675 [Dispatcher1] [INFO] |VsTtcaa5HGz+Dr5YYwU0gdl6+XE=| [Elapsed 00:00:00:00.0387760] Lcoo[LCOO].OnMatch 11737277
2017-05-29 13:38:24,680 [Dispatcher1] [INFO] |08mE5ptrS28UT4hHoElYrO/ON/g=| [Elapsed 00:00:00:00.0031168] Lcoo[LCOO].OnMatch 11748127
2017-05-29 13:38:39,701 [Dispatcher3] [INFO] |tgszhKX2st/EWa3gGSDGwpMVSU4=| [Elapsed 00:00:00:00.0040628] Lcoo[LCOO].OnMatch 10749160
2017-05-29 13:38:39,701 [Dispatcher1] [INFO] |PFyfO8jyELoQwJfIy/jtL+s7Z7w=| [Elapsed 00:00:00:00.0048912] Lcoo[LCOO].OnMatch 11207699
2017-05-29 13:38:39,702 [Dispatcher2] [INFO] |/8BUsLgHTqSM5XyJAvqT+uAIyug=| [Elapsed 00:00:00:00.0060347] Lcoo[LCOO].OnMatch 11492555
2017-05-29 13:38:54,748 [Dispatcher2] [INFO] |7Zx00v0/IFojBOED1lhvwK3zdD0=| [Elapsed 00:00:00:00.0019357] Lcoo[LCOO].OnMatch 11504701
2017-05-29 13:38:54,765 [Dispatcher3] [INFO] |iu9Si81R5syRJ+qp9be/AaOunaA=| [Elapsed 00:00:00:00.0012073] Lcoo[LCOO].OnMatch 11742319
2017-05-29 13:38:54,767 [Dispatcher3] [INFO] |AYnc6seoxBychNhvX+IbmsesCs0=| [Elapsed 00:00:00:00.0014177] Lcoo[LCOO].OnMatch 11737353
2017-05-29 13:38:54,791 [Dispatcher1] [INFO] |MHxMuK+wtNY3Y9Grho21S9aMAho=| [Elapsed 00:00:00:00.0014758] Lcoo[LCOO].OnMatch 11737239
2017-05-29 13:38:54,792 [Dispatcher2] [INFO] |uGaGCPYcqpmskGRAs7k7ftF1tQ0=| [Elapsed 00:00:00:00.0025916] Lcoo[LCOO].OnMatch 11737967
2017-05-29 13:38:54,793 [Dispatcher1] [INFO] |f0eTpKgCA/cKmmtO0DhpubUYI84=| [Elapsed 00:00:00:00.0007192] Lcoo[LCOO].OnMatch 11737329
2017-05-29 13:38:54,794 [Dispatcher2] [INFO] |ca+Kda6tXmjzAnw2vMNGz9+Ulvg=| [Elapsed 00:00:00:00.0011369] Lcoo[LCOO].OnMatch 11746065
2017-05-29 13:38:54,795 [Dispatcher1] [INFO] |Ju/a1s/d9/eFclkDNDeOkYwNud8=| [Elapsed 00:00:00:00.0020054] Lcoo[LCOO].OnMatch 11746061
2017-05-29 13:38:54,834 [Dispatcher3] [INFO] |3lYhu2zIAHaVjd1cH0ZJr7Bzazc=| [Elapsed 00:00:00:00.0435215] Lcoo[LCOO].OnMatch 11746071
2017-05-29 13:38:54,836 [Dispatcher2] [INFO] |Ait4g1ufGLqYUTJGwn+WffZ/kug=| [Elapsed 00:00:00:00.0396651] Lcoo[LCOO].OnOutright 42863
2017-05-29 13:38:54,841 [Dispatcher1] [INFO] |z+B4y9vDqGy7adFdfrE6FMjST8I=| [Elapsed 00:00:00:00.0447166] Lcoo[LCOO].OnMatch 11746069
2017-05-29 13:38:54,847 [Dispatcher3] [INFO] |Om1ez5Qr4n/urMVsNO9NVGuHt+M=| [Elapsed 00:00:00:00.0117823] Lcoo[LCOO].OnMatch 11746067
2017-05-29 13:38:54,848 [Dispatcher1] [INFO] |AMbA1hVfsmpsa4rf0r4ausfoQ4w=| [Elapsed 00:00:00:00.0053525] Lcoo[LCOO].OnOutright 44163
2017-05-29 13:38:54,855 [Dispatcher3] [INFO] |HYuAySw1PfplRxHm3z08wwho1h8=| [Elapsed 00:00:00:00.0071509] Lcoo[LCOO].OnOutright 38196
2017-05-29 13:39:09,627 [Dispatcher2] [INFO] |P/NSc9CIWYqqfI1IF+yGPrF+V4A=| [Elapsed 00:00:00:00.0743787] Lcoo[LCOO].OnMatch 11449185
2017-05-29 13:39:09,659 [Dispatcher3] [INFO] |LiH2LqMxJ4xoPcDBjQU+FRBM7XM=| [Elapsed 00:00:00:00.1079053] Lcoo[LCOO].OnMatch 9942713
2017-05-29 13:39:09,660 [Dispatcher1] [INFO] |1wJ3R8JmhHXdwEOlevfEaRQDOvA=| [Elapsed 00:00:00:00.1001603] Lcoo[LCOO].OnMatch 11739957
2017-05-29 13:39:09,662 [Dispatcher2] [INFO] |nayzE2HI+07xZmiC63mqVBMALIg=| [Elapsed 00:00:00:00.0332601] Lcoo[LCOO].OnMatch 11728439
2017-05-29 13:39:09,675 [Dispatcher1] [INFO] |+IEDGcWSlOU7ba/qXjgbAE4XTxQ=| [Elapsed 00:00:00:00.0139137] Lcoo[LCOO].OnMatch 11737329
2017-05-29 13:39:09,710 [Dispatcher1] [INFO] |foW4glQcUPEoi/V3Rw7tKhhq0c8=| [Elapsed 00:00:00:00.0333492] Lcoo[LCOO].OnOutright 44163
2017-05-29 13:39:09,783 [Dispatcher2] [INFO] |H7g8dKYWG0HEK/p2/JqisJ8f68k=| [Elapsed 00:00:00:00.1177140] Lcoo[LCOO].OnMatch 11737957
2017-05-29 13:39:09,829 [Dispatcher2] [INFO] |quh3Zi6kkTCXkr9KtlMMSEET1gE=| [Elapsed 00:00:00:00.0449796] Lcoo[LCOO].OnOutright 42863
2017-05-29 13:39:19,360 [Dispatcher1] [INFO] |F6ZC6mGrKSfOQb9ID50hHeMPocg=| [Elapsed 00:00:00:00.0923515] Lcoo[LCOO].OnMatch 11619145
2017-05-29 13:39:19,370 [Dispatcher3] [INFO] |1hFtIwej3us+s/Jko9CG6iObgs8=| [Elapsed 00:00:00:00.0787822] Lcoo[LCOO].OnMatch 11626415
2017-05-29 13:39:19,374 [Dispatcher3] [INFO] |eJoGnWVcs/2Aa2ikomQ8P692/K4=| [Elapsed 00:00:00:00.0016391] Lcoo[LCOO].OnMatch 11737201
2017-05-29 13:39:19,377 [Dispatcher2] [INFO] |A6JwbmiQVibxTMdBdr4y0YydTrQ=| [Elapsed 00:00:00:00.0841513] Lcoo[LCOO].OnMatch 11449185
2017-05-29 13:39:19,382 [Dispatcher2] [INFO] |mKwpSNx8HQQ+WcwynFW+PFMxfGM=| [Elapsed 00:00:00:00.0041666] Lcoo[LCOO].OnMatch 11728439
2017-05-29 13:39:19,385 [Dispatcher2] [INFO] |yeUCLYFTEI8xCB6z+RcyT7TV584=| [Elapsed 00:00:00:00.0010763] Lcoo[LCOO].OnMatch 11742239
2017-05-29 13:39:19,386 [Dispatcher3] [INFO] |UKdV+QKSWEepb9zYKWBsR4PQ+tc=| [Elapsed 00:00:00:00.0110862] Lcoo[LCOO].OnMatch 11741335
2017-05-29 13:39:40,552 [Dispatcher1] [INFO] |d1gOi0F8rkp/gWVH6bP5w4yN+Oo=| [Elapsed 00:00:00:00.0695263] Lcoo[LCOO].OnMatch 11619145
2017-05-29 13:39:40,554 [Dispatcher2] [INFO] |0shSx5IfKGlDmyCuy/jxZdg0oFk=| [Elapsed 00:00:00:00.0434253] Lcoo[LCOO].OnMatch 10828964
2017-05-29 13:39:40,555 [Dispatcher1] [INFO] |jZToEd6IhnkN4EElFuN4cm4jcPQ=| [Elapsed 00:00:00:00.0021485] Lcoo[LCOO].OnMatch 11737273
2017-05-29 13:39:40,556 [Dispatcher2] [INFO] |COVf/d4wUB6y/4JkQJ783x2wOuo=| [Elapsed 00:00:00:00.0014088] Lcoo[LCOO].OnMatch 11741803
2017-05-29 13:39:40,558 [Dispatcher1] [INFO] |saMoaSz03gRgkADHxQFstgJZnwU=| [Elapsed 00:00:00:00.0025158] Lcoo[LCOO].OnMatch 11737291
2017-05-29 13:39:40,572 [Dispatcher2] [INFO] |eUWdldpLPiupNIpCR5VFWkcMHtM=| [Elapsed 00:00:00:00.0151906] Lcoo[LCOO].OnMatch 11741195
2017-05-29 13:39:40,585 [Dispatcher2] [INFO] |zYwisIEhGx22jq4be0sYzZSlups=| [Elapsed 00:00:00:00.0114801] Lcoo[LCOO].OnMatch 11742239
2017-05-29 13:39:40,595 [Dispatcher1] [INFO] |NUreEGuCAtM04djw8cz4tRhy1Zw=| [Elapsed 00:00:00:00.0342522] Lcoo[LCOO].OnOutright 44163
2017-05-29 13:39:40,599 [Dispatcher2] [INFO] |zm4ZfGBD9MIaBXUyAJe8v/WUB0o=| [Elapsed 00:00:00:00.0133378] Lcoo[LCOO].OnMatch 11741415
2017-05-29 13:39:41,509 [Dispatcher3] [INFO] |Oy+AQHtkV2qy5LIpS7QK8t1F6NM=| [Elapsed 00:00:00:00.0092316] Lcoo[LCOO].OnMatch 10828960
2017-05-29 13:39:41,512 [Dispatcher3] [INFO] |LBmxcsEAYEHrwYtuwd6Ktv1XdWQ=| [Elapsed 00:00:00:00.0011923] Lcoo[LCOO].OnMatch 11737201
2017-05-29 13:39:41,514 [Dispatcher3] [INFO] |abyJhTarBz79WhUkJJRrt4FoomQ=| [Elapsed 00:00:00:00.0012610] Lcoo[LCOO].OnMatch 11737249
2017-05-29 13:39:41,521 [Dispatcher3] [INFO] |3YWc/rCn38Abt4C3fJPmPMny5KQ=| [Elapsed 00:00:00:00.0059238] Lcoo[LCOO].OnMatch 11741199
2017-05-29 13:39:41,524 [Dispatcher3] [INFO] |nPDobPBD5s4ku9DYJdXUik0643s=| [Elapsed 00:00:00:00.0017857] Lcoo[LCOO].OnMatch 11742235
2017-05-29 13:39:55,022 [Dispatcher2] [INFO] |zjXpzcwADWCY7n5zc8zirvREjeI=| [Elapsed 00:00:00:00.0611306] Lcoo[LCOO].OnMatch 10938880
2017-05-29 13:39:55,024 [Dispatcher1] [INFO] |Wui8UrJTxdkbqPsAfvuHpyLzWQc=| [Elapsed 00:00:00:00.0550620] Lcoo[LCOO].OnMatch 11207699
2017-05-29 13:39:55,025 [Dispatcher3] [INFO] |XnSTqEBeDUcISCqgBKwWI1UPYD0=| [Elapsed 00:00:00:00.0397550] Lcoo[LCOO].OnMatch 11737201
2017-05-29 13:39:55,036 [Dispatcher3] [INFO] |Ny2PcK6mWDpkr9Absl1F+ugr51I=| [Elapsed 00:00:00:00.0098061] Lcoo[LCOO].OnMatch 11737249
2017-05-29 13:39:55,044 [Dispatcher3] [INFO] |M1SbeTcaoLj7MV2jsxpmJItzZfw=| [Elapsed 00:00:00:00.0065079] Lcoo[LCOO].OnMatch 11742231
2017-05-29 13:39:55,045 [Dispatcher1] [INFO] |+Febcs5HOqcOO4jRWL+8ff6+jM4=| [Elapsed 00:00:00:00.0065386] Lcoo[LCOO].OnMatch 11737329
2017-05-29 13:39:55,076 [Dispatcher1] [INFO] |wMH+THLAG13DbVdO2u/MG1z0cQc=| [Elapsed 00:00:00:00.0291153] Lcoo[LCOO].OnMatch 11737431
2017-05-29 13:39:55,082 [Dispatcher1] [INFO] |qPJyGkTpLJr5mvWegg+z8ifnseM=| [Elapsed 00:00:00:00.0055336] Lcoo[LCOO].OnOutright 42857
2017-05-29 13:40:25,453 [Dispatcher1] [INFO] |HNQldrb4raE8NYLUK6oRCLzsFLI=| [Elapsed 00:00:00:00.0022029] Lcoo[LCOO].OnMatch 11207699
2017-05-29 13:40:25,575 [Dispatcher3] [INFO] |VNmg2K4Y0nYEATn5fSFlVGCU6tM=| [Elapsed 00:00:00:00.1240814] Lcoo[LCOO].OnMatch 9792039
2017-05-29 13:40:25,575 [Dispatcher1] [INFO] |NC3zN8cDQJSvlK8SuUY+tbA4/qc=| [Elapsed 00:00:00:00.1208420] Lcoo[LCOO].OnMatch 11619137
2017-05-29 13:40:25,580 [Dispatcher2] [INFO] |dNzvxTly74VdA3oLLIFNez4zmtk=| [Elapsed 00:00:00:00.1295433] Lcoo[LCOO].OnMatch 11537485
2017-05-29 13:40:25,582 [Dispatcher3] [INFO] |PeqAfNWzIqax5IL8SXvyt0hOp5g=| [Elapsed 00:00:00:00.0056085] Lcoo[LCOO].OnMatch 11737201
2017-05-29 13:40:25,583 [Dispatcher2] [INFO] |mku5X9Msh0ek6cO++ewfj3l0TKo=| [Elapsed 00:00:00:00.0009704] Lcoo[LCOO].OnMatch 11747875
2017-05-29 13:40:25,584 [Dispatcher1] [INFO] |nwX0D8D69BdVH0bd/ebU7SK++sA=| [Elapsed 00:00:00:00.0078366] Lcoo[LCOO].OnMatch 11739957
2017-05-29 13:40:25,588 [Dispatcher1] [INFO] |RLLOHMvsWLZM8IgnSkx299ozDYg=| [Elapsed 00:00:00:00.0023155] Lcoo[LCOO].OnOutright 42857
2017-05-29 13:40:25,620 [Dispatcher1] [INFO] |n7w9KKpaXdv+VpMCLSA0P7xQ6ks=| [Elapsed 00:00:00:00.0315653] Lcoo[LCOO].OnOutright 44163
2017-05-29 13:40:40,453 [Dispatcher3] [INFO] |NNkRmzzAdmplQEeaBI4Y5UpOHwg=| [Elapsed 00:00:00:00.1162876] Lcoo[LCOO].OnMatch 10828974
2017-05-29 13:40:40,464 [Dispatcher3] [INFO] |7mJZleHlLsmYCHQsKdSWbOQgT5o=| [Elapsed 00:00:00:00.0089064] Lcoo[LCOO].OnMatch 9792039
2017-05-29 13:40:40,478 [Dispatcher1] [INFO] |UNxMmBbkjbpNhsFUL36P/fa6yGQ=| [Elapsed 00:00:00:00.1405828] Lcoo[LCOO].OnMatch 11207699
2017-05-29 13:40:40,479 [Dispatcher2] [INFO] |yidI2zlnvSJEL4fQd3XGX8Ut0sA=| [Elapsed 00:00:00:00.1409218] Lcoo[LCOO].OnMatch 11537485
2017-05-29 13:40:40,481 [Dispatcher2] [INFO] |gIVZRunNszGfAlyyXswxw+yrqDE=| [Elapsed 00:00:00:00.0009056] Lcoo[LCOO].OnMatch 11067275
2017-05-29 13:40:40,481 [Dispatcher1] [INFO] |poiYaEswp0hL/6WWaKl+11f9Ad4=| [Elapsed 00:00:00:00.0017929] Lcoo[LCOO].OnMatch 11737985
2017-05-29 13:40:40,482 [Dispatcher3] [INFO] |VnoykwQ6qUilaUoTeroqajzk/6k=| [Elapsed 00:00:00:00.0165981] Lcoo[LCOO].OnMatch 11737249
2017-05-29 13:40:40,483 [Dispatcher1] [INFO] |BG3H2mnIomeyR5bNOeR6Afywqso=| [Elapsed 00:00:00:00.0008707] Lcoo[LCOO].OnOutright 44163
2017-05-29 13:40:40,484 [Dispatcher3] [INFO] |YibYmozVaVP/JqUfkhoYSgZ0ris=| [Elapsed 00:00:00:00.0018748] Lcoo[LCOO].OnMatch 11737433
2017-05-29 13:40:55,219 [Dispatcher3] [INFO] |toMEjXtwSwSZhtZgfEsBuU7fv7o=| [Elapsed 00:00:00:00.1555390] Lcoo[LCOO].OnMatch 9792039
2017-05-29 13:40:55,268 [Dispatcher3] [INFO] |+nktyi+ROlmE3YXO27Oz80xJZTM=| [Elapsed 00:00:00:00.0477274] Lcoo[LCOO].OnMatch 11066687
2017-05-29 13:40:55,285 [Dispatcher3] [INFO] |oJJRWdGVB3ER11M3QbMlVW7GhTU=| [Elapsed 00:00:00:00.0149674] Lcoo[LCOO].OnMatch 11741197
2017-05-29 13:40:55,357 [Dispatcher3] [INFO] |uMYTUMk0aUcA2toea2zsuXqm5GE=| [Elapsed 00:00:00:00.0707388] Lcoo[LCOO].OnMatch 11743195
2017-05-29 13:40:55,359 [Dispatcher3] [INFO] |VJmLmRYHEegwkzTXcd5QJUazJ+w=| [Elapsed 00:00:00:00.0012381] Lcoo[LCOO].OnOutright 42859
2017-05-29 13:40:55,427 [Dispatcher2] [INFO] |7hYvTJJ1CWl6HEKPXqqnXPOPRJg=| [Elapsed 00:00:00:00.3638292] Lcoo[LCOO].OnMatch 11051995
2017-05-29 13:40:55,433 [Dispatcher2] [INFO] |YEtrP4IR9LFthOnzRBFd7DlKvf4=| [Elapsed 00:00:00:00.0052521] Lcoo[LCOO].OnMatch 11066853
2017-05-29 13:40:55,438 [Dispatcher2] [INFO] |fLOD3bsM+eWRZyI9c4HkqV8c4D4=| [Elapsed 00:00:00:00.0025394] Lcoo[LCOO].OnMatch 11067275
2017-05-29 13:40:55,490 [Dispatcher2] [INFO] |2S5arusaxmaOSlzUCQeUwAdVuAU=| [Elapsed 00:00:00:00.0508753] Lcoo[LCOO].OnMatch 11301591
2017-05-29 13:40:55,537 [Dispatcher2] [INFO] |gvoxsQWU2S++368yrQnAGU/J4ao=| [Elapsed 00:00:00:00.0429859] Lcoo[LCOO].OnMatch 11743193
2017-05-29 13:40:55,617 [Dispatcher2] [INFO] |PnjAhPd1RAHQpmfYgBD3k8Fm+oQ=| [Elapsed 00:00:00:00.0505978] Lcoo[LCOO].OnMatch 11743197
2017-05-29 13:40:56,901 [Dispatcher1] [INFO] |2lI0ymuUysj59xOgHx/0/kjhyqU=| [Elapsed 00:00:00:00.0053870] Lcoo[LCOO].OnMatch 11066571
2017-05-29 13:40:56,904 [Dispatcher1] [INFO] |0y1671poXsJV4Cg3y7/Eo7b0P3U=| [Elapsed 00:00:00:00.0020125] Lcoo[LCOO].OnMatch 11743203
2017-05-29 13:40:56,910 [Dispatcher1] [INFO] |ADsC7A9UDNPyEVM4Nke685419no=| [Elapsed 00:00:00:00.0045595] Lcoo[LCOO].OnMatch 11743191
2017-05-29 13:40:56,915 [Dispatcher1] [INFO] |LSNLPqLoLfyYG1i1H83Y8S/f+d0=| [Elapsed 00:00:00:00.0024312] Lcoo[LCOO].OnOutright 44163
2017-05-29 13:41:10,065 [Dispatcher3] [INFO] |x86B1AZww+M0/KIPZrIZi2NPdno=| [Elapsed 00:00:00:00.0773222] Lcoo[LCOO].OnMatch 10828974
2017-05-29 13:41:10,094 [Dispatcher2] [INFO] |9ZSHFeta8SDJExmFnaBVc9FKqfc=| [Elapsed 00:00:00:00.0851535] Lcoo[LCOO].OnMatch 11741187
2017-05-29 13:41:10,107 [Dispatcher2] [INFO] |9lK1XmZ18H52OvOc/fgKizbl/xg=| [Elapsed 00:00:00:00.0115847] Lcoo[LCOO].OnMatch 11743205
2017-05-29 13:41:10,116 [Dispatcher3] [INFO] |7z/4JO6kmGpJO7wNQ89Li1I40OI=| [Elapsed 00:00:00:00.0490772] Lcoo[LCOO].OnMatch 11743199
2017-05-29 13:41:10,116 [Dispatcher1] [INFO] |hK3akFRW8ZBCgxSx3L21UELpqBs=| [Elapsed 00:00:00:00.1069973] Lcoo[LCOO].OnMatch 11744469
2017-05-29 13:41:10,164 [Dispatcher1] [INFO] |YcYsSSwMN21yw3TO5KyCKzilmMg=| [Elapsed 00:00:00:00.0459872] Lcoo[LCOO].OnMatch 11748127
2017-05-29 13:41:20,370 [Dispatcher1] [INFO] |N6o/Lu94maOSkpgmZJ+x+apwbvo=| [Elapsed 00:00:00:00.0544793] Lcoo[LCOO].OnMatch 11741313
2017-05-29 13:41:20,386 [Dispatcher1] [INFO] |4XKQgHp3Ev3XHLVSGJ5xr/bfnsE=| [Elapsed 00:00:00:00.0144836] Lcoo[LCOO].OnMatch 11737329
2017-05-29 13:41:20,482 [Dispatcher1] [INFO] |6r+eBmDVLi9Jm1Qd7lliWP8bUhw=| [Elapsed 00:00:00:00.0935826] Lcoo[LCOO].OnOutright 41173
2017-05-29 13:41:20,528 [Dispatcher3] [INFO] |p4DwzMGtYlwlLkTWERs3/7W3YDk=| [Elapsed 00:00:00:00.1921212] Lcoo[LCOO].OnMatch 11737249
2017-05-29 13:41:20,557 [Dispatcher2] [INFO] |ZbAIEV6Wxs7Tr4mE765xTAC9n74=| [Elapsed 00:00:00:00.2204730] Lcoo[LCOO].OnMatch 11737227
2017-05-29 13:41:20,568 [Dispatcher2] [INFO] |tm5rzg6XiYqYRauP6P/VqjGstlY=| [Elapsed 00:00:00:00.0085397] Lcoo[LCOO].OnMatch 11737967
2017-05-29 13:41:20,575 [Dispatcher2] [INFO] |fNQ/25GB6HBaqNreuR7rDVEyKTE=| [Elapsed 00:00:00:00.0059468] Lcoo[LCOO].OnMatch 11747881
2017-05-29 13:41:20,581 [Dispatcher3] [INFO] |9uFE3NG105m9eJ2AZN8etN06oXQ=| [Elapsed 00:00:00:00.0510526] Lcoo[LCOO].OnMatch 11743207
2017-05-29 13:42:20,452 [Dispatcher3] [INFO] |uCAQ+kyNQ2ijku3e2QX8L4gT78E=| [Elapsed 00:00:00:00.2323747] Lcoo[LCOO].OnMatch 11739589
2017-05-29 13:42:20,635 [Dispatcher3] [INFO] |Tc8sZM3HwfQ7ft7FUfBxtbHFpmE=| [Elapsed 00:00:00:00.1819204] Lcoo[LCOO].OnMatch 11737249
2017-05-29 13:42:20,973 [Dispatcher2] [INFO] |KktHfeopXKYHZeKp7q8959ZEHac=| [Elapsed 00:00:00:00.7547711] Lcoo[LCOO].OnMatch 11492555
2017-05-29 13:42:20,976 [Dispatcher2] [INFO] |XMe9YTwvL/zFJm7biReiQLW9ehg=| [Elapsed 00:00:00:00.0013892] Lcoo[LCOO].OnMatch 11741117
2017-05-29 13:42:20,977 [Dispatcher3] [INFO] |KlbZiExoxv/UEQs5p5UeeYo/ibg=| [Elapsed 00:00:00:00.3398889] Lcoo[LCOO].OnMatch 11737429
2017-05-29 13:42:20,977 [Dispatcher1] [INFO] |6ury487Hlz7yIfbG0lQsM4/PqJc=| [Elapsed 00:00:00:00.0357799] Lcoo[LCOO].OnMatch 11619137
2017-05-29 13:42:20,978 [Dispatcher2] [INFO] |lXJuc5aaeKnesRYb1+TviqSD6Zc=| [Elapsed 00:00:00:00.0009627] Lcoo[LCOO].OnOutright 37689
2017-05-29 13:42:20,979 [Dispatcher1] [INFO] |7Jo8bT+WqFbm9wHj/jyO4soBZIU=| [Elapsed 00:00:00:00.0009540] Lcoo[LCOO].OnMatch 11737981
2017-05-29 13:42:20,980 [Dispatcher3] [INFO] |GEgMimVESl1SzqrmUKWoHIWBCjY=| [Elapsed 00:00:00:00.0014844] Lcoo[LCOO].OnOutright 38712
2017-05-29 13:42:20,984 [Dispatcher1] [INFO] |j60YFz5oUNKjpjh3IYhkGKwfbb0=| [Elapsed 00:00:00:00.0044231] Lcoo[LCOO].OnMatch 11748351
2017-05-29 16:08:35,801 [10] [INFO] |B18R6QbKMAIExmenhcO6gCVGkNQ=| Client subscribed to ILcoo.OnMatch
2017-05-29 16:08:35,804 [10] [INFO] |IsXKt36Rua0FOgV7CV4ky6Ci8bU=| Client subscribed to ILcoo.OnOutright
2017-05-29 16:08:35,805 [10] [INFO] |JB/UlBGKJDtup2wviSY0nhclW1M=| Client subscribed to ILcoo.OnThreeBall
2017-05-29 16:09:23,114 [10] [INFO] |x7iBG/JpY+gKSd2AuV20nG7dpqA=| Client subscribed to ILcoo.OnMatch
2017-05-29 16:09:23,115 [10] [INFO] |RcCychJOdmdNNmT5C8vnrTnzHYo=| Client subscribed to ILcoo.OnOutright
2017-05-29 16:09:23,116 [10] [INFO] |7QN9Vq9LJHMYoaNmJ6PxX6QGzBk=| Client subscribed to ILcoo.OnThreeBall
2017-05-29 16:09:26,163 [10] [INFO] |ZZTLRQh6fs6gUFS/jzUZmaLYNfk=| Start
2017-05-29 16:16:14,351 [10] [INFO] |mCzD6ySAA1OpZTjb7eTnNgIRBi4=| Client subscribed to ILcoo.OnMatch
2017-05-29 16:16:14,352 [10] [INFO] |OYyXAN7YBflx64L/YIyBnXwmKak=| Client subscribed to ILcoo.OnOutright
2017-05-29 16:16:14,354 [10] [INFO] |t33oci8ASuriEtR1Tax4pKsYbxY=| Client subscribed to ILcoo.OnThreeBall
2017-05-29 16:16:17,651 [10] [INFO] |/4hS0Za/QIR45K8nlWOmDHa9tx4=| Start
2017-05-29 16:25:19,708 [10] [INFO] |G/Gq1VVg8SktRSADIfwx/ox92Dc=| Client subscribed to ILcoo.OnMatch
2017-05-29 16:25:19,709 [10] [INFO] |gY5N7c4g0pVDJTktUmdcis7JS+Q=| Client subscribed to ILcoo.OnOutright
2017-05-29 16:25:19,709 [10] [INFO] |n5P98MoPKUsKCFUO0p/Q2UtvVnM=| Client subscribed to ILcoo.OnThreeBall
2017-05-29 16:25:22,403 [10] [INFO] |uhjWc1FEW9gk/AYi+aV0gdp1J3M=| Start
2017-05-29 16:27:55,678 [9] [INFO] |kfQnxg6mjkkSjqdu+UfwVKRV9mo=| Client subscribed to ILcoo.OnMatch
2017-05-29 16:27:55,679 [9] [INFO] |V/hSa+moF7K927vpnsRL23naD1o=| Client subscribed to ILcoo.OnOutright
2017-05-29 16:27:55,679 [9] [INFO] |6HSolsmk7cgYIBrBmeBNR+q4r2Y=| Client subscribed to ILcoo.OnThreeBall
2017-05-29 16:27:57,646 [9] [INFO] |DcWze2vnYUdKegjUw8bzTgFsOwE=| Start
2017-05-29 16:28:13,594 [Dispatcher2] [INFO] |WTsKaMsZymQ6rjRiQtT3Pzc9rF8=| [Elapsed 00:00:00:00.0060322] Lcoo[LCOO].OnMatch 11292723
2017-05-29 16:28:13,597 [Dispatcher1] [INFO] |D64N1ZxroScp/dWEDR5aiYetVPw=| [Elapsed 00:00:00:00.0054267] Lcoo[LCOO].OnMatch 11659593
2017-05-29 16:28:13,599 [Dispatcher3] [INFO] |pHc1nJhm+Fv9uoqPq2xJdmPoXJ0=| [Elapsed 00:00:00:00.0112100] Lcoo[LCOO].OnMatch 11517783
2017-05-29 16:28:13,606 [Dispatcher2] [INFO] |CrnYYt5N9hWDxe1jRYSV+kR3yv8=| [Elapsed 00:00:00:00.0020372] Lcoo[LCOO].OnMatch 10943482
2017-05-29 16:28:13,631 [Dispatcher1] [INFO] |iHphlsN7GGCGiBCrrCsWqWe2uxQ=| [Elapsed 00:00:00:00.0057329] Lcoo[LCOO].OnMatch 11742233
2017-05-29 16:28:13,632 [Dispatcher2] [INFO] |wPHHHDZjiMz9XXDyI+F109XUWho=| [Elapsed 00:00:00:00.0067045] Lcoo[LCOO].OnMatch 11748857
2017-05-29 16:28:13,633 [Dispatcher3] [INFO] |MnG0IlaXcefZeZrTM+8CNArl8WA=| [Elapsed 00:00:00:00.0079211] Lcoo[LCOO].OnMatch 11737225
2017-05-29 16:28:13,649 [Dispatcher3] [INFO] |TcEg+cuWwne0hQHZUiVP8P6767g=| [Elapsed 00:00:00:00.0042023] Lcoo[LCOO].OnOutright 44517
