2017-05-29 13:21:30,872 [1] [INFO] |FHi8mO6NAZ/Cq37Z98hCGlD12Cc=| Client subscribed to ILcoo.OnMatch
2017-05-29 13:21:30,873 [1] [INFO] |/SP9lq2/6o8mczdMXgiPGXJmyDI=| Client subscribed to ILcoo.OnOutright
2017-05-29 13:21:30,873 [1] [INFO] |Sbe+4fr12266qo27NPUzzwGr57g=| Client subscribed to ILcoo.OnThreeBall
2017-05-29 13:21:33,266 [1] [INFO] |Wh3mjmjtck4qOdS4aEn5ZIahT94=| Start
2017-05-29 13:22:05,052 [Dispatcher2] [INFO] |j2zrH2vpv8hHx+BCZ76Gy3muGbo=| [Elapsed 00:00:00:00.0030423] Lcoo[LCOO].OnMatch 9686759
2017-05-29 13:22:05,053 [Dispatcher3] [INFO] |QUA6S2Jcpe3iYgYJb36jdEncOsc=| [Elapsed 00:00:00:00.0021875] Lcoo[LCOO].OnMatch 11051995
2017-05-29 13:22:05,054 [Dispatcher1] [INFO] |lIVpaIrZBZlF0FW/4HHbtraKCCI=| [Elapsed 00:00:00:00.0048846] Lcoo[LCOO].OnMatch 11491611
2017-05-29 13:22:05,054 [Dispatcher3] [INFO] |D3Zm6UZcqBMW+ab99iHtSxaYJFo=| [Elapsed 00:00:00:00.0011100] Lcoo[LCOO].OnMatch 11207699
2017-05-29 13:22:05,055 [Dispatcher2] [INFO] |vvqHk8dkgc5HET05h0QbceX/HCU=| [Elapsed 00:00:00:00.0021266] Lcoo[LCOO].OnMatch 11728439
2017-05-29 13:22:05,055 [Dispatcher1] [INFO] |qRbqLj8xDlexveUPmt0d1chQlmE=| [Elapsed 00:00:00:00.0009514] Lcoo[LCOO].OnMatch 11504701
2017-05-29 13:22:05,065 [Dispatcher3] [INFO] |1T9Eiuf51PLavoghxTM847dLjSc=| [Elapsed 00:00:00:00.0007170] Lcoo[LCOO].OnMatch 11742239
2017-05-29 13:22:05,065 [Dispatcher1] [INFO] |0m0pXzvXpUqvd72lfM5X7sFRxTw=| [Elapsed 00:00:00:00.0009515] Lcoo[LCOO].OnMatch 11748329
2017-05-29 13:22:05,067 [Dispatcher2] [INFO] |sxEiSQiQM6LacWqnoEcebvPgx38=| [Elapsed 00:00:00:00.0004294] Lcoo[LCOO].OnMatch 10492448
2017-05-29 13:22:05,082 [Dispatcher3] [INFO] |CeKWYLcU/5ja444rjIXo+00YMdM=| [Elapsed 00:00:00:00.0020693] Lcoo[LCOO].OnOutright 36515
2017-05-29 13:22:34,181 [Dispatcher2] [INFO] |J95dL5mSa+di6fZngzma44qMP4Q=| [Elapsed 00:00:00:00.0012875] Lcoo[LCOO].OnMatch 9815457
2017-05-29 13:22:34,183 [Dispatcher2] [INFO] |84MAaRLqCPd7fcl0PS1vsHMoljY=| [Elapsed 00:00:00:00.0007951] Lcoo[LCOO].OnMatch 9686759
2017-05-29 13:22:34,183 [Dispatcher3] [INFO] |YjdTGHyAHbWTMO44kLiBbKv+N+Q=| [Elapsed 00:00:00:00.0051138] Lcoo[LCOO].OnMatch 11051995
2017-05-29 13:22:34,200 [Dispatcher1] [INFO] |UWF+0Oe21W6be0mhw3lQhMeJxIU=| [Elapsed 00:00:00:00.0030626] Lcoo[LCOO].OnMatch 11741195
2017-05-29 13:22:34,201 [Dispatcher3] [INFO] |2ccmLWO2hLVdBMdVDteQDy49i4g=| [Elapsed 00:00:00:00.0011626] Lcoo[LCOO].OnMatch 11741161
2017-05-29 13:22:34,202 [Dispatcher2] [INFO] |g7+uYQ0bNInBqUodrd4NaLy09vI=| [Elapsed 00:00:00:00.0043094] Lcoo[LCOO].OnMatch 11741199
2017-05-29 13:22:34,203 [Dispatcher3] [INFO] |HSkQxndGS843MKY2jFDLF8FxLtg=| [Elapsed 00:00:00:00.0008662] Lcoo[LCOO].OnMatch 11741963
2017-05-29 13:22:34,204 [Dispatcher1] [INFO] |ybjY5kE1kkrDMQSLj2KiH7VO3LI=| [Elapsed 00:00:00:00.0008755] Lcoo[LCOO].OnOutright 38264
2017-05-29 13:23:06,975 [Dispatcher1] [INFO] |opksAWgj1qbCYbj2I36ZMcWdejY=| [Elapsed 00:00:00:00.0011594] Lcoo[LCOO].OnMatch 11449785
2017-05-29 13:23:06,976 [Dispatcher3] [INFO] |M4gH6VARnvLI96zAqgnICuRTibQ=| [Elapsed 00:00:00:00.0020739] Lcoo[LCOO].OnMatch 11067275
2017-05-29 13:23:06,977 [Dispatcher2] [INFO] |GbTQN/SXeKl4NqbEFxdA2Iq9kDs=| [Elapsed 00:00:00:00.0021427] Lcoo[LCOO].OnMatch 11492555
2017-05-29 13:23:06,978 [Dispatcher2] [INFO] |lbiqR+N+eOtSv8ePNQcS/Q4zNZI=| [Elapsed 00:00:00:00.0007021] Lcoo[LCOO].OnMatch 9815457
2017-05-29 13:23:06,980 [Dispatcher2] [INFO] |Y/1DEUrVDyXML5KSysoLmhc8ptg=| [Elapsed 00:00:00:00.0008668] Lcoo[LCOO].OnMatch 10492446
2017-05-29 13:23:06,981 [Dispatcher3] [INFO] |miwPoYQPnYhkJtht3/7Hz4tSpig=| [Elapsed 00:00:00:00.0004513] Lcoo[LCOO].OnOutright 43377
2017-05-29 13:23:06,986 [Dispatcher1] [INFO] |O67RVkucu82MuZjGy28vprh1p1w=| [Elapsed 00:00:00:00.0004926] Lcoo[LCOO].OnOutright 38264
2017-05-29 13:24:03,120 [1] [INFO] |tHKyW82sG29vXU+lUI+F5SZF0Wg=| Client subscribed to ILcoo.OnMatch
2017-05-29 13:24:03,120 [1] [INFO] |BFGFbg8FWia43jZtjJFp0UuHqQs=| Client subscribed to ILcoo.OnOutright
2017-05-29 13:24:03,121 [1] [INFO] |7Igayht5Wq8kNLC2WAMFSzppzCs=| Client subscribed to ILcoo.OnThreeBall
2017-05-29 13:24:05,692 [1] [INFO] |CWG9M22FfyxGReQvgAjo2vMNrQY=| Start
2017-05-29 13:24:21,548 [Dispatcher3] [INFO] |+pblev4ETxtkeQ3EevvrnRvR6pA=| [Elapsed 00:00:00:00.0074212] Lcoo[LCOO].OnMatch 11437455
2017-05-29 13:24:21,551 [Dispatcher1] [INFO] |Qa/OmX2OY0jMQwpzFKVx1/4Op6g=| [Elapsed 00:00:00:00.0098427] Lcoo[LCOO].OnMatch 10938554
2017-05-29 13:24:21,552 [Dispatcher2] [INFO] |QAgqYxiQ2wlfdlpgZsfw9jTrOSg=| [Elapsed 00:00:00:00.0109841] Lcoo[LCOO].OnMatch 10922782
2017-05-29 13:24:21,562 [Dispatcher2] [INFO] |x/E8stS5VZiwjFrV/dzgMNaaZ9s=| [Elapsed 00:00:00:00.0046685] Lcoo[LCOO].OnMatch 11737329
2017-05-29 13:24:21,563 [Dispatcher3] [INFO] |nY2KJi29SSMs4zccARjcMyQt5Tw=| [Elapsed 00:00:00:00.0023320] Lcoo[LCOO].OnMatch 11737203
2017-05-29 13:24:21,570 [Dispatcher2] [INFO] |rUbGZ9Xlxt52OGNobn64Tf+TaXs=| [Elapsed 00:00:00:00.0068153] Lcoo[LCOO].OnMatch 10492448
2017-05-29 13:24:21,571 [Dispatcher1] [INFO] |y/k0CbLBelQvELzAP38CvIEwpa8=| [Elapsed 00:00:00:00.0107624] Lcoo[LCOO].OnMatch 11741961
