2017-07-17 08:01:21,441 [11] [INFO] |AxjLJQg2Fo2HwnnWTSPTerFCsFE=| Next configuration update will be in 01:00:00
2017-07-17 08:20:32,383 [12] [INFO] |BaTJX1+TAN5YqEV4wtBz+0ZewRA=| Next configuration update will be in 01:00:00
2017-07-17 08:28:34,489 [12] [INFO] |RE6w2hV1jBlMmMp7uN3iHwI4XKk=| Next configuration update will be in 01:00:00
2017-07-17 08:33:05,727 [12] [INFO] |IAZaR4rCj7KadoJIw2rFD7T1LZA=| Next configuration update will be in 01:00:00
2017-07-17 08:36:42,891 [12] [INFO] |8P9ss6ibeqGTay3Q6XlKbfwCmtM=| Next configuration update will be in 01:00:00
2017-07-17 09:20:35,379 [11] [INFO] |SesscuPH/tJA0A9UMDEXw2HDLpE=| Next configuration update will be in 01:00:00
2017-07-17 09:27:55,354 [12] [INFO] |kQXYtoaLU+sdZZE4Aj6TmmF0ogw=| Next configuration update will be in 01:00:00
2017-07-17 10:17:38,966 [12] [INFO] |q17/4eXuezd6OcbzaiqsrYlJa1Q=| Next configuration update will be in 01:00:00
2017-07-17 10:18:16,577 [12] [INFO] |qyrHs2MUY3qi9Qd5Nkime/MNMEs=| Next configuration update will be in 01:00:00
2017-07-17 10:22:05,085 [12] [INFO] |5FCgsgclCBqvRUOaub+OKvLPE4E=| Next configuration update will be in 01:00:00
2017-07-17 10:22:17,458 [12] [INFO] |QkSDTqtErpaBob1zNC9W19Rgu8w=| Next configuration update will be in 01:00:00
2017-07-17 10:32:15,528 [11] [INFO] |cIzE+eHAsNvHF9FkXtTB9PEJ1OY=| Next configuration update will be in 01:00:00
2017-07-17 12:09:18,488 [12] [INFO] |EixFSDO3LKVVpBW+u+uVT2hkTDg=| Next configuration update will be in 01:00:00
2017-07-17 12:16:31,770 [13] [INFO] |jIHrQ9HBNMtXObd0cFP/GmQ1EU8=| Next configuration update will be in 01:00:00
2017-07-17 12:28:19,837 [6] [INFO] |jwItIl/VNgH8m4AhKrK3m1ZFQAs=| Next configuration update will be in 01:00:00
2017-07-17 12:48:59,979 [13] [INFO] |KXYh3P7z/jyd3zDVr2EsqQvXims=| Next configuration update will be in 01:00:00
2017-07-17 12:56:08,536 [12] [INFO] |Xa5oGrt2BmyULf0sq1A7bu+VY5E=| Next configuration update will be in 01:00:00
2017-07-17 13:13:48,099 [12] [INFO] |eZm5YmCvbnZvXqiyMbeDMrgps28=| Next configuration update will be in 01:00:00
2017-07-17 13:48:51,993 [12] [INFO] |shxd+4Dake+RXwFhYIQ5Z3ywOis=| Next configuration update will be in 01:00:00
2017-07-17 13:53:10,538 [12] [INFO] |vg6nu3VaA/Bw+4COj1pQOuZLH9o=| Next configuration update will be in 01:00:00
2017-07-17 14:24:10,534 [13] [INFO] |Hi3EveTXGcMHkK5FW53MtRQPf9Y=| Next configuration update will be in 01:00:00
2017-07-17 14:28:05,907 [12] [INFO] |g2TlqHso8SKp/fqHKB2xNPPq1KM=| Next configuration update will be in 01:00:00
2017-07-17 14:46:53,222 [12] [INFO] |E9xnaMz18aBtuOJiC69EtP0avA0=| Next configuration update will be in 01:00:00
2017-07-17 15:02:51,528 [13] [INFO] |pNz8jbKJhiMIXWFh2W0NLQL2Qe0=| Next configuration update will be in 01:00:00
2017-07-17 15:05:16,857 [11] [INFO] |RuaArt1XptLt1u08ezAiFsEAr60=| Next configuration update will be in 01:00:00
2017-07-17 15:08:47,968 [13] [INFO] |YBjp7svZOHCDxE9QDX5VdmEXrJI=| Next configuration update will be in 01:00:00
2017-07-17 15:14:40,087 [12] [INFO] |LmS1lJFrJ+kAiYDBW05ellokazA=| Next configuration update will be in 01:00:00
2017-07-17 15:17:01,603 [12] [INFO] |XqvyNxw0SYd1uDlyo5gpjNghg0I=| Next configuration update will be in 01:00:00
2017-07-17 15:24:23,407 [12] [INFO] |oG+RmR2dn7xGh9udefKAdKn4thY=| Next configuration update will be in 01:00:00
2017-07-17 15:31:27,697 [12] [INFO] |psS5+VEHg4aVhyaLVP8t65KOTak=| Next configuration update will be in 01:00:00
2017-07-17 16:23:04,004 [12] [INFO] |ULQfLTds3fsZ2TjHVrmpBSIv2zA=| Next configuration update will be in 01:00:00
2017-07-17 16:57:19,806 [12] [INFO] |a9t/Ze8NwwzLetAHA6/0e4y7Cqc=| Next configuration update will be in 01:00:00
2017-07-17 17:06:28,831 [6] [INFO] |h1NZAerN7mpkAmVx2g2Cv0thj24=| Next configuration update will be in 01:00:00
2017-07-17 17:10:31,149 [12] [INFO] |BpCpAw2ZY7/EX7/vxeuuvF3j1i0=| Next configuration update will be in 01:00:00
2017-07-17 17:14:31,830 [11] [INFO] |eApxCr0KF1ZX7nDVnIm7cLyA6cw=| Next configuration update will be in 01:00:00
2017-07-17 17:36:14,842 [12] [INFO] |PDCXFNeHSP1UfXNDN9EhAUYLWDc=| Next configuration update will be in 01:00:00
2017-07-17 17:46:49,934 [12] [INFO] |W/ZAOkgm0O0rjdEsJC0YZ0N+JEo=| Next configuration update will be in 01:00:00
2017-07-17 17:58:23,003 [13] [INFO] |HeRMenw0clrd6bGKcJ8dRGzT/ZY=| Next configuration update will be in 01:00:00
