2017-07-17 08:01:52,469 [IOLoop-LIVEODDS] [WARN] |C0jaSEYzAXWHSg8dBARh3dz3oY0=| Msg queue DispatcherQueue1 going over the LOW watermark at 499 items
2017-07-17 08:01:52,469 [IOLoop-LIVEODDS] [WARN] |BR6U+cDLpqTtTOwScCOkI6X/azs=| Msg queue DispatcherQueue3 going over the LOW watermark at 499 items
2017-07-17 08:01:52,469 [IOLoop-LIVEODDS] [WARN] |GVJzT2zL+d+QGcQD/A/OdqXHJTQ=| Msg queue DispatcherQueue2 going over the LOW watermark at 499 items
2017-07-17 08:01:54,079 [Dispatcher3] [WARN] |ULGt0T3cXsyLUtpZ+BRga1VmCoE=| Msg queue DispatcherQueue3 dropped below LOW watermark at 499 items
2017-07-17 08:01:58,410 [Dispatcher2] [WARN] |lPC3rHMrH8VEjy8A3lL5lDNldbk=| Msg queue DispatcherQueue2 dropped below LOW watermark at 499 items
2017-07-17 08:01:59,063 [Dispatcher1] [WARN] |fb8CkOKjpy0HTXx6TdNkFPV0dgI=| Msg queue DispatcherQueue1 dropped below LOW watermark at 499 items
2017-07-17 08:03:55,021 [IOLoop-LIVEODDS] [WARN] |CLOkghqWO8gBuWXpVcfR/7mAcbM=| Msg queue DispatcherQueue3 going over the LOW watermark at 499 items
2017-07-17 08:03:55,411 [Dispatcher3] [WARN] |AlY0nyy81mXgweU31kj1/W5Is4I=| Msg queue DispatcherQueue3 dropped below LOW watermark at 499 items
2017-07-17 08:14:40,380 [IOLoop-LIVEODDS] [WARN] |QoFhBNXc2aBB/HCKgeR0/Lwe6B8=| Msg queue DispatcherQueue1 going over the LOW watermark at 499 items
2017-07-17 12:10:23,131 [IOLoop-LIVEODDS] [WARN] |ggZUEDYcb8xf1nzGxJSTUuYJenw=| Msg queue DispatcherQueue1 going over the LOW watermark at 499 items
2017-07-17 12:10:23,178 [Dispatcher1] [WARN] |CK2WeDv1ViwZEcGWugNzvVKwoUs=| Msg queue DispatcherQueue1 dropped below LOW watermark at 499 items
2017-07-17 12:11:43,256 [IOLoop-LIVEODDS] [WARN] |DauqQziB/iDd8GYKw1zxtzeRZRw=| Msg queue DispatcherQueue3 going over the LOW watermark at 499 items
2017-07-17 12:11:43,256 [IOLoop-LIVEODDS] [WARN] |CXHiYuYCwAQOVVL7dwcp3xN0uX0=| Msg queue DispatcherQueue1 going over the LOW watermark at 499 items
2017-07-17 12:11:43,256 [IOLoop-LIVEODDS] [WARN] |O1hYZMMsY8SFkpIXeFy0OeUSEUY=| Msg queue DispatcherQueue2 going over the LOW watermark at 499 items
2017-07-17 12:11:44,084 [Dispatcher1] [WARN] |JKGpvyPuS/KcFPinlpUYAu0sduo=| Msg queue DispatcherQueue1 dropped below LOW watermark at 499 items
2017-07-17 12:11:44,694 [Dispatcher2] [WARN] |9xjkrsTQn/AfknKCv5Ur8Aw9t5w=| Msg queue DispatcherQueue2 dropped below LOW watermark at 499 items
2017-07-17 12:11:45,631 [Dispatcher3] [WARN] |wn6wwFAlhQhex4Xh/ZYckXPl5+g=| Msg queue DispatcherQueue3 dropped below LOW watermark at 499 items
2017-07-17 13:14:10,223 [IOLoop-LIVEODDS] [WARN] |Fe74OHscX/ovv4R8p+6b96SzOrw=| Msg queue DispatcherQueue3 going over the LOW watermark at 499 items
2017-07-17 13:14:10,223 [IOLoop-LIVEODDS] [WARN] |NwcDHAaZiljrmwk8NKaS2sihJMM=| Msg queue DispatcherQueue1 going over the LOW watermark at 499 items
2017-07-17 13:14:10,223 [IOLoop-LIVEODDS] [WARN] |InuHwLacveRAsAZxe96St/uJ/ts=| Msg queue DispatcherQueue2 going over the LOW watermark at 499 items
2017-07-17 13:14:12,191 [Dispatcher3] [WARN] |z0S3PMC+Er/gzST+yRQP8KDCVyk=| Msg queue DispatcherQueue3 dropped below LOW watermark at 499 items
2017-07-17 13:14:13,254 [Dispatcher2] [WARN] |RegSVQGPdFklno582qXmFc3d3zc=| Msg queue DispatcherQueue2 dropped below LOW watermark at 499 items
