2017-05-23 16:38:03,623 [1] [INFO] |Ic4nkXwlo63H/PnqwlgnNt2t2yg=| Client subscribed to LiveOdds.OnBetCancel
2017-05-23 16:38:03,624 [1] [INFO] |4HxVnBgD8duKGbrkEDEILzF12Yg=| Client subscribed to LiveOdds.OnBetCancelUndo
2017-05-23 16:38:03,624 [1] [INFO] |LNCVu0Ag3a7g2DW9TuZz/sLJD04=| Client subscribed to LiveOdds.OnBetClear
2017-05-23 16:38:03,625 [1] [INFO] |gZk30zBVCcIY19SNBM4KOs+NYXs=| Client subscribed to LiveOdds.OnBetClearRollback
2017-05-23 16:38:03,625 [1] [INFO] |xfuh//ABt26BbJoT7Ah/LuaUy3Y=| Client subscribed to LiveOdds.OnBetStart
2017-05-23 16:38:03,626 [1] [INFO] |PA+D0OfTa0nt/Une2Z/d4LB86yU=| Client subscribed to LiveOdds.OnBetStop
2017-05-23 16:38:03,627 [1] [INFO] |Hin7BkZ5F/htUuYdKwiNkjwMrpI=| Client subscribed to LiveOdds.OnOddsChange
2017-05-23 16:38:03,628 [1] [INFO] |+G6tLhURDBzgNHSp4SHJqQVLc+g=| Client subscribed to LiveOdds.OnConnectionStable
2017-05-23 16:38:03,628 [1] [INFO] |j/0sE7XzLuce/U1vmJD4QYcQvso=| Client subscribed to LiveOdds.OnConnectionUnstable
2017-05-23 16:38:03,629 [1] [INFO] |NMBnlS3chUpn7Ff3CylQVMv+q2U=| Client subscribed to LiveOdds.OnEventMessages
2017-05-23 16:38:03,630 [1] [INFO] |IaLEsE3V1kDJzfaX+xDHfgWG4iM=| Client subscribed to LiveOdds.OnEventStatus
2017-05-23 16:38:03,630 [1] [INFO] |+MVgj6qt+rM09j0wliDzxa9lNT0=| Client subscribed to LiveOdds.OnAlive
2017-05-23 16:38:03,632 [1] [INFO] |/AhaOg15ZO6YoTwAzYQOledmM/w=| Client subscribed to LiveOdds.OnScoreCardSummary
2017-05-23 16:38:03,633 [1] [INFO] |pn4zLSnMsmAgF5qesB8ZWNdMxiU=| Client subscribed to LiveOdds.OnMetaInfo
2017-05-23 16:38:03,639 [1] [INFO] |8jmP1SGI10DLTLygpD3tKyhzeFI=| Re-starting LiveOddsFeedProviderBase
2017-05-23 16:38:06,461 [Dispatcher1] [INFO] |yq0HBapOV1yEccNB+ayeQSYz6Z8=| [Elapsed 00:00:00:00.0020302] Odds[LIVEODDS].OnAlive #0
2017-05-23 16:38:11,460 [13] [INFO] |aXthmwjvL/vLeGZ64f7XmJNb4uc=| Odds[LIVEODDS].GetEventList: 5/23/2017 10:38:11 AM, 5/23/2017 10:38:11 PM, include_available: False, []
2017-05-23 16:38:11,464 [13] [INFO] |vCy7yiwUgadvC4obegLj2X3Whuk=| [Elapsed 00:00:00:00.0000152] Odds[LIVEODDS].OnConnectionStable
2017-05-23 16:38:20,318 [Dispatcher1] [INFO] |LS+I6p0Ry8bpxny2hrrXBgcQbKc=| [Elapsed 00:00:00:08.2831153] Odds[LIVEODDS].OnMetaInfo
2017-05-23 16:38:20,320 [Dispatcher1] [INFO] |B9gN4XxgWQLD0XmjshQLQGcZGRM=| [Elapsed 00:00:00:00.0006408] Odds[LIVEODDS].OnAlive #0
2017-05-23 16:38:26,440 [Dispatcher1] [INFO] |uAWPV7e8T1587+Qcc5WgpcZ05w8=| [Elapsed 00:00:00:00.0012889] Odds[LIVEODDS].OnAlive #0
