2017-07-17 08:01:22,692 [11] [INFO] |DqeWmnW6y0T52rShI/R79oduFXw=| Client subscribed to ILcoo.OnMatch
2017-07-17 08:01:22,692 [11] [INFO] |pGL/tKmbOq3ZGrW+l1BphDVqFlk=| Client subscribed to ILcoo.OnOutright
2017-07-17 08:01:22,693 [11] [INFO] |bxEGqOkQAE1EB+VfXxCa3+UTCx8=| Client subscribed to ILcoo.OnThreeBall
2017-07-17 08:01:27,581 [11] [INFO] |6NvGImrCkjdo/t5w42MuQPpNV68=| Start
2017-07-17 08:20:33,117 [12] [INFO] |s3uYTUips8uNDeW4BBcmzgNR2lI=| Client subscribed to ILcoo.OnMatch
2017-07-17 08:20:33,117 [12] [INFO] |KIn6a0ydMPyRORvAJMHA76R1YBE=| Client subscribed to ILcoo.OnOutright
2017-07-17 08:20:33,117 [12] [INFO] |q/b37RfbiVVEN90xgRqBjSshQHU=| Client subscribed to ILcoo.OnThreeBall
2017-07-17 08:20:33,289 [12] [INFO] |25y1eqfnD2+SSQBVMRZo945FPUc=| Start
2017-07-17 08:28:35,505 [12] [INFO] |F5RJPc9fNqXTj/qJ+kdFXyipN08=| Client subscribed to ILcoo.OnMatch
2017-07-17 08:28:35,505 [12] [INFO] |8XnAAeODQgIrh2qmk6FA2u8dHWo=| Client subscribed to ILcoo.OnOutright
2017-07-17 08:28:35,505 [12] [INFO] |wHz3yT0Z2atfEsOs1hnpTYjJN/0=| Client subscribed to ILcoo.OnThreeBall
2017-07-17 08:28:35,802 [12] [INFO] |yaz/KN2nutvTeOSbhAaIhkfgX08=| Start
2017-07-17 08:29:22,735 [Dispatcher1] [INFO] |pA2ijX54PTpUvnxwWhT4Vra3JH4=| [Elapsed 00:00:00:00.0050322] Lcoo[LCOO].OnMatch 11956600
2017-07-17 08:29:22,735 [Dispatcher3] [INFO] |QQKNHxaKalcHDdNY2b8EbwllXPA=| [Elapsed 00:00:00:00.0045601] Lcoo[LCOO].OnMatch 11956608
2017-07-17 08:29:22,735 [Dispatcher2] [INFO] |BQJ082N2TCBeVFL/dLqtUx4m12s=| [Elapsed 00:00:00:00.0120101] Lcoo[LCOO].OnMatch 11956764
2017-07-17 08:29:22,735 [Dispatcher3] [INFO] |rbW0lzRiVwudOeRGVYxdA4VF7OQ=| [Elapsed 00:00:00:00.0012803] Lcoo[LCOO].OnMatch 11381127
2017-07-17 08:29:22,735 [Dispatcher1] [INFO] |BpvBPXvGfY4MT8kVmo2T1FsF0ao=| [Elapsed 00:00:00:00.0026333] Lcoo[LCOO].OnMatch 11956794
2017-07-17 08:29:22,735 [Dispatcher2] [INFO] |GH6CyhnSPlOUHC49CBRDo+byBE0=| [Elapsed 00:00:00:00.0035248] Lcoo[LCOO].OnMatch 11956676
2017-07-17 08:29:22,735 [Dispatcher1] [INFO] |llGeoB39lyPDsGJJvyL18c6L450=| [Elapsed 00:00:00:00.0020523] Lcoo[LCOO].OnMatch 12021008
2017-07-17 08:29:22,751 [Dispatcher2] [INFO] |r9zqOiadXuAq5b24deIHqM6LTFU=| [Elapsed 00:00:00:00.0017340] Lcoo[LCOO].OnMatch 12018336
2017-07-17 08:29:22,751 [Dispatcher3] [INFO] |84WSgoddcYA95EC8agBkWgxvSy4=| [Elapsed 00:00:00:00.0024506] Lcoo[LCOO].OnMatch 12018352
2017-07-17 08:29:22,751 [Dispatcher2] [INFO] |99kWClbKSYOGfjwhFEcuYgv8i4k=| [Elapsed 00:00:00:00.0005034] Lcoo[LCOO].OnMatch 12018326
2017-07-17 08:29:22,751 [Dispatcher2] [INFO] |fXffXpe988647mu+E0aYRm3Qx3A=| [Elapsed 00:00:00:00.0003647] Lcoo[LCOO].OnMatch 12018374
2017-07-17 08:29:22,751 [Dispatcher2] [INFO] |vk4zwYvePOrRMG6HNo6TbPEE4H4=| [Elapsed 00:00:00:00.0013498] Lcoo[LCOO].OnMatch 12018364
2017-07-17 08:29:22,751 [Dispatcher1] [INFO] |E0QILw51lYoMWLiTNY5GYXR0L6M=| [Elapsed 00:00:00:00.0063751] Lcoo[LCOO].OnMatch 12018368
2017-07-17 08:29:22,751 [Dispatcher3] [INFO] |+mPd6GXgbgCz0uOLDihxedNl9nY=| [Elapsed 00:00:00:00.0057178] Lcoo[LCOO].OnMatch 12018342
2017-07-17 08:29:22,751 [Dispatcher2] [INFO] |A2kWT+GhrK6cUgEdbFM2nGxJ+Hw=| [Elapsed 00:00:00:00.0044268] Lcoo[LCOO].OnMatch 12018370
2017-07-17 08:29:22,766 [Dispatcher1] [INFO] |7kLv5HJJu82BcXArpWTOXTNEF6o=| [Elapsed 00:00:00:00.0103250] Lcoo[LCOO].OnMatch 12018358
2017-07-17 08:29:22,766 [Dispatcher2] [INFO] |pGirOH2IMKU50rFMcfvlwXucEcs=| [Elapsed 00:00:00:00.0080070] Lcoo[LCOO].OnMatch 12018360
2017-07-17 08:29:22,766 [Dispatcher1] [INFO] |TtZ+UcHvuJ5V2LVYbjWtaeIUiTU=| [Elapsed 00:00:00:00.0028303] Lcoo[LCOO].OnMatch 12018348
2017-07-17 08:29:22,766 [Dispatcher2] [INFO] |qNuwKSAU4BaaiivKaBahiSJCjaM=| [Elapsed 00:00:00:00.0036559] Lcoo[LCOO].OnMatch 12018366
2017-07-17 08:29:22,766 [Dispatcher1] [INFO] |G70adY87FvT5vmuaXlkA7Op2pT4=| [Elapsed 00:00:00:00.0038653] Lcoo[LCOO].OnMatch 12018354
2017-07-17 08:29:22,766 [Dispatcher3] [INFO] |51QV7XZU2IYzupq/0/LMGsc7Fc4=| [Elapsed 00:00:00:00.0163072] Lcoo[LCOO].OnMatch 12018332
2017-07-17 08:29:22,782 [Dispatcher2] [INFO] |U0bgDMXvnsc5XmlU/Uswm9r5dX8=| [Elapsed 00:00:00:00.0070952] Lcoo[LCOO].OnMatch 12018372
2017-07-17 08:29:22,782 [Dispatcher1] [INFO] |p3Z3dp1iudOnPgV+lSRrQzAPtV4=| [Elapsed 00:00:00:00.0059162] Lcoo[LCOO].OnMatch 12018344
2017-07-17 08:29:22,782 [Dispatcher2] [INFO] |/z0qBF/K/8PUL0lOcleRjSTWdOU=| [Elapsed 00:00:00:00.0034520] Lcoo[LCOO].OnMatch 12018362
2017-07-17 08:29:22,782 [Dispatcher3] [INFO] |huCJueCeINomFnhcvGmkabBV9dk=| [Elapsed 00:00:00:00.0085667] Lcoo[LCOO].OnMatch 12018338
2017-07-17 08:29:22,782 [Dispatcher1] [INFO] |sBv263u8CUEWtfqW/Q79l9VSZZ4=| [Elapsed 00:00:00:00.0070481] Lcoo[LCOO].OnMatch 12018350
2017-07-17 08:29:22,782 [Dispatcher3] [INFO] |ljxk3tw122rG7t3rBSBSJxfFmqw=| [Elapsed 00:00:00:00.0043392] Lcoo[LCOO].OnMatch 12018328
2017-07-17 08:29:22,798 [Dispatcher1] [INFO] |HniEmv4Ew35OEfhQlM9mdCEpM6g=| [Elapsed 00:00:00:00.0079988] Lcoo[LCOO].OnMatch 12018356
2017-07-17 08:29:22,798 [Dispatcher3] [INFO] |Muy1MdTKCfE/AsRHU5tzET02d5I=| [Elapsed 00:00:00:00.0073063] Lcoo[LCOO].OnMatch 12018334
2017-07-17 08:29:22,798 [Dispatcher1] [INFO] |P9+q5QxtkfkR+OhE13KrwXqSOC8=| [Elapsed 00:00:00:00.0025797] Lcoo[LCOO].OnMatch 12018346
2017-07-17 08:29:22,798 [Dispatcher3] [INFO] |pejgx1mzCi3XuuYhvRnWPkGmdQY=| [Elapsed 00:00:00:00.0033743] Lcoo[LCOO].OnMatch 12018340
2017-07-17 08:29:22,798 [Dispatcher3] [INFO] |LJuvS1SYgcnalfHxOlenvYTVSBY=| [Elapsed 00:00:00:00.0012924] Lcoo[LCOO].OnMatch 12018330
2017-07-17 08:29:22,813 [Dispatcher3] [INFO] |TDdyHrn4XlZrmFz3DG7ttJ0VR4A=| [Elapsed 00:00:00:00.0065918] Lcoo[LCOO].OnOutright 27458
2017-07-17 08:33:06,852 [12] [INFO] |Uh/y//fOdHbrB8j3YWxfF1HQ99M=| Client subscribed to ILcoo.OnMatch
2017-07-17 08:33:06,852 [12] [INFO] |U061Q+4oZBZORLABAauplsUNEyc=| Client subscribed to ILcoo.OnOutright
2017-07-17 08:33:06,852 [12] [INFO] |22M1rn84F+IDjBN1SbNi1ui7mHM=| Client subscribed to ILcoo.OnThreeBall
2017-07-17 08:33:07,008 [12] [INFO] |O2AKoVoEi9UikdZvEGvF87t9nFQ=| Start
2017-07-17 08:33:24,087 [Dispatcher2] [INFO] |UMrRNTYgAMUlgPvFbcbysHr3DPI=| [Elapsed 00:00:00:00.0047549] Lcoo[LCOO].OnMatch 11956698
2017-07-17 08:33:24,087 [Dispatcher1] [INFO] |a9OqaXOkD1bKnfQrFoyRBQLfuwY=| [Elapsed 00:00:00:00.0056732] Lcoo[LCOO].OnMatch 12001994
2017-07-17 08:33:24,087 [Dispatcher3] [INFO] |wxHf5AXn+NKmAKnEpNQR95g/OJc=| [Elapsed 00:00:00:00.0059247] Lcoo[LCOO].OnMatch 11956722
2017-07-17 08:33:24,087 [Dispatcher1] [INFO] |BZ/NOPKL6zKXNT9o7JfsTDsvaL8=| [Elapsed 00:00:00:00.0005951] Lcoo[LCOO].OnMatch 11956718
2017-07-17 08:33:24,087 [Dispatcher3] [INFO] |09fRX3AMPXavp9Or85M0ejyRMsI=| [Elapsed 00:00:00:00.0005436] Lcoo[LCOO].OnMatch 11956792
2017-07-17 08:33:24,087 [Dispatcher1] [INFO] |JCkDpwAPxFvX+zv6Vj0W4Bcn72k=| [Elapsed 00:00:00:00.0004232] Lcoo[LCOO].OnMatch 11956768
2017-07-17 08:33:24,087 [Dispatcher2] [INFO] |W9Vqre/KUokQSmB6jyvlkppPTno=| [Elapsed 00:00:00:00.0021752] Lcoo[LCOO].OnMatch 11956754
2017-07-17 08:33:24,087 [Dispatcher2] [INFO] |okyAmkBhzRaRoZnrmkHofeHWUO8=| [Elapsed 00:00:00:00.0004846] Lcoo[LCOO].OnMatch 11956770
2017-07-17 08:33:24,102 [Dispatcher2] [INFO] |01hnneSWHRJIjuKrF9ObGaFjQfQ=| [Elapsed 00:00:00:00.0007969] Lcoo[LCOO].OnMatch 12018692
2017-07-17 08:33:24,102 [Dispatcher3] [INFO] |HVTit2dNxTZJTAwFezJLkcWZt9M=| [Elapsed 00:00:00:00.0005887] Lcoo[LCOO].OnMatch 12021602
2017-07-17 08:33:24,102 [Dispatcher2] [INFO] |BHGJZ4mdbW4samXwHJgmoeGBkog=| [Elapsed 00:00:00:00.0004883] Lcoo[LCOO].OnMatch 12021506
2017-07-17 08:33:24,102 [Dispatcher3] [INFO] |eFdgxgBGGitacwpEUuUiLIh+mps=| [Elapsed 00:00:00:00.0004239] Lcoo[LCOO].OnMatch 12018698
2017-07-17 08:33:24,102 [Dispatcher1] [INFO] |GxdSA18g+Qfx2KgPn87kTp+TgV8=| [Elapsed 00:00:00:00.0013940] Lcoo[LCOO].OnMatch 12018670
2017-07-17 08:33:24,102 [Dispatcher3] [INFO] |tmEH/hKWKpYHx2RnpLT654s61nU=| [Elapsed 00:00:00:00.0028670] Lcoo[LCOO].OnMatch 12021288
2017-07-17 08:33:24,102 [Dispatcher1] [INFO] |talLLzGAAWJyl4x0tqDqZp/nEl4=| [Elapsed 00:00:00:00.0047569] Lcoo[LCOO].OnMatch 12021826
2017-07-17 08:33:24,102 [Dispatcher1] [INFO] |D7rxDKBdUcj/RP0h25XfY1B42CY=| [Elapsed 00:00:00:00.0017403] Lcoo[LCOO].OnMatch 12021320
2017-07-17 08:34:09,696 [Dispatcher2] [INFO] |Q7z1C5YS/8CZFVuTohrED+Bylo4=| [Elapsed 00:00:00:00.0022509] Lcoo[LCOO].OnMatch 11956636
2017-07-17 08:34:09,696 [Dispatcher1] [INFO] |2xdOIgOOKF2XhXxBfDSY+KyTKZc=| [Elapsed 00:00:00:00.0027033] Lcoo[LCOO].OnMatch 11956718
2017-07-17 08:34:09,696 [Dispatcher3] [INFO] |H30f61GdugPBEMIPRc43O676/t4=| [Elapsed 00:00:00:00.0037723] Lcoo[LCOO].OnMatch 11956736
2017-07-17 08:34:09,696 [Dispatcher2] [INFO] |jJ87Z95lfob1pC1orBuLEVwfGYs=| [Elapsed 00:00:00:00.0021733] Lcoo[LCOO].OnMatch 11956754
2017-07-17 08:34:09,712 [Dispatcher2] [INFO] |eyqFrdke5SiEjlXHFw1qSfGEVW8=| [Elapsed 00:00:00:00.0030361] Lcoo[LCOO].OnMatch 11956698
2017-07-17 08:34:09,712 [Dispatcher1] [INFO] |c29COOS/0MCL1adFLAUeER2jDqw=| [Elapsed 00:00:00:00.0010395] Lcoo[LCOO].OnMatch 12018694
2017-07-17 08:34:12,709 [Dispatcher2] [INFO] |j9GNuXObtbzXt4Zc61YTlCstFAo=| [Elapsed 00:00:00:03.0061307] Lcoo[LCOO].OnMatch 12021506
2017-07-17 08:34:19,650 [Dispatcher2] [INFO] |Txmbr5RmWQnatWNa0F5tq9O/R5M=| [Elapsed 00:00:00:03.1942098] Lcoo[LCOO].OnOutright 44754
2017-07-17 08:36:43,860 [12] [INFO] |025tUG1MHUZPUwJrXwVwJC9/IBA=| Client subscribed to ILcoo.OnMatch
2017-07-17 08:36:43,860 [12] [INFO] |JbsoSJADUIFvVSeG8/Q1P9AvUJo=| Client subscribed to ILcoo.OnOutright
2017-07-17 08:36:43,860 [12] [INFO] |wrIWdif/hFzj8KVjWNBekYHuQ6g=| Client subscribed to ILcoo.OnThreeBall
2017-07-17 08:36:43,969 [12] [INFO] |XBFFtt1ThZP8Q6SQfbOQpoZS5K4=| Start
2017-07-17 09:20:36,454 [11] [INFO] |9jmOYepWcJNu+cJiPT96Q/13A8k=| Client subscribed to ILcoo.OnMatch
2017-07-17 09:20:36,454 [11] [INFO] |b3Q+/vhtN74oTxp4e8BZCpBgSrg=| Client subscribed to ILcoo.OnOutright
2017-07-17 09:20:36,454 [11] [INFO] |46gqQ1g8dMguRUDIGpCnNy/PcQ8=| Client subscribed to ILcoo.OnThreeBall
2017-07-17 09:20:36,563 [11] [INFO] |donuVX/lF/f5Jqp04WS7TjuwcZs=| Start
2017-07-17 09:21:22,644 [Dispatcher1] [INFO] |geL+mJncwHKEO08+BoMorlhp20A=| [Elapsed 00:00:00:00.0031583] Lcoo[LCOO].OnMatch 11504625
2017-07-17 09:21:22,660 [Dispatcher2] [INFO] |tlzWCZaa+WePVTdgZvejPiKah9o=| [Elapsed 00:00:00:00.0010379] Lcoo[LCOO].OnMatch 12018018
2017-07-17 09:21:22,660 [Dispatcher3] [INFO] |Pv9oa+Oloykd4kqahhmFTyeYgOc=| [Elapsed 00:00:00:00.0012389] Lcoo[LCOO].OnMatch 12021358
2017-07-17 09:21:22,660 [Dispatcher1] [INFO] |o5wJYb/ynYFqSgWn2wm3Z33h7RI=| [Elapsed 00:00:00:00.0006013] Lcoo[LCOO].OnMatch 12019718
2017-07-17 09:21:22,660 [Dispatcher2] [INFO] |ulhMqQ9vKu0zX+HIbXOSQoXy6PA=| [Elapsed 00:00:00:00.0010467] Lcoo[LCOO].OnMatch 11800148
2017-07-17 09:21:22,676 [Dispatcher2] [INFO] |xWyCyf5HyRN+VcvxVCt3pXWxxLM=| [Elapsed 00:00:00:00.0015519] Lcoo[LCOO].OnOutright 46408
2017-07-17 09:21:22,676 [Dispatcher1] [INFO] |/g6HDYLHL/0GdceoFyE/BJQbPmM=| [Elapsed 00:00:00:00.0014183] Lcoo[LCOO].OnOutright 46418
2017-07-17 09:21:22,676 [Dispatcher3] [INFO] |aXfU1UguG5HqFAQLcwT2/wsopnU=| [Elapsed 00:00:00:00.0020174] Lcoo[LCOO].OnOutright 46484
2017-07-17 09:21:22,676 [Dispatcher3] [INFO] |DJ2shJPvjmw0+gLf3aWFA+jFAFI=| [Elapsed 00:00:00:00.0008729] Lcoo[LCOO].OnOutright 46410
2017-07-17 09:21:22,691 [Dispatcher1] [INFO] |3FMtVEaM73yo3CP0KuJgImbeDnk=| [Elapsed 00:00:00:00.0117970] Lcoo[LCOO].OnOutright 35255
2017-07-17 09:21:22,691 [Dispatcher2] [INFO] |N6TslWgfDLQ9oLb4PmW1wJKHHfs=| [Elapsed 00:00:00:00.0007752] Lcoo[LCOO].OnOutright 39432
2017-07-17 09:27:56,554 [12] [INFO] |i14iX1ZszoHnX+1kARkpghuzCnw=| Client subscribed to ILcoo.OnMatch
2017-07-17 09:27:56,555 [12] [INFO] |2euJIYdOUjs4WmjB5H0Zg/I5PB0=| Client subscribed to ILcoo.OnOutright
2017-07-17 09:27:56,556 [12] [INFO] |jGEF/He3hmFEDybLkSPgvXMfgY8=| Client subscribed to ILcoo.OnThreeBall
2017-07-17 09:27:56,667 [12] [INFO] |T8VcG9Fn/RJ680T5nobWv0w0ZJo=| Start
2017-07-17 09:28:12,956 [Dispatcher3] [INFO] |16fOfPqTmWAMrx4TPzak7RnwR/o=| [Elapsed 00:00:00:00.0043179] Lcoo[LCOO].OnMatch 11504287
2017-07-17 09:28:12,957 [Dispatcher1] [INFO] |f49mlto09VCbyjCNHc2UwmbW5fw=| [Elapsed 00:00:00:00.0058355] Lcoo[LCOO].OnMatch 11439461
2017-07-17 09:28:12,956 [Dispatcher2] [INFO] |hp/DS/C3tmYrQPMlxulCZF+OhF0=| [Elapsed 00:00:00:00.0050279] Lcoo[LCOO].OnMatch 11504625
2017-07-17 09:28:12,962 [Dispatcher2] [INFO] |2pcyk5Li5vBIAP17FCkltN0jfbU=| [Elapsed 00:00:00:00.0010568] Lcoo[LCOO].OnMatch 12021476
2017-07-17 09:28:12,963 [Dispatcher1] [INFO] |Xwe2mMKq4lhJxmnxY726+PDuaVQ=| [Elapsed 00:00:00:00.0019352] Lcoo[LCOO].OnMatch 12018022
2017-07-17 09:28:12,963 [Dispatcher3] [INFO] |EwsHWCtuOeITdPseQzXJDlcdqpQ=| [Elapsed 00:00:00:00.0017648] Lcoo[LCOO].OnMatch 12022222
2017-07-17 09:28:12,964 [Dispatcher2] [INFO] |nAdibXotkzO7roiifKmo7jrrzcE=| [Elapsed 00:00:00:00.0006652] Lcoo[LCOO].OnMatch 12021338
2017-07-17 09:28:12,964 [Dispatcher1] [INFO] |GlTcTCKqtybBNT6Fyt9+RJdVxIk=| [Elapsed 00:00:00:00.0007859] Lcoo[LCOO].OnMatch 12022228
2017-07-17 09:28:12,964 [Dispatcher2] [INFO] |Z+b+L2DKLNf9yyg7VhN2cLrGNtg=| [Elapsed 00:00:00:00.0004360] Lcoo[LCOO].OnMatch 12021508
2017-07-17 09:28:12,965 [Dispatcher3] [INFO] |tnOGp/KjrdqSmUB8PeaEFv8dLJc=| [Elapsed 00:00:00:00.0009935] Lcoo[LCOO].OnMatch 12020864
2017-07-17 09:28:12,965 [Dispatcher1] [INFO] |A1KNKjX5LDmR3wUEDciOfF3Fn9s=| [Elapsed 00:00:00:00.0006470] Lcoo[LCOO].OnMatch 12015016
2017-07-17 09:28:12,966 [Dispatcher3] [INFO] |/3mC9v2Th9kCqOcM3cyvJ9+7CnE=| [Elapsed 00:00:00:00.0009878] Lcoo[LCOO].OnMatch 12021314
2017-07-17 09:28:12,967 [Dispatcher2] [INFO] |O3VlRs98znDnhDMf9x/cp/Rzshk=| [Elapsed 00:00:00:00.0018026] Lcoo[LCOO].OnMatch 12021328
2017-07-17 09:28:12,968 [Dispatcher3] [INFO] |3Xv04MD2jvT2ZFpbvAE5B03OloY=| [Elapsed 00:00:00:00.0011328] Lcoo[LCOO].OnMatch 12020700
2017-07-17 09:28:12,969 [Dispatcher1] [INFO] |d43cbcjrQtjz1DM+INx3oYxtH1w=| [Elapsed 00:00:00:00.0035279] Lcoo[LCOO].OnMatch 12021320
2017-07-17 09:28:12,975 [Dispatcher1] [INFO] |LB70t6eObCdvioHMUO3irZYB810=| [Elapsed 00:00:00:00.0044057] Lcoo[LCOO].OnOutright 43531
2017-07-17 09:28:27,224 [Dispatcher2] [INFO] |X7yQt9NgRQMCdNCOWeYtNjdkJXQ=| [Elapsed 00:00:00:00.0043037] Lcoo[LCOO].OnMatch 11504625
2017-07-17 09:28:27,226 [Dispatcher3] [INFO] |ybc1rP6zyzn2OgKiM+iGxZdtIOQ=| [Elapsed 00:00:00:00.0060994] Lcoo[LCOO].OnMatch 11504287
2017-07-17 09:28:27,235 [Dispatcher1] [INFO] |fMlk8X0sF57l47+jLEMOKAInpas=| [Elapsed 00:00:00:00.0021885] Lcoo[LCOO].OnMatch 12020490
2017-07-17 09:28:27,236 [Dispatcher2] [INFO] |o8rfi1Kfr5yEGq4Zr2Lj1849nic=| [Elapsed 00:00:00:00.0029734] Lcoo[LCOO].OnMatch 12021660
2017-07-17 09:28:27,237 [Dispatcher3] [INFO] |2fj0u6olGojvfSDVSjzlu5Dllro=| [Elapsed 00:00:00:00.0049314] Lcoo[LCOO].OnMatch 12020510
2017-07-17 09:28:27,238 [Dispatcher1] [INFO] |+4d/Ii1bKe5ke/U5PlRHg8k4n2A=| [Elapsed 00:00:00:00.0022019] Lcoo[LCOO].OnMatch 12020776
2017-07-17 09:28:27,241 [Dispatcher3] [INFO] |oB8J6jVlh7Z3Dfrpjz5zGMMZ1ys=| [Elapsed 00:00:00:00.0034676] Lcoo[LCOO].OnMatch 12019740
2017-07-17 09:28:27,242 [Dispatcher2] [INFO] |37BhMx4y6/xSo12AljLqdVz2xT4=| [Elapsed 00:00:00:00.0056737] Lcoo[LCOO].OnMatch 12021338
2017-07-17 09:28:27,244 [Dispatcher2] [INFO] |Nd24nkV5MwJ8OY0kjFB1SU0YkK8=| [Elapsed 00:00:00:00.0015510] Lcoo[LCOO].OnMatch 12019736
2017-07-17 09:28:42,280 [Dispatcher3] [INFO] |t/AQMd0UMfnizG0g9gVDY3P63VA=| [Elapsed 00:00:00:00.0026540] Lcoo[LCOO].OnMatch 11504287
2017-07-17 09:28:42,281 [Dispatcher2] [INFO] |w7bVTNY/TpJpQQAMzFXuRtlS2yQ=| [Elapsed 00:00:00:00.0031665] Lcoo[LCOO].OnMatch 11504625
2017-07-17 09:28:42,284 [Dispatcher3] [INFO] |5cupcfD58LU0fvTulxtgblVUFyw=| [Elapsed 00:00:00:00.0016247] Lcoo[LCOO].OnMatch 12018648
2017-07-17 09:28:42,286 [Dispatcher2] [INFO] |GFsQni7EFkSgZehSySbYKU3OkAs=| [Elapsed 00:00:00:00.0038502] Lcoo[LCOO].OnMatch 12018672
2017-07-17 09:28:42,288 [Dispatcher1] [INFO] |aDVif7kL4qyl4wxNwbxubpB83CQ=| [Elapsed 00:00:00:00.0054909] Lcoo[LCOO].OnMatch 12018608
2017-07-17 09:28:42,290 [Dispatcher2] [INFO] |R6LDCRfnRcGFKOllTpE/rre+pVA=| [Elapsed 00:00:00:00.0033724] Lcoo[LCOO].OnMatch 12021360
2017-07-17 09:28:42,292 [Dispatcher3] [INFO] |2r4RNtUgIz9T7xzFfZhx9SMq0Xg=| [Elapsed 00:00:00:00.0059639] Lcoo[LCOO].OnOutright 45034
2017-07-17 09:28:42,292 [Dispatcher1] [INFO] |fjOtDCwpvo0UJONi1W7RSZU291c=| [Elapsed 00:00:00:00.0034876] Lcoo[LCOO].OnMatch 12020776
2017-07-17 09:28:57,078 [Dispatcher3] [INFO] |fZipnSsiBT6Ljk9EolDd7UtmPmY=| [Elapsed 00:00:00:00.0021668] Lcoo[LCOO].OnMatch 11504287
2017-07-17 09:28:57,080 [Dispatcher1] [INFO] |sJ7mEpe2oI1ms1BzHC0HU4VRBUo=| [Elapsed 00:00:00:00.0012777] Lcoo[LCOO].OnMatch 12021588
2017-07-17 09:28:57,085 [Dispatcher1] [INFO] |bH6a066wBNmYPiU+rirYr2viRbY=| [Elapsed 00:00:00:00.0046052] Lcoo[LCOO].OnMatch 12020776
2017-07-17 09:28:57,088 [Dispatcher2] [INFO] |zwWOw7eFW+4m4TqIAHNA8NP/it4=| [Elapsed 00:00:00:00.0030876] Lcoo[LCOO].OnOutright 45284
2017-07-17 09:28:57,089 [Dispatcher3] [INFO] |HvifrMqp31F3HE32twp6t72Aw4k=| [Elapsed 00:00:00:00.0041641] Lcoo[LCOO].OnOutright 45206
2017-07-17 09:29:12,266 [Dispatcher1] [INFO] |UG7rtlS9Alu4E2xLs8Nd8ggNG/0=| [Elapsed 00:00:00:00.0034798] Lcoo[LCOO].OnMatch 11067147
2017-07-17 09:29:12,268 [Dispatcher2] [INFO] |CMFiXPEa+quo+eCkRebf80sNpM8=| [Elapsed 00:00:00:00.0047632] Lcoo[LCOO].OnMatch 12001994
2017-07-17 09:29:12,270 [Dispatcher3] [INFO] |jNwjv7kkEc0PogX3ooGoAAUurLA=| [Elapsed 00:00:00:00.0010158] Lcoo[LCOO].OnMatch 12022442
2017-07-17 09:29:12,272 [Dispatcher2] [INFO] |hjfFLEj8cNiIChqWC0ydcOVGFfk=| [Elapsed 00:00:00:00.0033337] Lcoo[LCOO].OnMatch 12021352
2017-07-17 09:29:12,274 [Dispatcher1] [INFO] |vMTrf1LbCDbN1T15GpJkM0RXUQI=| [Elapsed 00:00:00:00.0053031] Lcoo[LCOO].OnMatch 12021880
2017-07-17 09:29:12,276 [Dispatcher3] [INFO] |8BePakjv6328d+1aha7ka6duAMo=| [Elapsed 00:00:00:00.0057432] Lcoo[LCOO].OnMatch 12020864
2017-07-17 09:29:12,278 [Dispatcher3] [INFO] |E8WbYeGHHXrW/WSRi2RaS+qkdyQ=| [Elapsed 00:00:00:00.0013812] Lcoo[LCOO].OnOutright 44163
2017-07-17 09:29:12,278 [Dispatcher1] [INFO] |hSsMqTVl9cVsckrvH+iNi9A1sa0=| [Elapsed 00:00:00:00.0033330] Lcoo[LCOO].OnMatch 12020776
2017-07-17 09:29:12,280 [Dispatcher1] [INFO] |VikhnvXMnX6T4cVLYV+JWXdRl3A=| [Elapsed 00:00:00:00.0012611] Lcoo[LCOO].OnMatch 12015016
2017-07-17 09:29:27,174 [Dispatcher1] [INFO] |Jlh0f6MSXJleTys8SgchHBOqtCU=| [Elapsed 00:00:00:00.0020631] Lcoo[LCOO].OnMatch 11067147
2017-07-17 09:29:27,176 [Dispatcher1] [INFO] |FzyzlybEvANXKhau0UdViYUxy9o=| [Elapsed 00:00:00:00.0014426] Lcoo[LCOO].OnMatch 12021882
2017-07-17 09:30:12,563 [Dispatcher3] [INFO] |WPYqGLzxy4WLKt+yri56njmkVlM=| [Elapsed 00:00:00:00.0012479] Lcoo[LCOO].OnMatch 12022222
2017-07-17 09:30:12,563 [Dispatcher2] [INFO] |33oau04bE20pRLlrD52F+2FFDcc=| [Elapsed 00:00:00:00.0031547] Lcoo[LCOO].OnMatch 11440379
2017-07-17 09:30:12,563 [Dispatcher3] [INFO] |ju7YU/nR78Uv021B7zAq2mdX2mk=| [Elapsed 00:00:00:00.0015420] Lcoo[LCOO].OnOutright 45828
2017-07-17 09:30:12,563 [Dispatcher2] [INFO] |Jib9QX12av8T/U90KEt978nf+pg=| [Elapsed 00:00:00:00.0022447] Lcoo[LCOO].OnMatch 11504625
2017-07-17 09:31:12,748 [Dispatcher2] [INFO] |e+NNoEijHeYPvD+VftYffaRG1tg=| [Elapsed 00:00:00:00.0022778] Lcoo[LCOO].OnMatch 11504625
2017-07-17 09:31:12,748 [Dispatcher2] [INFO] |x1g5cUI1cb8bkjjOisHX1p3K+as=| [Elapsed 00:00:00:00.0010043] Lcoo[LCOO].OnMatch 12022456
2017-07-17 09:31:12,748 [Dispatcher3] [INFO] |0n2AKAMpyefwYW4pbt8iLfGDi5I=| [Elapsed 00:00:00:00.0032076] Lcoo[LCOO].OnMatch 12022222
2017-07-17 09:31:12,748 [Dispatcher1] [INFO] |J9LVPTz0VEAC6i78Vy+utaUJY78=| [Elapsed 00:00:00:00.0042496] Lcoo[LCOO].OnMatch 12019758
2017-07-17 09:31:12,748 [Dispatcher2] [INFO] |WcWs+dOrNRW+ABr8+RVR0HlKlLc=| [Elapsed 00:00:00:00.0048068] Lcoo[LCOO].OnMatch 12022450
2017-07-17 09:31:12,748 [Dispatcher3] [INFO] |3SNKC/b1jhzBWnWuEmom4RoTRgA=| [Elapsed 00:00:00:00.0032543] Lcoo[LCOO].OnMatch 12022448
2017-07-17 09:31:12,748 [Dispatcher1] [INFO] |jJaQCu5/H5HyJS+mCO7TEzrk1AY=| [Elapsed 00:00:00:00.0033858] Lcoo[LCOO].OnMatch 12022458
2017-07-17 09:32:12,732 [Dispatcher3] [INFO] |KD1Z0jo1eVe/fjqhTpkfuNcasvk=| [Elapsed 00:00:00:00.0011727] Lcoo[LCOO].OnMatch 11449845
2017-07-17 09:32:12,732 [Dispatcher2] [INFO] |PyNt+VBtnpMpUwdMATRCOirI1ps=| [Elapsed 00:00:00:00.0010205] Lcoo[LCOO].OnMatch 12001994
2017-07-17 09:32:12,732 [Dispatcher1] [INFO] |txR2KxXOES4HF87f+hIpcAmhQbE=| [Elapsed 00:00:00:00.0010246] Lcoo[LCOO].OnMatch 12021474
2017-07-17 09:33:13,092 [Dispatcher3] [INFO] |w3uMS3h4sYhN38B3z5uum44tcmw=| [Elapsed 00:00:00:00.0003821] Lcoo[LCOO].OnMatch 11863602
2017-07-17 09:33:13,092 [Dispatcher2] [INFO] |eNPzXWwfx76oRxe6LfhyopJ7+9g=| [Elapsed 00:00:00:00.0005840] Lcoo[LCOO].OnMatch 10555516
2017-07-17 09:33:13,092 [Dispatcher2] [INFO] |BnNcvPYrC3cHfuqcGDCxUJ0YQxY=| [Elapsed 00:00:00:00.0004447] Lcoo[LCOO].OnMatch 12022070
2017-07-17 09:33:13,092 [Dispatcher3] [INFO] |lpyyzltBWsCgJsbTkvKHdar2FDg=| [Elapsed 00:00:00:00.0009118] Lcoo[LCOO].OnMatch 12018716
2017-07-17 09:33:13,092 [Dispatcher1] [INFO] |VHKTRz+uHtbz1vIOCyh8/msMr8s=| [Elapsed 00:00:00:00.0013321] Lcoo[LCOO].OnMatch 12021962
2017-07-17 09:33:13,107 [Dispatcher2] [INFO] |5GzJtY5aXFhsSCQ5L0+qdvnaoag=| [Elapsed 00:00:00:00.0022780] Lcoo[LCOO].OnMatch 12021770
2017-07-17 09:33:13,107 [Dispatcher1] [INFO] |VoCaFMbUTzfVdOnR05Zfa3Qceoc=| [Elapsed 00:00:00:00.0016987] Lcoo[LCOO].OnMatch 12021582
2017-07-17 09:33:13,107 [Dispatcher2] [INFO] |q20qEJtwcQmMANeQplxZmiKisnc=| [Elapsed 00:00:00:00.0004779] Lcoo[LCOO].OnMatch 12021338
2017-07-17 09:33:13,107 [Dispatcher3] [INFO] |enL+4HG9rn/ZO3OC6X6ZQHXqDhw=| [Elapsed 00:00:00:00.0011638] Lcoo[LCOO].OnMatch 12010270
2017-07-17 09:33:13,107 [Dispatcher1] [INFO] |EDsRvmvErCs1DBe1Nim5qhDX878=| [Elapsed 00:00:00:00.0004362] Lcoo[LCOO].OnMatch 12021588
2017-07-17 09:33:13,107 [Dispatcher1] [INFO] |zwL0OhFUYvwWFWObhVCX6J6p6Yw=| [Elapsed 00:00:00:00.0007743] Lcoo[LCOO].OnMatch 12021880
2017-07-17 09:33:13,107 [Dispatcher1] [INFO] |zN2tgb/xoptRgsBvOntQkhKvz7s=| [Elapsed 00:00:00:00.0005656] Lcoo[LCOO].OnMatch 12021882
2017-07-17 09:33:13,107 [Dispatcher1] [INFO] |AjTqe/UFR0Zm05USee8WnxfSAMM=| [Elapsed 00:00:00:00.0004587] Lcoo[LCOO].OnMatch 12020776
2017-07-17 09:34:12,779 [Dispatcher2] [INFO] |meC4EdzW3jX1F8fGycrkANVeC8Q=| [Elapsed 00:00:00:00.0015591] Lcoo[LCOO].OnMatch 11504625
2017-07-17 09:34:12,779 [Dispatcher1] [INFO] |1R2VyJjV6bu4F4XkkyuD6nd2uNI=| [Elapsed 00:00:00:00.0004157] Lcoo[LCOO].OnMatch 12023066
2017-07-17 09:34:12,779 [Dispatcher2] [INFO] |ckUIeub3vMonRi8FDMt5IzmmsNo=| [Elapsed 00:00:00:00.0004981] Lcoo[LCOO].OnMatch 12001994
2017-07-17 09:34:12,779 [Dispatcher3] [INFO] |MNIOSo0dTwhEW1KJ3fNIkiGEMeM=| [Elapsed 00:00:00:00.0010260] Lcoo[LCOO].OnMatch 12010270
2017-07-17 09:35:12,842 [Dispatcher2] [INFO] |uRGlYs7tPMcSvhGcfLp4+BehGYc=| [Elapsed 00:00:00:00.0019190] Lcoo[LCOO].OnMatch 11956652
2017-07-17 09:35:12,842 [Dispatcher1] [INFO] |ZKYJcm+TSkheXDhJvgcM14RS7zI=| [Elapsed 00:00:00:00.0004224] Lcoo[LCOO].OnMatch 12020492
2017-07-17 09:35:12,842 [Dispatcher3] [INFO] |3X1jxe/zMqquVC584+htcLo1RBY=| [Elapsed 00:00:00:00.0008096] Lcoo[LCOO].OnMatch 12022268
2017-07-17 09:35:12,857 [Dispatcher3] [INFO] |h9B/LgPZyuiM93y+IC40NqUjiiY=| [Elapsed 00:00:00:00.0009928] Lcoo[LCOO].OnMatch 11820274
2017-07-17 09:35:12,857 [Dispatcher1] [INFO] |xzMFzR/i7z2hHGzkZFIElywpNvU=| [Elapsed 00:00:00:00.0011721] Lcoo[LCOO].OnMatch 11820270
2017-07-17 09:35:12,857 [Dispatcher3] [INFO] |jDO2d6gUeAjc0quog9cpA1EHF4U=| [Elapsed 00:00:00:00.0004898] Lcoo[LCOO].OnMatch 11820266
2017-07-17 09:35:12,857 [Dispatcher2] [INFO] |r0qfQ69nEDr3g/u5aLyDQXk+0Tk=| [Elapsed 00:00:00:00.0022717] Lcoo[LCOO].OnMatch 11871334
2017-07-17 09:35:12,857 [Dispatcher3] [INFO] |z7dRXEIYQqO7tAL+LTt4xI54wWQ=| [Elapsed 00:00:00:00.0003801] Lcoo[LCOO].OnMatch 12010270
2017-07-17 09:35:12,857 [Dispatcher1] [INFO] |4vrkKTVEMW5ldkwVmo6mdow/W9A=| [Elapsed 00:00:00:00.0011464] Lcoo[LCOO].OnMatch 11820272
2017-07-17 09:35:12,857 [Dispatcher2] [INFO] |/xV5PKMndM01KoWgMJ9dYZt8oa8=| [Elapsed 00:00:00:00.0010343] Lcoo[LCOO].OnMatch 11820276
2017-07-17 09:35:12,857 [Dispatcher3] [INFO] |KIGbDWmnEAjd0u1mojchaMmw9w0=| [Elapsed 00:00:00:00.0006854] Lcoo[LCOO].OnOutright 45636
2017-07-17 09:35:12,857 [Dispatcher2] [INFO] |xV/H3jf7miGMF3mMItSz2SsG53E=| [Elapsed 00:00:00:00.0009945] Lcoo[LCOO].OnMatch 11820268
2017-07-17 09:36:12,686 [Dispatcher3] [INFO] |Uf5wQen1U9GSNZulzOdnjfbY5yE=| [Elapsed 00:00:00:00.0023522] Lcoo[LCOO].OnMatch 12018716
2017-07-17 09:36:12,686 [Dispatcher2] [INFO] |EbAllPkhx/JIY4/uvMR1WDdOG4g=| [Elapsed 00:00:00:00.0026747] Lcoo[LCOO].OnMatch 12018726
2017-07-17 09:36:12,686 [Dispatcher3] [INFO] |oIbBna4Ms17ls0LOjl8mhlwwm+g=| [Elapsed 00:00:00:00.0004648] Lcoo[LCOO].OnMatch 12020964
2017-07-17 09:36:12,686 [Dispatcher1] [INFO] |S/4nb8wg9gm9jTOijydo3aeEJPo=| [Elapsed 00:00:00:00.0032170] Lcoo[LCOO].OnMatch 12016726
2017-07-17 09:36:12,701 [Dispatcher1] [INFO] |pJS6v8W+AwUrG9KmhfUXmpAqyuI=| [Elapsed 00:00:00:00.0070276] Lcoo[LCOO].OnMatch 12020966
2017-07-17 09:36:12,701 [Dispatcher3] [INFO] |beM/KW4a6Mp7L1TI74nkJnCD9zQ=| [Elapsed 00:00:00:00.0085972] Lcoo[LCOO].OnMatch 12021276
2017-07-17 09:36:12,701 [Dispatcher2] [INFO] |F3DG2guwM2VI1qxUJ5KetuVK4u0=| [Elapsed 00:00:00:00.0090178] Lcoo[LCOO].OnMatch 12021338
2017-07-17 09:36:12,701 [Dispatcher1] [INFO] |W7LrojXSQHleirvraAjANRQdHRg=| [Elapsed 00:00:00:00.0013876] Lcoo[LCOO].OnMatch 12020776
2017-07-17 09:36:12,701 [Dispatcher2] [INFO] |nWDV3X+Go14vtEOgfjb6posj01w=| [Elapsed 00:00:00:00.0011100] Lcoo[LCOO].OnMatch 12020962
2017-07-17 09:36:12,701 [Dispatcher1] [INFO] |InO7v9MCb3LcbA5Wig26Tkd0/pA=| [Elapsed 00:00:00:00.0011448] Lcoo[LCOO].OnMatch 11995986
2017-07-17 09:36:12,701 [Dispatcher2] [INFO] |w4Kw+7AK11+bbgnkCJUdNRUQysk=| [Elapsed 00:00:00:00.0009873] Lcoo[LCOO].OnOutright 39872
2017-07-17 09:36:12,701 [Dispatcher3] [INFO] |ZX4tUhe9FtQNg5j8u8PiTtY0CwI=| [Elapsed 00:00:00:00.0032559] Lcoo[LCOO].OnOutright 45636
2017-07-17 10:17:39,843 [12] [INFO] |ibXnUtz5bg+YNO6Iw0Hm9/7Tl2M=| Client subscribed to ILcoo.OnMatch
2017-07-17 10:17:39,844 [12] [INFO] |USzWr2Bpj4bpXd/bdIxC8EYljGM=| Client subscribed to ILcoo.OnOutright
2017-07-17 10:17:39,844 [12] [INFO] |abt7h5kLkktjNB+9vGZOCMKltxQ=| Client subscribed to ILcoo.OnThreeBall
2017-07-17 10:17:42,019 [12] [INFO] |P/sYMt9YKRXd34QjcgVSDo6idvA=| Start
2017-07-17 10:18:17,327 [12] [INFO] |xjLZC+gk+Z5Y+BxJKMo9f6zPt2Q=| Client subscribed to ILcoo.OnMatch
2017-07-17 10:18:17,327 [12] [INFO] |vU88A7VIK7AA7aHrU98ogxfQFKQ=| Client subscribed to ILcoo.OnOutright
2017-07-17 10:18:17,327 [12] [INFO] |ba75VfDiefzvCtKtAgxPb7gTywY=| Client subscribed to ILcoo.OnThreeBall
2017-07-17 10:18:17,483 [12] [INFO] |iakC7xV02dZhzeXXk1t9JYTx0Wk=| Start
2017-07-17 10:22:18,333 [12] [INFO] |tq0zq6We8caSt9F2BRSipKWlZ6g=| Client subscribed to ILcoo.OnMatch
2017-07-17 10:22:18,333 [12] [INFO] |T5NKhahAB/SbhGRq8yDgMcjXaiQ=| Client subscribed to ILcoo.OnOutright
2017-07-17 10:22:18,333 [12] [INFO] |WgL5koXBGJHbs7Y+gvhDRqEu/GY=| Client subscribed to ILcoo.OnThreeBall
2017-07-17 10:22:18,474 [12] [INFO] |BykT/k41s3VZZfLSyev7cynL4TU=| Start
2017-07-17 10:25:04,828 [Dispatcher3] [INFO] |Mc15TBxZfXMZLF2Vko/W2yXXh1Q=| [Elapsed 00:00:00:00.0020486] Lcoo[LCOO].OnMatch 11956718
2017-07-17 10:25:04,828 [Dispatcher2] [INFO] |cBaX/V6UY83SHnEaBwmr/mKq1DY=| [Elapsed 00:00:00:00.0018632] Lcoo[LCOO].OnMatch 11956794
2017-07-17 10:25:04,828 [Dispatcher1] [INFO] |mvMgvAOWQBiK9OMhXjImCVewoSU=| [Elapsed 00:00:00:00.0020853] Lcoo[LCOO].OnMatch 11956610
2017-07-17 10:25:04,844 [Dispatcher2] [INFO] |8EUGk08loimumdtabNh1rqAtqKI=| [Elapsed 00:00:00:00.0038557] Lcoo[LCOO].OnMatch 11915602
2017-07-17 10:25:04,844 [Dispatcher3] [INFO] |3lWHQdM2mDLP6lfByxziwp49Eyo=| [Elapsed 00:00:00:00.0050689] Lcoo[LCOO].OnMatch 11915628
2017-07-17 10:25:04,844 [Dispatcher1] [INFO] |t/7w0RdpOydz1vITrwJVVacn7lw=| [Elapsed 00:00:00:00.0064599] Lcoo[LCOO].OnMatch 11915578
2017-07-17 10:25:04,844 [Dispatcher1] [INFO] |sK1pzxkb4HB7mCNvBJytXF4SmgM=| [Elapsed 00:00:00:00.0015461] Lcoo[LCOO].OnMatch 11915652
2017-07-17 10:25:04,844 [Dispatcher2] [INFO] |4F36+yBteAJhyBYVdtPTxdQ0aSU=| [Elapsed 00:00:00:00.0047319] Lcoo[LCOO].OnMatch 11385845
2017-07-17 10:25:04,859 [Dispatcher3] [INFO] |eGpm2mrJjkJ8rzcmfgp0lhx/vAI=| [Elapsed 00:00:00:00.0009799] Lcoo[LCOO].OnMatch 12021602
2017-07-17 10:25:04,859 [Dispatcher2] [INFO] |FVVGT4gBU2/vOsfScWe713ZcCSo=| [Elapsed 00:00:00:00.0039116] Lcoo[LCOO].OnMatch 12020454
2017-07-17 10:25:04,859 [Dispatcher3] [INFO] |fo8mdr3jh+z3eOYdInAUt2gAjDw=| [Elapsed 00:00:00:00.0043719] Lcoo[LCOO].OnMatch 12020456
2017-07-17 10:25:04,859 [Dispatcher1] [INFO] |C2NuXB22JCDw4KrcSLXgWG5b4K8=| [Elapsed 00:00:00:00.0067325] Lcoo[LCOO].OnMatch 12018698
2017-07-17 10:25:04,859 [Dispatcher2] [INFO] |K2xz/lS0f94R0uqXwVgaFJqUyUo=| [Elapsed 00:00:00:00.0053885] Lcoo[LCOO].OnMatch 12021004
2017-07-17 10:25:04,875 [Dispatcher1] [INFO] |XjM8ZfBRdMoH3GYdF06YhYcMLpc=| [Elapsed 00:00:00:00.0065014] Lcoo[LCOO].OnMatch 12021800
2017-07-17 10:25:04,875 [Dispatcher3] [INFO] |7xMg6gVdtsUZmb/dmQrg+FHx1Vg=| [Elapsed 00:00:00:00.0097371] Lcoo[LCOO].OnMatch 12021760
2017-07-17 10:25:04,875 [Dispatcher2] [INFO] |T3yb1wdRd8hoP6kQ1ROseKm/Jxc=| [Elapsed 00:00:00:00.0067608] Lcoo[LCOO].OnMatch 12020700
2017-07-17 10:25:04,875 [Dispatcher3] [INFO] |Zu6NCY+YnqWzFXMTCn+K6ZQ6UsA=| [Elapsed 00:00:00:00.0022408] Lcoo[LCOO].OnMatch 11279715
2017-07-17 10:25:04,875 [Dispatcher1] [INFO] |tTFmpynB4QIYflh0k1Z9kgeywDE=| [Elapsed 00:00:00:00.0032450] Lcoo[LCOO].OnMatch 12015016
2017-07-17 10:25:04,875 [Dispatcher2] [INFO] |0j3H1nHEIuvAmjM5csaw7+YClrk=| [Elapsed 00:00:00:00.0027152] Lcoo[LCOO].OnOutright 38198
2017-07-17 10:25:04,875 [Dispatcher1] [INFO] |fnHn5vG5qZ7GXoCBQtSxo6kk/qo=| [Elapsed 00:00:00:00.0029041] Lcoo[LCOO].OnOutright 39534
2017-07-17 10:28:04,431 [Dispatcher2] [INFO] |kwR26xqq+4wDgimrXmPoke0hgtc=| [Elapsed 00:00:00:00.0021518] Lcoo[LCOO].OnMatch 11967752
2017-07-17 10:28:04,431 [Dispatcher1] [INFO] |mMmz9ezwZtsw2F/PHITFBJzTRb4=| [Elapsed 00:00:00:00.0030426] Lcoo[LCOO].OnMatch 11967746
2017-07-17 10:28:04,431 [Dispatcher3] [INFO] |4O7h9b/V7uXGs4BcTCwZeMx1sHE=| [Elapsed 00:00:00:00.0040037] Lcoo[LCOO].OnMatch 11967742
2017-07-17 10:28:04,447 [Dispatcher1] [INFO] |ou3xADMHESd1TFDQWjm6tN1xi5I=| [Elapsed 00:00:00:00.0063340] Lcoo[LCOO].OnMatch 11967748
2017-07-17 10:28:04,447 [Dispatcher2] [INFO] |lb68qFQPaOtnnGtAb3tGdpvUz84=| [Elapsed 00:00:00:00.0088043] Lcoo[LCOO].OnMatch 11504287
2017-07-17 10:28:04,447 [Dispatcher3] [INFO] |cZpGGnM0h0z5YCDGhnJ+HvhRS9Q=| [Elapsed 00:00:00:00.0080145] Lcoo[LCOO].OnMatch 11967744
2017-07-17 10:28:04,447 [Dispatcher2] [INFO] |D3uZ0V3Z1V3mhFzVr7+Hg01M+bs=| [Elapsed 00:00:00:00.0024113] Lcoo[LCOO].OnMatch 12001994
2017-07-17 10:28:04,447 [Dispatcher3] [INFO] |ClCJo+/YN51bi4rxMOoJc5ZR1v4=| [Elapsed 00:00:00:00.0020058] Lcoo[LCOO].OnMatch 11696273
2017-07-17 10:28:04,447 [Dispatcher1] [INFO] |OmYFVZzD/29bbxqX+PXCWiYHYwM=| [Elapsed 00:00:00:00.0045395] Lcoo[LCOO].OnMatch 11696271
2017-07-17 10:28:04,447 [Dispatcher2] [INFO] |sRe7TfWqVodnQxN/lWOWyifuoH8=| [Elapsed 00:00:00:00.0033554] Lcoo[LCOO].OnMatch 12023066
2017-07-17 10:28:04,447 [Dispatcher3] [INFO] |mAaatWySHKPYjS++iLowQNaBizw=| [Elapsed 00:00:00:00.0034646] Lcoo[LCOO].OnMatch 11026937
2017-07-17 10:28:04,447 [Dispatcher1] [INFO] |dccp/tRgi1OkUmCrCt6t+5DqMmo=| [Elapsed 00:00:00:00.0035019] Lcoo[LCOO].OnMatch 11915630
2017-07-17 10:28:04,447 [Dispatcher1] [INFO] |j1nCmhIgY1ATzO2bgTuenl/sEdo=| [Elapsed 00:00:00:00.0018179] Lcoo[LCOO].OnOutright 42441
2017-07-17 10:28:04,447 [Dispatcher3] [INFO] |ZgofQm/NNFCUvEKPnTsNY6EKnPs=| [Elapsed 00:00:00:00.0029625] Lcoo[LCOO].OnOutright 46110
2017-07-17 10:32:16,434 [11] [INFO] |NkIPr7DBbi+vBWowkiZ2uIoLdEQ=| Client subscribed to ILcoo.OnMatch
2017-07-17 10:32:16,434 [11] [INFO] |Ov4upbmd3b6VpwiLTsPVFqhxYDY=| Client subscribed to ILcoo.OnOutright
2017-07-17 10:32:16,434 [11] [INFO] |2YFJNOuhsurX9JJhdhHMsu/DvCM=| Client subscribed to ILcoo.OnThreeBall
2017-07-17 10:32:16,544 [11] [INFO] |h+RagXomXwkWUoInNPudndfMlk4=| Start
2017-07-17 10:36:02,397 [Dispatcher1] [INFO] |vjWvVvWgw2B/eX910A/l9UGOjbU=| [Elapsed 00:00:00:00.0042606] Lcoo[LCOO].OnMatch 11915628
2017-07-17 10:36:02,397 [Dispatcher3] [INFO] |gCI6hIRHpmLwBw7sTjnCVRO2L1U=| [Elapsed 00:00:00:00.0082312] Lcoo[LCOO].OnMatch 12018022
2017-07-17 10:36:02,397 [Dispatcher2] [INFO] |AO6f/JBDmEvMR8Blh1g6WykMolQ=| [Elapsed 00:00:00:00.0093907] Lcoo[LCOO].OnMatch 12021816
2017-07-17 10:36:02,397 [Dispatcher2] [INFO] |lHhkOMR8k+dA0DAmGQikfd6yST8=| [Elapsed 00:00:00:00.0016572] Lcoo[LCOO].OnMatch 12021800
2017-07-17 10:36:02,397 [Dispatcher1] [INFO] |1jYuChVbRaKqSAt0kU9T3XHlTtE=| [Elapsed 00:00:00:00.0029124] Lcoo[LCOO].OnMatch 12018610
2017-07-17 10:36:02,397 [Dispatcher2] [INFO] |w/RBd/aDj89jhLAEtHTXjCYDsiY=| [Elapsed 00:00:00:00.0016168] Lcoo[LCOO].OnMatch 12015016
2017-07-17 10:36:02,413 [Dispatcher3] [INFO] |hsbHYjDiJiHic1RNqKd6Vu+eUPE=| [Elapsed 00:00:00:00.0075403] Lcoo[LCOO].OnMatch 12021004
2017-07-17 10:36:02,413 [Dispatcher3] [INFO] |9atwLP9XQAc0+0PKchcXfdjfWLo=| [Elapsed 00:00:00:00.0021319] Lcoo[LCOO].OnMatch 12021274
2017-07-17 10:36:02,413 [Dispatcher2] [INFO] |/ICP1GrOXoF36UesesD0pQ+qZrU=| [Elapsed 00:00:00:00.0075231] Lcoo[LCOO].OnMatch 12021280
2017-07-17 10:36:02,413 [Dispatcher3] [INFO] |vYTTRb32ePW1/8isWV+mtHp93hg=| [Elapsed 00:00:00:00.0026114] Lcoo[LCOO].OnMatch 12020700
2017-07-17 10:36:02,413 [Dispatcher1] [INFO] |78CfoYKGqqbdFoNoddZZ4+7TkJ8=| [Elapsed 00:00:00:00.0113561] Lcoo[LCOO].OnMatch 12021760
2017-07-17 10:36:02,413 [Dispatcher1] [INFO] |QDZs6MlAWl9smX0E0wyCh2kkPA8=| [Elapsed 00:00:00:00.0015218] Lcoo[LCOO].OnMatch 12021286
2017-07-17 12:09:19,285 [12] [INFO] |HZuQdtzH7iUTR3PHLetcqWuqTHg=| Client subscribed to ILcoo.OnMatch
2017-07-17 12:09:19,285 [12] [INFO] |3I3whR8FYihr1ghIwOtqINT52TY=| Client subscribed to ILcoo.OnOutright
2017-07-17 12:09:19,285 [12] [INFO] |HnKSbYM98ACS4l1oUhV+s69qJFE=| Client subscribed to ILcoo.OnThreeBall
2017-07-17 12:09:21,613 [12] [INFO] |xFTl+yGJMokQv7+1VPNOXNCV5Q0=| Start
2017-07-17 12:16:32,958 [13] [INFO] |pTd4OrXU+LAmIBpZKlMO/6ProaI=| Client subscribed to ILcoo.OnMatch
2017-07-17 12:16:32,958 [13] [INFO] |AoWOvbJces4VQeXiiO/CrfsB6c0=| Client subscribed to ILcoo.OnOutright
2017-07-17 12:16:32,958 [13] [INFO] |mqPL46RsEiS4Se8l0RUahLYd+Jo=| Client subscribed to ILcoo.OnThreeBall
2017-07-17 12:16:33,286 [13] [INFO] |GXqp67QWEltxFil5kbiN1shldSI=| Start
2017-07-17 12:28:20,602 [6] [INFO] |H6V6Cw1MrfOkdNle9Qs/8eIAV/M=| Client subscribed to ILcoo.OnMatch
2017-07-17 12:28:20,602 [6] [INFO] |3+kjBVQncOFxJdBrQKA1d85Oags=| Client subscribed to ILcoo.OnOutright
2017-07-17 12:28:20,602 [6] [INFO] |9UJkIYmOlSwed9prvPbsBw/nB6A=| Client subscribed to ILcoo.OnThreeBall
2017-07-17 12:28:20,790 [6] [INFO] |x8w2VJnT0SCcUk2MDM68xruiIq0=| Start
2017-07-17 12:49:03,276 [13] [INFO] |i9pXnHt0TrRzgJcWXo7dJALTyzQ=| Client subscribed to ILcoo.OnMatch
2017-07-17 12:49:03,276 [13] [INFO] |xFGj3vbNq0UvQP6NshsSBlv39oc=| Client subscribed to ILcoo.OnOutright
2017-07-17 12:49:03,276 [13] [INFO] |c8XODSwB69XefbouKYt8BPxlONQ=| Client subscribed to ILcoo.OnThreeBall
2017-07-17 12:49:03,385 [13] [INFO] |Ykg4OwlEhfoO8vqPzOgwNyFUbfI=| Start
2017-07-17 12:49:19,057 [Dispatcher1] [INFO] |yxEJwMN8VSDPktt9xoLzdt+XJew=| [Elapsed 00:00:00:00.0044520] Lcoo[LCOO].OnMatch 11915578
2017-07-17 12:49:19,073 [Dispatcher2] [INFO] |odibNfHSgboQ8qr3Rsa0Vvm8Tss=| [Elapsed 00:00:00:00.0004972] Lcoo[LCOO].OnMatch 12021964
2017-07-17 12:49:19,073 [Dispatcher3] [INFO] |p+8NCHGCqnSLufRqBAvMv8hlYBA=| [Elapsed 00:00:00:00.0004763] Lcoo[LCOO].OnMatch 12016732
2017-07-17 12:49:19,073 [Dispatcher1] [INFO] |6wWDHwjJNDeTb+59C0Nu9p4uIgU=| [Elapsed 00:00:00:00.0005551] Lcoo[LCOO].OnMatch 12018638
2017-07-17 12:56:09,135 [12] [INFO] |KaGHLX5Mhxs0cRvMvQ0JSOaJaK0=| Client subscribed to ILcoo.OnMatch
2017-07-17 12:56:09,135 [12] [INFO] |9Lta2BSW8NdGLx/v0VcLhsytjk8=| Client subscribed to ILcoo.OnOutright
2017-07-17 12:56:09,136 [12] [INFO] |n0zTmMiRHOE+FeGFRHC2telMAKM=| Client subscribed to ILcoo.OnThreeBall
2017-07-17 12:56:09,238 [12] [INFO] |6iEZ9jriqf4kZ9TMIJc2+hKf1ng=| Start
2017-07-17 12:56:24,847 [Dispatcher1] [INFO] |DU0jm5Lz+U/l5EDJu1ywmsNgg7o=| [Elapsed 00:00:00:00.0030111] Lcoo[LCOO].OnMatch 11970702
2017-07-17 12:56:24,863 [Dispatcher2] [INFO] |NleDfUi7y/j4m8SJjZQHruu1Bwk=| [Elapsed 00:00:00:00.0006880] Lcoo[LCOO].OnMatch 12016728
2017-07-17 12:56:24,863 [Dispatcher3] [INFO] |IVVHqK+kyx2cRqtYvyIcLkv8aBM=| [Elapsed 00:00:00:00.0006992] Lcoo[LCOO].OnMatch 12016070
2017-07-17 12:56:24,863 [Dispatcher1] [INFO] |4jxnx1O/YGvb7SiBz28w8unzG7w=| [Elapsed 00:00:00:00.0006553] Lcoo[LCOO].OnMatch 12021482
2017-07-17 13:00:41,457 [Dispatcher1] [INFO] |DZ/w1jCySSXaYM1IqtI2GyPxb8k=| [Elapsed 00:00:00:00.0043678] Lcoo[LCOO].OnMatch 11844078
2017-07-17 13:00:41,457 [Dispatcher2] [INFO] |S3DjtKxxj2Dio/IkYBpdcbhMqyA=| [Elapsed 00:00:00:00.0057414] Lcoo[LCOO].OnMatch 10555356
2017-07-17 13:00:41,457 [Dispatcher3] [INFO] |kEg4y4hQgS0PtVmzhJWiGUvCmFg=| [Elapsed 00:00:00:00.0064968] Lcoo[LCOO].OnMatch 11837576
2017-07-17 13:00:41,457 [Dispatcher2] [INFO] |r+2p68Ce+w8sTFMbX1PSnAqPxvo=| [Elapsed 00:00:00:00.0029606] Lcoo[LCOO].OnMatch 11773742
2017-07-17 13:00:41,473 [Dispatcher3] [INFO] |OZBQEoDGk5Ak7bAifTf2+41ZDuc=| [Elapsed 00:00:00:00.0065768] Lcoo[LCOO].OnMatch 12018678
2017-07-17 13:00:41,473 [Dispatcher3] [INFO] |4Gac5lNlBOKPg61HfzrZIBUKYFE=| [Elapsed 00:00:00:00.0059263] Lcoo[LCOO].OnMatch 12018712
2017-07-17 13:00:41,489 [Dispatcher2] [INFO] |/4jCh/XCbJXwlREcWaGAPZoFvBE=| [Elapsed 00:00:00:00.0173176] Lcoo[LCOO].OnMatch 12026390
2017-07-17 13:00:41,489 [Dispatcher1] [INFO] |eM5tup7IeXxGFaVzK3b1iG3lRRU=| [Elapsed 00:00:00:00.0191022] Lcoo[LCOO].OnMatch 12021964
2017-07-17 13:00:41,489 [Dispatcher2] [INFO] |81wp83QeFniZfkQoALUexEND/AU=| [Elapsed 00:00:00:00.0017482] Lcoo[LCOO].OnMatch 12020748
2017-07-17 13:00:41,489 [Dispatcher1] [INFO] |iF9zhLPOqMJiCeFQMeuUQevs5Ds=| [Elapsed 00:00:00:00.0050903] Lcoo[LCOO].OnMatch 12018728
2017-07-17 13:00:41,489 [Dispatcher3] [INFO] |nha/5j2XYPVY6WUKticznWdPeOo=| [Elapsed 00:00:00:00.0114770] Lcoo[LCOO].OnMatch 12020750
2017-07-17 13:00:41,489 [Dispatcher1] [INFO] |9DljLMQ12l/l2jIoO12UKSHkHEw=| [Elapsed 00:00:00:00.0027111] Lcoo[LCOO].OnMatch 12020754
2017-07-17 13:01:40,489 [Dispatcher2] [INFO] |LX9R/END4XOqnZhT/PeRTKPIAr0=| [Elapsed 00:00:00:00.0046338] Lcoo[LCOO].OnMatch 10555358
2017-07-17 13:01:40,489 [Dispatcher3] [INFO] |ntj8/9T6xMc4VyKhb8mKPYVLTMU=| [Elapsed 00:00:00:00.0020522] Lcoo[LCOO].OnMatch 12023490
2017-07-17 13:01:40,520 [Dispatcher3] [INFO] |wF2jYQHgVZLLj72T4d7JSLGHRGA=| [Elapsed 00:00:00:00.0068542] Lcoo[LCOO].OnMatch 12016834
2017-07-17 13:01:40,520 [Dispatcher1] [INFO] |xXSXzejg64mjU8QKaoljAUHtg2g=| [Elapsed 00:00:00:00.0078736] Lcoo[LCOO].OnMatch 12018680
2017-07-17 13:01:40,520 [Dispatcher2] [INFO] |UitktudtecfccKuoTR+O5b0kTDE=| [Elapsed 00:00:00:00.0099732] Lcoo[LCOO].OnMatch 12016836
2017-07-17 13:01:40,520 [Dispatcher1] [INFO] |2s5OE9DrAl8f3PcCJBjm3dyk1C4=| [Elapsed 00:00:00:00.0024441] Lcoo[LCOO].OnMatch 12021040
2017-07-17 13:01:40,520 [Dispatcher3] [INFO] |+rEdWs8l/JczUrM5juZrpd11PpU=| [Elapsed 00:00:00:00.0039569] Lcoo[LCOO].OnMatch 12020962
2017-07-17 13:01:40,520 [Dispatcher2] [INFO] |YmZEMwC0Azi48rVfukyWjk6EexE=| [Elapsed 00:00:00:00.0032424] Lcoo[LCOO].OnMatch 12021786
2017-07-17 13:01:40,520 [Dispatcher1] [INFO] |o82+cZnrVWCaKkst8oFlLOCdF0M=| [Elapsed 00:00:00:00.0034701] Lcoo[LCOO].OnMatch 12020980
2017-07-17 13:01:40,520 [Dispatcher3] [INFO] |5ZkmcwqCX70S0ezvnW/bQVM/22M=| [Elapsed 00:00:00:00.0050287] Lcoo[LCOO].OnMatch 12020978
2017-07-17 13:01:40,535 [Dispatcher2] [INFO] |TQHN6kmrKm/LPxUhbpUsNqXj9yk=| [Elapsed 00:00:00:00.0033381] Lcoo[LCOO].OnMatch 12020982
2017-07-17 13:01:40,535 [Dispatcher3] [INFO] |0cpaCQbpY47DHPk8AaFA4WZDeq0=| [Elapsed 00:00:00:00.0069771] Lcoo[LCOO].OnMatch 12021494
2017-07-17 13:01:40,535 [Dispatcher1] [INFO] |1+hEuQXNoSaoktY1PCsA/Sc3Ez8=| [Elapsed 00:00:00:00.0108577] Lcoo[LCOO].OnMatch 12020856
2017-07-17 13:01:40,535 [Dispatcher2] [INFO] |nFlUnYNjAgNLYrpn71llVeRIuzk=| [Elapsed 00:00:00:00.0087127] Lcoo[LCOO].OnMatch 12021484
2017-07-17 13:01:40,535 [Dispatcher1] [INFO] |jEqcTphbsk/wZJrbQbo3yo6VzS4=| [Elapsed 00:00:00:00.0014488] Lcoo[LCOO].OnMatch 12021004
2017-07-17 13:01:40,535 [Dispatcher3] [INFO] |djBBNDm6iz+/SyTtiiziCxUoglc=| [Elapsed 00:00:00:00.0031838] Lcoo[LCOO].OnMatch 12021510
2017-07-17 13:01:40,535 [Dispatcher3] [INFO] |ZqSx/v8OXRktkvqDmgXfNjbCmw8=| [Elapsed 00:00:00:00.0017040] Lcoo[LCOO].OnMatch 12021316
2017-07-17 13:01:40,535 [Dispatcher1] [INFO] |vtFZl+JhipvujLo682/Qu1qakho=| [Elapsed 00:00:00:00.0035925] Lcoo[LCOO].OnMatch 12021516
2017-07-17 13:01:40,535 [Dispatcher2] [INFO] |K2DNdXJgwdiC+ddFWJCN3YEo95M=| [Elapsed 00:00:00:00.0046402] Lcoo[LCOO].OnMatch 12020996
2017-07-17 13:01:40,551 [Dispatcher1] [INFO] |/l8w2tZacKwvf+73s9K18NG2j1k=| [Elapsed 00:00:00:00.0053922] Lcoo[LCOO].OnOutright 46436
2017-07-17 13:01:40,551 [Dispatcher2] [INFO] |CxBRNbIavMyZkF8Qag6LB0LJoiE=| [Elapsed 00:00:00:00.0057660] Lcoo[LCOO].OnMatch 12021514
2017-07-17 13:01:40,551 [Dispatcher3] [INFO] |mZvOpVIYfozUOatgOo3R9phu2h4=| [Elapsed 00:00:00:00.0069787] Lcoo[LCOO].OnOutright 38726
2017-07-17 13:01:40,551 [Dispatcher2] [INFO] |FCCReadZBZsl9D/ca40sjwZauvg=| [Elapsed 00:00:00:00.0018604] Lcoo[LCOO].OnOutright 46418
2017-07-17 13:13:48,896 [12] [INFO] |few7BkYPXKz/GLAOfNZD+szNkcM=| Client subscribed to ILcoo.OnMatch
2017-07-17 13:13:48,896 [12] [INFO] |Zdd1vPSkMcC2s9AJkYj2wDDk6mw=| Client subscribed to ILcoo.OnOutright
2017-07-17 13:13:48,896 [12] [INFO] |JcUWJQETaNGaF7SGk9n5N2RAnx8=| Client subscribed to ILcoo.OnThreeBall
2017-07-17 13:13:50,739 [12] [INFO] |n6CrvmPuYKgjxS3wc8G8WzAk9Ww=| Start
2017-07-17 13:14:07,816 [Dispatcher2] [INFO] |VRO8OtBr90ZoY1FBISvKnBRQTSI=| [Elapsed 00:00:00:00.0037445] Lcoo[LCOO].OnMatch 12024484
2017-07-17 13:14:07,816 [Dispatcher1] [INFO] |NvX/Ok8B7dydHHS3SzdgaZpbuOo=| [Elapsed 00:00:00:00.0024244] Lcoo[LCOO].OnMatch 12024486
2017-07-17 13:14:07,816 [Dispatcher2] [INFO] |za0U9CGY0cxIJFUU3jTXbgGjS9Q=| [Elapsed 00:00:00:00.0034180] Lcoo[LCOO].OnMatch 11002022
2017-07-17 13:14:07,816 [Dispatcher3] [INFO] |ca/EcI//xnjsU7bHMBtzqxu0K/w=| [Elapsed 00:00:00:00.0097387] Lcoo[LCOO].OnMatch 12024392
2017-07-17 13:14:07,816 [Dispatcher3] [INFO] |Mjc3NlrhtunksSg3CjkLSsmEOu0=| [Elapsed 00:00:00:00.0013513] Lcoo[LCOO].OnMatch 11970702
2017-07-17 13:14:07,832 [Dispatcher2] [INFO] |dGLcY6Gqi4hK5iAOgkM+yh81HJY=| [Elapsed 00:00:00:00.0010587] Lcoo[LCOO].OnMatch 12018676
2017-07-17 13:14:07,832 [Dispatcher1] [INFO] |Q3kTkW0pOKLwiicT6RVwIsZAtW8=| [Elapsed 00:00:00:00.0016708] Lcoo[LCOO].OnMatch 12021602
2017-07-17 13:14:07,832 [Dispatcher3] [INFO] |CJ4kowWhS6DQNzzn1QFTiXwQo1M=| [Elapsed 00:00:00:00.0046475] Lcoo[LCOO].OnMatch 12018618
2017-07-17 13:14:07,832 [Dispatcher1] [INFO] |J/oE2+8UxQk6WC2LAki4WsZ2lhs=| [Elapsed 00:00:00:00.0071882] Lcoo[LCOO].OnMatch 12019742
2017-07-17 13:14:07,832 [Dispatcher2] [INFO] |HVSCLbbivXIWe7sTK1gIcbAfCUU=| [Elapsed 00:00:00:00.0094423] Lcoo[LCOO].OnMatch 12021768
2017-07-17 13:14:07,832 [Dispatcher3] [INFO] |HGjHL5Bg3iW4HA4T3wqorLqtlCY=| [Elapsed 00:00:00:00.0063702] Lcoo[LCOO].OnMatch 12021764
2017-07-17 13:14:07,832 [Dispatcher1] [INFO] |7TAfVLo3dlpgTHQvm9LTza6UEog=| [Elapsed 00:00:00:00.0027836] Lcoo[LCOO].OnOutright 44163
2017-07-17 13:48:52,806 [12] [INFO] |RrWU4wodZWHNHrZYRJbWPjX5Aek=| Client subscribed to ILcoo.OnMatch
2017-07-17 13:48:52,806 [12] [INFO] |e894/ZlzNe0auKtXwVXcMFdhQ/0=| Client subscribed to ILcoo.OnOutright
2017-07-17 13:48:52,806 [12] [INFO] |MADLsTTsDJYBYuqNwVeLwIUO7kM=| Client subscribed to ILcoo.OnThreeBall
2017-07-17 13:49:52,956 [12] [INFO] |j0FG1dRdkwJLdu88oYF0yXu81LM=| Start
2017-07-17 13:50:08,925 [Dispatcher3] [INFO] |D25JSldFY6ly1/lo81euZniGG7k=| [Elapsed 00:00:00:00.0033635] Lcoo[LCOO].OnMatch 11482791
2017-07-17 13:50:08,925 [Dispatcher1] [INFO] |r8nwSz6ZVb35gPAcChWG4ABzxyM=| [Elapsed 00:00:00:00.0036670] Lcoo[LCOO].OnMatch 11482789
2017-07-17 13:50:08,925 [Dispatcher2] [INFO] |rdGCMvlXFaZxwRQ/bJzgLZzyo2s=| [Elapsed 00:00:00:00.0038383] Lcoo[LCOO].OnMatch 11482795
2017-07-17 13:50:08,941 [Dispatcher1] [INFO] |g6+oSN11uEMpnUemQt4ilydCNrM=| [Elapsed 00:00:00:00.0013441] Lcoo[LCOO].OnOutright 44163
2017-07-17 13:50:53,566 [Dispatcher3] [INFO] |l4qGag2JTh5tVMGKkeH2A+3jVnk=| [Elapsed 00:00:00:00.0831609] Lcoo[LCOO].OnMatch 11952784
2017-07-17 13:50:53,566 [Dispatcher3] [INFO] |3qOMg/XDa1AFhLVXeXK7QzrWJnI=| [Elapsed 00:00:00:00.0022619] Lcoo[LCOO].OnMatch 11804480
2017-07-17 13:50:53,581 [Dispatcher2] [INFO] |Jm1qS4bpk+EJckx0aIh1FVSeXwc=| [Elapsed 00:00:00:00.0941958] Lcoo[LCOO].OnMatch 11952790
2017-07-17 13:50:53,644 [Dispatcher1] [INFO] |xo64cMVSEG8hSuEROrbP2+wa/z0=| [Elapsed 00:00:00:00.1581519] Lcoo[LCOO].OnMatch 11067391
2017-07-17 13:50:53,644 [Dispatcher3] [INFO] |Vj4F+BqQQ3m0tr27dY0V8z2x6zg=| [Elapsed 00:00:00:00.0189644] Lcoo[LCOO].OnMatch 12020872
2017-07-17 13:50:53,644 [Dispatcher2] [INFO] |lycyX24wDCGcxBPcRLyxZcxjqSk=| [Elapsed 00:00:00:00.0530913] Lcoo[LCOO].OnMatch 11067147
2017-07-17 13:50:53,659 [Dispatcher1] [INFO] |vIu0D3mnhnrz+kOO1ChXKLKC6EM=| [Elapsed 00:00:00:00.0108295] Lcoo[LCOO].OnMatch 12027622
2017-07-17 13:50:53,691 [Dispatcher2] [INFO] |UmuJ9dvfEuLgU7h+kvW0jyXWEjk=| [Elapsed 00:00:00:00.0094870] Lcoo[LCOO].OnMatch 12021272
2017-07-17 13:50:53,691 [Dispatcher1] [INFO] |TOvqXnepdgRYB8v7Y13EvcZk8bk=| [Elapsed 00:00:00:00.0018209] Lcoo[LCOO].OnMatch 12020856
2017-07-17 13:50:53,675 [Dispatcher3] [INFO] |h65KSmd5NXsDJyiiN0NbGYXlW9o=| [Elapsed 00:00:00:00.0144604] Lcoo[LCOO].OnMatch 12021494
2017-07-17 13:50:53,706 [Dispatcher2] [INFO] |bYy0XG9wl65ED1hmNhtuZzxV6yw=| [Elapsed 00:00:00:00.0020346] Lcoo[LCOO].OnMatch 12021484
2017-07-17 13:50:53,738 [Dispatcher2] [INFO] |MOeyL5op9G5Uyy/eW7Ov4u4zmrk=| [Elapsed 00:00:00:00.0160983] Lcoo[LCOO].OnMatch 12021252
2017-07-17 13:50:53,738 [Dispatcher3] [INFO] |VdaCgEI/J1uc+feBRvp0/Q3BhNs=| [Elapsed 00:00:00:00.0193573] Lcoo[LCOO].OnMatch 12021258
2017-07-17 13:50:53,738 [Dispatcher1] [INFO] |l6GD4khLrHNalxT3fxrgb6nDmyo=| [Elapsed 00:00:00:00.0209725] Lcoo[LCOO].OnMatch 12020996
2017-07-17 13:50:53,738 [Dispatcher3] [INFO] |POKlj6ouYgfeQVkkcqFWFZBWvUM=| [Elapsed 00:00:00:00.0028587] Lcoo[LCOO].OnMatch 12021524
2017-07-17 13:50:53,753 [Dispatcher2] [INFO] |2JNW6+wGarQ20XoyPDDCfH/rvZE=| [Elapsed 00:00:00:00.0054539] Lcoo[LCOO].OnMatch 12021522
2017-07-17 13:50:53,753 [Dispatcher1] [INFO] |KQiEiG/HWKnVPaMyTepkfdVcbxY=| [Elapsed 00:00:00:00.0078900] Lcoo[LCOO].OnMatch 12021246
2017-07-17 13:50:53,753 [Dispatcher2] [INFO] |F+jtBiDX1YZo8I9dN6A30cdp3wY=| [Elapsed 00:00:00:00.0022790] Lcoo[LCOO].OnMatch 12020676
2017-07-17 13:50:53,753 [Dispatcher3] [INFO] |ZlTRDDR8sCMQJ/8VYZI283z2XII=| [Elapsed 00:00:00:00.0064650] Lcoo[LCOO].OnMatch 12021316
2017-07-17 13:50:53,753 [Dispatcher1] [INFO] |Ze4v4/llAHD/WdfDKiL69/FQ1qo=| [Elapsed 00:00:00:00.0033632] Lcoo[LCOO].OnMatch 12020666
2017-07-17 13:53:11,131 [12] [INFO] |kOfuDzvtr+zcCr8CZV7tyJ5+BCk=| Client subscribed to ILcoo.OnMatch
2017-07-17 13:53:11,131 [12] [INFO] |4J+cgqxtDZFljkkZrc7WRV5XoMw=| Client subscribed to ILcoo.OnOutright
2017-07-17 13:53:11,131 [12] [INFO] |zuxW9LUMsFvDri0kzB3eUUF9vMo=| Client subscribed to ILcoo.OnThreeBall
2017-07-17 13:53:11,241 [12] [INFO] |V5uk4yPpmooQbsswXpQLNVJUM9g=| Start
2017-07-17 14:24:11,275 [13] [INFO] |E40o5UMs4F9oCp3OtFXp7ATXfQs=| Client subscribed to ILcoo.OnMatch
2017-07-17 14:24:11,275 [13] [INFO] |wH4yX5cVCLvB2SfoKqe6bQ5n1b8=| Client subscribed to ILcoo.OnOutright
2017-07-17 14:24:11,276 [13] [INFO] |QchMAGmw5dw/oMEaZuJVdU0gYK0=| Client subscribed to ILcoo.OnThreeBall
2017-07-17 14:24:11,386 [13] [INFO] |0MGQbFT4DqLel135APi01VL4AEM=| Start
2017-07-17 14:28:06,574 [12] [INFO] |2NTwwACJ6C8ElC27YU4rY312PNs=| Client subscribed to ILcoo.OnMatch
2017-07-17 14:28:06,574 [12] [INFO] |EF+VVxgRPBzkWBdrOGTs+fzjKNQ=| Client subscribed to ILcoo.OnOutright
2017-07-17 14:28:06,574 [12] [INFO] |qMZW3mlecBAjkjv1f7B8LdXEEEc=| Client subscribed to ILcoo.OnThreeBall
2017-07-17 14:29:06,712 [12] [INFO] |s54AZvUgAkLahuVgjbYo0JxKP14=| Start
2017-07-17 14:46:53,983 [12] [INFO] |wDxkEoDzgvJAkvp9yIK4DspvoR0=| Client subscribed to ILcoo.OnMatch
2017-07-17 14:46:53,983 [12] [INFO] |MyFRKyqYBjmguen7JroJFfxbRHE=| Client subscribed to ILcoo.OnOutright
2017-07-17 14:46:53,984 [12] [INFO] |DguHLkR8eKCqQydac9Tr0FNRabA=| Client subscribed to ILcoo.OnThreeBall
2017-07-17 14:47:54,102 [12] [INFO] |og4vvjfUgAcw6aPQ+XyzZuF5u7w=| Start
2017-07-17 14:49:40,144 [Dispatcher1] [INFO] |HJkly+UvW0PdICV9Xul9VOUvRAU=| [Elapsed 00:00:00:00.0034130] Lcoo[LCOO].OnMatch 10922868
2017-07-17 14:49:40,145 [Dispatcher2] [INFO] |8mBXqerna4XsaCRQ+4HauR2KQRs=| [Elapsed 00:00:00:00.0039579] Lcoo[LCOO].OnMatch 10922856
2017-07-17 14:49:40,144 [Dispatcher3] [INFO] |4/VdfFxvbwjqhD7p+1REErkEWg8=| [Elapsed 00:00:00:00.0036208] Lcoo[LCOO].OnMatch 10922860
2017-07-17 14:49:40,149 [Dispatcher1] [INFO] |h6SrbT+EZNkKS/Y4m72WoOepunM=| [Elapsed 00:00:00:00.0007352] Lcoo[LCOO].OnMatch 10922864
2017-07-17 14:49:40,156 [Dispatcher2] [INFO] |v6oXugusTh8EZ/DwjooggBs8iQ0=| [Elapsed 00:00:00:00.0004195] Lcoo[LCOO].OnMatch 12025486
2017-07-17 14:49:40,157 [Dispatcher3] [INFO] |bDG6gQvSg2LPlhxyzO0fC5GzAAE=| [Elapsed 00:00:00:00.0002843] Lcoo[LCOO].OnMatch 12021756
2017-07-17 14:49:40,158 [Dispatcher3] [INFO] |n7eZZecS50n1r1IX/CNh1Oj2IwY=| [Elapsed 00:00:00:00.0004135] Lcoo[LCOO].OnMatch 12028748
2017-07-17 14:49:40,158 [Dispatcher1] [INFO] |6xWuwH9HnExzQl+XCRGUDKp9NrQ=| [Elapsed 00:00:00:00.0004093] Lcoo[LCOO].OnMatch 12021758
2017-07-17 14:49:40,159 [Dispatcher2] [INFO] |O+q//RrCBNJ5C98Z7rRKH5rfUMI=| [Elapsed 00:00:00:00.0011787] Lcoo[LCOO].OnMatch 12028742
2017-07-17 14:49:40,159 [Dispatcher1] [INFO] |aJCULwMB5FXNf3uroEwtaxK7YLg=| [Elapsed 00:00:00:00.0008653] Lcoo[LCOO].OnMatch 12020714
2017-07-17 14:49:40,162 [Dispatcher2] [INFO] |LjuiGgXW0ktNdnH8zie7FeYeOyw=| [Elapsed 00:00:00:00.0028720] Lcoo[LCOO].OnMatch 12021322
2017-07-17 14:49:40,163 [Dispatcher3] [INFO] |KV59PFElcCiupV4rNwnDXGOJ23U=| [Elapsed 00:00:00:00.0044295] Lcoo[LCOO].OnMatch 12021326
2017-07-17 14:49:40,164 [Dispatcher2] [INFO] |yXnajKmkuGcbHs537GmeT6hPSPs=| [Elapsed 00:00:00:00.0013805] Lcoo[LCOO].OnMatch 12021342
2017-07-17 14:49:40,165 [Dispatcher1] [INFO] |/ZG7m9ecLFLslcN8UXE/6TUuO8Y=| [Elapsed 00:00:00:00.0048769] Lcoo[LCOO].OnMatch 12021318
2017-07-17 15:02:52,297 [13] [INFO] |nNlnOTN0TNikNh10LZfhrpW9Hfo=| Client subscribed to ILcoo.OnMatch
2017-07-17 15:02:52,297 [13] [INFO] |urNemTX9O/9HYhYopDPSvKj1sg8=| Client subscribed to ILcoo.OnOutright
2017-07-17 15:02:52,298 [13] [INFO] |KyLHdhBFp0Og8g8OfDpIYnjQfXs=| Client subscribed to ILcoo.OnThreeBall
2017-07-17 15:03:52,409 [13] [INFO] |dUn4hi68xNb+HCckvBecGzNlltw=| Start
2017-07-17 15:05:17,742 [11] [INFO] |8Jq5ECzlZ+IsV/HNaV+RuXBtO7A=| Client subscribed to ILcoo.OnMatch
2017-07-17 15:05:17,743 [11] [INFO] |U4/h7VuRVbgCQwTDdSuF6GGhwF8=| Client subscribed to ILcoo.OnOutright
2017-07-17 15:05:17,743 [11] [INFO] |ptqMeaKE/WHT8xM3X/FDbiiWsO8=| Client subscribed to ILcoo.OnThreeBall
2017-07-17 15:06:17,878 [11] [INFO] |CwTtw5Uf1OF7fDEONCSSKDWZZA8=| Start
2017-07-17 15:08:48,677 [13] [INFO] |7R/uUKL/0cVOMgCLDh+czk5TYLo=| Client subscribed to ILcoo.OnMatch
2017-07-17 15:08:48,677 [13] [INFO] |o0n4Ogfr83UHgPb8Ttl0hMq74D8=| Client subscribed to ILcoo.OnOutright
2017-07-17 15:08:48,678 [13] [INFO] |TiF3LEkWiZPxQsr/tJZ6aRAhmb0=| Client subscribed to ILcoo.OnThreeBall
2017-07-17 15:09:48,813 [13] [INFO] |1Tvwi4g7ZGUn7UznxD0bVRrfDII=| Start
2017-07-17 15:10:04,576 [Dispatcher2] [INFO] |ELa/yMtr806oSglJg0JOrjus7/0=| [Elapsed 00:00:00:00.0033598] Lcoo[LCOO].OnMatch 11805114
2017-07-17 15:10:04,582 [Dispatcher1] [INFO] |aByGOWc7n1dAwvgscNU+7JLo/UU=| [Elapsed 00:00:00:00.0089381] Lcoo[LCOO].OnMatch 11805104
2017-07-17 15:10:04,587 [Dispatcher3] [INFO] |Uzxr3NyATo2o8Ej/T/0eqYJsZKc=| [Elapsed 00:00:00:00.0132924] Lcoo[LCOO].OnMatch 11805102
2017-07-17 15:10:04,587 [Dispatcher2] [INFO] |IH7ZPZMieVtVzOmv9R17W3Ozxuk=| [Elapsed 00:00:00:00.0006847] Lcoo[LCOO].OnMatch 11805112
2017-07-17 15:10:04,587 [Dispatcher1] [INFO] |zmv+dEdl7bM5x3/VJNDrL9z32Ew=| [Elapsed 00:00:00:00.0008869] Lcoo[LCOO].OnMatch 11805106
2017-07-17 15:10:04,590 [Dispatcher3] [INFO] |qBDlGAANk0HOnYVlZQvwC8tP9z4=| [Elapsed 00:00:00:00.0029777] Lcoo[LCOO].OnMatch 11805116
2017-07-17 15:10:04,590 [Dispatcher1] [INFO] |6rZlGR5PdyLBAgUVuBAcPYxZARU=| [Elapsed 00:00:00:00.0015132] Lcoo[LCOO].OnMatch 11805110
2017-07-17 15:10:04,591 [Dispatcher2] [INFO] |LZ2vK8jmH2RgASKvyGtjk6E5css=| [Elapsed 00:00:00:00.0021194] Lcoo[LCOO].OnMatch 12016050
2017-07-17 15:14:40,943 [12] [INFO] |HgJ1c1UBwqs0yd3qS8P+YsCKwgw=| Client subscribed to ILcoo.OnMatch
2017-07-17 15:14:40,943 [12] [INFO] |n5p68oQWoZixpOVcWR7JNkd7iyU=| Client subscribed to ILcoo.OnOutright
2017-07-17 15:14:40,944 [12] [INFO] |pxDgcXOLi3ba3DkNlK6hIe54Noc=| Client subscribed to ILcoo.OnThreeBall
2017-07-17 15:15:41,082 [12] [INFO] |Hf7cirY5D3g8lMcCZUHdAhOWzPw=| Start
2017-07-17 15:15:57,094 [Dispatcher2] [INFO] |Gk5Sh3+FUywl6An/rjq/2jWh7So=| [Elapsed 00:00:00:00.0038686] Lcoo[LCOO].OnMatch 11927806
2017-07-17 15:15:57,100 [Dispatcher1] [INFO] |KfA+KXWYm9CXFuBYyvxoGsgd3XQ=| [Elapsed 00:00:00:00.0098975] Lcoo[LCOO].OnMatch 11927810
2017-07-17 15:15:57,126 [Dispatcher3] [INFO] |g+0+ahTTCWqzEGzvmnLvky66LB4=| [Elapsed 00:00:00:00.0355685] Lcoo[LCOO].OnMatch 11927010
2017-07-17 15:15:57,127 [Dispatcher1] [INFO] |PSY5aPe/nzYsBiYCOuD3ZM5qyqM=| [Elapsed 00:00:00:00.0248909] Lcoo[LCOO].OnMatch 10944698
2017-07-17 15:15:57,130 [Dispatcher3] [INFO] |E/T7Xt58fMrIPHySGOiy81QXYOE=| [Elapsed 00:00:00:00.0022087] Lcoo[LCOO].OnMatch 12021040
2017-07-17 15:15:57,130 [Dispatcher1] [INFO] |FsgsS+wB/lveqFNZCeyjWWuoK1M=| [Elapsed 00:00:00:00.0028497] Lcoo[LCOO].OnMatch 12016030
2017-07-17 15:15:57,132 [Dispatcher2] [INFO] |8nyXiJdUNUDF6NUGgR0yKNAGxFw=| [Elapsed 00:00:00:00.0045446] Lcoo[LCOO].OnMatch 12020450
2017-07-17 15:15:57,135 [Dispatcher2] [INFO] |swTiTYVLGmNcdiyT5rcodscn9qs=| [Elapsed 00:00:00:00.0021660] Lcoo[LCOO].OnMatch 10662102
2017-07-17 15:15:57,136 [Dispatcher3] [INFO] |J7wvF5YKZNyTNVnnCaGS559F4bw=| [Elapsed 00:00:00:00.0022052] Lcoo[LCOO].OnMatch 10662104
2017-07-17 15:17:02,292 [12] [INFO] |MYxUmVUCpSU6FqaZpGWLpXFW88Q=| Client subscribed to ILcoo.OnMatch
2017-07-17 15:17:02,292 [12] [INFO] |3+eVZn6ucGkV5WoeLMhceTTt1Fk=| Client subscribed to ILcoo.OnOutright
2017-07-17 15:17:02,293 [12] [INFO] |cTbNPGBurIgHRa40Ki8NAJRRYfA=| Client subscribed to ILcoo.OnThreeBall
2017-07-17 15:18:02,415 [12] [INFO] |HJl59j71RioAiKBBxOrnidBFmeA=| Start
2017-07-17 15:18:18,217 [Dispatcher2] [INFO] |BAovFODQJ4NusOBt1URI3dqtl6U=| [Elapsed 00:00:00:00.0045607] Lcoo[LCOO].OnMatch 10205299
2017-07-17 15:18:18,226 [Dispatcher1] [INFO] |AdOmCQvubN7bHFKLatYRSz4Z308=| [Elapsed 00:00:00:00.0142487] Lcoo[LCOO].OnMatch 11440375
2017-07-17 15:18:18,228 [Dispatcher2] [INFO] |DXIf5iWnvotp2uqkaDoNpW3MDJw=| [Elapsed 00:00:00:00.0007893] Lcoo[LCOO].OnMatch 10662110
2017-07-17 15:18:18,228 [Dispatcher1] [INFO] |O0hDD3HiLiCKX12wRksbhB6pSnA=| [Elapsed 00:00:00:00.0008688] Lcoo[LCOO].OnMatch 11792622
2017-07-17 15:18:18,230 [Dispatcher3] [INFO] |6AePyCT3f0SEPSOlcb5xklGA72Q=| [Elapsed 00:00:00:00.0068968] Lcoo[LCOO].OnMatch 12022144
2017-07-17 15:18:18,234 [Dispatcher1] [INFO] |YucmzHzq981RKO9a28eZpR+3hEM=| [Elapsed 00:00:00:00.0052553] Lcoo[LCOO].OnMatch 10662116
2017-07-17 15:18:18,234 [Dispatcher3] [INFO] |WWkpsBsQ9d99neWRwMTv5I11Hoo=| [Elapsed 00:00:00:00.0037083] Lcoo[LCOO].OnMatch 10662114
2017-07-17 15:18:18,243 [Dispatcher2] [INFO] |vZ/GHrYxdB8GOKafLs6cvmlc4c4=| [Elapsed 00:00:00:00.0016573] Lcoo[LCOO].OnOutright 46412
2017-07-17 15:18:32,703 [Dispatcher1] [INFO] |9F/hO7yNpKRcb6I7CqIJ+FfOp4s=| [Elapsed 00:00:00:00.0302089] Lcoo[LCOO].OnMatch 11873918
2017-07-17 15:18:32,704 [Dispatcher2] [INFO] |kqbi5zp6naoZOKIKS6kfKSLt1lk=| [Elapsed 00:00:00:00.0308889] Lcoo[LCOO].OnMatch 10893784
2017-07-17 15:18:32,729 [Dispatcher2] [INFO] |70njOeN8ZFe25yStAvKZKT8qeFw=| [Elapsed 00:00:00:00.0239726] Lcoo[LCOO].OnMatch 10205299
2017-07-17 15:18:32,735 [Dispatcher3] [INFO] |wEwpvulS8Zs4EiltgNpdWGlS0BQ=| [Elapsed 00:00:00:00.0625209] Lcoo[LCOO].OnMatch 11873916
2017-07-17 15:18:32,755 [Dispatcher1] [INFO] |ySXX8Q5YiEFf6sXlVYgMB0x/36Y=| [Elapsed 00:00:00:00.0088335] Lcoo[LCOO].OnMatch 10944692
2017-07-17 15:18:45,158 [Dispatcher2] [INFO] |o9DaWjkc2pEP3ylPmhOFFkZ8V/I=| [Elapsed 00:00:00:12.4122612] Lcoo[LCOO].OnMatch 11381127
2017-07-17 15:18:45,195 [Dispatcher2] [INFO] |NLnh+A+fuHzIiCeoHRWcHABlzJM=| [Elapsed 00:00:00:00.0355405] Lcoo[LCOO].OnMatch 12021342
2017-07-17 15:18:45,232 [Dispatcher3] [INFO] |Nk4hJmhzvSOiQikRduJQzEVvl6o=| [Elapsed 00:00:00:12.4777702] Lcoo[LCOO].OnMatch 11939336
2017-07-17 15:18:45,233 [Dispatcher1] [INFO] |2UlS0WN/gFRfORIOrGWgt8o38MM=| [Elapsed 00:00:00:12.4705620] Lcoo[LCOO].OnMatch 12021318
2017-07-17 15:18:47,553 [Dispatcher2] [INFO] |ryeDcYI+nag3/frd8NC06DHk/uE=| [Elapsed 00:00:00:02.3536566] Lcoo[LCOO].OnOutright 46412
2017-07-17 15:19:01,365 [Dispatcher3] [INFO] |IupZyqq332MMjvUs89umMxlPJWo=| [Elapsed 00:00:00:16.1316597] Lcoo[LCOO].OnMatch 12021326
2017-07-17 15:19:04,398 [Dispatcher1] [INFO] |+oO0Asdwwk3h3haiZNjsRBvagzo=| [Elapsed 00:00:00:16.9711429] Lcoo[LCOO].OnOutright 44163
2017-07-17 15:19:04,413 [Dispatcher3] [INFO] |Yq2oRuDl0HzOs8sR2L3SBodmHRc=| [Elapsed 00:00:00:03.0474211] Lcoo[LCOO].OnMatch 12021322
2017-07-17 15:19:04,413 [Dispatcher2] [INFO] |3cqhiras80Tu1kCXCfspdnCAHaw=| [Elapsed 00:00:00:14.2052227] Lcoo[LCOO].OnMatch 11873922
2017-07-17 15:19:17,899 [Dispatcher3] [INFO] |eMtFXbylXzf0TORTWjOnKykdW54=| [Elapsed 00:00:00:13.4855538] Lcoo[LCOO].OnMatch 11873924
2017-07-17 15:19:19,752 [Dispatcher2] [INFO] |8/7w83hFtEhDk1z/O6vaH+R6+Pg=| [Elapsed 00:00:00:15.3387293] Lcoo[LCOO].OnMatch 12020928
2017-07-17 15:19:30,284 [Dispatcher1] [INFO] |kEQ6PY3It/G8VmMrDvgEM4tjmXo=| [Elapsed 00:00:00:25.8750041] Lcoo[LCOO].OnMatch 12020942
2017-07-17 15:19:35,840 [Dispatcher2] [INFO] |7o0+C5WjCMvaPqrVa1VDwfHdMv0=| [Elapsed 00:00:00:13.1808499] Lcoo[LCOO].OnOutright 46412
2017-07-17 15:19:55,006 [Dispatcher3] [INFO] |bMpwJzL++rLz056//3DUpBnnaHg=| [Elapsed 00:00:00:37.0974925] Lcoo[LCOO].OnMatch 11939336
2017-07-17 15:20:06,739 [Dispatcher1] [INFO] |Jxg1AKVd6TkabArwfOKNxydPbdc=| [Elapsed 00:00:00:33.7991877] Lcoo[LCOO].OnOutright 45838
2017-07-17 15:20:45,133 [Dispatcher2] [INFO] |usxDaFEQ8FiKxVwxgFbbMgMqPZU=| [Elapsed 00:00:00:52.0464908] Lcoo[LCOO].OnMatch 11866286
2017-07-17 15:21:29,073 [Dispatcher3] [INFO] |mZQsSt4M9pKR+GsBaG1X4AcrcYk=| [Elapsed 00:00:01:31.9419989] Lcoo[LCOO].OnMatch 12010260
2017-07-17 15:21:29,073 [Dispatcher1] [INFO] |0+DO4DuZ7NI7zgGaXLccyrLtObg=| [Elapsed 00:00:01:22.3328735] Lcoo[LCOO].OnMatch 12017460
2017-07-17 15:21:29,075 [Dispatcher2] [INFO] |2pqNyTTcsQin1jPB5qd23AXZ+oI=| [Elapsed 00:00:00:43.9257759] Lcoo[LCOO].OnMatch 12018718
2017-07-17 15:21:31,582 [Dispatcher3] [INFO] |Rdes9m+l4Cs8u1U3bSmmT8zILZo=| [Elapsed 00:00:00:02.5059296] Lcoo[LCOO].OnMatch 10944710
2017-07-17 15:21:31,584 [Dispatcher3] [INFO] |Na6JWFRgMV9+Lgp3l4ZwKwFVXl0=| [Elapsed 00:00:00:00.0012130] Lcoo[LCOO].OnMatch 12020520
2017-07-17 15:21:31,585 [Dispatcher2] [INFO] |mfGiikajksmNedEV0qMBaXQSDyo=| [Elapsed 00:00:00:02.4896279] Lcoo[LCOO].OnOutright 46412
2017-07-17 15:21:31,586 [Dispatcher1] [INFO] |/fAwdZg1kjLa5tHHMeDi/u7H7X8=| [Elapsed 00:00:00:02.4899814] Lcoo[LCOO].OnMatch 12020976
2017-07-17 15:21:31,592 [Dispatcher3] [INFO] |WyATlGkJbMTcG99eiUL71h9Dt44=| [Elapsed 00:00:00:00.0077198] Lcoo[LCOO].OnMatch 12009502
2017-07-17 15:21:31,594 [Dispatcher1] [INFO] |mta8ASBX37+r0Iy3NeNY30CwhNE=| [Elapsed 00:00:00:00.0077231] Lcoo[LCOO].OnOutright 44163
2017-07-17 15:21:31,596 [Dispatcher2] [INFO] |SQ8gbnhqKKNiVVw2L9aT3IrWX5w=| [Elapsed 00:00:00:00.0096579] Lcoo[LCOO].OnMatch 11809506
2017-07-17 15:21:31,597 [Dispatcher1] [INFO] |UJZZzkROYKXoLtO7ukzr5leHPIg=| [Elapsed 00:00:00:00.0021158] Lcoo[LCOO].OnMatch 12009510
2017-07-17 15:21:31,600 [Dispatcher2] [INFO] |ttGYIWBrCwDLQMev0MryyF4C//4=| [Elapsed 00:00:00:00.0037651] Lcoo[LCOO].OnMatch 11866286
2017-07-17 15:21:31,602 [Dispatcher3] [INFO] |sKwcrB59EnsMw4Z7XxOJsZMwIVE=| [Elapsed 00:00:00:00.0096241] Lcoo[LCOO].OnMatch 12022062
2017-07-17 15:21:31,603 [Dispatcher1] [INFO] |1yRAxULsxDxS9XeVnaagJURnj5U=| [Elapsed 00:00:00:00.0038029] Lcoo[LCOO].OnMatch 12021652
2017-07-17 15:21:31,605 [Dispatcher2] [INFO] |0pigJ9ZpQ4U3T5vV66xPvdhkVk0=| [Elapsed 00:00:00:00.0039442] Lcoo[LCOO].OnMatch 11956704
2017-07-17 15:21:31,606 [Dispatcher1] [INFO] |b4l6VeBG24jukTvQgzhnFucIRZ4=| [Elapsed 00:00:00:00.0028008] Lcoo[LCOO].OnMatch 12009510
2017-07-17 15:21:31,608 [Dispatcher3] [INFO] |Drs2c98whWWXfLVHmSl6gn9xD3s=| [Elapsed 00:00:00:00.0055075] Lcoo[LCOO].OnMatch 12009518
2017-07-17 15:21:31,613 [Dispatcher1] [INFO] |LStJ837ujin4AAd93BfskyiU8No=| [Elapsed 00:00:00:00.0061452] Lcoo[LCOO].OnMatch 11956794
2017-07-17 15:21:31,614 [Dispatcher2] [INFO] |FlezFkrbDIZHGg331XAzsxL800w=| [Elapsed 00:00:00:00.0084385] Lcoo[LCOO].OnOutright 46412
2017-07-17 15:21:31,614 [Dispatcher3] [INFO] |1BWoKPekImXb0cIG2abdTuC4Jp0=| [Elapsed 00:00:00:00.0056215] Lcoo[LCOO].OnMatch 12009502
2017-07-17 15:21:31,624 [Dispatcher2] [INFO] |06rrwW4C7Q0+SlOFbThtkRfCPJs=| [Elapsed 00:00:00:00.0097516] Lcoo[LCOO].OnMatch 12009520
2017-07-17 15:21:31,625 [Dispatcher1] [INFO] |y9ix/Y96efbiGk2jYfN8ivKEgVY=| [Elapsed 00:00:00:00.0116066] Lcoo[LCOO].OnMatch 12009504
2017-07-17 15:21:31,627 [Dispatcher3] [INFO] |bGAGA2H66PvueLpbTUwmjpEMINY=| [Elapsed 00:00:00:00.0120816] Lcoo[LCOO].OnMatch 11927010
2017-07-17 15:21:31,628 [Dispatcher2] [INFO] |CybgSJV6YBM9C7ZTW8/Ir818IPw=| [Elapsed 00:00:00:00.0028960] Lcoo[LCOO].OnMatch 10922852
2017-07-17 15:21:31,631 [Dispatcher1] [INFO] |unKBCRxJjd2MS8PATN7nCvo2sfU=| [Elapsed 00:00:00:00.0059596] Lcoo[LCOO].OnMatch 12016846
2017-07-17 15:21:31,635 [Dispatcher3] [INFO] |2DSR1F+hM1bhaRiar9YR+UC/9Xg=| [Elapsed 00:00:00:00.0072633] Lcoo[LCOO].OnMatch 12009518
2017-07-17 15:21:31,636 [Dispatcher2] [INFO] |8UJ1zJCIO4/G9TbRiQDGp5Tzffs=| [Elapsed 00:00:00:00.0082401] Lcoo[LCOO].OnMatch 12009520
2017-07-17 15:21:47,287 [Dispatcher3] [INFO] |rSi3F+OPvrfefkXXjWkUB+C2ZR8=| [Elapsed 00:00:00:15.6507114] Lcoo[LCOO].OnMatch 11956726
2017-07-17 15:21:47,287 [Dispatcher1] [INFO] |F3NBjlSfbwTraYnzckqicbLsurQ=| [Elapsed 00:00:00:15.6543502] Lcoo[LCOO].OnMatch 12021802
2017-07-17 15:21:47,288 [Dispatcher2] [INFO] |6fKdMwfdMaw+m+1e6s8c1riB0hc=| [Elapsed 00:00:00:15.6512460] Lcoo[LCOO].OnMatch 12009944
2017-07-17 15:21:47,292 [Dispatcher3] [INFO] |3MKN/7a36+gL0F5dZp9uK/eD2Wc=| [Elapsed 00:00:00:00.0046683] Lcoo[LCOO].OnMatch 12020894
2017-07-17 15:21:47,294 [Dispatcher1] [INFO] |BWDQsIUG3v5g4cPqyYD75xc38TQ=| [Elapsed 00:00:00:00.0061101] Lcoo[LCOO].OnOutright 44163
2017-07-17 15:21:47,295 [Dispatcher2] [INFO] |EZOI0vjo5pq7WESoqC+FAgW2tBU=| [Elapsed 00:00:00:00.0061555] Lcoo[LCOO].OnMatch 12021266
2017-07-17 15:21:47,297 [Dispatcher3] [INFO] |il4evD0mHYoPtS9NjKFTHfQ4Eks=| [Elapsed 00:00:00:00.0044140] Lcoo[LCOO].OnOutright 45042
2017-07-17 15:21:47,298 [Dispatcher2] [INFO] |n5XkWqUJa3YCiXNKnez1e0jfXQg=| [Elapsed 00:00:00:00.0033689] Lcoo[LCOO].OnOutright 44604
2017-07-17 15:24:24,553 [12] [INFO] |T5OwFxsB7mbiNBD5nggqaxaahEk=| Client subscribed to ILcoo.OnMatch
2017-07-17 15:24:24,553 [12] [INFO] |zsO9yycNP+T1QA4KPdMLj1iU11E=| Client subscribed to ILcoo.OnOutright
2017-07-17 15:24:24,554 [12] [INFO] |IwGlOnZ2Xb1NhjGUQmWcUfTpaCw=| Client subscribed to ILcoo.OnThreeBall
2017-07-17 15:25:24,696 [12] [INFO] |f49nJBeCiLCLGqm52ig7iE888S0=| Start
2017-07-17 15:25:40,491 [Dispatcher2] [INFO] |G0QGB7Q1ZAZyN0fF749fnVxqW40=| [Elapsed 00:00:00:00.0036804] Lcoo[LCOO].OnMatch 11788298
2017-07-17 15:25:40,498 [Dispatcher1] [INFO] |SUTtGyPxRyB5IQedrliRBwDRUQw=| [Elapsed 00:00:00:00.0103662] Lcoo[LCOO].OnMatch 10555358
2017-07-17 15:25:40,509 [Dispatcher1] [INFO] |uk6QVp+bkWoOwMXz24pyg+at7Q0=| [Elapsed 00:00:00:00.0103118] Lcoo[LCOO].OnMatch 12009940
2017-07-17 15:25:40,510 [Dispatcher3] [INFO] |m0PVLJEJ0R888S3ALryfzqlU5jw=| [Elapsed 00:00:00:00.0225087] Lcoo[LCOO].OnMatch 12009950
2017-07-17 15:25:40,520 [Dispatcher2] [INFO] |EpTbotYfsrL3kxb2TmBd5jzrGPM=| [Elapsed 00:00:00:00.0237794] Lcoo[LCOO].OnMatch 12009954
2017-07-17 15:25:40,529 [Dispatcher2] [INFO] |nPpBqbkmpsh+HB+p9HmLcGkEwYQ=| [Elapsed 00:00:00:00.0004678] Lcoo[LCOO].OnMatch 12016010
2017-07-17 15:25:40,530 [Dispatcher1] [INFO] |WjlWMeEkvaTcMwV/l77Ylapk1PA=| [Elapsed 00:00:00:00.0011307] Lcoo[LCOO].OnMatch 12021944
2017-07-17 15:25:40,530 [Dispatcher3] [INFO] |owT1b8IcVeE7AmIwR7NAblHHLSk=| [Elapsed 00:00:00:00.0007647] Lcoo[LCOO].OnMatch 12022064
2017-07-17 15:25:40,531 [Dispatcher1] [INFO] |tyKN41ROy3jvEDmRfD8uvWA2tLc=| [Elapsed 00:00:00:00.0004764] Lcoo[LCOO].OnMatch 12020924
2017-07-17 15:25:40,532 [Dispatcher3] [INFO] |XzukaW2MhOQQLq6vYg4cvQf4vPw=| [Elapsed 00:00:00:00.0009420] Lcoo[LCOO].OnMatch 12021246
2017-07-17 15:25:40,533 [Dispatcher2] [INFO] |10ELh36uGx1EbPoCmVjAOjQQcSU=| [Elapsed 00:00:00:00.0013101] Lcoo[LCOO].OnMatch 12021314
2017-07-17 15:25:49,528 [Dispatcher3] [INFO] |eRQpdvCL7IV8WQ1aIkNsPPv6cw0=| [Elapsed 00:00:00:08.9821482] Lcoo[LCOO].OnOutright 46344
2017-07-17 15:31:28,689 [12] [INFO] |pXdDXLEuzJuw+Imn/YO5CESGPiM=| Client subscribed to ILcoo.OnMatch
2017-07-17 15:31:28,690 [12] [INFO] |FwYQKot/EiipG2m6Qkvekb77+ZU=| Client subscribed to ILcoo.OnOutright
2017-07-17 15:31:28,691 [12] [INFO] |YK9vwkFcPq8F5IUV8Gncf0gaYxY=| Client subscribed to ILcoo.OnThreeBall
2017-07-17 15:32:28,837 [12] [INFO] |AkDlY2mL5+g5rnzOXX9yXXfIVic=| Start
2017-07-17 15:32:44,627 [Dispatcher2] [INFO] |ubGIgfYBETCn+SMpmizfZa/I6g0=| [Elapsed 00:00:00:00.0032498] Lcoo[LCOO].OnMatch 10893784
2017-07-17 15:32:44,627 [Dispatcher3] [INFO] |i4ZViHL0a6yd2zsL95MIpatxXxM=| [Elapsed 00:00:00:00.0037792] Lcoo[LCOO].OnMatch 11956652
2017-07-17 15:32:44,635 [Dispatcher1] [INFO] |5CbYDtnoJEPfn1Db6L5b5u5pDug=| [Elapsed 00:00:00:00.0114522] Lcoo[LCOO].OnMatch 11482791
2017-07-17 15:32:44,637 [Dispatcher2] [INFO] |vfoSjYKqVyJR58HKniYmloip12k=| [Elapsed 00:00:00:00.0022641] Lcoo[LCOO].OnMatch 11956794
2017-07-17 15:32:44,640 [Dispatcher1] [INFO] |hKA2k2JPl6jxFEMdvgimcTzW2gU=| [Elapsed 00:00:00:00.0044989] Lcoo[LCOO].OnMatch 12009940
2017-07-17 15:32:44,641 [Dispatcher3] [INFO] |8RSsWV8rfEJEJzQ+oxFoKAIM5ws=| [Elapsed 00:00:00:00.0040764] Lcoo[LCOO].OnMatch 10944712
2017-07-17 15:32:44,654 [Dispatcher2] [INFO] |ljRvKdcxrEzMItpoLykbyA82tt0=| [Elapsed 00:00:00:00.0008003] Lcoo[LCOO].OnMatch 12020594
2017-07-17 15:32:44,654 [Dispatcher3] [INFO] |MZu+DCKrB85cES4Bqh29MZIM1pM=| [Elapsed 00:00:00:00.0009246] Lcoo[LCOO].OnMatch 12020934
2017-07-17 15:32:44,655 [Dispatcher1] [INFO] |71Vo+HIZqtpwRJCt1my04ePPHnQ=| [Elapsed 00:00:00:00.0006477] Lcoo[LCOO].OnMatch 12020600
2017-07-17 15:32:44,656 [Dispatcher1] [INFO] |/7+gIrCxOOXha6Yp8k5qE8Zc2UE=| [Elapsed 00:00:00:00.0009481] Lcoo[LCOO].OnMatch 12020702
2017-07-17 16:23:04,890 [12] [INFO] |YiqwdOvoqlVvXr0XfcljLiVm904=| Client subscribed to ILcoo.OnMatch
2017-07-17 16:23:04,890 [12] [INFO] |27NR3iY9dKjB1RuiriLGtSktUVQ=| Client subscribed to ILcoo.OnOutright
2017-07-17 16:23:04,891 [12] [INFO] |fjAF7Pl7J2ZFV6DvdEQcdKFcqiw=| Client subscribed to ILcoo.OnThreeBall
2017-07-17 16:24:04,995 [12] [INFO] |DFqKG2cgPlvWcSoBuRbHv+fIcfA=| Start
2017-07-17 16:24:50,995 [Dispatcher2] [INFO] |0O90u7yXj6hBdIJR9sHb9PW7y6s=| [Elapsed 00:00:00:00.0027782] Lcoo[LCOO].OnMatch 10945158
2017-07-17 16:24:50,996 [Dispatcher1] [INFO] |EiMiggu8GDmTVoBYlt2pDTHjisc=| [Elapsed 00:00:00:00.0031707] Lcoo[LCOO].OnMatch 10945156
2017-07-17 16:24:51,012 [Dispatcher3] [INFO] |zm9lX5caGQuXiNW/WLdXiYFZ0FU=| [Elapsed 00:00:00:00.0006672] Lcoo[LCOO].OnMatch 12021964
2017-07-17 16:24:51,013 [Dispatcher1] [INFO] |UVhcz7zP1mfXsPyLn5K9VUmV1Po=| [Elapsed 00:00:00:00.0012664] Lcoo[LCOO].OnMatch 12018710
2017-07-17 16:24:51,015 [Dispatcher2] [INFO] |ZyYAXtEcgxzLccXdGHlhhsbtzEQ=| [Elapsed 00:00:00:00.0027554] Lcoo[LCOO].OnMatch 12021484
2017-07-17 16:24:51,015 [Dispatcher1] [INFO] |2hJLawS4/rZUUDR9dP2J53DGwWk=| [Elapsed 00:00:00:00.0009337] Lcoo[LCOO].OnMatch 12029338
2017-07-17 16:24:51,016 [Dispatcher2] [INFO] |79noRw9PddDgkt/APrm6vWFTAc4=| [Elapsed 00:00:00:00.0004223] Lcoo[LCOO].OnMatch 12023680
2017-07-17 16:24:51,018 [Dispatcher3] [INFO] |3eFvE5dGcIguYBipjo0JQ4s5X6o=| [Elapsed 00:00:00:00.0041924] Lcoo[LCOO].OnMatch 12021482
2017-07-17 16:24:51,019 [Dispatcher1] [INFO] |F12MUs74Vl0JYZHnPt4vXdzPm1o=| [Elapsed 00:00:00:00.0023208] Lcoo[LCOO].OnMatch 12023678
2017-07-17 16:24:51,020 [Dispatcher2] [INFO] |qvwUf1yvJtIuQuSqrq4BQO170WQ=| [Elapsed 00:00:00:00.0035740] Lcoo[LCOO].OnMatch 12021768
2017-07-17 16:24:51,021 [Dispatcher1] [INFO] |jBmuWZorMMDRXzine28ZQQW7dj4=| [Elapsed 00:00:00:00.0017313] Lcoo[LCOO].OnMatch 12028744
2017-07-17 16:24:51,024 [Dispatcher3] [INFO] |nz0wt+TIzZNTdHXGK5QutRP3PlQ=| [Elapsed 00:00:00:00.0053720] Lcoo[LCOO].OnMatch 12023380
2017-07-17 16:24:51,027 [Dispatcher3] [INFO] |xn6aU7RYfbZ0bvomRv9vH7s5TF4=| [Elapsed 00:00:00:00.0022875] Lcoo[LCOO].OnMatch 12028646
2017-07-17 16:24:51,029 [Dispatcher2] [INFO] |2W4Jzgcia9XUVARM8UX8fm/6+/c=| [Elapsed 00:00:00:00.0024041] Lcoo[LCOO].OnOutright 44163
2017-07-17 16:25:50,835 [Dispatcher3] [INFO] |6YLHXsM1NnwUF7JttaRKmW0JExs=| [Elapsed 00:00:00:00.0018528] Lcoo[LCOO].OnMatch 10205295
2017-07-17 16:25:50,850 [Dispatcher2] [INFO] |dZLzIYtKovDyYs3ZK5AUhLdPiXs=| [Elapsed 00:00:00:00.0164279] Lcoo[LCOO].OnMatch 11892694
2017-07-17 16:25:50,865 [Dispatcher1] [INFO] |liq7ygVOd5Kvine/S2LMgVizHEI=| [Elapsed 00:00:00:00.0316665] Lcoo[LCOO].OnMatch 11788298
2017-07-17 16:25:50,875 [Dispatcher3] [INFO] |vs4csb08eRujbOTeivMB4PBvwv0=| [Elapsed 00:00:00:00.0084149] Lcoo[LCOO].OnMatch 12021494
2017-07-17 16:25:50,876 [Dispatcher1] [INFO] |auQaVtG2Yn1Pu97Ds5XJmFjJv90=| [Elapsed 00:00:00:00.0011505] Lcoo[LCOO].OnOutright 46516
2017-07-17 16:55:13,088 [Dispatcher2] [INFO] |bn8gAZoMs1MaFNN3ANihWNxq1cE=| [Elapsed 00:00:00:00.0023058] Lcoo[LCOO].OnMatch 11801658
2017-07-17 16:55:13,102 [Dispatcher1] [INFO] |UczNfqIV3+QugHIjzL27bp85VSU=| [Elapsed 00:00:00:00.0161152] Lcoo[LCOO].OnMatch 11143759
2017-07-17 16:55:13,116 [Dispatcher3] [INFO] |o8Eoc+9Sig4lzRsdhxQF5az71D4=| [Elapsed 00:00:00:00.0297753] Lcoo[LCOO].OnMatch 11805106
2017-07-17 16:55:13,167 [Dispatcher3] [INFO] |thEN8gBBlDO8V9ETCSFJNd1Agwk=| [Elapsed 00:00:00:00.0503599] Lcoo[LCOO].OnMatch 12021652
2017-07-17 16:55:13,168 [Dispatcher2] [INFO] |Ll0qWq7RcvtJD7VTsV5lrKsdLz0=| [Elapsed 00:00:00:00.0671989] Lcoo[LCOO].OnMatch 11915582
2017-07-17 16:55:13,185 [Dispatcher1] [INFO] |TXZdu4LdPRSC6J/S57emAkTsrRs=| [Elapsed 00:00:00:00.0594731] Lcoo[LCOO].OnMatch 12016010
2017-07-17 16:55:13,209 [Dispatcher1] [INFO] |G9QixX6eoofsBG++dDbqFXDn1Vw=| [Elapsed 00:00:00:00.0098004] Lcoo[LCOO].OnMatch 12021834
2017-07-17 16:55:13,230 [Dispatcher2] [INFO] |sswVLGbGHntiF51ORss7kIPtzDM=| [Elapsed 00:00:00:00.0468265] Lcoo[LCOO].OnMatch 12021540
2017-07-17 16:55:13,233 [Dispatcher3] [INFO] |qYzQOd51qIUwv2rGSKzOVFmJxcQ=| [Elapsed 00:00:00:00.0495351] Lcoo[LCOO].OnMatch 12017792
2017-07-17 16:55:13,245 [Dispatcher2] [INFO] |+I0I+C3cUMv1Y6zt9Cimm46OK+0=| [Elapsed 00:00:00:00.0112787] Lcoo[LCOO].OnMatch 12029400
2017-07-17 16:55:13,237 [Dispatcher1] [INFO] |LtZsJaYc+c+LwvsmLhhNT45t0TE=| [Elapsed 00:00:00:00.0067749] Lcoo[LCOO].OnMatch 12020854
2017-07-17 16:55:13,246 [Dispatcher3] [INFO] |ykMniv04GIZ9yF74boZMRirllvQ=| [Elapsed 00:00:00:00.0009563] Lcoo[LCOO].OnMatch 12020976
2017-07-17 16:55:13,270 [Dispatcher1] [INFO] |TV+OJerIQh8+Gu1dsEYMTzMYtKs=| [Elapsed 00:00:00:00.0113756] Lcoo[LCOO].OnMatch 12021322
2017-07-17 16:55:13,285 [Dispatcher2] [INFO] |H7+iJZ1l8YrnVvFHFm7G0brIQHo=| [Elapsed 00:00:00:00.0152154] Lcoo[LCOO].OnMatch 12029546
2017-07-17 16:55:13,295 [Dispatcher3] [INFO] |rPstkckfFyF2tlPK6+2Wd9CcG3M=| [Elapsed 00:00:00:00.0177001] Lcoo[LCOO].OnMatch 12029548
2017-07-17 16:55:13,319 [Dispatcher1] [INFO] |4tHcRWeletlyEfHxDML5RngywLU=| [Elapsed 00:00:00:00.0243213] Lcoo[LCOO].OnOutright 46230
2017-07-17 16:55:13,335 [Dispatcher3] [INFO] |csfKAy851cevxmw+N2N9Fy4knYo=| [Elapsed 00:00:00:00.0362708] Lcoo[LCOO].OnMatch 12021318
2017-07-17 16:55:13,346 [Dispatcher2] [INFO] |KHPrcPV97UVcl1rsa4hVaA3BivY=| [Elapsed 00:00:00:00.0480480] Lcoo[LCOO].OnMatch 12021326
2017-07-17 16:55:13,390 [Dispatcher2] [INFO] |4UVjNISYP6Ho+Iq1Ns0yLvTCPcU=| [Elapsed 00:00:00:00.0102590] Lcoo[LCOO].OnOutright 46524
2017-07-17 16:57:20,491 [12] [INFO] |EGTDlwHZrrVr4Dc+VsMj+jN1v9c=| Client subscribed to ILcoo.OnMatch
2017-07-17 16:57:20,492 [12] [INFO] |3SeE+07GxGZsVB+yyPtm3RGGjEM=| Client subscribed to ILcoo.OnOutright
2017-07-17 16:57:20,492 [12] [INFO] |d6ThOVTSRx4mqyMzZhcKqHKFY0k=| Client subscribed to ILcoo.OnThreeBall
2017-07-17 16:58:20,595 [12] [INFO] |ltQHhYHwUKjaw6g9Jn0lU05G/Zs=| Start
2017-07-17 16:59:06,591 [Dispatcher1] [INFO] |ziO5I6JrTLXXSUNwH8PakGYiiAU=| [Elapsed 00:00:00:00.0026844] Lcoo[LCOO].OnMatch 11482795
2017-07-17 16:59:06,591 [Dispatcher2] [INFO] |AF3xkbA3ko91TINSU9msHRLpa8s=| [Elapsed 00:00:00:00.0029916] Lcoo[LCOO].OnMatch 11482789
2017-07-17 16:59:06,594 [Dispatcher3] [INFO] |87pxef4+Cc4SQotGAl1YmUC3nyQ=| [Elapsed 00:00:00:00.0059057] Lcoo[LCOO].OnMatch 12021310
2017-07-17 16:59:06,596 [Dispatcher2] [INFO] |oQpjljHbyH6C9M4bEyWfgTegRFY=| [Elapsed 00:00:00:00.0003905] Lcoo[LCOO].OnMatch 10205295
2017-07-17 16:59:06,596 [Dispatcher3] [INFO] |WjR+AsPU/Tv4EqhFswKpP+3VwyM=| [Elapsed 00:00:00:00.0006064] Lcoo[LCOO].OnMatch 11987688
2017-07-17 16:59:06,597 [Dispatcher2] [INFO] |ROjPYodgrOFJmXcJf9phkEQh/9M=| [Elapsed 00:00:00:00.0004615] Lcoo[LCOO].OnMatch 12025474
2017-07-17 16:59:06,595 [Dispatcher1] [INFO] |PmBIvAw96v+f8pB1Qckg4jVs5CY=| [Elapsed 00:00:00:00.0003745] Lcoo[LCOO].OnMatch 11805114
2017-07-17 16:59:06,597 [Dispatcher3] [INFO] |f/MB2zmPa3gmGTrYuPca/eA7uQQ=| [Elapsed 00:00:00:00.0004033] Lcoo[LCOO].OnMatch 12025476
2017-07-17 16:59:06,597 [Dispatcher1] [INFO] |o6ctEWFAHVnDsiiwP6WEby4q+C0=| [Elapsed 00:00:00:00.0003098] Lcoo[LCOO].OnMatch 12029544
2017-07-17 16:59:06,598 [Dispatcher1] [INFO] |xytcQynhsjpCzSuOuStmelxiScA=| [Elapsed 00:00:00:00.0002825] Lcoo[LCOO].OnMatch 12022174
2017-07-17 16:59:06,614 [Dispatcher3] [INFO] |lQZHYZC79SifqBheCPc+Jd8m1yQ=| [Elapsed 00:00:00:00.0013710] Lcoo[LCOO].OnOutright 46526
2017-07-17 16:59:06,614 [Dispatcher2] [INFO] |+rAYheGfv2Kyo+kAj8sn10IqMaY=| [Elapsed 00:00:00:00.0027105] Lcoo[LCOO].OnOutright 46230
2017-07-17 17:00:06,452 [Dispatcher1] [INFO] |ESXIWShMnP3lcF0QnrtAf1lf1Wg=| [Elapsed 00:00:00:00.0069008] Lcoo[LCOO].OnMatch 10944712
2017-07-17 17:00:06,480 [Dispatcher3] [INFO] |wqnpMsu9icRo+kA7qY1zhwWNOUw=| [Elapsed 00:00:00:00.0112132] Lcoo[LCOO].OnMatch 12021522
2017-07-17 17:00:06,481 [Dispatcher2] [INFO] |85fII+4xpH1lZuSzTmxyQV/PwJQ=| [Elapsed 00:00:00:00.0124270] Lcoo[LCOO].OnMatch 12020730
2017-07-17 17:00:06,489 [Dispatcher1] [INFO] |tZ3uiy2wANrnnRALiyYJfgjkAKo=| [Elapsed 00:00:00:00.0017574] Lcoo[LCOO].OnOutright 46528
2017-07-17 17:00:06,491 [Dispatcher2] [INFO] |y463EtGQ8pcUoil1CO2nEVxPAMo=| [Elapsed 00:00:00:00.0017176] Lcoo[LCOO].OnOutright 38196
2017-07-17 17:00:06,494 [Dispatcher3] [INFO] |ojXiwXT9FW4KZ3DOdfYTsgl633I=| [Elapsed 00:00:00:00.0017343] Lcoo[LCOO].OnOutright 44163
2017-07-17 17:06:29,508 [6] [INFO] |MQFj1+QengJIKg2URLkeahgF45g=| Client subscribed to ILcoo.OnMatch
2017-07-17 17:06:29,509 [6] [INFO] |G8urjLkWa+zGJrT4j/1aTLR5I2U=| Client subscribed to ILcoo.OnOutright
2017-07-17 17:06:29,509 [6] [INFO] |YUk/roZjCaCoBfQpQsRtViB/3LI=| Client subscribed to ILcoo.OnThreeBall
2017-07-17 17:07:29,613 [6] [INFO] |rJ3XR284ZUOh9OG5v13HYf9PCjk=| Start
2017-07-17 17:07:45,381 [Dispatcher1] [INFO] |tkMOYmskPQApGd5dbC99L53bx0U=| [Elapsed 00:00:00:00.0026605] Lcoo[LCOO].OnMatch 12021548
2017-07-17 17:07:45,385 [Dispatcher3] [INFO] |aSJRa2MHatUyvPLyXd2lFCoaC1c=| [Elapsed 00:00:00:00.0063686] Lcoo[LCOO].OnMatch 12020652
2017-07-17 17:07:45,392 [Dispatcher2] [INFO] |PEfGB/O6JIUvg/eegtCs+dJzX+M=| [Elapsed 00:00:00:00.0134486] Lcoo[LCOO].OnMatch 12025474
2017-07-17 17:07:45,402 [Dispatcher1] [INFO] |NOeqsU2ZLBbECwCt2E/v+FBkR1w=| [Elapsed 00:00:00:00.0014288] Lcoo[LCOO].OnOutright 46528
2017-07-17 17:10:31,969 [12] [INFO] |Divrjc485qEzQoi/dZc/DOG46eM=| Client subscribed to ILcoo.OnMatch
2017-07-17 17:10:31,970 [12] [INFO] |wLWSmJnzGeS4l7abHTJ9LZk+ouI=| Client subscribed to ILcoo.OnOutright
2017-07-17 17:10:31,970 [12] [INFO] |59Ph9Xgo+L+dQ6T7EYYRvWcnAzk=| Client subscribed to ILcoo.OnThreeBall
2017-07-17 17:11:32,111 [12] [INFO] |HWmySEJscChNPdt0fXWDFaNicG8=| Start
2017-07-17 17:14:32,516 [11] [INFO] |o2tSbaWlu5KWkpPbeNYtHwAx6DU=| Client subscribed to ILcoo.OnMatch
2017-07-17 17:14:32,517 [11] [INFO] |3+ruXMbMKXP/JQyl1UWIXJTup0s=| Client subscribed to ILcoo.OnOutright
2017-07-17 17:14:32,517 [11] [INFO] |XVG/xnY7UrJ7t2HMFg+Ybt/pgn0=| Client subscribed to ILcoo.OnThreeBall
2017-07-17 17:15:32,618 [11] [INFO] |U+Jbji1bqIS1tPxLhoXTpjDerJY=| Start
