2017-05-29 12:35:45,792 [10] [INFO] |1e8sGYmFe76LOr6W73QY1qnA7+0=| Next configuration update will be in 01:00:00
2017-05-29 12:36:17,404 [10] [INFO] |CJEapSSJpr2LluopofPukGOhDbI=| Next configuration update will be in 01:00:00
2017-05-29 12:43:44,016 [10] [INFO] |ZS1a11qSevXRs9ovmsFt5QRXfq4=| Next configuration update will be in 01:00:00
2017-05-29 12:45:20,026 [10] [INFO] |oheFsQISbYit3D/C59jmQQ6HdLo=| Next configuration update will be in 01:00:00
2017-05-29 12:46:30,493 [10] [INFO] |429ZGQ5uiVTmjjwQZJmN9lGXVao=| Next configuration update will be in 01:00:00
2017-05-29 12:50:22,680 [1] [INFO] |G7En50JdAXw251HV6VHlNnHG2+E=| Next configuration update will be in 01:00:00
2017-05-29 12:51:20,101 [1] [INFO] |iYkyjn0HjnYyTzd8nyomFzKXGYs=| Next configuration update will be in 01:00:00
2017-05-29 13:00:38,311 [1] [INFO] |vXnHmeTs9wt9Kf/+lTHSAeWriQk=| Next configuration update will be in 01:00:00
2017-05-29 13:03:42,151 [10] [INFO] |vV23z2Bv3w/s0Zi1CmVy+453ow0=| Next configuration update will be in 01:00:00
2017-05-29 13:05:53,419 [1] [INFO] |ffvp25RN6cNCUXjrDPhRS8Jz6As=| Next configuration update will be in 01:00:00
2017-05-29 13:06:40,630 [1] [INFO] |PmSqM+bSCJLOnaLtG2ssQhKoVr0=| Next configuration update will be in 01:00:00
2017-05-29 13:10:41,611 [1] [INFO] |43DsT84Ue+4lwE1vItvpupUIFmk=| Next configuration update will be in 01:00:00
2017-05-29 13:14:50,800 [10] [INFO] |WfWLkfL4gfgZwAQjQQIje01ySsw=| Next configuration update will be in 01:00:00
2017-05-29 13:26:07,934 [1] [INFO] |PNDW7nRLPpN4/re49dZQ8ebyxAc=| Next configuration update will be in 01:00:00
2017-05-29 13:30:39,037 [10] [INFO] |L9JI8ldNmPnhp935mkGEwLFSREg=| Next configuration update will be in 01:00:00
2017-05-29 13:34:49,401 [9] [INFO] |wxzmjcx3/BmSHpfHQCh3X1iiS0I=| Next configuration update will be in 01:00:00
2017-05-29 16:08:32,567 [10] [INFO] |hIz1Tqnhbrv5FXcyFWiLRzroQXo=| Next configuration update will be in 01:00:00
2017-05-29 16:09:20,538 [10] [INFO] |rtR+IFrTqVOP+M3IqA0oRzRaX9c=| Next configuration update will be in 01:00:00
2017-05-29 16:16:11,551 [10] [INFO] |4ErzQQXs0I0PT0BoyA0q/0OepQU=| Next configuration update will be in 01:00:00
2017-05-29 16:25:17,782 [10] [INFO] |GqeKvoF4hkpV89gU7tSTgtKFOaA=| Next configuration update will be in 01:00:00
2017-05-29 16:27:54,430 [9] [INFO] |LVmiwjo0CGWFtr/hFdUHZLX4CHQ=| Next configuration update will be in 01:00:00
