2017-06-04 00:01:14,491 [Dispatcher3] [INFO] |AQdqaFr/tidOmDiju+WJw0JO2Dg=| [Elapsed 00:00:02:34.1140468] Odds[LIVEODDS].OddsChange 10943590 Msgnr : 959, Odds count #1
2017-06-04 00:01:14,491 [Dispatcher2] [INFO] |YjnZLgyzh+Q+tOoCF2wmJ0CvBjU=| [Elapsed 00:00:02:34.1197135] Odds[LIVEODDS].OddsChange 10943586 Msgnr : 138, Odds count #120
2017-06-04 00:01:14,506 [Dispatcher1] [INFO] |bLtaRKakhni27m4V8uxHiZr08AA=| [Elapsed 00:00:00:00.0008384] Odds[LIVEODDS].OddsChange 10943596 Msgnr : 198, Odds count #118
2017-06-04 00:01:14,522 [Dispatcher1] [INFO] |E1abSwYUVE33ca+u5+rziEDxHEI=| [Elapsed 00:00:00:00.0011201] Odds[LIVEODDS].OddsChange 10943596 Msgnr : 199, Odds count #117
2017-06-04 00:01:14,522 [Dispatcher3] [INFO] |4DoHtwU+oLeKVz3wt5G1zyH96ZY=| [Elapsed 00:00:00:00.0008726] Odds[LIVEODDS].OddsChange 11653213 Msgnr : 104, Odds count #36
2017-06-04 01:56:56,703 [10] [INFO] |0ppAZmQ8Xg++Vy4XcvtbQUDSwwU=| Client subscribed to LiveOdds.OnBetCancel
2017-06-04 01:56:56,703 [10] [INFO] |l3k34FXkqZ9AtP46MKxkSDKZ4HY=| Client subscribed to LiveOdds.OnBetCancelUndo
2017-06-04 01:56:56,703 [10] [INFO] |h2SoBGeRPKldkgjl6TLh3KzwypY=| Client subscribed to LiveOdds.OnBetClear
2017-06-04 01:56:56,703 [10] [INFO] |nZw/SjIjNwlrYCT46nwedEhp2Og=| Client subscribed to LiveOdds.OnBetClearRollback
2017-06-04 01:56:56,703 [10] [INFO] |BGNiQ5m3gcEZfPjEJZFYzjniipw=| Client subscribed to LiveOdds.OnBetStart
2017-06-04 01:56:56,703 [10] [INFO] |ugu2xRN5pitaK7qpWRxJfVBroNs=| Client subscribed to LiveOdds.OnBetStop
2017-06-04 01:56:56,703 [10] [INFO] |xopalVsw82qO/W4qkCEM89jxmT8=| Client subscribed to LiveOdds.OnOddsChange
2017-06-04 01:56:56,703 [10] [INFO] |aAn5rE9bYQ2OO6Y/MQKaOnN78po=| Client subscribed to LiveOdds.OnConnectionStable
2017-06-04 01:56:56,703 [10] [INFO] |r1nQqKragj0r5a5v+PivdeBBIB8=| Client subscribed to LiveOdds.OnConnectionUnstable
2017-06-04 01:56:56,703 [10] [INFO] |lnaxAfBHKiPbFybW4y9EhHZLn0A=| Client subscribed to LiveOdds.OnEventMessages
2017-06-04 01:56:56,703 [10] [INFO] |VXpOB/ql0IT6pHtL021LL90vK0I=| Client subscribed to LiveOdds.OnEventStatus
2017-06-04 01:56:56,703 [10] [INFO] |oFBlBpE2fn5bi4movCtg+EvIN2U=| Client subscribed to LiveOdds.OnAlive
2017-06-04 01:56:56,703 [10] [INFO] |StIrw1qAJ0oeBPkgznocb7E1kac=| Client subscribed to LiveOdds.OnScoreCardSummary
2017-06-04 01:56:56,703 [10] [INFO] |aAmaN29Gulst/ZIMToRx0mHw15A=| Client subscribed to LiveOdds.OnMetaInfo
2017-06-04 01:56:56,703 [10] [INFO] |hDfGvbjHxL77U676LnTitJ2zghw=| Re-starting LiveOddsFeedProviderBase
