2017-05-30 10:56:43,991 [10] [INFO] |HzcpWYnj2o91KfKbE4i1IQtQByQ=| Client subscribed to LiveOdds.OnBetCancel
2017-05-30 10:56:43,992 [10] [INFO] |aGBPVWheRrxYVDyYgkdNBO1cwDk=| Client subscribed to LiveOdds.OnBetCancelUndo
2017-05-30 10:56:43,992 [10] [INFO] |HsOvlOZeWVpfqTYnilrZKfwIEdE=| Client subscribed to LiveOdds.OnBetClear
2017-05-30 10:56:43,993 [10] [INFO] |aynXAtm6OAATPZE3tdnkORQr4Ps=| Client subscribed to LiveOdds.OnBetClearRollback
2017-05-30 10:56:43,993 [10] [INFO] |wcUBN3GkMIZ8/s894YbJ/JPNnKg=| Client subscribed to LiveOdds.OnBetStart
2017-05-30 10:56:43,994 [10] [INFO] |pKlhOO5pRA3nEjQAmM4icDGOexM=| Client subscribed to LiveOdds.OnBetStop
2017-05-30 10:56:43,994 [10] [INFO] |qMX+/BWH/gwSDOxARCXkpPSDJ5A=| Client subscribed to LiveOdds.OnOddsChange
2017-05-30 10:56:43,994 [10] [INFO] |R1Vqo3wwl138fK/w0906j0/REI8=| Client subscribed to LiveOdds.OnConnectionStable
2017-05-30 10:56:43,995 [10] [INFO] |q/KMKRbz6+j8lD+i4tp2LwEclcE=| Client subscribed to LiveOdds.OnConnectionUnstable
2017-05-30 10:56:43,995 [10] [INFO] |WeHCaoQDt5R/UhcAB6SPhu2huUA=| Client subscribed to LiveOdds.OnEventMessages
2017-05-30 10:56:43,996 [10] [INFO] |nRyHrzWSzbGKjOMvLjtKOVkbJ/c=| Client subscribed to LiveOdds.OnEventStatus
2017-05-30 10:56:43,996 [10] [INFO] |TOmXlZbj9ZPxEjDC72f43H02JP0=| Client subscribed to LiveOdds.OnAlive
2017-05-30 10:56:43,997 [10] [INFO] |imGn86Aj3QDp7S+49LU8vzc09jU=| Client subscribed to LiveOdds.OnScoreCardSummary
2017-05-30 10:56:43,997 [10] [INFO] |45z+h9eryeNyro1CKVMF7eteIXQ=| Client subscribed to LiveOdds.OnMetaInfo
2017-05-30 10:56:44,001 [10] [INFO] |QlFq5W0J4CoDjRHCLUpmbbkpCpE=| Re-starting LiveOddsFeedProviderBase
2017-05-30 10:56:47,878 [Dispatcher1] [INFO] |7XCuvFZgwq/JVvZYiLf2URMJM2M=| [Elapsed 00:00:00:00.0010635] Odds[LIVEODDS].OnAlive #19
2017-05-30 10:56:52,891 [20] [INFO] |DRfXvdg+hW3h3J+Z+Jpa/EioNo4=| [Elapsed 00:00:00:00.0026141] Odds[LIVEODDS].OnBetStop 11741311 (Artificial)
2017-05-30 10:56:52,893 [21] [INFO] |Y30N+moND1Iflj7+YkVf9Ihl4OM=| [Elapsed 00:00:00:00.0046975] Odds[LIVEODDS].OnBetStop 11748447 (Artificial)
2017-05-30 10:56:52,894 [19] [INFO] |T2cUv8AlAr3EYoATx6ro6S/Kjgs=| [Elapsed 00:00:00:00.0050374] Odds[LIVEODDS].OnBetStop 9946319 (Artificial)
2017-05-30 10:56:52,894 [18] [INFO] |zMpLYuQVq/6Er5Eib7rqqyQK9o0=| [Elapsed 00:00:00:00.0052823] Odds[LIVEODDS].OnBetStop 11750537 (Artificial)
2017-05-30 10:56:52,915 [6] [INFO] |I/IlELH8slvoyZzkFTjFBuahgXk=| [Elapsed 00:00:00:00.0007984] Odds[LIVEODDS].OnBetStop 11750253 (Artificial)
2017-05-30 10:56:53,785 [Dispatcher1] [INFO] |xvPpw0gCZ8+7fLjv2eUod+KlVCI=| [Elapsed 00:00:00:00.0024951] Odds[LIVEODDS].OddsChange 11741311 Msgnr : [null], Odds count #69
2017-05-30 10:56:53,786 [Dispatcher2] [INFO] |cNPRFrZ9K0Y/9hyQrKErvU4cS0w=| [Elapsed 00:00:00:00.0027507] Odds[LIVEODDS].OddsChange 11750537 Msgnr : [null], Odds count #271
2017-05-30 10:56:53,786 [Dispatcher3] [INFO] |6SphRZxRtabMgT6ewQleet/Y2FA=| [Elapsed 00:00:00:00.0032723] Odds[LIVEODDS].OddsChange 9946319 Msgnr : [null], Odds count #6
2017-05-30 10:56:53,796 [Dispatcher1] [INFO] |0HPyutaszG+R5fPwxDT8hXVd7AY=| [Elapsed 00:00:00:00.0032730] Odds[LIVEODDS].BetStart 11741311 Msgnr :
2017-05-30 10:56:53,797 [Dispatcher2] [INFO] |4q98w75zxsMH09IKHt21j2kd7Jo=| [Elapsed 00:00:00:00.0040680] Odds[LIVEODDS].BetStart 11750537 Msgnr :
2017-05-30 10:56:53,799 [Dispatcher3] [INFO] |uxru+w7ipesP6+H2PMfWWYe/bGQ=| [Elapsed 00:00:00:00.0062518] Odds[LIVEODDS].BetStart 9946319 Msgnr :
2017-05-30 10:56:53,800 [Dispatcher1] [INFO] |Gy/4pOJKgd6QYlCJdSdb+Z8T4Sg=| [Elapsed 00:00:00:00.0032682] Odds[LIVEODDS].OddsChange 11747397 Msgnr : [null], Odds count #113
2017-05-30 10:56:53,802 [Dispatcher3] [INFO] |dp8tQ7MvdF6i8DLUmNLRZ7C83io=| [Elapsed 00:00:00:00.0021262] Odds[LIVEODDS].OddsChange 11747399 Msgnr : [null], Odds count #140
2017-05-30 10:56:53,807 [Dispatcher1] [INFO] |DKwgBL8kkjm0Mr9QWkPyNpHvjy4=| [Elapsed 00:00:00:00.0059087] Odds[LIVEODDS].BetStart 11747397 Msgnr :
2017-05-30 10:56:53,808 [Dispatcher3] [INFO] |lf2p6A6Qpfis0NxKXzHqkijQxmk=| [Elapsed 00:00:00:00.0052294] Odds[LIVEODDS].BetStart 11747399 Msgnr :
2017-05-30 10:56:53,808 [Dispatcher2] [INFO] |hqx6CCAFyOOmIGiIAcyjFU9MxzQ=| [Elapsed 00:00:00:00.0087743] Odds[LIVEODDS].OnBetClear 11750537 Msgnr : [null], Odds count #1
2017-05-30 10:56:53,811 [Dispatcher2] [INFO] |Rg7E8FmFFiUzQj12WluWY3Fn3gg=| [Elapsed 00:00:00:00.0026476] Odds[LIVEODDS].OnBetClear 11750537 Msgnr : [null], Odds count #1
2017-05-30 10:56:53,812 [Dispatcher1] [INFO] |vquSSrwbXsHFmU2GIXQ+dRR//Uw=| [Elapsed 00:00:00:00.0046417] Odds[LIVEODDS].OnBetClear 11747397 Msgnr : [null], Odds count #1
2017-05-30 10:56:53,813 [Dispatcher3] [INFO] |WV793AJ6l5a3Bjp4nJNK2OCr3wI=| [Elapsed 00:00:00:00.0051791] Odds[LIVEODDS].OnBetClear 11747399 Msgnr : [null], Odds count #1
2017-05-30 10:56:53,816 [Dispatcher2] [INFO] |RNRcUbn8HFmbdQcRSRg2NaGpR2Y=| [Elapsed 00:00:00:00.0044429] Odds[LIVEODDS].OnBetClear 11750537 Msgnr : [null], Odds count #1
2017-05-30 10:56:53,819 [Dispatcher2] [INFO] |4EaAqxJt1tanhJP3moF+LR0CH5E=| [Elapsed 00:00:00:00.0024065] Odds[LIVEODDS].OnBetClear 11750537 Msgnr : [null], Odds count #1
2017-05-30 10:56:53,820 [Dispatcher3] [INFO] |HTUIXZXkHve1QC6S5ZL9reZYa1w=| [Elapsed 00:00:00:00.0060092] Odds[LIVEODDS].OnBetClear 11747399 Msgnr : [null], Odds count #1
2017-05-30 10:56:53,820 [Dispatcher1] [INFO] |QLtUlb7nlbtsrUTPNHSiYlfiGpY=| [Elapsed 00:00:00:00.0082043] Odds[LIVEODDS].OnBetClear 11747397 Msgnr : [null], Odds count #1
2017-05-30 10:56:53,825 [Dispatcher3] [INFO] |8UCuS1C8X2+lp/dq1mA5j8oO/88=| [Elapsed 00:00:00:00.0044680] Odds[LIVEODDS].OnBetClear 11747399 Msgnr : [null], Odds count #1
2017-05-30 10:56:53,828 [Dispatcher2] [INFO] |Mo5L2JlojpRrsXNxJhcv5lw+4xQ=| [Elapsed 00:00:00:00.0082991] Odds[LIVEODDS].OnBetClear 11750537 Msgnr : [null], Odds count #1
2017-05-30 10:56:53,828 [Dispatcher1] [INFO] |kIfBSUaiipxwBIcvTkLngLEsNOc=| [Elapsed 00:00:00:00.0075878] Odds[LIVEODDS].OnBetClear 11747397 Msgnr : [null], Odds count #1
2017-05-30 10:56:53,831 [Dispatcher1] [INFO] |Gj8VPNtJW+keSDPInPxLBwanKaU=| [Elapsed 00:00:00:00.0017350] Odds[LIVEODDS].OnBetClear 11747397 Msgnr : [null], Odds count #1
2017-05-30 10:56:53,831 [Dispatcher3] [INFO] |Wdx0oLgsoFUuGCSd1zx88zPKYRE=| [Elapsed 00:00:00:00.0060059] Odds[LIVEODDS].OnBetClear 11747399 Msgnr : [null], Odds count #1
2017-05-30 10:56:53,833 [Dispatcher1] [INFO] |KESBaAV13sjTjtGr/PHbQedVPrI=| [Elapsed 00:00:00:00.0020190] Odds[LIVEODDS].OnBetClear 11747397 Msgnr : [null], Odds count #1
2017-05-30 10:56:53,835 [Dispatcher2] [INFO] |eO/g8SRDscsdvjL5aUSWZP0/B/U=| [Elapsed 00:00:00:00.0063825] Odds[LIVEODDS].OnBetClear 11750537 Msgnr : [null], Odds count #1
2017-05-30 10:56:53,836 [Dispatcher3] [INFO] |WkwaG60HqCAFhLIhPBBXBcDbekM=| [Elapsed 00:00:00:00.0037858] Odds[LIVEODDS].OnBetClear 11747399 Msgnr : [null], Odds count #1
2017-05-30 10:56:53,840 [Dispatcher3] [INFO] |3U/gbiGgFLBqjgVJUA4m7zEwWo0=| [Elapsed 00:00:00:00.0044723] Odds[LIVEODDS].OnBetClear 11747399 Msgnr : [null], Odds count #1
2017-05-30 10:56:53,841 [Dispatcher1] [INFO] |Fizn5RWWIJ3chlPFgjVkzBZQ9ek=| [Elapsed 00:00:00:00.0076254] Odds[LIVEODDS].OnBetClear 11747397 Msgnr : [null], Odds count #1
2017-05-30 10:56:53,842 [Dispatcher2] [INFO] |3t2bqcxEUwgT8u2M8mLnvIvPgQg=| [Elapsed 00:00:00:00.0066538] Odds[LIVEODDS].OnBetClear 11750537 Msgnr : [null], Odds count #1
2017-05-30 10:56:53,844 [Dispatcher1] [INFO] |LtZSbGko8BjFU3wddE+nhDBDn2U=| [Elapsed 00:00:00:00.0028903] Odds[LIVEODDS].OnBetClear 11747397 Msgnr : [null], Odds count #1
2017-05-30 10:56:53,845 [Dispatcher3] [INFO] |HVoNgHkCYPTUj+bvKyZM/7xwJgI=| [Elapsed 00:00:00:00.0042404] Odds[LIVEODDS].OnBetClear 11747399 Msgnr : [null], Odds count #1
2017-05-30 10:56:53,848 [Dispatcher2] [INFO] |wmT8C66Sj+ZJngo1MdDWIl1Ypn0=| [Elapsed 00:00:00:00.0060468] Odds[LIVEODDS].OnBetClear 11750537 Msgnr : [null], Odds count #1
2017-05-30 10:56:53,851 [Dispatcher2] [INFO] |ZWtWhpAar7KYFI2fw7bkRMpsRBA=| [Elapsed 00:00:00:00.0022386] Odds[LIVEODDS].OnBetClear 11750537 Msgnr : [null], Odds count #1
2017-05-30 10:56:53,852 [Dispatcher3] [INFO] |aE/IOqFnnS2kKZ86FhVTgvWBSpk=| [Elapsed 00:00:00:00.0061531] Odds[LIVEODDS].OnBetClear 11747399 Msgnr : [null], Odds count #1
2017-05-30 10:56:53,853 [Dispatcher1] [INFO] |tFNltvEZxoBYpBMcmVcZPu4YIGk=| [Elapsed 00:00:00:00.0083159] Odds[LIVEODDS].OnBetClear 11747397 Msgnr : [null], Odds count #1
2017-05-30 10:56:53,854 [Dispatcher2] [INFO] |BAYQpe3udTWmqc2BW6Ukj0l1Sdc=| [Elapsed 00:00:00:00.0023941] Odds[LIVEODDS].OnBetClear 11750537 Msgnr : [null], Odds count #1
2017-05-30 10:56:53,857 [Dispatcher3] [INFO] |akoSfPxVZb5bCNCXVlHtA8o9pxM=| [Elapsed 00:00:00:00.0046135] Odds[LIVEODDS].OnBetClear 11747399 Msgnr : [null], Odds count #1
2017-05-30 10:56:53,859 [Dispatcher1] [INFO] |uSjL9cDJNgnHpz995RGSZTqxQsE=| [Elapsed 00:00:00:00.0058942] Odds[LIVEODDS].OnBetClear 11747397 Msgnr : [null], Odds count #1
2017-05-30 10:56:53,860 [Dispatcher2] [INFO] |TVCcq/xO3M8E64SePtvHYLkMJeU=| [Elapsed 00:00:00:00.0059605] Odds[LIVEODDS].OnBetClear 11750537 Msgnr : [null], Odds count #1
2017-05-30 10:56:53,862 [Dispatcher3] [INFO] |+RHAv38G7bPayf8T1bNMhug2LeA=| [Elapsed 00:00:00:00.0043735] Odds[LIVEODDS].OnBetClear 11747399 Msgnr : [null], Odds count #1
2017-05-30 10:56:53,863 [Dispatcher2] [INFO] |kxV4pOAvsxyoL2/gO2mT9WHGV9c=| [Elapsed 00:00:00:00.0024438] Odds[LIVEODDS].OnBetClear 11750537 Msgnr : [null], Odds count #1
2017-05-30 10:56:53,866 [Dispatcher2] [INFO] |+OQqPvA0w62mZ0cTm2Aivj6uxJE=| [Elapsed 00:00:00:00.0022152] Odds[LIVEODDS].OnBetClear 11750537 Msgnr : [null], Odds count #1
2017-05-30 10:56:53,867 [Dispatcher3] [INFO] |tMjOWzWQCL2saLbIvxwSGdsSEcQ=| [Elapsed 00:00:00:00.0044729] Odds[LIVEODDS].OnBetClear 11747399 Msgnr : [null], Odds count #1
2017-05-30 10:56:53,867 [Dispatcher1] [INFO] |hSHxW5BJbgDpCYLdZBmF6sQO0f8=| [Elapsed 00:00:00:00.0073903] Odds[LIVEODDS].OnBetClear 11747397 Msgnr : [null], Odds count #1
2017-05-30 10:56:53,872 [Dispatcher3] [INFO] |NSm83SGv9OW1Dm7XkfFuMUJD1s0=| [Elapsed 00:00:00:00.0048762] Odds[LIVEODDS].OnBetClear 11747399 Msgnr : [null], Odds count #1
2017-05-30 10:56:53,873 [Dispatcher2] [INFO] |bRlkjUPVgD3hj3Nq2j6fErfsnZU=| [Elapsed 00:00:00:00.0064368] Odds[LIVEODDS].OnBetClear 11750537 Msgnr : [null], Odds count #1
2017-05-30 10:56:53,874 [Dispatcher1] [INFO] |PKBxJ7yUyG3Eh8+nDmb158hcw6o=| [Elapsed 00:00:00:00.0062733] Odds[LIVEODDS].OnBetClear 11747397 Msgnr : [null], Odds count #1
2017-05-30 10:56:53,877 [Dispatcher2] [INFO] |JEa+3PkabgeU8PbXgdUe5d40vW0=| [Elapsed 00:00:00:00.0039846] Odds[LIVEODDS].OnBetClear 11750537 Msgnr : [null], Odds count #1
2017-05-30 10:56:53,878 [Dispatcher3] [INFO] |bdsrZ74Cc7yr7TwxH/kYiqktSI0=| [Elapsed 00:00:00:00.0053339] Odds[LIVEODDS].OnBetClear 11747399 Msgnr : [null], Odds count #1
2017-05-30 10:56:53,881 [Dispatcher1] [INFO] |tx8z675ifvauqaG7b8T0HjihEOY=| [Elapsed 00:00:00:00.0062352] Odds[LIVEODDS].OnBetClear 11747397 Msgnr : [null], Odds count #1
2017-05-30 10:56:53,882 [Dispatcher2] [INFO] |tUVXSm7JGnDPmKfnnZ0WOetojB8=| [Elapsed 00:00:00:00.0041855] Odds[LIVEODDS].OnBetClear 11750537 Msgnr : [null], Odds count #1
2017-05-30 10:56:53,883 [Dispatcher3] [INFO] |BrYHUDUZXmyQmoDxzTsA2HwMqyk=| [Elapsed 00:00:00:00.0042486] Odds[LIVEODDS].OnBetClear 11747399 Msgnr : [null], Odds count #1
2017-05-30 10:56:53,885 [Dispatcher3] [INFO] |mLotnPs92HgLBok4nL8R86t7lTQ=| [Elapsed 00:00:00:00.0021601] Odds[LIVEODDS].OnBetClear 11747399 Msgnr : [null], Odds count #1
2017-05-30 10:56:53,886 [Dispatcher1] [INFO] |wCiS10BDRmyA9Mfp5x1Mk+zcDOU=| [Elapsed 00:00:00:00.0049799] Odds[LIVEODDS].OnBetClear 11747397 Msgnr : [null], Odds count #1
2017-05-30 10:56:53,887 [Dispatcher2] [INFO] |KIkSttuXZs0daStKKNx/3i8ghO0=| [Elapsed 00:00:00:00.0046617] Odds[LIVEODDS].OnBetClear 11750537 Msgnr : [null], Odds count #1
2017-05-30 10:56:53,891 [Dispatcher2] [INFO] |LW72rCajQbqwMAsfCg0igDHxfZ4=| [Elapsed 00:00:00:00.0030746] Odds[LIVEODDS].OnBetClear 11750537 Msgnr : [null], Odds count #1
2017-05-30 10:56:53,893 [Dispatcher3] [INFO] |z1/LnQVzWUx10W5rkj7Y4+tog8w=| [Elapsed 00:00:00:00.0067876] Odds[LIVEODDS].OnBetClear 11747399 Msgnr : [null], Odds count #1
2017-05-30 10:56:53,893 [Dispatcher1] [INFO] |le0ek9Ibkc946Mwm+c3vjoS+hLY=| [Elapsed 00:00:00:00.0063628] Odds[LIVEODDS].OnBetClear 11747397 Msgnr : [null], Odds count #1
2017-05-30 10:56:53,894 [Dispatcher2] [INFO] |gbwazzwqikkQzFfu7iX/8b1IuNo=| [Elapsed 00:00:00:00.0028420] Odds[LIVEODDS].OnBetClear 11750537 Msgnr : [null], Odds count #1
2017-05-30 10:56:53,897 [Dispatcher3] [INFO] |gxtepQTp74bJoKvRVQpAp++O++o=| [Elapsed 00:00:00:00.0036165] Odds[LIVEODDS].OnBetClear 11747399 Msgnr : [null], Odds count #1
2017-05-30 10:56:53,898 [Dispatcher1] [INFO] |BXXPvI2HAhkM/MYblYrxWk1jr0I=| [Elapsed 00:00:00:00.0036959] Odds[LIVEODDS].OnBetClear 11747397 Msgnr : [null], Odds count #1
2017-05-30 10:56:53,905 [Dispatcher2] [INFO] |f1208/bHUp0z2WBEGcRqtWUf8yE=| [Elapsed 00:00:00:00.0106420] Odds[LIVEODDS].OnBetClear 11750537 Msgnr : [null], Odds count #1
2017-05-30 10:56:53,906 [Dispatcher1] [INFO] |ikDDPxsRerTk7aFZ3asYhtpkTOo=| [Elapsed 00:00:00:00.0080388] Odds[LIVEODDS].OnBetClear 11747397 Msgnr : [null], Odds count #1
2017-05-30 10:56:53,908 [Dispatcher3] [INFO] |xKvMTdaUb+M6hJOxkTknsdG0qpk=| [Elapsed 00:00:00:00.0104423] Odds[LIVEODDS].OnBetClear 11747399 Msgnr : [null], Odds count #1
2017-05-30 10:56:53,911 [Dispatcher2] [INFO] |3JkjMGipGNQNkw8lat7yWhkxpSA=| [Elapsed 00:00:00:00.0052453] Odds[LIVEODDS].OnBetClear 11750537 Msgnr : [null], Odds count #1
2017-05-30 10:56:53,914 [Dispatcher2] [INFO] |XE6jhYg9CjRGCSeM+2ZwSDXZMqY=| [Elapsed 00:00:00:00.0021871] Odds[LIVEODDS].OnBetClear 11750537 Msgnr : [null], Odds count #1
2017-05-30 10:56:53,914 [Dispatcher1] [INFO] |XjayPuUKsgI2BQhxYHWwgFEzLWM=| [Elapsed 00:00:00:00.0079642] Odds[LIVEODDS].OnBetClear 11747397 Msgnr : [null], Odds count #1
2017-05-30 10:56:53,915 [Dispatcher3] [INFO] |HLxi5jvNIb82hoXfvZS4Tz7sRHQ=| [Elapsed 00:00:00:00.0068463] Odds[LIVEODDS].OnBetClear 11747399 Msgnr : [null], Odds count #1
2017-05-30 10:56:53,918 [Dispatcher1] [INFO] |Gqf3ZeJrYlEZm2QkgtWo1Hth8F4=| [Elapsed 00:00:00:00.0031499] Odds[LIVEODDS].OnBetClear 11747397 Msgnr : [null], Odds count #1
2017-05-30 10:56:53,921 [Dispatcher3] [INFO] |MpBAmCT0UJ3o53xHqwf7ozVYy7U=| [Elapsed 00:00:00:00.0050879] Odds[LIVEODDS].OnBetClear 11747399 Msgnr : [null], Odds count #1
2017-05-30 10:56:53,922 [Dispatcher2] [INFO] |zYrbL0JwAtyTfqaARq2pqp2RcLg=| [Elapsed 00:00:00:00.0073222] Odds[LIVEODDS].OnBetClear 11750537 Msgnr : [null], Odds count #1
2017-05-30 10:56:53,926 [Dispatcher2] [INFO] |mQ65SMaEzfhlkjmOj1hgBN50cI4=| [Elapsed 00:00:00:00.0034966] Odds[LIVEODDS].OnBetClear 11750537 Msgnr : [null], Odds count #1
2017-05-30 10:56:53,927 [Dispatcher3] [INFO] |6FU/75P+j7F4/HC4954zKXEdyws=| [Elapsed 00:00:00:00.0050468] Odds[LIVEODDS].OnBetClear 11747399 Msgnr : [null], Odds count #1
2017-05-30 10:56:53,929 [Dispatcher2] [INFO] |KqPIOLwYXJcbChc4Hpj8V+FR14s=| [Elapsed 00:00:00:00.0022750] Odds[LIVEODDS].OnBetClear 11750537 Msgnr : [null], Odds count #1
2017-05-30 10:56:53,929 [Dispatcher1] [INFO] |pQNoElmjS+h3Kc6H/ZVci+qq4UI=| [Elapsed 00:00:00:00.0105359] Odds[LIVEODDS].OnBetClear 11747397 Msgnr : [null], Odds count #1
2017-05-30 10:56:53,932 [Dispatcher3] [INFO] |D8J7NUqWd0rsgEwTQVS9Xg3l0FE=| [Elapsed 00:00:00:00.0052733] Odds[LIVEODDS].OnBetClear 11747399 Msgnr : [null], Odds count #1
2017-05-30 10:56:53,935 [Dispatcher2] [INFO] |qe1LVsDUbnuWZBfomOCL3JhGCi0=| [Elapsed 00:00:00:00.0061545] Odds[LIVEODDS].OnBetClear 11750537 Msgnr : [null], Odds count #1
2017-05-30 10:56:53,936 [Dispatcher3] [INFO] |Ji2rjGt/ITyXrwi6HRcIhduhwUU=| [Elapsed 00:00:00:00.0033983] Odds[LIVEODDS].OnBetClear 11747399 Msgnr : [null], Odds count #1
2017-05-30 10:56:53,938 [Dispatcher2] [INFO] |X+1kp+sluVwnh/Uwu0Atx3HKUJQ=| [Elapsed 00:00:00:00.0018799] Odds[LIVEODDS].OnBetClear 11750537 Msgnr : [null], Odds count #1
2017-05-30 10:56:53,939 [Dispatcher1] [INFO] |b9+tuVDyg2azKzPnvsMEQ2ZqxUU=| [Elapsed 00:00:00:00.0095064] Odds[LIVEODDS].OnBetClear 11747397 Msgnr : [null], Odds count #1
2017-05-30 10:56:53,941 [Dispatcher3] [INFO] |lAwKvvVASavDkVM6b5pw9/TMOAs=| [Elapsed 00:00:00:00.0047105] Odds[LIVEODDS].OnBetClear 11747399 Msgnr : [null], Odds count #1
2017-05-30 10:56:53,944 [Dispatcher2] [INFO] |xE1kkPpLFHX6nqD0BQlV+mvpAUk=| [Elapsed 00:00:00:00.0054340] Odds[LIVEODDS].OnBetClear 11750537 Msgnr : [null], Odds count #1
2017-05-30 10:56:53,945 [Dispatcher1] [INFO] |JGI/35AMwnnCAdfyNc3/vN961JE=| [Elapsed 00:00:00:00.0053529] Odds[LIVEODDS].OnBetClear 11747397 Msgnr : [null], Odds count #1
2017-05-30 10:56:53,947 [Dispatcher2] [INFO] |eThfjfQAeGpDxbJfvREfNZja6uU=| [Elapsed 00:00:00:00.0025199] Odds[LIVEODDS].OnBetClear 11750537 Msgnr : [null], Odds count #1
2017-05-30 10:56:53,950 [Dispatcher2] [INFO] |RzmibhMAy76eloHo+bUoKVw8qNs=| [Elapsed 00:00:00:00.0018767] Odds[LIVEODDS].OnBetClear 11750537 Msgnr : [null], Odds count #1
2017-05-30 10:56:53,954 [Dispatcher1] [INFO] |pXfkoPVlvtu886+CVsIo+DBbEwM=| [Elapsed 00:00:00:00.0087238] Odds[LIVEODDS].OnBetClear 11747397 Msgnr : [null], Odds count #1
2017-05-30 10:56:53,956 [Dispatcher3] [INFO] |S9RuR4IxjRjrKHLW76kvsQ7G3CM=| [Elapsed 00:00:00:00.0137779] Odds[LIVEODDS].OnBetClear 11747399 Msgnr : [null], Odds count #1
2017-05-30 10:56:53,959 [Dispatcher1] [INFO] |193iG1wjlcnAVVVhB/PgXxZooiQ=| [Elapsed 00:00:00:00.0041993] Odds[LIVEODDS].OnBetClear 11747397 Msgnr : [null], Odds count #1
2017-05-30 10:56:53,961 [Dispatcher3] [INFO] |EYIFYyYo1phNhXcC/Qm0hx/jLwk=| [Elapsed 00:00:00:00.0049331] Odds[LIVEODDS].OnBetClear 11747399 Msgnr : [null], Odds count #1
2017-05-30 10:56:53,963 [Dispatcher2] [INFO] |wuhPWtKGFaPCFsiME3z31gn5XO0=| [Elapsed 00:00:00:00.0078427] Odds[LIVEODDS].BetCancel 11750537 Msgnr : [null], Odds count #1
2017-05-30 10:56:53,987 [Dispatcher1] [INFO] |xa244HctwYL6eIGW5Lb89i5urjM=| [Elapsed 00:00:00:00.0274613] Odds[LIVEODDS].OnBetClear 11747397 Msgnr : [null], Odds count #1
2017-05-30 10:56:53,988 [Dispatcher3] [INFO] |S3q43jAo0fxqDT9BWfxWiQZp2Vc=| [Elapsed 00:00:00:00.0262555] Odds[LIVEODDS].OnBetClear 11747399 Msgnr : [null], Odds count #1
2017-05-30 10:56:54,013 [Dispatcher2] [INFO] |HOPNLec+df1cdkgbTHLk/JVDM7k=| [Elapsed 00:00:00:00.0491956] Odds[LIVEODDS].OddsChange 11748447 Msgnr : [null], Odds count #49
2017-05-30 10:56:54,015 [Dispatcher1] [INFO] |8wIms7q+MPm8x5bYJ0v/lu0n1uQ=| [Elapsed 00:00:00:00.0269466] Odds[LIVEODDS].OnBetClear 11747397 Msgnr : [null], Odds count #1
2017-05-30 10:56:54,017 [Dispatcher2] [INFO] |7k+WWTshzVLYL1M1MKmdT/qe/Uw=| [Elapsed 00:00:00:00.0032353] Odds[LIVEODDS].BetStart 11748447 Msgnr :
2017-05-30 10:56:54,017 [Dispatcher3] [INFO] |M6HucHWjJb64O6Ez1KK/50raiMs=| [Elapsed 00:00:00:00.0283140] Odds[LIVEODDS].OnBetClear 11747399 Msgnr : [null], Odds count #1
2017-05-30 10:56:54,018 [Dispatcher1] [INFO] |FP6OxH/YJ1pjkg/xfcD6s7iAb9A=| [Elapsed 00:00:00:00.0029153] Odds[LIVEODDS].OnBetClear 11747397 Msgnr : [null], Odds count #1
2017-05-30 10:56:54,020 [Dispatcher3] [INFO] |EMCtiSlrDQ6uS6JnxgLFQaZdN+M=| [Elapsed 00:00:00:00.0027927] Odds[LIVEODDS].OnBetClear 11747399 Msgnr : [null], Odds count #1
2017-05-30 10:56:54,021 [Dispatcher2] [INFO] |Yvs8HPWYOOzNN2DwcI5hWoM6LpY=| [Elapsed 00:00:00:00.0041237] Odds[LIVEODDS].OddsChange 11747403 Msgnr : [null], Odds count #147
2017-05-30 10:56:54,022 [Dispatcher1] [INFO] |2bS9Qh+OnCf54IIrHJQun9CU/XY=| [Elapsed 00:00:00:00.0035096] Odds[LIVEODDS].OnBetClear 11747397 Msgnr : [null], Odds count #1
2017-05-30 10:56:54,026 [Dispatcher3] [INFO] |bCEAf3lpej3ZfZPBbfcIUJY7lHY=| [Elapsed 00:00:00:00.0051273] Odds[LIVEODDS].OnBetClear 11747399 Msgnr : [null], Odds count #1
2017-05-30 10:56:54,028 [Dispatcher1] [INFO] |KBlV+crpQtDpia3pUxM3x4Lt8Vw=| [Elapsed 00:00:00:00.0050927] Odds[LIVEODDS].OnBetClear 11747397 Msgnr : [null], Odds count #1
2017-05-30 10:56:54,029 [Dispatcher2] [INFO] |nQqOdinByyaFUTOhYhLhqTGdz+o=| [Elapsed 00:00:00:00.0072634] Odds[LIVEODDS].BetStart 11747403 Msgnr :
2017-05-30 10:56:54,030 [Dispatcher3] [INFO] |RWx2PejhIJbLj7GD82W1GIB7hdo=| [Elapsed 00:00:00:00.0029955] Odds[LIVEODDS].OnBetClear 11747399 Msgnr : [null], Odds count #1
2017-05-30 10:56:54,032 [Dispatcher3] [INFO] |ee/WgloKd7wi/Yrlt8ewH+ATWOw=| [Elapsed 00:00:00:00.0022756] Odds[LIVEODDS].OnBetClear 11747399 Msgnr : [null], Odds count #1
2017-05-30 10:56:54,033 [Dispatcher1] [INFO] |jKUI2IxxdLOW9+T/zJPhKihTP08=| [Elapsed 00:00:00:00.0047753] Odds[LIVEODDS].OnBetClear 11747397 Msgnr : [null], Odds count #1
2017-05-30 10:56:54,036 [Dispatcher2] [INFO] |tGpb/OWToLl2dEpZG5FyMDHx45U=| [Elapsed 00:00:00:00.0061134] Odds[LIVEODDS].OnBetClear 11747403 Msgnr : [null], Odds count #1
2017-05-30 10:56:54,038 [Dispatcher1] [INFO] |gxn5Jv+1wHSNw/BnxGGj2rozasA=| [Elapsed 00:00:00:00.0048229] Odds[LIVEODDS].OnBetClear 11747397 Msgnr : [null], Odds count #1
2017-05-30 10:56:54,039 [Dispatcher3] [INFO] |Mng1M884xz6xtAuzVeCQi5m5wd4=| [Elapsed 00:00:00:00.0062182] Odds[LIVEODDS].OnBetClear 11747399 Msgnr : [null], Odds count #1
2017-05-30 10:56:54,041 [Dispatcher1] [INFO] |L80ZXV5IBB9QjsyiEmdaDnHqBSY=| [Elapsed 00:00:00:00.0025006] Odds[LIVEODDS].OnBetClear 11747397 Msgnr : [null], Odds count #1
2017-05-30 10:56:54,042 [Dispatcher2] [INFO] |HrgcrC4SmImhuvpFY9gLLSa3mBU=| [Elapsed 00:00:00:00.0060595] Odds[LIVEODDS].OnBetClear 11747403 Msgnr : [null], Odds count #1
2017-05-30 10:56:54,046 [Dispatcher3] [INFO] |IRQe4b2QggspgmRQ3TsKCvBbsiM=| [Elapsed 00:00:00:00.0063263] Odds[LIVEODDS].OnBetClear 11747399 Msgnr : [null], Odds count #1
2017-05-30 10:56:54,047 [Dispatcher2] [INFO] |e2Y8m0MTvB/GiydBsipNNrSfYVw=| [Elapsed 00:00:00:00.0041663] Odds[LIVEODDS].OnBetClear 11747403 Msgnr : [null], Odds count #1
2017-05-30 10:56:54,048 [Dispatcher1] [INFO] |+S+yqDqKYMeHaQnqBUU0Qc5TrcM=| [Elapsed 00:00:00:00.0058769] Odds[LIVEODDS].OnBetClear 11747397 Msgnr : [null], Odds count #1
2017-05-30 10:56:54,049 [Dispatcher3] [INFO] |DoXr32RAbvVbRJS7MDn2lJFhUCA=| [Elapsed 00:00:00:00.0023977] Odds[LIVEODDS].OnBetClear 11747399 Msgnr : [null], Odds count #1
2017-05-30 10:56:54,051 [Dispatcher3] [INFO] |c7j+fXyweswogOGdf2+mhOlWi/8=| [Elapsed 00:00:00:00.0014487] Odds[LIVEODDS].OnBetClear 11747399 Msgnr : [null], Odds count #1
2017-05-30 10:56:54,051 [Dispatcher1] [INFO] |XDc4IuHKIeSoRovOlXHC2LmZNyU=| [Elapsed 00:00:00:00.0028761] Odds[LIVEODDS].OnBetClear 11747397 Msgnr : [null], Odds count #1
2017-05-30 10:56:54,053 [Dispatcher2] [INFO] |ji6/LkoPIpOrRELZ0yWuXCrQf2Y=| [Elapsed 00:00:00:00.0059056] Odds[LIVEODDS].OnBetClear 11747403 Msgnr : [null], Odds count #1
2017-05-30 10:56:54,054 [Dispatcher3] [INFO] |Pb6qM/q+XTFhx0pICmaZeGSBFAs=| [Elapsed 00:00:00:00.0027823] Odds[LIVEODDS].OnBetClear 11747399 Msgnr : [null], Odds count #1
2017-05-30 10:56:54,058 [Dispatcher3] [INFO] |/4sFbk1NXAYisEmpyyLSaLJUvSw=| [Elapsed 00:00:00:00.0041507] Odds[LIVEODDS].OnBetClear 11747399 Msgnr : [null], Odds count #1
2017-05-30 10:56:54,059 [Dispatcher2] [INFO] |URt/+iKJEbo+BYpWwbMeqJcy6QY=| [Elapsed 00:00:00:00.0056099] Odds[LIVEODDS].OnBetClear 11747403 Msgnr : [null], Odds count #1
2017-05-30 10:56:54,061 [Dispatcher1] [INFO] |XaX2UNgrJRdkGPcIRQfErYa/O98=| [Elapsed 00:00:00:00.0090883] Odds[LIVEODDS].OnBetClear 11747397 Msgnr : [null], Odds count #1
2017-05-30 10:56:54,064 [Dispatcher2] [INFO] |70gc57B5w2P84DTz1Y7mt5tFgvk=| [Elapsed 00:00:00:00.0039530] Odds[LIVEODDS].OnBetClear 11747403 Msgnr : [null], Odds count #1
2017-05-30 10:56:54,064 [Dispatcher3] [INFO] |NYAD0UA/TBpS1lDBRQCwIhNU+vA=| [Elapsed 00:00:00:00.0052383] Odds[LIVEODDS].OnBetClear 11747399 Msgnr : [null], Odds count #1
2017-05-30 10:56:54,068 [Dispatcher3] [INFO] |f+8hUo78IxIdJ0Me7EbE4N6CIrw=| [Elapsed 00:00:00:00.0030095] Odds[LIVEODDS].OnBetClear 11747399 Msgnr : [null], Odds count #1
2017-05-30 10:56:54,069 [Dispatcher1] [INFO] |M92uguqVy8qb5kbHdEUPMK69k28=| [Elapsed 00:00:00:00.0078595] Odds[LIVEODDS].OnBetClear 11747397 Msgnr : [null], Odds count #1
2017-05-30 10:56:54,071 [Dispatcher2] [INFO] |dMkJpQTx/bbr2tM80a8V/6YfroU=| [Elapsed 00:00:00:00.0071150] Odds[LIVEODDS].OnBetClear 11747403 Msgnr : [null], Odds count #1
2017-05-30 10:56:54,072 [Dispatcher3] [INFO] |tmGqRpm2y7W0wMX2guLF6ZE8iuM=| [Elapsed 00:00:00:00.0036193] Odds[LIVEODDS].OnBetClear 11747399 Msgnr : [null], Odds count #1
2017-05-30 10:56:54,073 [Dispatcher1] [INFO] |uopDGR0+U7+cS+BeDWf9d7j3tPc=| [Elapsed 00:00:00:00.0030021] Odds[LIVEODDS].OnBetClear 11747397 Msgnr : [null], Odds count #1
2017-05-30 10:56:54,074 [Dispatcher2] [INFO] |HS/aJ/cgAYZdTKOR5UGEuL+XVcI=| [Elapsed 00:00:00:00.0024848] Odds[LIVEODDS].OnBetClear 11747403 Msgnr : [null], Odds count #1
2017-05-30 10:56:54,079 [Dispatcher3] [INFO] |mXOLH8jAiJ/FO5bct/xeP3oFgPc=| [Elapsed 00:00:00:00.0065707] Odds[LIVEODDS].OnBetClear 11747399 Msgnr : [null], Odds count #1
2017-05-30 10:56:54,080 [Dispatcher1] [INFO] |m/Sgq1FXzlJJfhyCV947HPE/P2g=| [Elapsed 00:00:00:00.0070537] Odds[LIVEODDS].OnBetClear 11747397 Msgnr : [null], Odds count #1
2017-05-30 10:56:54,084 [Dispatcher2] [INFO] |5DZMsu5pzY7MegmLqh+5YLVd9BE=| [Elapsed 00:00:00:00.0091706] Odds[LIVEODDS].OnBetClear 11747403 Msgnr : [null], Odds count #1
2017-05-30 10:56:54,084 [Dispatcher1] [INFO] |LDSbvuozQpa//Hfaq/Npcq9T27I=| [Elapsed 00:00:00:00.0035374] Odds[LIVEODDS].OnBetClear 11747397 Msgnr : [null], Odds count #1
2017-05-30 10:56:54,087 [Dispatcher3] [INFO] |c4mGRYqJ5Gzfg0gkYB7Gps+qBoo=| [Elapsed 00:00:00:00.0068803] Odds[LIVEODDS].OnBetClear 11747399 Msgnr : [null], Odds count #1
2017-05-30 10:56:54,088 [Dispatcher2] [INFO] |ODD69Rozx8NTYOjEQ6XxymO0ZEQ=| [Elapsed 00:00:00:00.0035187] Odds[LIVEODDS].OnBetClear 11747403 Msgnr : [null], Odds count #1
2017-05-30 10:56:54,090 [Dispatcher1] [INFO] |XM9FmQYiYuuADB9E2GwFbnv4mLI=| [Elapsed 00:00:00:00.0052562] Odds[LIVEODDS].OnBetClear 11747397 Msgnr : [null], Odds count #1
2017-05-30 10:56:54,091 [Dispatcher3] [INFO] |3bhTw9q1svI1zeD0LggVLzhLkYY=| [Elapsed 00:00:00:00.0035623] Odds[LIVEODDS].OnBetClear 11747399 Msgnr : [null], Odds count #1
2017-05-30 10:56:54,094 [Dispatcher1] [INFO] |SZskqutzfzehChlvju3B4++33Ko=| [Elapsed 00:00:00:00.0033942] Odds[LIVEODDS].OnBetClear 11747397 Msgnr : [null], Odds count #1
2017-05-30 10:56:54,097 [Dispatcher2] [INFO] |pDuYm6S3EWPYNNvbc21N0B+EP+g=| [Elapsed 00:00:00:00.0083518] Odds[LIVEODDS].OnBetClear 11747403 Msgnr : [null], Odds count #1
2017-05-30 10:56:54,098 [Dispatcher3] [INFO] |wagzu4z+Lzjk4we72mZSxJV7v6o=| [Elapsed 00:00:00:00.0062923] Odds[LIVEODDS].OnBetClear 11747399 Msgnr : [null], Odds count #1
2017-05-30 10:56:54,100 [Dispatcher1] [INFO] |lJcCd+CpNoVp9+Na5Q6IM1rUr8A=| [Elapsed 00:00:00:00.0055104] Odds[LIVEODDS].OddsChange 11748859 Msgnr : [null], Odds count #40
2017-05-30 10:56:54,101 [Dispatcher3] [INFO] |vHy2uWmzyjaEmNn2LgK339qFzRI=| [Elapsed 00:00:00:00.0021514] Odds[LIVEODDS].OnBetClear 11747399 Msgnr : [null], Odds count #1
2017-05-30 10:56:54,102 [Dispatcher2] [INFO] |hIhlB0JTdM1QWhmfG9PUMPtYQNo=| [Elapsed 00:00:00:00.0045882] Odds[LIVEODDS].OnBetClear 11747403 Msgnr : [null], Odds count #1
2017-05-30 10:56:54,103 [Dispatcher3] [INFO] |qdhO1m8KzMmBGQvbVd+S1n/yqoo=| [Elapsed 00:00:00:00.0021060] Odds[LIVEODDS].OnBetClear 11747399 Msgnr : [null], Odds count #1
2017-05-30 10:56:54,104 [Dispatcher1] [INFO] |u77UsPx2JhCsSmerMPTIbVlSujE=| [Elapsed 00:00:00:00.0019610] Odds[LIVEODDS].BetStop 11748859 Msgnr : [null]
2017-05-30 10:56:54,108 [Dispatcher3] [INFO] |dsTdKNiEepe6ZZgPeXgUkIQ/hUA=| [Elapsed 00:00:00:00.0047030] Odds[LIVEODDS].OnBetClear 11747399 Msgnr : [null], Odds count #1
2017-05-30 10:56:54,109 [Dispatcher1] [INFO] |5hoYOUaqTI4NQgygCDMKWJlQID4=| [Elapsed 00:00:00:00.0048498] Odds[LIVEODDS].OddsChange 11748883 Msgnr : [null], Odds count #23
2017-05-30 10:56:54,111 [Dispatcher2] [INFO] |YIS+RjC2SAIm1buAohOCu2Hv6RE=| [Elapsed 00:00:00:00.0086619] Odds[LIVEODDS].OnBetClear 11747403 Msgnr : [null], Odds count #1
2017-05-30 10:56:54,113 [Dispatcher2] [INFO] |fvZcgcyGXikkyndBIsStA9th2sg=| [Elapsed 00:00:00:00.0015981] Odds[LIVEODDS].OnBetClear 11747403 Msgnr : [null], Odds count #1
2017-05-30 10:56:54,114 [Dispatcher3] [INFO] |PVFLDcEZd0nNNkCMimCsp4imQ9o=| [Elapsed 00:00:00:00.0041280] Odds[LIVEODDS].OnBetClear 11747399 Msgnr : [null], Odds count #1
2017-05-30 10:56:54,114 [Dispatcher1] [INFO] |Vq+bFyJdKTaC2ibU+Vy+4CSmoZg=| [Elapsed 00:00:00:00.0045646] Odds[LIVEODDS].BetStop 11748883 Msgnr : [null]
2017-05-30 10:56:54,116 [Dispatcher2] [INFO] |yxKkwIUyXhHSQbmX8uEqLm1M3mI=| [Elapsed 00:00:00:00.0027506] Odds[LIVEODDS].OnBetClear 11747403 Msgnr : [null], Odds count #1
2017-05-30 10:56:54,116 [Dispatcher3] [INFO] |BjnErWcekv7gSQjM6dkGlaAHcxY=| [Elapsed 00:00:00:00.0025699] Odds[LIVEODDS].OnBetClear 11747399 Msgnr : [null], Odds count #1
2017-05-30 10:56:54,120 [Dispatcher1] [INFO] |0fIP8rZuQFFjEv8UiMv+EniPSSE=| [Elapsed 00:00:00:00.0052163] Odds[LIVEODDS].OddsChange 11750291 Msgnr : [null], Odds count #52
2017-05-30 10:56:54,122 [Dispatcher3] [INFO] |dnaYZXPtNF8rcIkYhQpYRpvDdtQ=| [Elapsed 00:00:00:00.0052636] Odds[LIVEODDS].OnBetClear 11747399 Msgnr : [null], Odds count #1
2017-05-30 10:56:54,123 [Dispatcher1] [INFO] |M5GNyq66KWV9Rbnz6/iPTafyHgM=| [Elapsed 00:00:00:00.0025984] Odds[LIVEODDS].BetStart 11750291 Msgnr :
2017-05-30 10:56:54,125 [Dispatcher3] [INFO] |CTaDoRK3vhNhk1zNoEhXXZwVzWY=| [Elapsed 00:00:00:00.0025594] Odds[LIVEODDS].OnBetClear 11747399 Msgnr : [null], Odds count #1
2017-05-30 10:56:54,126 [Dispatcher2] [INFO] |MadBnKpEaWB+SePpKxivcSE2icg=| [Elapsed 00:00:00:00.0095502] Odds[LIVEODDS].OnBetClear 11747403 Msgnr : [null], Odds count #1
2017-05-30 10:56:54,128 [Dispatcher1] [INFO] |HurrWfexjCUyuWIQFXkOAAdq/rI=| [Elapsed 00:00:00:00.0046734] Odds[LIVEODDS].OddsChange 11750251 Msgnr : [null], Odds count #23
2017-05-30 10:56:54,130 [Dispatcher3] [INFO] |j6BuQmF8G5D4prnpHA80wvr6QBc=| [Elapsed 00:00:00:00.0042227] Odds[LIVEODDS].OnBetClear 11747399 Msgnr : [null], Odds count #1
2017-05-30 10:56:54,133 [Dispatcher2] [INFO] |B4E1G9lHF+ZFb/WO9I7Q9K4fGrI=| [Elapsed 00:00:00:00.0061236] Odds[LIVEODDS].OnBetClear 11747403 Msgnr : [null], Odds count #1
2017-05-30 10:56:54,133 [Dispatcher3] [INFO] |daf+UF8vatA6fDZ9teTMRrAEijo=| [Elapsed 00:00:00:00.0020923] Odds[LIVEODDS].OnBetClear 11747399 Msgnr : [null], Odds count #1
2017-05-30 10:56:54,135 [Dispatcher1] [INFO] |dB21bNf9U1Pb5ztUyCMI4sITUhc=| [Elapsed 00:00:00:00.0055852] Odds[LIVEODDS].BetStop 11750251 Msgnr : [null]
2017-05-30 10:56:54,135 [Dispatcher3] [INFO] |AD/ToIBLn9wlM5vw7HDSde+nSiU=| [Elapsed 00:00:00:00.0019275] Odds[LIVEODDS].OnBetClear 11747399 Msgnr : [null], Odds count #1
2017-05-30 10:56:54,139 [Dispatcher2] [INFO] |VmEZzytV+pQrfF30o/qhZDncEtM=| [Elapsed 00:00:00:00.0062181] Odds[LIVEODDS].OnBetClear 11747403 Msgnr : [null], Odds count #1
2017-05-30 10:56:54,141 [Dispatcher2] [INFO] |a5ahXZ0I7/l3vUE5m2GY36YWA0A=| [Elapsed 00:00:00:00.0014914] Odds[LIVEODDS].OnBetClear 11747403 Msgnr : [null], Odds count #1
2017-05-30 10:56:54,142 [Dispatcher3] [INFO] |qdgwxLqorXowbnDJVmW2+P0TT50=| [Elapsed 00:00:00:00.0062373] Odds[LIVEODDS].OnBetClear 11747399 Msgnr : [null], Odds count #1
2017-05-30 10:56:54,143 [Dispatcher2] [INFO] |8rKjhjwbuhR0AE4h0nG5M+Z8m5s=| [Elapsed 00:00:00:00.0015125] Odds[LIVEODDS].OnBetClear 11747403 Msgnr : [null], Odds count #1
2017-05-30 10:56:54,145 [Dispatcher3] [INFO] |NWZ0X7Hg2MpXAi9DzAvc+pwQ++c=| [Elapsed 00:00:00:00.0024127] Odds[LIVEODDS].OnBetClear 11747399 Msgnr : [null], Odds count #1
2017-05-30 10:56:54,146 [Dispatcher2] [INFO] |yaCegsLxpvVfWLYgsVvw15WwY7A=| [Elapsed 00:00:00:00.0022418] Odds[LIVEODDS].OnBetClear 11747403 Msgnr : [null], Odds count #1
2017-05-30 10:56:54,149 [Dispatcher3] [INFO] |MYLk2BGbmtRNuzP7upcbBgCA8dM=| [Elapsed 00:00:00:00.0037386] Odds[LIVEODDS].OddsChange 11747407 Msgnr : [null], Odds count #131
2017-05-30 10:56:54,151 [Dispatcher2] [INFO] |wWrH1fOA6/bhNSSrQgIC/8qAA6w=| [Elapsed 00:00:00:00.0042598] Odds[LIVEODDS].OnBetClear 11747403 Msgnr : [null], Odds count #1
2017-05-30 10:56:54,152 [Dispatcher2] [INFO] |pNXXsBKH5FrLgm2bwsVAEpNsgsI=| [Elapsed 00:00:00:00.0013313] Odds[LIVEODDS].OnBetClear 11747403 Msgnr : [null], Odds count #1
2017-05-30 10:56:54,153 [Dispatcher3] [INFO] |ZFFCw9StoKYZa/hqv+91Jtgdo2U=| [Elapsed 00:00:00:00.0035863] Odds[LIVEODDS].BetStart 11747407 Msgnr :
2017-05-30 10:56:54,154 [Dispatcher3] [INFO] |mCjNeWJBovX9pWo7vb1i3V3B/9E=| [Elapsed 00:00:00:00.0009935] Odds[LIVEODDS].OnBetClear 11747407 Msgnr : [null], Odds count #1
2017-05-30 10:56:54,156 [Dispatcher2] [INFO] |+JrphRom1UPLR4YPhb27jfubpWo=| [Elapsed 00:00:00:00.0029130] Odds[LIVEODDS].OnBetClear 11747403 Msgnr : [null], Odds count #1
2017-05-30 10:56:54,157 [Dispatcher3] [INFO] |rPRZjmC/4S5fQ35cPOTHSOn0AN4=| [Elapsed 00:00:00:00.0026666] Odds[LIVEODDS].OnBetClear 11747407 Msgnr : [null], Odds count #1
2017-05-30 10:56:54,160 [Dispatcher2] [INFO] |Ij61kN5rVe7BHPBHmTBGaYTg5Hw=| [Elapsed 00:00:00:00.0038184] Odds[LIVEODDS].OnBetClear 11747403 Msgnr : [null], Odds count #1
2017-05-30 10:56:54,162 [Dispatcher3] [INFO] |CD9Far/EGTQsuYRWjBvJbauuvkg=| [Elapsed 00:00:00:00.0041735] Odds[LIVEODDS].OnBetClear 11747407 Msgnr : [null], Odds count #1
2017-05-30 10:56:54,165 [Dispatcher2] [INFO] |XEQ6UHv9lFU41Yt/e1HkPvX/Ngg=| [Elapsed 00:00:00:00.0031412] Odds[LIVEODDS].OnBetClear 11747403 Msgnr : [null], Odds count #1
2017-05-30 10:56:54,169 [Dispatcher2] [INFO] |fzPMZcoEpEs8A76I+e0el0rqsA4=| [Elapsed 00:00:00:00.0039433] Odds[LIVEODDS].OnBetClear 11747403 Msgnr : [null], Odds count #1
2017-05-30 10:56:54,170 [Dispatcher3] [INFO] |1Wm0xvz0J7Jep6hI6N777SWJtHA=| [Elapsed 00:00:00:00.0071645] Odds[LIVEODDS].OnBetClear 11747407 Msgnr : [null], Odds count #1
2017-05-30 10:56:54,173 [Dispatcher2] [INFO] |d3ccLuAwHa4tId70EhhX7/CdS4w=| [Elapsed 00:00:00:00.0023905] Odds[LIVEODDS].OnBetClear 11747403 Msgnr : [null], Odds count #1
2017-05-30 10:56:54,173 [Dispatcher3] [INFO] |1ZTevC2hMxZRWFk4nUmzbWeTsls=| [Elapsed 00:00:00:00.0027183] Odds[LIVEODDS].OnBetClear 11747407 Msgnr : [null], Odds count #1
2017-05-30 10:56:54,176 [Dispatcher2] [INFO] |6X7jc3uReLzZBk6fgHFDUulneoY=| [Elapsed 00:00:00:00.0025853] Odds[LIVEODDS].OnBetClear 11747403 Msgnr : [null], Odds count #1
2017-05-30 10:56:54,176 [Dispatcher3] [INFO] |FBtPM6fKKR8L2RNXdej7BeQ3KYE=| [Elapsed 00:00:00:00.0026863] Odds[LIVEODDS].OnBetClear 11747407 Msgnr : [null], Odds count #1
2017-05-30 10:56:54,179 [Dispatcher2] [INFO] |OWb0F6r+Uu1t4YJw9PoRGPvay+g=| [Elapsed 00:00:00:00.0035111] Odds[LIVEODDS].OnBetClear 11747403 Msgnr : [null], Odds count #1
2017-05-30 10:56:54,181 [Dispatcher3] [INFO] |eSF3EcadCYvGzibbInbZInoHCzs=| [Elapsed 00:00:00:00.0044435] Odds[LIVEODDS].OnBetClear 11747407 Msgnr : [null], Odds count #1
2017-05-30 10:56:54,184 [Dispatcher3] [INFO] |3w4z+5hnmnJY/zDW8UA/0P21VlI=| [Elapsed 00:00:00:00.0018070] Odds[LIVEODDS].OnBetClear 11747407 Msgnr : [null], Odds count #1
2017-05-30 10:56:54,184 [Dispatcher2] [INFO] |SSY3dunfl8xZf3T9i6jB5pXGPuA=| [Elapsed 00:00:00:00.0035983] Odds[LIVEODDS].OnBetClear 11747403 Msgnr : [null], Odds count #1
2017-05-30 10:56:54,186 [Dispatcher3] [INFO] |owqX9vRBlSBQpoqCQVh2ONsSToE=| [Elapsed 00:00:00:00.0017055] Odds[LIVEODDS].OnBetClear 11747407 Msgnr : [null], Odds count #1
2017-05-30 10:56:54,187 [Dispatcher2] [INFO] |Kb2Tc+od7UhMxV8QEg5hYku/ZTA=| [Elapsed 00:00:00:00.0023653] Odds[LIVEODDS].OnBetClear 11747403 Msgnr : [null], Odds count #1
2017-05-30 10:56:54,190 [Dispatcher3] [INFO] |u0QjrqivdIIKtv0zyeXr5d25hWg=| [Elapsed 00:00:00:00.0042759] Odds[LIVEODDS].OnBetClear 11747407 Msgnr : [null], Odds count #1
2017-05-30 10:56:54,193 [Dispatcher2] [INFO] |o9nxj1SaDpgNpUXdPewDBcCP0PU=| [Elapsed 00:00:00:00.0050662] Odds[LIVEODDS].OnBetClear 11747403 Msgnr : [null], Odds count #1
2017-05-30 10:56:54,194 [Dispatcher3] [INFO] |dUfFSo3qk01EnoRTYe/Gzi3/LVc=| [Elapsed 00:00:00:00.0026260] Odds[LIVEODDS].OnBetClear 11747407 Msgnr : [null], Odds count #1
2017-05-30 10:56:54,196 [Dispatcher2] [INFO] |6lF29Qnj++rIr2t/ctdjxO9TZw4=| [Elapsed 00:00:00:00.0027601] Odds[LIVEODDS].OnBetClear 11747403 Msgnr : [null], Odds count #1
2017-05-30 10:56:54,197 [Dispatcher3] [INFO] |vXnUCH0XlxSjbGp4GSPUvjB6vS0=| [Elapsed 00:00:00:00.0028959] Odds[LIVEODDS].OnBetClear 11747407 Msgnr : [null], Odds count #1
2017-05-30 10:56:54,200 [Dispatcher2] [INFO] |xRgQnLZm3Dct8ynYg4vIF70pQmU=| [Elapsed 00:00:00:00.0037365] Odds[LIVEODDS].OnBetClear 11747403 Msgnr : [null], Odds count #1
2017-05-30 10:56:54,202 [Dispatcher3] [INFO] |813XqiwmM9KlCgJ8xGsao6BDfis=| [Elapsed 00:00:00:00.0046556] Odds[LIVEODDS].OnBetClear 11747407 Msgnr : [null], Odds count #1
2017-05-30 10:56:54,203 [Dispatcher2] [INFO] |uVJPLg/7wW2opPdS+Y3bl1UlRo4=| [Elapsed 00:00:00:00.0019905] Odds[LIVEODDS].OnBetClear 11747403 Msgnr : [null], Odds count #1
2017-05-30 10:56:54,204 [Dispatcher3] [INFO] |U0XmDZSx32ejWOf2V1y3BEyawJg=| [Elapsed 00:00:00:00.0017922] Odds[LIVEODDS].OnBetClear 11747407 Msgnr : [null], Odds count #1
2017-05-30 10:56:54,205 [Dispatcher2] [INFO] |6qGgrt9AdR/OnKcO8imxrklYuPE=| [Elapsed 00:00:00:00.0017570] Odds[LIVEODDS].OnBetClear 11747403 Msgnr : [null], Odds count #1
2017-05-30 10:56:54,206 [Dispatcher3] [INFO] |brj58RqKUC6cEhSzBwJOYu8BJZ8=| [Elapsed 00:00:00:00.0017626] Odds[LIVEODDS].OnBetClear 11747407 Msgnr : [null], Odds count #1
2017-05-30 10:56:54,206 [Dispatcher2] [INFO] |/lub95NqNEQ0/Xl//oIqPpJtajM=| [Elapsed 00:00:00:00.0014500] Odds[LIVEODDS].OnBetClear 11747403 Msgnr : [null], Odds count #1
2017-05-30 10:56:54,212 [Dispatcher3] [INFO] |clJEy/n8uG9VF0IKIfFR/9I4b1U=| [Elapsed 00:00:00:00.0048563] Odds[LIVEODDS].OnBetClear 11747407 Msgnr : [null], Odds count #1
2017-05-30 10:56:54,216 [Dispatcher3] [INFO] |lswG+wcjZkeMnSE8mQ6f4MAjJhY=| [Elapsed 00:00:00:00.0039360] Odds[LIVEODDS].OnBetClear 11747407 Msgnr : [null], Odds count #1
2017-05-30 10:56:54,217 [Dispatcher2] [INFO] |1mEDTiwG1EpDRQ2FVjy9lvvv+/Y=| [Elapsed 00:00:00:00.0105092] Odds[LIVEODDS].OnBetClear 11747403 Msgnr : [null], Odds count #1
2017-05-30 10:56:54,221 [Dispatcher3] [INFO] |2f9nsnmUQYlK62yJaexzpDCfj4I=| [Elapsed 00:00:00:00.0045567] Odds[LIVEODDS].OnBetClear 11747407 Msgnr : [null], Odds count #1
2017-05-30 10:56:54,222 [Dispatcher2] [INFO] |7VWgTMe2TFR6L5nCQmxOB5ZinqE=| [Elapsed 00:00:00:00.0043227] Odds[LIVEODDS].OnBetClear 11747403 Msgnr : [null], Odds count #1
2017-05-30 10:56:54,224 [Dispatcher3] [INFO] |Qvr3dc4gIKVxTnklBg2wwBfT7rc=| [Elapsed 00:00:00:00.0018975] Odds[LIVEODDS].OnBetClear 11747407 Msgnr : [null], Odds count #1
2017-05-30 10:56:54,228 [Dispatcher2] [INFO] |kU0pskbDKtkr0q+sdTKd+8HBIwU=| [Elapsed 00:00:00:00.0051801] Odds[LIVEODDS].OnBetClear 11747403 Msgnr : [null], Odds count #1
2017-05-30 10:56:54,232 [Dispatcher2] [INFO] |SflX/X9dxeSOXrwVrt86g9AKoac=| [Elapsed 00:00:00:00.0037910] Odds[LIVEODDS].OnBetClear 11747403 Msgnr : [null], Odds count #1
2017-05-30 10:56:54,234 [Dispatcher2] [INFO] |KlYqbFIkhZSD6iht2pdr9dkrx6M=| [Elapsed 00:00:00:00.0013233] Odds[LIVEODDS].OnBetClear 11747403 Msgnr : [null], Odds count #1
2017-05-30 10:56:54,235 [Dispatcher3] [INFO] |X2J9KARdQOg+/HVBByTK6jbvB/M=| [Elapsed 00:00:00:00.0097968] Odds[LIVEODDS].OnBetClear 11747407 Msgnr : [null], Odds count #1
2017-05-30 10:56:54,236 [Dispatcher2] [INFO] |czWB0xHl79FC8zofNIbnAuu1XPg=| [Elapsed 00:00:00:00.0018872] Odds[LIVEODDS].OnBetClear 11747403 Msgnr : [null], Odds count #1
2017-05-30 10:56:54,237 [Dispatcher3] [INFO] |kY8lSJ8B6FGI0dQNE6wN3z6xvIs=| [Elapsed 00:00:00:00.0022069] Odds[LIVEODDS].OnBetClear 11747407 Msgnr : [null], Odds count #1
2017-05-30 10:56:54,238 [Dispatcher2] [INFO] |L9iAI7A98OjW7EczFwE6WLSNOr8=| [Elapsed 00:00:00:00.0014588] Odds[LIVEODDS].OnBetClear 11747403 Msgnr : [null], Odds count #1
2017-05-30 10:56:54,242 [Dispatcher3] [INFO] |SHB93i6UcPa0owjDxx8TzCtVlug=| [Elapsed 00:00:00:00.0047830] Odds[LIVEODDS].OnBetClear 11747407 Msgnr : [null], Odds count #1
2017-05-30 10:56:54,243 [Dispatcher2] [INFO] |T7Wq8CaEgKrvzKqaCEvSW6KR4JY=| [Elapsed 00:00:00:00.0041552] Odds[LIVEODDS].OnBetClear 11747403 Msgnr : [null], Odds count #1
2017-05-30 10:56:54,244 [Dispatcher3] [INFO] |RBdcJoVJxiJRiD0LvcUEtnWngPw=| [Elapsed 00:00:00:00.0016074] Odds[LIVEODDS].OnBetClear 11747407 Msgnr : [null], Odds count #1
2017-05-30 10:56:54,245 [Dispatcher2] [INFO] |uL5n5HoN163JgjcmbOJH4VZrSuI=| [Elapsed 00:00:00:00.0020152] Odds[LIVEODDS].OnBetClear 11747403 Msgnr : [null], Odds count #1
2017-05-30 10:56:54,248 [Dispatcher2] [INFO] |QkMFb9omhjXkhIPDnL5l8HW9754=| [Elapsed 00:00:00:00.0020237] Odds[LIVEODDS].OnBetClear 11747403 Msgnr : [null], Odds count #1
2017-05-30 10:56:54,250 [Dispatcher3] [INFO] |nvYLR4XElZAM+1l39NmSNgMWKKA=| [Elapsed 00:00:00:00.0048220] Odds[LIVEODDS].OnBetClear 11747407 Msgnr : [null], Odds count #1
2017-05-30 10:56:54,252 [Dispatcher2] [INFO] |hypNs2tKH8mCAF5wjggkLsjCUu0=| [Elapsed 00:00:00:00.0042591] Odds[LIVEODDS].OnBetClear 11747403 Msgnr : [null], Odds count #1
2017-05-30 10:56:54,254 [Dispatcher3] [INFO] |cE2NwtqJY4qvq4AYO/l2N5hmNk4=| [Elapsed 00:00:00:00.0041091] Odds[LIVEODDS].OnBetClear 11747407 Msgnr : [null], Odds count #1
2017-05-30 10:56:54,255 [Dispatcher2] [INFO] |qfAju6uLrMA/+1cpBmrw0nrnoSE=| [Elapsed 00:00:00:00.0022126] Odds[LIVEODDS].OnBetClear 11747403 Msgnr : [null], Odds count #1
2017-05-30 10:56:54,257 [Dispatcher3] [INFO] |EkeHnO4KFZOMYeBmSxVSAN+HjDM=| [Elapsed 00:00:00:00.0019666] Odds[LIVEODDS].OnBetClear 11747407 Msgnr : [null], Odds count #1
2017-05-30 10:56:54,257 [Dispatcher2] [INFO] |NaLxloKozDLLEfEmshpqU88jpD0=| [Elapsed 00:00:00:00.0019559] Odds[LIVEODDS].OnBetClear 11747403 Msgnr : [null], Odds count #1
2017-05-30 10:56:54,259 [Dispatcher3] [INFO] |ZD61botnQhDMX5x2M94GLJ/jIac=| [Elapsed 00:00:00:00.0015312] Odds[LIVEODDS].OnBetClear 11747407 Msgnr : [null], Odds count #1
2017-05-30 10:56:54,260 [Dispatcher2] [INFO] |x7QsvnJY8DA9UHjT2h8Xmii2b0U=| [Elapsed 00:00:00:00.0023585] Odds[LIVEODDS].OnBetClear 11747403 Msgnr : [null], Odds count #1
2017-05-30 10:56:54,264 [Dispatcher3] [INFO] |FNhcrwcWYoajkI0UiKzqodbKL0Y=| [Elapsed 00:00:00:00.0051542] Odds[LIVEODDS].OnBetClear 11747407 Msgnr : [null], Odds count #1
2017-05-30 10:56:54,266 [Dispatcher2] [INFO] |lG3H5bWKpVQI4iqlnYpxF9hinVA=| [Elapsed 00:00:00:00.0054881] Odds[LIVEODDS].OnBetClear 11747403 Msgnr : [null], Odds count #1
2017-05-30 10:56:54,268 [Dispatcher3] [INFO] |gto7ThCzdnXWBiUM7B0Iu1/wPk4=| [Elapsed 00:00:00:00.0026578] Odds[LIVEODDS].OnBetClear 11747407 Msgnr : [null], Odds count #1
2017-05-30 10:56:54,271 [Dispatcher2] [INFO] |+F9t/qoGOuLGC6mV9l8nmLoFsbc=| [Elapsed 00:00:00:00.0041397] Odds[LIVEODDS].OnBetClear 11747403 Msgnr : [null], Odds count #1
2017-05-30 10:56:54,273 [Dispatcher3] [INFO] |90TEfAYtaf4SmlJPH3hIhuqIb2o=| [Elapsed 00:00:00:00.0043645] Odds[LIVEODDS].OnBetClear 11747407 Msgnr : [null], Odds count #1
2017-05-30 10:56:54,274 [Dispatcher2] [INFO] |sDSKkR2aglaU8ekulTqJdA6eCnM=| [Elapsed 00:00:00:00.0029795] Odds[LIVEODDS].OnBetClear 11747403 Msgnr : [null], Odds count #1
2017-05-30 10:56:54,277 [Dispatcher3] [INFO] |1wuLBYgSKynsKH2l9N04g+5gXkA=| [Elapsed 00:00:00:00.0033063] Odds[LIVEODDS].OnBetClear 11747407 Msgnr : [null], Odds count #1
2017-05-30 10:56:54,278 [Dispatcher2] [INFO] |xZSE57w1N0BEHhkwmHEPacddHaY=| [Elapsed 00:00:00:00.0029028] Odds[LIVEODDS].OnBetClear 11747403 Msgnr : [null], Odds count #1
2017-05-30 10:56:54,280 [Dispatcher3] [INFO] |DMxZRsUjz1ItSpR+xn7m8mV8dEI=| [Elapsed 00:00:00:00.0032074] Odds[LIVEODDS].OnBetClear 11747407 Msgnr : [null], Odds count #1
2017-05-30 10:56:54,281 [Dispatcher2] [INFO] |GA4wYFKZ6k033PY7jBV0utL8Deg=| [Elapsed 00:00:00:00.0032714] Odds[LIVEODDS].OnBetClear 11747403 Msgnr : [null], Odds count #1
2017-05-30 10:56:54,286 [Dispatcher3] [INFO] |j3j9Jh4NvYpvCVDuld37VPLEtgM=| [Elapsed 00:00:00:00.0046546] Odds[LIVEODDS].OnBetClear 11747407 Msgnr : [null], Odds count #1
2017-05-30 10:56:54,286 [Dispatcher2] [INFO] |dbwCxlXItKJ20C+Kvh41olAdakA=| [Elapsed 00:00:00:00.0045060] Odds[LIVEODDS].OnBetClear 11747403 Msgnr : [null], Odds count #1
2017-05-30 10:56:54,289 [Dispatcher3] [INFO] |6zbZZVz6bUH04AlUpa6fmIn7UXA=| [Elapsed 00:00:00:00.0025517] Odds[LIVEODDS].OnBetClear 11747407 Msgnr : [null], Odds count #1
2017-05-30 10:56:54,289 [Dispatcher2] [INFO] |CNjZ8wYLETT4O7NpfBAbSccYfRg=| [Elapsed 00:00:00:00.0024478] Odds[LIVEODDS].OnBetClear 11747403 Msgnr : [null], Odds count #1
2017-05-30 10:56:54,291 [Dispatcher3] [INFO] |lh3Mk7tpixTWUYRdKEwqORLZkTQ=| [Elapsed 00:00:00:00.0023205] Odds[LIVEODDS].OnBetClear 11747407 Msgnr : [null], Odds count #1
2017-05-30 10:56:54,294 [Dispatcher2] [INFO] |Q9H2JESszMdJt+UTxr+4RhJuxn8=| [Elapsed 00:00:00:00.0047353] Odds[LIVEODDS].OnBetClear 11747403 Msgnr : [null], Odds count #1
2017-05-30 10:56:54,297 [Dispatcher3] [INFO] |yXe1IKVmxCVb1crD4SSAuUGsuqk=| [Elapsed 00:00:00:00.0048161] Odds[LIVEODDS].OnBetClear 11747407 Msgnr : [null], Odds count #1
2017-05-30 10:56:54,297 [Dispatcher2] [INFO] |a2AeBJobFCJZ8JoDsAcaBumO7RQ=| [Elapsed 00:00:00:00.0022608] Odds[LIVEODDS].OnBetClear 11747403 Msgnr : [null], Odds count #1
2017-05-30 10:56:54,299 [Dispatcher3] [INFO] |ba11hdb5E1FVJVmRUUvSWrmWcPQ=| [Elapsed 00:00:00:00.0021768] Odds[LIVEODDS].OnBetClear 11747407 Msgnr : [null], Odds count #1
2017-05-30 10:56:54,300 [Dispatcher2] [INFO] |6JjrOTBbJneAGTk8IRKGJ9vzOXg=| [Elapsed 00:00:00:00.0021385] Odds[LIVEODDS].OnBetClear 11747403 Msgnr : [null], Odds count #1
2017-05-30 10:56:54,303 [Dispatcher2] [INFO] |c08RfT9ZLAFRa/BVIMnclFTS4mQ=| [Elapsed 00:00:00:00.0032657] Odds[LIVEODDS].OnBetClear 11747403 Msgnr : [null], Odds count #1
2017-05-30 10:56:54,304 [Dispatcher3] [INFO] |+Q8S1DlvOxMGquZ2sSl2tL48wZw=| [Elapsed 00:00:00:00.0046013] Odds[LIVEODDS].OnBetClear 11747407 Msgnr : [null], Odds count #1
2017-05-30 10:56:54,313 [Dispatcher3] [INFO] |mpR849g9aXCm5/z4ubhQ/+fIxBQ=| [Elapsed 00:00:00:00.0085243] Odds[LIVEODDS].OnBetClear 11747407 Msgnr : [null], Odds count #1
2017-05-30 10:56:54,314 [Dispatcher2] [INFO] |mBeYLRkyTUQe7/N5cHoXVpz/s6o=| [Elapsed 00:00:00:00.0096496] Odds[LIVEODDS].OnBetClear 11747403 Msgnr : [null], Odds count #1
2017-05-30 10:56:54,316 [Dispatcher3] [INFO] |b9wFTuW92qo07x/S+dJiFn7LHFI=| [Elapsed 00:00:00:00.0024532] Odds[LIVEODDS].OnBetClear 11747407 Msgnr : [null], Odds count #1
2017-05-30 10:56:54,317 [Dispatcher2] [INFO] |uAABuiS84ZAWS3vwJ+5tFg7K1bY=| [Elapsed 00:00:00:00.0030462] Odds[LIVEODDS].OnBetClear 11747403 Msgnr : [null], Odds count #1
2017-05-30 10:56:54,320 [Dispatcher3] [INFO] |4H9FnoJL0yaeeSuobxYiDAaCS78=| [Elapsed 00:00:00:00.0026698] Odds[LIVEODDS].OnBetClear 11747407 Msgnr : [null], Odds count #1
2017-05-30 10:56:54,320 [Dispatcher2] [INFO] |8Acp7hct4nVPZOFPUtmZ3FkTGmM=| [Elapsed 00:00:00:00.0025129] Odds[LIVEODDS].OnBetClear 11747403 Msgnr : [null], Odds count #1
2017-05-30 10:56:54,324 [Dispatcher3] [INFO] |EOSjoc2wegorh+0iQrUxIyTuiPk=| [Elapsed 00:00:00:00.0038692] Odds[LIVEODDS].OnBetClear 11747407 Msgnr : [null], Odds count #1
2017-05-30 10:56:54,325 [Dispatcher2] [INFO] |nIOjJQcT+WSnS8mh7jIFJqTrzaE=| [Elapsed 00:00:00:00.0044906] Odds[LIVEODDS].OnBetClear 11747403 Msgnr : [null], Odds count #1
2017-05-30 10:56:54,327 [Dispatcher3] [INFO] |+g1tNM60B2mb9QZDf2C4kiU4Tfw=| [Elapsed 00:00:00:00.0024917] Odds[LIVEODDS].OnBetClear 11747407 Msgnr : [null], Odds count #1
2017-05-30 10:56:54,328 [Dispatcher2] [INFO] |RzZCRbM1uAxQ840RM5zOd7dI82s=| [Elapsed 00:00:00:00.0026260] Odds[LIVEODDS].OnBetClear 11747403 Msgnr : [null], Odds count #1
2017-05-30 10:56:54,330 [Dispatcher2] [INFO] |8ABGLXcA3tVGUU+KVxcG5x93yls=| [Elapsed 00:00:00:00.0013913] Odds[LIVEODDS].OnBetClear 11747403 Msgnr : [null], Odds count #1
2017-05-30 10:56:54,331 [Dispatcher3] [INFO] |5oP1Coh5znsBjk3iTFIjwESbAlQ=| [Elapsed 00:00:00:00.0033262] Odds[LIVEODDS].OnBetClear 11747407 Msgnr : [null], Odds count #1
2017-05-30 10:56:54,334 [Dispatcher2] [INFO] |wJQJD1/BKmmF/nMZzM+48J9Od6w=| [Elapsed 00:00:00:00.0038528] Odds[LIVEODDS].OddsChange 11736515 Msgnr : [null], Odds count #14
2017-05-30 10:56:54,335 [Dispatcher3] [INFO] |YCk4ZvhKtDk9qNT2eWYO+aFn8Zc=| [Elapsed 00:00:00:00.0039592] Odds[LIVEODDS].OnBetClear 11747407 Msgnr : [null], Odds count #1
2017-05-30 10:56:54,337 [Dispatcher2] [INFO] |00W7N9MwrplIC2PUJD1O/5c6R68=| [Elapsed 00:00:00:00.0027728] Odds[LIVEODDS].BetStart 11736515 Msgnr :
2017-05-30 10:56:54,338 [Dispatcher3] [INFO] |HMwJqaIJlWRVxYHj/pQuFHS9/rI=| [Elapsed 00:00:00:00.0028623] Odds[LIVEODDS].OnBetClear 11747407 Msgnr : [null], Odds count #1
2017-05-30 10:56:54,340 [Dispatcher3] [INFO] |v4nh7/epwFgMKznIeoc9/MjpyVQ=| [Elapsed 00:00:00:00.0018703] Odds[LIVEODDS].OnBetClear 11747407 Msgnr : [null], Odds count #1
2017-05-30 10:56:54,343 [Dispatcher2] [INFO] |cLlFrTe1zpe4mMNPFNcTAMKIFw4=| [Elapsed 00:00:00:00.0052949] Odds[LIVEODDS].OddsChange 11750917 Msgnr : [null], Odds count #13
2017-05-30 10:56:54,344 [Dispatcher3] [INFO] |z8bF/r6RGs2wd+ySe/J6SQ9Afkg=| [Elapsed 00:00:00:00.0037194] Odds[LIVEODDS].OnBetClear 11747407 Msgnr : [null], Odds count #1
2017-05-30 10:56:54,346 [Dispatcher2] [INFO] |g8rTLCTjhOZ/Sz/IQbv2D/vt4b8=| [Elapsed 00:00:00:00.0024963] Odds[LIVEODDS].BetStart 11750917 Msgnr :
2017-05-30 10:56:54,348 [Dispatcher2] [INFO] |HjSyVNMBW1yaGvpfGicRshsM3F4=| [Elapsed 00:00:00:00.0017454] Odds[LIVEODDS].OddsChange 11620243 Msgnr : [null], Odds count #46
2017-05-30 10:56:54,349 [Dispatcher3] [INFO] |sX3DDDGQGBsMv1CcNrpI2NDSZiA=| [Elapsed 00:00:00:00.0041577] Odds[LIVEODDS].OnBetClear 11747407 Msgnr : [null], Odds count #1
2017-05-30 10:56:54,353 [Dispatcher3] [INFO] |4iQmZt1C883b84HgjhLIHDQWo2M=| [Elapsed 00:00:00:00.0032498] Odds[LIVEODDS].OnBetClear 11747407 Msgnr : [null], Odds count #1
2017-05-30 10:56:54,353 [Dispatcher2] [INFO] |IiimBbttWDYmaHf8wT965G9Wz0M=| [Elapsed 00:00:00:00.0048018] Odds[LIVEODDS].BetStart 11620243 Msgnr :
2017-05-30 10:56:54,355 [Dispatcher2] [INFO] |hgeNYMiL2zSiRc1ibKFU4s2escw=| [Elapsed 00:00:00:00.0015565] Odds[LIVEODDS].OddsChange 11750253 Msgnr : [null], Odds count #23
2017-05-30 10:56:54,356 [Dispatcher3] [INFO] |7c9ghNQTyDgjONgb7HNAFeg98J0=| [Elapsed 00:00:00:00.0029989] Odds[LIVEODDS].OnBetClear 11747407 Msgnr : [null], Odds count #1
2017-05-30 10:56:54,359 [Dispatcher2] [INFO] |3Xn+a6Mh/lQIMc05Q7b1HjivTrQ=| [Elapsed 00:00:00:00.0032994] Odds[LIVEODDS].BetStop 11750253 Msgnr : [null]
2017-05-30 10:56:54,359 [Dispatcher3] [INFO] |m2w2IA4CICsjPh+EmogX078GfvQ=| [Elapsed 00:00:00:00.0030636] Odds[LIVEODDS].OnBetClear 11747407 Msgnr : [null], Odds count #1
2017-05-30 10:56:54,361 [Dispatcher2] [INFO] |v4kTD5XkHMWZgOM19j3NdiD0Pnc=| [Elapsed 00:00:00:00.0015504] Odds[LIVEODDS].OddsChange 11750537 Msgnr : 432, Odds count #37
2017-05-30 10:56:54,365 [Dispatcher3] [INFO] |l/OnoBu5XXKB+1+msrOzsCEyqfo=| [Elapsed 00:00:00:00.0046278] Odds[LIVEODDS].OddsChange 11719985 Msgnr : [null], Odds count #6
2017-05-30 10:56:54,367 [Dispatcher3] [INFO] |GVT8ZXT7aKw0hebvQChZpSkaQT0=| [Elapsed 00:00:00:00.0017869] Odds[LIVEODDS].BetStart 11719985 Msgnr :
2017-05-30 10:56:54,369 [Dispatcher3] [INFO] |33pz4tCXUHvw2zhBML02n1U3EqU=| [Elapsed 00:00:00:00.0011874] Odds[LIVEODDS].OddsChange 11748875 Msgnr : [null], Odds count #183
2017-05-30 10:56:54,371 [Dispatcher3] [INFO] |9JyTyjE0HYVz53tcG/9+fEM7VD8=| [Elapsed 00:00:00:00.0011366] Odds[LIVEODDS].BetStart 11748875 Msgnr :
2017-05-30 10:56:54,373 [Dispatcher3] [INFO] |pT4wWwfUR7kdbosfgigWNAbUiJ0=| [Elapsed 00:00:00:00.0024510] Odds[LIVEODDS].OnBetClear 11748875 Msgnr : [null], Odds count #1
2017-05-30 10:56:54,375 [Dispatcher3] [INFO] |p7JnmLdqESYwxYKUmNdQsgq6GTY=| [Elapsed 00:00:00:00.0011421] Odds[LIVEODDS].OnBetClear 11748875 Msgnr : [null], Odds count #1
2017-05-30 10:56:54,376 [Dispatcher3] [INFO] |N3VHSFEr3LLcyVi/3wKE6niVF2Y=| [Elapsed 00:00:00:00.0010970] Odds[LIVEODDS].OnBetClear 11748875 Msgnr : [null], Odds count #1
2017-05-30 10:56:54,378 [Dispatcher3] [INFO] |zZXxqrwqwqWuadhXOajcsydOO/k=| [Elapsed 00:00:00:00.0011022] Odds[LIVEODDS].OnBetClear 11748875 Msgnr : [null], Odds count #1
2017-05-30 10:56:54,379 [Dispatcher3] [INFO] |tsyUmbr9YkfmAC7mIhsBlDpMjUc=| [Elapsed 00:00:00:00.0012018] Odds[LIVEODDS].OnBetClear 11748875 Msgnr : [null], Odds count #1
2017-05-30 10:56:54,381 [Dispatcher3] [INFO] |kIQctut/HnL/3KgBbucVN0ZIPLQ=| [Elapsed 00:00:00:00.0007754] Odds[LIVEODDS].OnBetClear 11748875 Msgnr : [null], Odds count #1
2017-05-30 10:56:54,384 [Dispatcher3] [INFO] |pwHuVawLFOyZ0FAvRF9GZF3uXLY=| [Elapsed 00:00:00:00.0031345] Odds[LIVEODDS].OnBetClear 11748875 Msgnr : [null], Odds count #1
2017-05-30 10:56:54,386 [Dispatcher3] [INFO] |yRdBsODA+FKWWRNzcr/SqOV0P1I=| [Elapsed 00:00:00:00.0015433] Odds[LIVEODDS].OnBetClear 11748875 Msgnr : [null], Odds count #1
2017-05-30 10:56:54,388 [Dispatcher3] [INFO] |9fZE+3LNebOoxW+OQOCql2dyPio=| [Elapsed 00:00:00:00.0012372] Odds[LIVEODDS].OnBetClear 11748875 Msgnr : [null], Odds count #1
2017-05-30 10:56:54,390 [Dispatcher3] [INFO] |olPb68PuNHr/nTkji/MvVj5mxH4=| [Elapsed 00:00:00:00.0011552] Odds[LIVEODDS].OnBetClear 11748875 Msgnr : [null], Odds count #1
2017-05-30 10:56:54,391 [Dispatcher3] [INFO] |l7BfKgz8nu30FH+IuO+sxsdo/Hw=| [Elapsed 00:00:00:00.0010856] Odds[LIVEODDS].OnBetClear 11748875 Msgnr : [null], Odds count #1
2017-05-30 10:56:54,394 [Dispatcher3] [INFO] |DyTDVXUiIGi2iv/JSoK6RGcsXPc=| [Elapsed 00:00:00:00.0023193] Odds[LIVEODDS].OnBetClear 11748875 Msgnr : [null], Odds count #1
2017-05-30 10:56:54,396 [Dispatcher3] [INFO] |M2jZN4sdX6kku2GCcWNijed1GUs=| [Elapsed 00:00:00:00.0011311] Odds[LIVEODDS].OnBetClear 11748875 Msgnr : [null], Odds count #1
2017-05-30 10:56:54,397 [Dispatcher3] [INFO] |RCiTe4OE/UZs9/2QjB8MBXOV/M8=| [Elapsed 00:00:00:00.0012162] Odds[LIVEODDS].OnBetClear 11748875 Msgnr : [null], Odds count #1
2017-05-30 10:56:54,399 [Dispatcher3] [INFO] |gknU+/RnLOJeWyZ5AnY48V8kCAc=| [Elapsed 00:00:00:00.0010504] Odds[LIVEODDS].OnBetClear 11748875 Msgnr : [null], Odds count #1
2017-05-30 10:56:54,400 [Dispatcher3] [INFO] |FtPqa3iYc71+iFrpl2xvH17csyY=| [Elapsed 00:00:00:00.0009936] Odds[LIVEODDS].OnBetClear 11748875 Msgnr : [null], Odds count #1
2017-05-30 10:56:54,403 [Dispatcher3] [INFO] |GtlDq71MVThk6u5Y2DLfN6Bc+Z8=| [Elapsed 00:00:00:00.0029677] Odds[LIVEODDS].OnBetClear 11748875 Msgnr : [null], Odds count #1
2017-05-30 10:56:54,405 [Dispatcher3] [INFO] |ae/J8e+Oj9B9TxaRSmFkF/bQp/c=| [Elapsed 00:00:00:00.0011873] Odds[LIVEODDS].OnBetClear 11748875 Msgnr : [null], Odds count #1
2017-05-30 10:56:54,407 [Dispatcher3] [INFO] |BjftC/BA7415GiFB5vdic+OgWYY=| [Elapsed 00:00:00:00.0010399] Odds[LIVEODDS].OnBetClear 11748875 Msgnr : [null], Odds count #1
2017-05-30 10:56:54,409 [Dispatcher3] [INFO] |15fdM0q8/UMl5VZOaWK2Dn4HqMg=| [Elapsed 00:00:00:00.0021057] Odds[LIVEODDS].OnBetClear 11748875 Msgnr : [null], Odds count #1
2017-05-30 10:56:54,411 [Dispatcher3] [INFO] |qrOneGuTvyyugxKOeT7lCm+kcHM=| [Elapsed 00:00:00:00.0012163] Odds[LIVEODDS].OnBetClear 11748875 Msgnr : [null], Odds count #1
2017-05-30 10:56:54,414 [Dispatcher3] [INFO] |z6S4CL+qubX+UNDRNMpl0lcEe48=| [Elapsed 00:00:00:00.0030768] Odds[LIVEODDS].OnBetClear 11748875 Msgnr : [null], Odds count #1
2017-05-30 10:56:54,417 [Dispatcher3] [INFO] |74i6eBOWuglariDXnFd0FdRln7I=| [Elapsed 00:00:00:00.0023099] Odds[LIVEODDS].OnBetClear 11748875 Msgnr : [null], Odds count #1
2017-05-30 10:56:54,420 [Dispatcher3] [INFO] |rb3M4py1ewk36S2HQrZatObP/1w=| [Elapsed 00:00:00:00.0015559] Odds[LIVEODDS].OnBetClear 11748875 Msgnr : [null], Odds count #1
2017-05-30 10:56:54,423 [Dispatcher3] [INFO] |ghlr/+CPUdLyZkHF0+2/OajxQ8c=| [Elapsed 00:00:00:00.0033785] Odds[LIVEODDS].OnBetClear 11748875 Msgnr : [null], Odds count #1
2017-05-30 10:56:54,426 [Dispatcher3] [INFO] |wc1DcRXqv+Ack5bAZ484bKY5Xp4=| [Elapsed 00:00:00:00.0018178] Odds[LIVEODDS].OnBetClear 11748875 Msgnr : [null], Odds count #1
2017-05-30 10:56:54,428 [Dispatcher3] [INFO] |c8OJs7qWJ56hMXs+3wIR/M/4NbM=| [Elapsed 00:00:00:00.0014193] Odds[LIVEODDS].OnBetClear 11748875 Msgnr : [null], Odds count #1
2017-05-30 10:56:54,430 [Dispatcher3] [INFO] |4sk4RpNMXwk38dhR3T1k+RXbS3U=| [Elapsed 00:00:00:00.0014833] Odds[LIVEODDS].OnBetClear 11748875 Msgnr : [null], Odds count #1
2017-05-30 10:56:54,431 [Dispatcher3] [INFO] |h9oq0YXCr4Zsmtflhwclf2vlCL8=| [Elapsed 00:00:00:00.0010326] Odds[LIVEODDS].OnBetClear 11748875 Msgnr : [null], Odds count #1
2017-05-30 10:56:54,435 [Dispatcher3] [INFO] |NyYXOHq6NXuGzWb8j+eWBpaV7Vs=| [Elapsed 00:00:00:00.0037906] Odds[LIVEODDS].OnBetClear 11748875 Msgnr : [null], Odds count #1
2017-05-30 10:56:54,438 [Dispatcher3] [INFO] |5CQjtQ/p6FejnDoVvUrfB4Z1eVc=| [Elapsed 00:00:00:00.0020158] Odds[LIVEODDS].OnBetClear 11748875 Msgnr : [null], Odds count #1
2017-05-30 10:56:54,440 [Dispatcher3] [INFO] |22xrVUn2icsNUnQ73hXYhP7GqDA=| [Elapsed 00:00:00:00.0015807] Odds[LIVEODDS].OnBetClear 11748875 Msgnr : [null], Odds count #1
2017-05-30 10:56:54,441 [Dispatcher3] [INFO] |riWEaMEWcC/OCMG5qLxSSOmvZXY=| [Elapsed 00:00:00:00.0013186] Odds[LIVEODDS].OnBetClear 11748875 Msgnr : [null], Odds count #1
2017-05-30 10:56:54,444 [Dispatcher3] [INFO] |RUYQR4AL3WWATgGINcBP7s+jik4=| [Elapsed 00:00:00:00.0025418] Odds[LIVEODDS].OnBetClear 11748875 Msgnr : [null], Odds count #1
2017-05-30 10:56:54,446 [Dispatcher3] [INFO] |mDIlf2EKVleaEgEggWm5hA6jHvo=| [Elapsed 00:00:00:00.0012200] Odds[LIVEODDS].OnBetClear 11748875 Msgnr : [null], Odds count #1
2017-05-30 10:56:54,447 [Dispatcher3] [INFO] |6QOTRKxlA7VvwF0yVkPY/QuTM4w=| [Elapsed 00:00:00:00.0012674] Odds[LIVEODDS].OnBetClear 11748875 Msgnr : [null], Odds count #1
2017-05-30 10:56:54,449 [Dispatcher3] [INFO] |A9Y6MSp9FqYyCtHGHP5SHLUTC3s=| [Elapsed 00:00:00:00.0012175] Odds[LIVEODDS].OnBetClear 11748875 Msgnr : [null], Odds count #1
2017-05-30 10:56:54,451 [Dispatcher3] [INFO] |PIEePbC1ctRw/MUhiNHZl/IJ1Hs=| [Elapsed 00:00:00:00.0013867] Odds[LIVEODDS].OnBetClear 11748875 Msgnr : [null], Odds count #1
2017-05-30 10:56:54,456 [Dispatcher3] [INFO] |WCP9hpIEpd8TRRvHc29cNkfoNMo=| [Elapsed 00:00:00:00.0045747] Odds[LIVEODDS].OnBetClear 11748875 Msgnr : [null], Odds count #1
2017-05-30 10:56:54,458 [Dispatcher3] [INFO] |o+EudBQNJmJTqytobN7fWvek3R0=| [Elapsed 00:00:00:00.0018229] Odds[LIVEODDS].OnBetClear 11748875 Msgnr : [null], Odds count #1
2017-05-30 10:56:54,460 [Dispatcher3] [INFO] |ODq4hTUjY6rFkJwMimj8o2H6o9o=| [Elapsed 00:00:00:00.0012674] Odds[LIVEODDS].OnBetClear 11748875 Msgnr : [null], Odds count #1
2017-05-30 10:56:54,462 [Dispatcher3] [INFO] |SytpIlduqJLH6L4OE43kGnwGGpM=| [Elapsed 00:00:00:00.0012911] Odds[LIVEODDS].OnBetClear 11748875 Msgnr : [null], Odds count #1
2017-05-30 10:56:54,463 [Dispatcher3] [INFO] |0vk/GLO3WfImJYhoeureUIF0G4g=| [Elapsed 00:00:00:00.0012376] Odds[LIVEODDS].OnBetClear 11748875 Msgnr : [null], Odds count #1
2017-05-30 10:56:54,466 [Dispatcher3] [INFO] |pRN/TTChyhqb5YbT9qriKoxthv4=| [Elapsed 00:00:00:00.0029125] Odds[LIVEODDS].OnBetClear 11748875 Msgnr : [null], Odds count #1
2017-05-30 10:56:54,468 [Dispatcher3] [INFO] |Lzsb/iiqzz5JN/H8mV188lBfohE=| [Elapsed 00:00:00:00.0013564] Odds[LIVEODDS].OnBetClear 11748875 Msgnr : [null], Odds count #1
2017-05-30 10:56:54,470 [Dispatcher3] [INFO] |+5TDTFiNSc6K0cCB2FYe2Sb2G0A=| [Elapsed 00:00:00:00.0014087] Odds[LIVEODDS].OnBetClear 11748875 Msgnr : [null], Odds count #1
2017-05-30 10:56:54,472 [Dispatcher3] [INFO] |qFEhjRFuNwxkIOQ/U6xIlpyOXr4=| [Elapsed 00:00:00:00.0013237] Odds[LIVEODDS].OnBetClear 11748875 Msgnr : [null], Odds count #1
2017-05-30 10:56:54,473 [Dispatcher3] [INFO] |+4327sOdppZ/UucxUoYyUzSy72w=| [Elapsed 00:00:00:00.0013802] Odds[LIVEODDS].OnBetClear 11748875 Msgnr : [null], Odds count #1
2017-05-30 10:56:54,477 [Dispatcher3] [INFO] |S+WcPEJg+Yt73h5SSfm/7AObKQY=| [Elapsed 00:00:00:00.0029947] Odds[LIVEODDS].OnBetClear 11748875 Msgnr : [null], Odds count #1
2017-05-30 10:56:54,478 [Dispatcher3] [INFO] |slgph0tAeimR8jLfI5cledp/n38=| [Elapsed 00:00:00:00.0013508] Odds[LIVEODDS].OnBetClear 11748875 Msgnr : [null], Odds count #1
2017-05-30 10:56:54,480 [Dispatcher3] [INFO] |1lcaMNOetZL6/Plk1b9YZ5skZM0=| [Elapsed 00:00:00:00.0015108] Odds[LIVEODDS].OnBetClear 11748875 Msgnr : [null], Odds count #1
2017-05-30 10:56:54,482 [Dispatcher3] [INFO] |NCSdDbNFkYKJVBaemYwDP9Wjg8o=| [Elapsed 00:00:00:00.0012222] Odds[LIVEODDS].OnBetClear 11748875 Msgnr : [null], Odds count #1
2017-05-30 10:56:54,484 [Dispatcher3] [INFO] |9Rb/wMoQZ8Nd2WvBZtH2elE2KhI=| [Elapsed 00:00:00:00.0015012] Odds[LIVEODDS].OnBetClear 11748875 Msgnr : [null], Odds count #1
2017-05-30 10:56:54,485 [Dispatcher3] [INFO] |MEMoHDqiMKqctnLEhxIxiVAS1F0=| [Elapsed 00:00:00:00.0012577] Odds[LIVEODDS].OnBetClear 11748875 Msgnr : [null], Odds count #1
2017-05-30 10:56:54,489 [Dispatcher3] [INFO] |RXWoIUufxE6cIiFCfUOnh4LUnRo=| [Elapsed 00:00:00:00.0030512] Odds[LIVEODDS].OnBetClear 11748875 Msgnr : [null], Odds count #1
2017-05-30 10:56:54,490 [Dispatcher3] [INFO] |aSQfFWs/nYyRuIm/DRe3iHHkiQA=| [Elapsed 00:00:00:00.0012865] Odds[LIVEODDS].OnBetClear 11748875 Msgnr : [null], Odds count #1
2017-05-30 10:56:54,492 [Dispatcher3] [INFO] |Zza5U+8OO+ATxoPUtf7m0RCiyOg=| [Elapsed 00:00:00:00.0013308] Odds[LIVEODDS].OnBetClear 11748875 Msgnr : [null], Odds count #1
2017-05-30 10:56:54,493 [Dispatcher3] [INFO] |1I58tttcTFEHqWfYmybBL3qtshw=| [Elapsed 00:00:00:00.0010758] Odds[LIVEODDS].OnBetClear 11748875 Msgnr : [null], Odds count #1
2017-05-30 10:56:54,495 [Dispatcher3] [INFO] |kk+GMOa6pk1fD3U5eVewTQFYL2A=| [Elapsed 00:00:00:00.0013522] Odds[LIVEODDS].OnBetClear 11748875 Msgnr : [null], Odds count #1
2017-05-30 10:56:54,498 [Dispatcher3] [INFO] |BC2JEuPyW5ctgYc4mRS4OB3vNyM=| [Elapsed 00:00:00:00.0028454] Odds[LIVEODDS].OnBetClear 11748875 Msgnr : [null], Odds count #1
2017-05-30 10:56:54,500 [Dispatcher3] [INFO] |4RufoUrs4jdGhwowXqMI+opVAwk=| [Elapsed 00:00:00:00.0011873] Odds[LIVEODDS].OnBetClear 11748875 Msgnr : [null], Odds count #1
2017-05-30 10:56:54,502 [Dispatcher3] [INFO] |6gdhoVu8+l7mgKff3ZcMIceZYaU=| [Elapsed 00:00:00:00.0012319] Odds[LIVEODDS].OnBetClear 11748875 Msgnr : [null], Odds count #1
2017-05-30 10:56:54,503 [Dispatcher3] [INFO] |8QutAKhYIMsjRkbzHWNQrvrAbso=| [Elapsed 00:00:00:00.0011691] Odds[LIVEODDS].OnBetClear 11748875 Msgnr : [null], Odds count #1
2017-05-30 10:56:54,510 [Dispatcher3] [INFO] |WnQ8g4v/wOLG1pVWSBtUknnP5Ng=| [Elapsed 00:00:00:00.0061353] Odds[LIVEODDS].OnBetClear 11748875 Msgnr : [null], Odds count #1
2017-05-30 10:56:54,512 [Dispatcher3] [INFO] |m1TyIUGKl1TiMjRswnNtIhcKUE0=| [Elapsed 00:00:00:00.0011262] Odds[LIVEODDS].OnBetClear 11748875 Msgnr : [null], Odds count #1
2017-05-30 10:56:54,514 [6] [INFO] |GUM4SEPkKdC7CgDVfCRpo/KvuKc=| [Elapsed 00:00:00:00.0012819] Odds[LIVEODDS].OnBetStop 11750251 (Artificial)
2017-05-30 10:56:54,514 [Dispatcher3] [INFO] |Y9RNNki5RI4c3ZvBhPnMGajomo0=| [Elapsed 00:00:00:00.0019530] Odds[LIVEODDS].OnBetClear 11748875 Msgnr : [null], Odds count #1
2017-05-30 10:56:54,516 [Dispatcher3] [INFO] |+4Pojt8uUDc05h7MIt8gYwc2b7k=| [Elapsed 00:00:00:00.0011922] Odds[LIVEODDS].OnBetClear 11748875 Msgnr : [null], Odds count #1
2017-05-30 10:56:54,519 [Dispatcher3] [INFO] |PvOYqSeyVFZi8dm7JfkFfBNdkiI=| [Elapsed 00:00:00:00.0027697] Odds[LIVEODDS].OnBetClear 11748875 Msgnr : [null], Odds count #1
2017-05-30 10:56:54,521 [Dispatcher3] [INFO] |tl+b0OFDrNH9lbymCLRCnLwCTUE=| [Elapsed 00:00:00:00.0016475] Odds[LIVEODDS].OnBetClear 11748875 Msgnr : [null], Odds count #1
2017-05-30 10:56:54,524 [Dispatcher3] [INFO] |g5/MMA7RhuGjBJPa+KcOxX2uras=| [Elapsed 00:00:00:00.0020045] Odds[LIVEODDS].OnBetClear 11748875 Msgnr : [null], Odds count #1
2017-05-30 10:56:54,527 [Dispatcher3] [INFO] |nSmc5IqIXn6f2ihS4ulFbIUjbro=| [Elapsed 00:00:00:00.0028043] Odds[LIVEODDS].OnBetClear 11748875 Msgnr : [null], Odds count #1
2017-05-30 10:56:54,529 [Dispatcher3] [INFO] |Er6OIdKkOF/JG2DDqJCh9DrEe9U=| [Elapsed 00:00:00:00.0013252] Odds[LIVEODDS].OnBetClear 11748875 Msgnr : [null], Odds count #1
2017-05-30 10:56:54,530 [Dispatcher3] [INFO] |66K8F2pmMrCqnnQgs4ZQO6zCLww=| [Elapsed 00:00:00:00.0012614] Odds[LIVEODDS].OnBetClear 11748875 Msgnr : [null], Odds count #1
2017-05-30 10:56:54,533 [Dispatcher3] [INFO] |lF13q5oWff1Pznv7AI3KrDWaMDM=| [Elapsed 00:00:00:00.0018540] Odds[LIVEODDS].OnBetClear 11748875 Msgnr : [null], Odds count #1
2017-05-30 10:56:54,534 [Dispatcher3] [INFO] |yjtsqNg2NaFoFSR4uo0MXQP/Xwg=| [Elapsed 00:00:00:00.0012552] Odds[LIVEODDS].OnBetClear 11748875 Msgnr : [null], Odds count #1
2017-05-30 10:56:54,538 [Dispatcher3] [INFO] |7ji1QDVAxvzVnmlQB5ec83w97J0=| [Elapsed 00:00:00:00.0031830] Odds[LIVEODDS].OnBetClear 11748875 Msgnr : [null], Odds count #1
2017-05-30 10:56:54,540 [Dispatcher3] [INFO] |Sp1XM32YQCDrrTK3NIaJiMAL61Y=| [Elapsed 00:00:00:00.0016968] Odds[LIVEODDS].OnBetClear 11748875 Msgnr : [null], Odds count #1
2017-05-30 10:56:54,542 [Dispatcher3] [INFO] |dagMElue8LHKtvkitNY1/I6zjJ0=| [Elapsed 00:00:00:00.0014796] Odds[LIVEODDS].OnBetClear 11748875 Msgnr : [null], Odds count #1
2017-05-30 10:56:54,544 [Dispatcher3] [INFO] |/poBkiAlHS6nJhOd85RMwUPcPfw=| [Elapsed 00:00:00:00.0013292] Odds[LIVEODDS].OnBetClear 11748875 Msgnr : [null], Odds count #1
2017-05-30 10:56:54,545 [Dispatcher3] [INFO] |ZQSHpAEKiVafxwFELy+9mXAbgPg=| [Elapsed 00:00:00:00.0012419] Odds[LIVEODDS].OnBetClear 11748875 Msgnr : [null], Odds count #1
2017-05-30 10:56:54,548 [Dispatcher3] [INFO] |0OJVNtLXSqdTMcoIYmi5AqICuyY=| [Elapsed 00:00:00:00.0027870] Odds[LIVEODDS].OnBetClear 11748875 Msgnr : [null], Odds count #1
2017-05-30 10:56:54,550 [Dispatcher3] [INFO] |vqulxmrXnO5tZkZuWmPQJOJaH8o=| [Elapsed 00:00:00:00.0013586] Odds[LIVEODDS].OnBetClear 11748875 Msgnr : [null], Odds count #1
2017-05-30 10:56:54,552 [Dispatcher3] [INFO] |lWOXH3OHFMEByh5rkpFMkPGKH+Q=| [Elapsed 00:00:00:00.0013071] Odds[LIVEODDS].OnBetClear 11748875 Msgnr : [null], Odds count #1
2017-05-30 10:56:54,553 [Dispatcher3] [INFO] |18NMnxQ2lpyl2/ey/IC2x6INCgo=| [Elapsed 00:00:00:00.0014162] Odds[LIVEODDS].OnBetClear 11748875 Msgnr : [null], Odds count #1
2017-05-30 10:56:54,555 [Dispatcher3] [INFO] |NE0di471XQBnarHJgJZp+wd7wmA=| [Elapsed 00:00:00:00.0016072] Odds[LIVEODDS].OnBetClear 11748875 Msgnr : [null], Odds count #1
2017-05-30 10:56:54,559 [Dispatcher3] [INFO] |KtaDbZLnNr6pa8aASYpba9x6xYQ=| [Elapsed 00:00:00:00.0029365] Odds[LIVEODDS].OnBetClear 11748875 Msgnr : [null], Odds count #1
2017-05-30 10:56:54,561 [Dispatcher3] [INFO] |e+qAipSNJexlmIn3z+R/hbKVeZQ=| [Elapsed 00:00:00:00.0013951] Odds[LIVEODDS].OnBetClear 11748875 Msgnr : [null], Odds count #1
2017-05-30 10:56:54,562 [Dispatcher3] [INFO] |n6n9LYGf3zcERzks6fkCtf/Z0dI=| [Elapsed 00:00:00:00.0012010] Odds[LIVEODDS].OnBetClear 11748875 Msgnr : [null], Odds count #1
2017-05-30 10:56:54,564 [Dispatcher3] [INFO] |Qjf6477z9aEMKGNCDwMFfQugZgg=| [Elapsed 00:00:00:00.0014716] Odds[LIVEODDS].OnBetClear 11748875 Msgnr : [null], Odds count #1
2017-05-30 10:56:54,566 [Dispatcher3] [INFO] |XxZDm00DZLnt/7qOBYubovSDeao=| [Elapsed 00:00:00:00.0012539] Odds[LIVEODDS].OnBetClear 11748875 Msgnr : [null], Odds count #1
2017-05-30 10:56:54,569 [Dispatcher3] [INFO] |tkfR9kLfvhx/6V/G0LuYjoPyqtM=| [Elapsed 00:00:00:00.0034330] Odds[LIVEODDS].OnBetClear 11748875 Msgnr : [null], Odds count #1
2017-05-30 10:56:54,572 [Dispatcher3] [INFO] |YM/3FW8VzKpOfe0L65EgmSuOFC8=| [Elapsed 00:00:00:00.0022642] Odds[LIVEODDS].OnBetClear 11748875 Msgnr : [null], Odds count #1
2017-05-30 10:56:54,576 [Dispatcher3] [INFO] |T9z6oxoLxqVNtl17KaQUjM7HMuU=| [Elapsed 00:00:00:00.0031186] Odds[LIVEODDS].OnBetClear 11748875 Msgnr : [null], Odds count #1
2017-05-30 10:56:54,581 [Dispatcher3] [INFO] |cSIPlN6lHqPuTNe+xUDbyX9STEc=| [Elapsed 00:00:00:00.0043778] Odds[LIVEODDS].OnBetClear 11748875 Msgnr : [null], Odds count #1
2017-05-30 10:56:54,583 [Dispatcher3] [INFO] |6QqefjRKoL5z+CkbeaSk0Cie34g=| [Elapsed 00:00:00:00.0015314] Odds[LIVEODDS].OnBetClear 11748875 Msgnr : [null], Odds count #1
2017-05-30 10:56:54,585 [Dispatcher3] [INFO] |0TWfLmA7svAn3/B/xit0cEeQfdE=| [Elapsed 00:00:00:00.0016057] Odds[LIVEODDS].OnBetClear 11748875 Msgnr : [null], Odds count #1
2017-05-30 10:56:54,588 [Dispatcher3] [INFO] |B+9Zstw7jBeYYFGE9kcJJAITh6g=| [Elapsed 00:00:00:00.0026718] Odds[LIVEODDS].OnBetClear 11748875 Msgnr : [null], Odds count #1
2017-05-30 10:56:54,590 [Dispatcher3] [INFO] |KRg1d5nfhk4tgsph7WECd2mLKto=| [Elapsed 00:00:00:00.0015325] Odds[LIVEODDS].OnBetClear 11748875 Msgnr : [null], Odds count #1
2017-05-30 10:56:54,592 [Dispatcher3] [INFO] |u96ut7+gIyzupCUJnQColWL80EI=| [Elapsed 00:00:00:00.0015507] Odds[LIVEODDS].OnBetClear 11748875 Msgnr : [null], Odds count #1
2017-05-30 10:56:54,594 [Dispatcher3] [INFO] |ClFB/cqHGnRJ7JlO26jkhBCAv+Q=| [Elapsed 00:00:00:00.0014104] Odds[LIVEODDS].OnBetClear 11748875 Msgnr : [null], Odds count #1
2017-05-30 10:56:54,596 [Dispatcher3] [INFO] |Cces+Cem+fhY3tRZKLfMytyb/EI=| [Elapsed 00:00:00:00.0014848] Odds[LIVEODDS].OnBetClear 11748875 Msgnr : [null], Odds count #1
2017-05-30 10:56:54,599 [Dispatcher3] [INFO] |xNLe2nmBuT2qqvYc7IKtL2gCJaY=| [Elapsed 00:00:00:00.0031575] Odds[LIVEODDS].OnBetClear 11748875 Msgnr : [null], Odds count #1
2017-05-30 10:56:54,601 [Dispatcher3] [INFO] |wqzpaLPYZr+Ww2CqpnAPCJHmHXo=| [Elapsed 00:00:00:00.0016014] Odds[LIVEODDS].OnBetClear 11748875 Msgnr : [null], Odds count #1
2017-05-30 10:56:54,603 [Dispatcher3] [INFO] |hQMIyAwyXFa+IdO/g55OSedra10=| [Elapsed 00:00:00:00.0015607] Odds[LIVEODDS].OnBetClear 11748875 Msgnr : [null], Odds count #1
2017-05-30 10:56:54,606 [Dispatcher3] [INFO] |da7KgKtMqlccjU8trhlVrnj/WAw=| [Elapsed 00:00:00:00.0019718] Odds[LIVEODDS].OnBetClear 11748875 Msgnr : [null], Odds count #1
2017-05-30 10:56:54,609 [Dispatcher3] [INFO] |AgPhW4d1x1ym85k4FUeAv8AB2Uw=| [Elapsed 00:00:00:00.0027314] Odds[LIVEODDS].OnBetClear 11748875 Msgnr : [null], Odds count #1
2017-05-30 10:56:54,611 [Dispatcher3] [INFO] |tAajO12xMq/7x9Nbbt27YC9+WKg=| [Elapsed 00:00:00:00.0016143] Odds[LIVEODDS].OnBetClear 11748875 Msgnr : [null], Odds count #1
2017-05-30 10:56:54,613 [Dispatcher3] [INFO] |kQoje+Ygbr2AEf2VOSmxNTR22Ac=| [Elapsed 00:00:00:00.0012913] Odds[LIVEODDS].OnBetClear 11748875 Msgnr : [null], Odds count #1
2017-05-30 10:56:54,615 [Dispatcher3] [INFO] |jpc5B2O+odHwQbgUE93a6vaEpKg=| [Elapsed 00:00:00:00.0017214] Odds[LIVEODDS].OddsChange 11750295 Msgnr : [null], Odds count #23
2017-05-30 10:56:54,618 [Dispatcher3] [INFO] |UgRlJcDj87ghmZJqzTy4qaQ1Gb4=| [Elapsed 00:00:00:00.0028207] Odds[LIVEODDS].BetStop 11750295 Msgnr : [null]
2017-05-30 10:56:55,261 [6] [INFO] |8bC40ldx176q5BXm4neBKqaQ8Fo=| [Elapsed 00:00:00:00.0018363] Odds[LIVEODDS].OnBetStop 11750295 (Artificial)
2017-05-30 10:56:56,010 [Dispatcher2] [INFO] |mi+E7AcV4Ikyxqd33r5a0+8n/8o=| [Elapsed 00:00:00:00.0029792] Odds[LIVEODDS].OddsChange 11747403 Msgnr : 154, Odds count #33
2017-05-30 10:56:56,672 [6] [INFO] |wc0Uoor8qJC0Lp2JwvT3JgFy2zQ=| [Elapsed 00:00:00:00.0019265] Odds[LIVEODDS].OnBetStop 11620243 (Artificial)
2017-05-30 10:56:57,828 [Dispatcher1] [INFO] |Y15F7WwDFjAZgTJa0PA2C5paEXc=| [Elapsed 00:00:00:00.0016694] Odds[LIVEODDS].OnAlive #19
2017-05-30 10:56:57,878 [6] [INFO] |Q7uOclSUGmnS9cMwCosaN8HqbAg=| [Elapsed 00:00:00:00.0018206] Odds[LIVEODDS].OnBetStop 11750291 (Artificial)
2017-05-30 15:16:10,144 [10] [INFO] |5ORw/V+NosGGfTAC0bjLLmWww70=| Client subscribed to LiveOdds.OnBetCancel
2017-05-30 15:16:10,145 [10] [INFO] |DBF3oC2HELlzFgX3opspCTpOQ0g=| Client subscribed to LiveOdds.OnBetCancelUndo
2017-05-30 15:16:10,146 [10] [INFO] |mu8WpmgOL8BMeu9vik4NmLvfS5k=| Client subscribed to LiveOdds.OnBetClear
2017-05-30 15:16:10,146 [10] [INFO] |TwbMQ52GxowJrfBPwdAUyfDQ5t0=| Client subscribed to LiveOdds.OnBetClearRollback
2017-05-30 15:16:10,146 [10] [INFO] |JOTGaFldPkf9B7j1Gs9ffTQHHEI=| Client subscribed to LiveOdds.OnBetStart
2017-05-30 15:16:10,147 [10] [INFO] |kXzUDIM3WJgkQJNq/5BELCirbOM=| Client subscribed to LiveOdds.OnBetStop
2017-05-30 15:16:10,147 [10] [INFO] |ty/aBrqZghRPXvpUkcHvBZErmfs=| Client subscribed to LiveOdds.OnOddsChange
2017-05-30 15:16:10,148 [10] [INFO] |tbWaOzNArUAawNnblx7QioIgb6c=| Client subscribed to LiveOdds.OnConnectionStable
2017-05-30 15:16:10,148 [10] [INFO] |WkPruoK4GdfEtBmf5jKf60zhPDU=| Client subscribed to LiveOdds.OnConnectionUnstable
2017-05-30 15:16:10,149 [10] [INFO] |ECE5AksmHXW8Q5FyLIdgiEAeGPs=| Client subscribed to LiveOdds.OnEventMessages
2017-05-30 15:16:10,149 [10] [INFO] |i+fgHocb3tucKt67VuZHPN1qNR0=| Client subscribed to LiveOdds.OnEventStatus
2017-05-30 15:16:10,149 [10] [INFO] |h17MSnFOtwIIkv2uC3OISM/4jV8=| Client subscribed to LiveOdds.OnAlive
2017-05-30 15:16:10,150 [10] [INFO] |OaYruTEin9XHSj1m8b3610UGHpM=| Client subscribed to LiveOdds.OnScoreCardSummary
2017-05-30 15:16:10,151 [10] [INFO] |KqkVPV5JJ86XdilfMAJft6GMnaU=| Client subscribed to LiveOdds.OnMetaInfo
2017-05-30 15:16:10,155 [10] [INFO] |dPEMWtVrzGfjaV5qiakgcyJ7GsY=| Re-starting LiveOddsFeedProviderBase
